INFO-FLOW: Workspace C:/Users/ratul/ES4F3/ES4F3/hls_overlay/hls_overlay_prj/solution1 opened at Tue Apr 28 04:44:38 +0100 2026
Execute     send_msg_by_id INFO @200-1505@%s%s default  vivado 
INFO: [HLS 200-1505] Using default flow_target 'vivado'
Execute   set_part xc7z020clg400-1 
INFO: [HLS 200-1510] Running: set_part xc7z020clg400-1 
Execute     create_platform xc7z020clg400-1 -board  
DBG:HLSDevice: Trying to load device library: C:/Xilinx/Vitis_HLS/2024.1\lib\win64.o\xv_hlsvwrap.dll
DBG:HLSDevice: first parts/arch.xml in RDI_DATADIR: C:/Xilinx/Vivado/2024.1/data/parts/arch.xml
DBG:HLSDevice: init success
INFO: [HLS 200-1611] Setting target device to 'xc7z020-clg400-1'
Command     create_platform done; 2.119 sec.
Execute     source C:/Xilinx/Vitis_HLS/2024.1/common/technology/xilinx/common/xilinx.gen 
Execute       source C:/Xilinx/Vitis_HLS/2024.1/common/technology/xilinx/interface/plb46.gen 
Execute       source C:/Xilinx/Vitis_HLS/2024.1/common/technology/xilinx/interface/axi4.gen 
Execute       source C:/Xilinx/Vitis_HLS/2024.1/common/technology/xilinx/interface/nativeAXI4.gen 
Execute         source C:/Xilinx/Vitis_HLS/2024.1/common/technology/xilinx/interface/saxilite.gen 
Execute       source C:/Xilinx/Vitis_HLS/2024.1/common/technology/xilinx/scripts/xilinxcoregen.gen 
Execute       source C:/Xilinx/Vitis_HLS/2024.1/common/technology/xilinx/interface/XilEDKCoreGen.gen 
Execute       source C:/Xilinx/Vitis_HLS/2024.1/common/technology/xilinx/ip/dds_compiler.gen 
Execute       source C:/Xilinx/Vitis_HLS/2024.1/common/technology/xilinx/ip/util.gen 
Execute       source C:/Xilinx/Vitis_HLS/2024.1/common/technology/xilinx/ip/xfft.gen 
Command       ap_source done; 0.147 sec.
Execute       source C:/Xilinx/Vitis_HLS/2024.1/common/technology/xilinx/ip/xfir.gen 
Execute       source C:/Xilinx/Vitis_HLS/2024.1/common/technology/xilinx/DSP48/dsp48.gen 
Command     ap_source done; 0.228 sec.
Execute     ap_part_info -name xc7z020-clg400-1 -data info 
Execute     config_compile -quiet -complex-mul-dsp=0 
Command   set_part done; 2.378 sec.
Execute   create_clock -period 6.667 -name default 
INFO: [HLS 200-1510] Running: create_clock -period 6.667 -name default 
Execute     ap_set_clock -name default -period 6.667 -unit ns -default=false 
INFO: [SYN 201-201] Setting up clock 'default' with a period of 6.667ns.
Execute   csynth_design 
INFO: [HLS 200-1510] Running: csynth_design 
INFO-FLOW: Running SLX 'csynth' proc: ::SLX::run_csynth
Execute     elaborate -effort=medium -skip_syncheck=0 -keep_printf=0 -skip_cdt=0 -skip_transform=0 -ng=0 -g=0 -opt_fp=0 -from_csynth_design=1 
INFO: [HLS 200-111] Finished File checks and directory preparation: CPU user time: 0 seconds. CPU system time: 0 seconds. Elapsed time: 0.227 seconds; current allocated memory: 139.031 MB.
Execute       set_directive_top overlay_core -name=overlay_core 
Execute       source C:/Xilinx/Vitis_HLS/2024.1/tps/tcl/tcllib1.11.1/yaml/huddle.tcl 
Execute       source C:/Xilinx/Vitis_HLS/2024.1/tps/tcl/tcllib1.11.1/yaml/json2huddle.tcl 
Execute         source C:/Xilinx/Vitis_HLS/2024.1/tps/tcl/tcllib1.11.1/try/try.tcl 
INFO: [HLS 200-10] Analyzing design file 'overlay_core.cpp' ... 
INFO-FLOW: Compiling one TU...
INFO-FLOW: Handling overlay_core.cpp as C++
Execute       ap_part_info -name xc7z020-clg400-1 -data info 
INFO-FLOW: Running: GCC PP 39
INFO-FLOW: Source preprocessing
INFO-FLOW: run_clang exec: C:/Xilinx/Vitis_HLS/2024.1/win64/tools/clang-3.9-csynth/bin/clang overlay_core.cpp -foptimization-record-file=C:/Users/ratul/ES4F3/ES4F3/hls_overlay/hls_overlay_prj/solution1/.autopilot/db/overlay_core.cpp.clang.diag.yml -mllvm -pass-remarks-missed=reflow|pasta|unroll -mllvm -pass-remarks=reflow|pasta|unroll|inline -fno-limit-debug-info --sysroot C:/Xilinx/Vitis_HLS/2024.1/tps/mingw/8.3.0/win64.o/nt -fhls -fno-exceptions -insert-hls-directive=C:/Users/ratul/ES4F3/ES4F3/hls_overlay/hls_overlay_prj/solution1/.autopilot/db/all.directive.json -E -fno-math-errno -c -emit-llvm -mllvm -disable-llvm-optzns -Werror=implicit-function-declaration -Werror=implicit-hls-streams -Werror=return-type -Wpragmas -Wunused-parameter -Wdump-hls-pragmas -Wno-error=dump-hls-pragmas -hls-clock-period=6.667 -fno-threadsafe-statics -fno-use-cxa-atexit -std=gnu++14 -target fpga64-xilinx-mingw32 -fno-threadsafe-statics -fno-use-cxa-atexit -D__VITIS_HLS__ -DAESL_SYN -D__SYNTHESIS__ -D__HLS_SYN__ -I C:/Xilinx/Vitis_HLS/2024.1/common/technology/autopilot -I C:/Xilinx/Vitis_HLS/2024.1/common/technology/autopilot/ap_sysc -include etc/autopilot_ssdm_op.h -D__DSP48E1__ -I /usr/include/x86_64-linux-gnu -o C:/Users/ratul/ES4F3/ES4F3/hls_overlay/hls_overlay_prj/solution1/.autopilot/db/overlay_core.pp.0.cpp {-hls-platform-db-name=C:/Xilinx/Vitis_HLS/2024.1\common/technology\xilinx/common/platform.db} -hls-platform-name=zynq_slow -device-resource-info=BRAM_280.000000_DSP_220.000000_FF_106400.000000_LUT_53200.000000_SLICE_13300.000000_URAM_0.000000 -device-name-info=xc7z020clg400-1 > C:/Users/ratul/ES4F3/ES4F3/hls_overlay/hls_overlay_prj/solution1/.autopilot/db/overlay_core.cpp.clang.out.log 2> C:/Users/ratul/ES4F3/ES4F3/hls_overlay/hls_overlay_prj/solution1/.autopilot/db/overlay_core.cpp.clang.err.log
INFO-FLOW: Done: GCC PP 39 time: 1.2 seconds per iteration
INFO-FLOW: Source syntax check for synthesis
INFO-FLOW: run_clang exec: C:/Xilinx/Vitis_HLS/2024.1/win64/tools/clang-3.9-csynth/bin/clang -foptimization-record-file=C:/Users/ratul/ES4F3/ES4F3/hls_overlay/hls_overlay_prj/solution1/.autopilot/db/clang.diag.yml -mllvm -pass-remarks-missed=reflow|pasta|unroll -mllvm -pass-remarks=reflow|pasta|unroll|inline -fsyntax-only -fhls -target fpga64-xilinx-linux-gnu C:/Users/ratul/ES4F3/ES4F3/hls_overlay/hls_overlay_prj/solution1/.autopilot/db/overlay_core.pp.0.cpp {-hls-platform-db-name=C:/Xilinx/Vitis_HLS/2024.1\common/technology\xilinx/common/platform.db} -hls-platform-name=zynq_slow -device-resource-info=BRAM_280.000000_DSP_220.000000_FF_106400.000000_LUT_53200.000000_SLICE_13300.000000_URAM_0.000000 -device-name-info=xc7z020clg400-1 > C:/Users/ratul/ES4F3/ES4F3/hls_overlay/hls_overlay_prj/solution1/.autopilot/db/clang.out.log 2> C:/Users/ratul/ES4F3/ES4F3/hls_overlay/hls_overlay_prj/solution1/.autopilot/db/clang.err.log
Execute       clang_tidy xilinx-systemc-detector -desc systemc-detector C:/Users/ratul/ES4F3/ES4F3/hls_overlay/hls_overlay_prj/solution1/.autopilot/db/overlay_core.pp.0.cpp std=gnu++14 -target fpga  -directive=C:/Users/ratul/ES4F3/ES4F3/hls_overlay/hls_overlay_prj/solution1/.autopilot/db/.systemc_flag 
INFO-FLOW: exec C:/Xilinx/Vitis_HLS/2024.1/win64/tools/clang-3.9-csynth/bin/clang-tidy -header-filter=.* --checks=-*,xilinx-systemc-detector -import-directive=C:/Users/ratul/ES4F3/ES4F3/hls_overlay/hls_overlay_prj/solution1/.autopilot/db/.systemc_flag -fix-errors C:/Users/ratul/ES4F3/ES4F3/hls_overlay/hls_overlay_prj/solution1/.autopilot/db/overlay_core.pp.0.cpp -- -std=gnu++14 -target fpga -fhls -ferror-limit=0
Command       clang_tidy done; 1.12 sec.
INFO-FLOW: Running: clang-tidy CDT preprocess 39
Execute       clang_tidy xilinx-directive2pragma -desc directive2pragma C:/Users/ratul/ES4F3/ES4F3/hls_overlay/hls_overlay_prj/solution1/.autopilot/db/overlay_core.pp.0.cpp std=gnu++14 -target fpga  -directive=C:/Users/ratul/ES4F3/ES4F3/hls_overlay/hls_overlay_prj/solution1/.autopilot/db/all.directive.json 
INFO-FLOW: exec C:/Xilinx/Vitis_HLS/2024.1/win64/tools/clang-3.9-csynth/bin/clang-tidy -header-filter=.* --checks=-*,xilinx-directive2pragma -import-directive=C:/Users/ratul/ES4F3/ES4F3/hls_overlay/hls_overlay_prj/solution1/.autopilot/db/all.directive.json -fix-errors C:/Users/ratul/ES4F3/ES4F3/hls_overlay/hls_overlay_prj/solution1/.autopilot/db/overlay_core.pp.0.cpp -- -std=gnu++14 -target fpga -fhls -ferror-limit=0
Command       clang_tidy done; 1.361 sec.
INFO-FLOW: Done: clang-tidy CDT preprocess 39 time: 1.4 seconds per iteration
INFO-FLOW: Calling xilinx-label-all-loops ... 
INFO-FLOW: Calling xilinx-aggregate-on-hls-vector ... 
Execute       clang_tidy -errorcheck -desc loop-label xilinx-label-all-loops,xilinx-aggregate-on-hls-vector,,xilinx-warn-mayneed-no-ctor-attribute C:/Users/ratul/ES4F3/ES4F3/hls_overlay/hls_overlay_prj/solution1/.autopilot/db/overlay_core.pp.0.cpp std=gnu++14 -target fpga  
INFO-FLOW: run_clang exec: C:/Xilinx/Vitis_HLS/2024.1/win64/tools/clang-3.9-csynth/bin/clang-tidy -export-fixes=C:/Users/ratul/ES4F3/ES4F3/hls_overlay/hls_overlay_prj/solution1/.autopilot/db/overlay_core.pp.0.cpp.clang-tidy.loop-label.diag.yml -header-filter=.* --checks=-*,xilinx-label-all-loops,xilinx-aggregate-on-hls-vector,,xilinx-warn-mayneed-no-ctor-attribute -fix-errors C:/Users/ratul/ES4F3/ES4F3/hls_overlay/hls_overlay_prj/solution1/.autopilot/db/overlay_core.pp.0.cpp -- -std=gnu++14 -target fpga -fhls -ferror-limit=0 > C:/Users/ratul/ES4F3/ES4F3/hls_overlay/hls_overlay_prj/solution1/.autopilot/db/overlay_core.pp.0.cpp.clang-tidy.loop-label.out.log 2> C:/Users/ratul/ES4F3/ES4F3/hls_overlay/hls_overlay_prj/solution1/.autopilot/db/overlay_core.pp.0.cpp.clang-tidy.loop-label.err.log
Execute         source C:/Xilinx/Vitis_HLS/2024.1/tps/tcl/tcllib1.11.1/yaml/yaml.tcl 
Command       clang_tidy done; 1.562 sec.
INFO-FLOW: run_clang exec: C:/Xilinx/Vitis_HLS/2024.1/win64/tools/clang-3.9-csynth/bin/xilinx-dataflow-lawyer -export-fixes=C:/Users/ratul/ES4F3/ES4F3/hls_overlay/hls_overlay_prj/solution1/.autopilot/db/overlay_core.pp.0.cpp.xilinx-dataflow-lawyer.diag.yml C:/Users/ratul/ES4F3/ES4F3/hls_overlay/hls_overlay_prj/solution1/.autopilot/db/overlay_core.pp.0.cpp -- -std=gnu++14 -target fpga -fhls -ferror-limit=0 -fstrict-dataflow > C:/Users/ratul/ES4F3/ES4F3/hls_overlay/hls_overlay_prj/solution1/.autopilot/db/overlay_core.pp.0.cpp.xilinx-dataflow-lawyer.out.log 2> C:/Users/ratul/ES4F3/ES4F3/hls_overlay/hls_overlay_prj/solution1/.autopilot/db/overlay_core.pp.0.cpp.xilinx-dataflow-lawyer.err.log
Execute       ap_part_info -name xc7z020-clg400-1 -data info 
INFO-FLOW: compiling source code to llvm bc
INFO-FLOW: run_clang exec: C:/Xilinx/Vitis_HLS/2024.1/win64/tools/clang-3.9-csynth/bin/clang -foptimization-record-file=C:/Users/ratul/ES4F3/ES4F3/hls_overlay/hls_overlay_prj/solution1/.autopilot/db/overlay_core.pp.0.cpp.clang.diag.yml -mllvm -pass-remarks-missed=reflow|pasta|unroll -mllvm -pass-remarks=reflow|pasta|unroll|inline -fno-limit-debug-info -fhls -flto -fno-exceptions -Wno-error=c++11-narrowing -hls-emit-hint-scope C:/Users/ratul/ES4F3/ES4F3/hls_overlay/hls_overlay_prj/solution1/.autopilot/db/overlay_core.pp.0.cpp -fno-math-errno -c -emit-llvm -mllvm -disable-llvm-optzns -Werror=implicit-function-declaration -Werror=implicit-hls-streams -Werror=return-type -Wpragmas -Wunused-parameter -Wdump-hls-pragmas -Wno-error=dump-hls-pragmas -hls-clock-period=6.667 -fno-threadsafe-statics -fno-use-cxa-atexit -std=gnu++14 -target fpga64-xilinx-linux-gnu -D__VITIS_HLS__ -DAESL_SYN -D__SYNTHESIS__ -D__HLS_SYN__ -I C:/Xilinx/Vitis_HLS/2024.1/common/technology/autopilot -I C:/Xilinx/Vitis_HLS/2024.1/common/technology/autopilot/ap_sysc -include etc/autopilot_ssdm_op.h -D__DSP48E1__ -g -o C:/Users/ratul/ES4F3/ES4F3/hls_overlay/hls_overlay_prj/solution1/.autopilot/db/overlay_core.bc {-hls-platform-db-name=C:/Xilinx/Vitis_HLS/2024.1\common/technology\xilinx/common/platform.db} -hls-platform-name=zynq_slow -device-resource-info=BRAM_280.000000_DSP_220.000000_FF_106400.000000_LUT_53200.000000_SLICE_13300.000000_URAM_0.000000 -device-name-info=xc7z020clg400-1 > C:/Users/ratul/ES4F3/ES4F3/hls_overlay/hls_overlay_prj/solution1/.autopilot/db/overlay_core.pp.0.cpp.clang.out.log 2> C:/Users/ratul/ES4F3/ES4F3/hls_overlay/hls_overlay_prj/solution1/.autopilot/db/overlay_core.pp.0.cpp.clang.err.log
INFO: [HLS 200-111] Finished Source Code Analysis and Preprocessing: CPU user time: 1 seconds. CPU system time: 0 seconds. Elapsed time: 9.617 seconds; current allocated memory: 142.020 MB.
INFO-FLOW: Linking Debug ...
INFO-FLOW: Linking dut bc code.
Execute       run_link_or_opt -out C:/Users/ratul/ES4F3/ES4F3/hls_overlay/hls_overlay_prj/solution1/.autopilot/db/a.g.ld.0.bc -args  "C:/Users/ratul/ES4F3/ES4F3/hls_overlay/hls_overlay_prj/solution1/.autopilot/db/overlay_core.g.bc"  
INFO-FLOW: run_clang exec: C:/Xilinx/Vitis_HLS/2024.1/win64/tools/clang-3.9-csynth/bin/llvm-link C:/Users/ratul/ES4F3/ES4F3/hls_overlay/hls_overlay_prj/solution1/.autopilot/db/overlay_core.g.bc -o C:/Users/ratul/ES4F3/ES4F3/hls_overlay/hls_overlay_prj/solution1/.autopilot/db/a.g.ld.0.bc > C:/Users/ratul/ES4F3/ES4F3/hls_overlay/hls_overlay_prj/solution1/.autopilot/db/a.g.ld.0.bc.llvm-link.out.log 2> C:/Users/ratul/ES4F3/ES4F3/hls_overlay/hls_overlay_prj/solution1/.autopilot/db/a.g.ld.0.bc.llvm-link.err.log
INFO-FLOW: 
Command       run_link_or_opt done; 0.164 sec.
Execute       run_link_or_opt -opt -out C:/Users/ratul/ES4F3/ES4F3/hls_overlay/hls_overlay_prj/solution1/.autopilot/db/a.g.ld.1.lower.bc -args C:/Users/ratul/ES4F3/ES4F3/hls_overlay/hls_overlay_prj/solution1/.autopilot/db/a.g.ld.0.bc -reflow-lower-math-intrinsics 
INFO-FLOW: run_clang exec: C:/Xilinx/Vitis_HLS/2024.1/win64/tools/clang-3.9-csynth/bin/opt -pass-remarks-missed=reflow|pasta|unroll -pass-remarks=reflow|pasta|unroll|inline -pass-remarks-output=C:/Users/ratul/ES4F3/ES4F3/hls_overlay/hls_overlay_prj/solution1/.autopilot/db/a.g.ld.1.lower.bc.opt.diag.yml C:/Users/ratul/ES4F3/ES4F3/hls_overlay/hls_overlay_prj/solution1/.autopilot/db/a.g.ld.0.bc -reflow-lower-math-intrinsics -o C:/Users/ratul/ES4F3/ES4F3/hls_overlay/hls_overlay_prj/solution1/.autopilot/db/a.g.ld.1.lower.bc > C:/Users/ratul/ES4F3/ES4F3/hls_overlay/hls_overlay_prj/solution1/.autopilot/db/a.g.ld.1.lower.bc.opt.out.log 2> C:/Users/ratul/ES4F3/ES4F3/hls_overlay/hls_overlay_prj/solution1/.autopilot/db/a.g.ld.1.lower.bc.opt.err.log
INFO-FLOW: 
INFO-FLOW: Running: gen_design_size_report post-opt
INFO-FLOW: Done: gen_design_size_report post-opt time: 0 seconds per iteration
Command       run_link_or_opt done; 0.127 sec.
INFO-FLOW: Linking math bc lib
Execute       run_link_or_opt -out C:/Users/ratul/ES4F3/ES4F3/hls_overlay/hls_overlay_prj/solution1/.autopilot/db/a.g.ld.2.m1.bc -args C:/Users/ratul/ES4F3/ES4F3/hls_overlay/hls_overlay_prj/solution1/.autopilot/db/a.g.ld.1.lower.bc -only-needed C:/Xilinx/Vitis_HLS/2024.1/win64/lib/libhlsm_39.bc C:/Xilinx/Vitis_HLS/2024.1/win64/lib/libhlsmc++_39.bc 
INFO-FLOW: run_clang exec: C:/Xilinx/Vitis_HLS/2024.1/win64/tools/clang-3.9-csynth/bin/llvm-link C:/Users/ratul/ES4F3/ES4F3/hls_overlay/hls_overlay_prj/solution1/.autopilot/db/a.g.ld.1.lower.bc -only-needed C:/Xilinx/Vitis_HLS/2024.1/win64/lib/libhlsm_39.bc C:/Xilinx/Vitis_HLS/2024.1/win64/lib/libhlsmc++_39.bc -o C:/Users/ratul/ES4F3/ES4F3/hls_overlay/hls_overlay_prj/solution1/.autopilot/db/a.g.ld.2.m1.bc > C:/Users/ratul/ES4F3/ES4F3/hls_overlay/hls_overlay_prj/solution1/.autopilot/db/a.g.ld.2.m1.bc.llvm-link.out.log 2> C:/Users/ratul/ES4F3/ES4F3/hls_overlay/hls_overlay_prj/solution1/.autopilot/db/a.g.ld.2.m1.bc.llvm-link.err.log
INFO-FLOW: 
Command       run_link_or_opt done; 2.947 sec.
Execute       run_link_or_opt -opt -out C:/Users/ratul/ES4F3/ES4F3/hls_overlay/hls_overlay_prj/solution1/.autopilot/db/a.g.ld.3.fpc.bc -args C:/Users/ratul/ES4F3/ES4F3/hls_overlay/hls_overlay_prj/solution1/.autopilot/db/a.g.ld.2.m1.bc -reflow-globaldce -hls-top-function-name=overlay_core -reflow-float-conversion 
INFO-FLOW: run_clang exec: C:/Xilinx/Vitis_HLS/2024.1/win64/tools/clang-3.9-csynth/bin/opt -pass-remarks-missed=reflow|pasta|unroll -pass-remarks=reflow|pasta|unroll|inline -pass-remarks-output=C:/Users/ratul/ES4F3/ES4F3/hls_overlay/hls_overlay_prj/solution1/.autopilot/db/a.g.ld.3.fpc.bc.opt.diag.yml C:/Users/ratul/ES4F3/ES4F3/hls_overlay/hls_overlay_prj/solution1/.autopilot/db/a.g.ld.2.m1.bc -reflow-globaldce -hls-top-function-name=overlay_core -reflow-float-conversion -o C:/Users/ratul/ES4F3/ES4F3/hls_overlay/hls_overlay_prj/solution1/.autopilot/db/a.g.ld.3.fpc.bc > C:/Users/ratul/ES4F3/ES4F3/hls_overlay/hls_overlay_prj/solution1/.autopilot/db/a.g.ld.3.fpc.bc.opt.out.log 2> C:/Users/ratul/ES4F3/ES4F3/hls_overlay/hls_overlay_prj/solution1/.autopilot/db/a.g.ld.3.fpc.bc.opt.err.log
INFO-FLOW: 
INFO-FLOW: Running: gen_design_size_report post-opt
INFO-FLOW: Done: gen_design_size_report post-opt time: 0 seconds per iteration
Command       run_link_or_opt done; 1.266 sec.
Execute       run_link_or_opt -out C:/Users/ratul/ES4F3/ES4F3/hls_overlay/hls_overlay_prj/solution1/.autopilot/db/a.g.ld.4.m2.bc -args C:/Users/ratul/ES4F3/ES4F3/hls_overlay/hls_overlay_prj/solution1/.autopilot/db/a.g.ld.3.fpc.bc -only-needed C:/Xilinx/Vitis_HLS/2024.1/win64/lib/libfloatconversion_39.bc 
INFO-FLOW: run_clang exec: C:/Xilinx/Vitis_HLS/2024.1/win64/tools/clang-3.9-csynth/bin/llvm-link C:/Users/ratul/ES4F3/ES4F3/hls_overlay/hls_overlay_prj/solution1/.autopilot/db/a.g.ld.3.fpc.bc -only-needed C:/Xilinx/Vitis_HLS/2024.1/win64/lib/libfloatconversion_39.bc -o C:/Users/ratul/ES4F3/ES4F3/hls_overlay/hls_overlay_prj/solution1/.autopilot/db/a.g.ld.4.m2.bc > C:/Users/ratul/ES4F3/ES4F3/hls_overlay/hls_overlay_prj/solution1/.autopilot/db/a.g.ld.4.m2.bc.llvm-link.out.log 2> C:/Users/ratul/ES4F3/ES4F3/hls_overlay/hls_overlay_prj/solution1/.autopilot/db/a.g.ld.4.m2.bc.llvm-link.err.log
INFO-FLOW: 
Execute       run_link_or_opt -opt -out C:/Users/ratul/ES4F3/ES4F3/hls_overlay/hls_overlay_prj/solution1/.autopilot/db/a.g.ld.5.gdce.bc -args C:/Users/ratul/ES4F3/ES4F3/hls_overlay/hls_overlay_prj/solution1/.autopilot/db/a.g.ld.4.m2.bc -reflow-globaldce -hls-top-function-name=overlay_core 
INFO-FLOW: run_clang exec: C:/Xilinx/Vitis_HLS/2024.1/win64/tools/clang-3.9-csynth/bin/opt -pass-remarks-missed=reflow|pasta|unroll -pass-remarks=reflow|pasta|unroll|inline -pass-remarks-output=C:/Users/ratul/ES4F3/ES4F3/hls_overlay/hls_overlay_prj/solution1/.autopilot/db/a.g.ld.5.gdce.bc.opt.diag.yml C:/Users/ratul/ES4F3/ES4F3/hls_overlay/hls_overlay_prj/solution1/.autopilot/db/a.g.ld.4.m2.bc -reflow-globaldce -hls-top-function-name=overlay_core -o C:/Users/ratul/ES4F3/ES4F3/hls_overlay/hls_overlay_prj/solution1/.autopilot/db/a.g.ld.5.gdce.bc > C:/Users/ratul/ES4F3/ES4F3/hls_overlay/hls_overlay_prj/solution1/.autopilot/db/a.g.ld.5.gdce.bc.opt.out.log 2> C:/Users/ratul/ES4F3/ES4F3/hls_overlay/hls_overlay_prj/solution1/.autopilot/db/a.g.ld.5.gdce.bc.opt.err.log
INFO-FLOW: 
INFO-FLOW: Running: gen_design_size_report post-opt
INFO-FLOW: Done: gen_design_size_report post-opt time: 0 seconds per iteration
Execute       send_msg_by_id INFO @200-777@%s Vivado 
INFO: [HLS 200-777] Using interface defaults for 'Vivado' flow target.
Execute       is_m_axi_addr64 
INFO-FLOW: Doing LTO.
INFO-FLOW: run_clang (background poll_ms 5000) exec: C:/Xilinx/Vitis_HLS/2024.1/win64/tools/clang-3.9-csynth/bin/clang -foptimization-record-file=C:/Users/ratul/ES4F3/ES4F3/hls_overlay/hls_overlay_prj/solution1/.autopilot/db/a.g.ld.0.bc.clang.reflow.diag.yml -mllvm -pass-remarks-missed=reflow|pasta|unroll -mllvm -pass-remarks=reflow|pasta|unroll|inline -fhls -mllvm -hls-top-function-name=overlay_core -mllvm -hls-db-dir -mllvm C:/Users/ratul/ES4F3/ES4F3/hls_overlay/hls_overlay_prj/solution1/.autopilot/db -emit-llvm -c -target fpga64-xilinx-none -mllvm -xcl-xmlinfo=C:/Users/ratul/ES4F3/ES4F3/hls_overlay/hls_overlay_prj/solution1/.autopilot/db/kernel.internal.xml -mllvm -top-io-mapping-info=C:/Users/ratul/ES4F3/ES4F3/hls_overlay/hls_overlay_prj/solution1/.autopilot/db/top-io-fe.xml -mllvm -hls-bitcode-version=3.1 -mllvm -reflow-enable-slave-interface-default-setting=true -mllvm -gen-kernel-xml=false -mllvm -default-maxi-offset=slave -mllvm -maxi-latency=0 -mllvm -hls-maxi-data-size-in-bits=8 -mllvm -hls-maxi-max-data-size-in-bits=1024 -mllvm -hls-max-widen-size-in-bits=0 -mllvm -xcl-kernel-max-mem-ports=0 -mllvm -maxi-read-trans=16 -mllvm -maxi-write-trans=16 -mllvm -maxi-read-burst-len=16 -mllvm -maxi-write-burst-len=16 -mllvm -reflow-enable-saxi-64bits=0 -mllvm -reflow-basic-block-instr-threshold=200000 -mllvm -reflow-auto-pipeline-threshold=64 -mllvm -reflow-enable-maxi-auto-id-channel=0 -mllvm -enable-fp-thr=0 -mllvm -reflow-bdd-simplify-threshold=1048576 -mllvm -reflow-fanout-threshold=16 -mllvm -reflow-complete-threshold=4 -mllvm -reflow-array-promotion-threshold=64 -mllvm -assume-maxi-align=1 -mllvm -reflow-enable-dataflow-strict-mode-checking=1 -ftime-report -mllvm -time-passes -mllvm -reflow-auto-array-partition-mode=default -mllvm -reflow-enable-auto-small-array-partition=true -mllvm -reflow-enable-auto-array-partition-for-flatten=true -mllvm -reflow-enable-auto-parallel-performance-driven=true -mllvm -reflow-enable-partition-for-automation=true -mllvm -reflow-aggregate-bitwidth-threshold=4096 -mllvm -reflow-reserved-saxilite-registers=0 -mllvm -enable-reflow-auto-loop-pipeline -mllvm -reflow-max-unroll-threshold=409600 -mllvm -auto-unroll-tripcount-threshold=0 -mllvm -reflow-assume-no-address-wrap=true -mllvm -reflow-enable-occurrence-inference=true -mllvm -reflow-emit-hint-scope=true -mllvm -reflow-enable-codegen-with-if=true -mllvm -hls -mllvm -disable-inlined-alloca-merging=true -mllvm -default-clock-period=6.667 -mllvm -use_read_first_ram_in_loop=1 -mllvm -default-clock-uncertainty=1.8 -x ir C:/Users/ratul/ES4F3/ES4F3/hls_overlay/hls_overlay_prj/solution1/.autopilot/db/a.g.ld.5.gdce.bc -o C:/Users/ratul/ES4F3/ES4F3/hls_overlay/hls_overlay_prj/solution1/.autopilot/db/a.g.lto.bc {-hls-platform-db-name=C:/Xilinx/Vitis_HLS/2024.1\common/technology\xilinx/common/platform.db} -hls-platform-name=zynq_slow -device-resource-info=BRAM_280.000000_DSP_220.000000_FF_106400.000000_LUT_53200.000000_SLICE_13300.000000_URAM_0.000000 -device-name-info=xc7z020clg400-1 2> C:/Users/ratul/ES4F3/ES4F3/hls_overlay/hls_overlay_prj/solution1/.autopilot/db/a.g.ld.0.bc.clang.reflow.err.log bg_poll_cmd: ::AP::poll_clang_39_closed_source
Execute       send_msg_by_id INFO @200-1995@%s%s%s 542 Compile/Link C:/Users/ratul/ES4F3/ES4F3/hls_overlay/hls_overlay_prj/solution1/syn/report/csynth_design_size.rpt 
INFO: [HLS 200-1995] There were 542 instructions in the design after the 'Compile/Link' phase of compilation. See the Design Size Report for more details: C:/Users/ratul/ES4F3/ES4F3/hls_overlay/hls_overlay_prj/solution1/syn/report/csynth_design_size.rpt
Execute       send_msg_by_id INFO @200-1995@%s%s%s 152 Unroll/Inline (step 1) C:/Users/ratul/ES4F3/ES4F3/hls_overlay/hls_overlay_prj/solution1/syn/report/csynth_design_size.rpt 
INFO: [HLS 200-1995] There were 152 instructions in the design after the 'Unroll/Inline (step 1)' phase of compilation. See the Design Size Report for more details: C:/Users/ratul/ES4F3/ES4F3/hls_overlay/hls_overlay_prj/solution1/syn/report/csynth_design_size.rpt
Execute       send_msg_by_id INFO @200-1995@%s%s%s 129 Unroll/Inline (step 2) C:/Users/ratul/ES4F3/ES4F3/hls_overlay/hls_overlay_prj/solution1/syn/report/csynth_design_size.rpt 
INFO: [HLS 200-1995] There were 129 instructions in the design after the 'Unroll/Inline (step 2)' phase of compilation. See the Design Size Report for more details: C:/Users/ratul/ES4F3/ES4F3/hls_overlay/hls_overlay_prj/solution1/syn/report/csynth_design_size.rpt
Execute       send_msg_by_id INFO @200-1995@%s%s%s 129 Unroll/Inline (step 3) C:/Users/ratul/ES4F3/ES4F3/hls_overlay/hls_overlay_prj/solution1/syn/report/csynth_design_size.rpt 
INFO: [HLS 200-1995] There were 129 instructions in the design after the 'Unroll/Inline (step 3)' phase of compilation. See the Design Size Report for more details: C:/Users/ratul/ES4F3/ES4F3/hls_overlay/hls_overlay_prj/solution1/syn/report/csynth_design_size.rpt
Execute       send_msg_by_id INFO @200-1995@%s%s%s 129 Unroll/Inline (step 4) C:/Users/ratul/ES4F3/ES4F3/hls_overlay/hls_overlay_prj/solution1/syn/report/csynth_design_size.rpt 
INFO: [HLS 200-1995] There were 129 instructions in the design after the 'Unroll/Inline (step 4)' phase of compilation. See the Design Size Report for more details: C:/Users/ratul/ES4F3/ES4F3/hls_overlay/hls_overlay_prj/solution1/syn/report/csynth_design_size.rpt
Execute       send_msg_by_id INFO @200-1995@%s%s%s 127 Array/Struct (step 1) C:/Users/ratul/ES4F3/ES4F3/hls_overlay/hls_overlay_prj/solution1/syn/report/csynth_design_size.rpt 
INFO: [HLS 200-1995] There were 127 instructions in the design after the 'Array/Struct (step 1)' phase of compilation. See the Design Size Report for more details: C:/Users/ratul/ES4F3/ES4F3/hls_overlay/hls_overlay_prj/solution1/syn/report/csynth_design_size.rpt
Execute       send_msg_by_id INFO @200-1995@%s%s%s 127 Array/Struct (step 2) C:/Users/ratul/ES4F3/ES4F3/hls_overlay/hls_overlay_prj/solution1/syn/report/csynth_design_size.rpt 
INFO: [HLS 200-1995] There were 127 instructions in the design after the 'Array/Struct (step 2)' phase of compilation. See the Design Size Report for more details: C:/Users/ratul/ES4F3/ES4F3/hls_overlay/hls_overlay_prj/solution1/syn/report/csynth_design_size.rpt
Execute       send_msg_by_id INFO @200-1995@%s%s%s 127 Array/Struct (step 3) C:/Users/ratul/ES4F3/ES4F3/hls_overlay/hls_overlay_prj/solution1/syn/report/csynth_design_size.rpt 
INFO: [HLS 200-1995] There were 127 instructions in the design after the 'Array/Struct (step 3)' phase of compilation. See the Design Size Report for more details: C:/Users/ratul/ES4F3/ES4F3/hls_overlay/hls_overlay_prj/solution1/syn/report/csynth_design_size.rpt
Execute       send_msg_by_id INFO @200-1995@%s%s%s 127 Array/Struct (step 4) C:/Users/ratul/ES4F3/ES4F3/hls_overlay/hls_overlay_prj/solution1/syn/report/csynth_design_size.rpt 
INFO: [HLS 200-1995] There were 127 instructions in the design after the 'Array/Struct (step 4)' phase of compilation. See the Design Size Report for more details: C:/Users/ratul/ES4F3/ES4F3/hls_overlay/hls_overlay_prj/solution1/syn/report/csynth_design_size.rpt
Execute       send_msg_by_id INFO @200-1995@%s%s%s 239 Array/Struct (step 5) C:/Users/ratul/ES4F3/ES4F3/hls_overlay/hls_overlay_prj/solution1/syn/report/csynth_design_size.rpt 
INFO: [HLS 200-1995] There were 239 instructions in the design after the 'Array/Struct (step 5)' phase of compilation. See the Design Size Report for more details: C:/Users/ratul/ES4F3/ES4F3/hls_overlay/hls_overlay_prj/solution1/syn/report/csynth_design_size.rpt
Execute       send_msg_by_id INFO @200-1995@%s%s%s 253 Performance (step 1) C:/Users/ratul/ES4F3/ES4F3/hls_overlay/hls_overlay_prj/solution1/syn/report/csynth_design_size.rpt 
INFO: [HLS 200-1995] There were 253 instructions in the design after the 'Performance (step 1)' phase of compilation. See the Design Size Report for more details: C:/Users/ratul/ES4F3/ES4F3/hls_overlay/hls_overlay_prj/solution1/syn/report/csynth_design_size.rpt
Execute       send_msg_by_id INFO @200-1995@%s%s%s 239 Performance (step 2) C:/Users/ratul/ES4F3/ES4F3/hls_overlay/hls_overlay_prj/solution1/syn/report/csynth_design_size.rpt 
INFO: [HLS 200-1995] There were 239 instructions in the design after the 'Performance (step 2)' phase of compilation. See the Design Size Report for more details: C:/Users/ratul/ES4F3/ES4F3/hls_overlay/hls_overlay_prj/solution1/syn/report/csynth_design_size.rpt
Execute       send_msg_by_id INFO @200-1995@%s%s%s 141 Performance (step 3) C:/Users/ratul/ES4F3/ES4F3/hls_overlay/hls_overlay_prj/solution1/syn/report/csynth_design_size.rpt 
INFO: [HLS 200-1995] There were 141 instructions in the design after the 'Performance (step 3)' phase of compilation. See the Design Size Report for more details: C:/Users/ratul/ES4F3/ES4F3/hls_overlay/hls_overlay_prj/solution1/syn/report/csynth_design_size.rpt
Execute       send_msg_by_id INFO @200-1995@%s%s%s 141 Performance (step 4) C:/Users/ratul/ES4F3/ES4F3/hls_overlay/hls_overlay_prj/solution1/syn/report/csynth_design_size.rpt 
INFO: [HLS 200-1995] There were 141 instructions in the design after the 'Performance (step 4)' phase of compilation. See the Design Size Report for more details: C:/Users/ratul/ES4F3/ES4F3/hls_overlay/hls_overlay_prj/solution1/syn/report/csynth_design_size.rpt
Execute       send_msg_by_id INFO @200-1995@%s%s%s 96 HW Transforms (step 1) C:/Users/ratul/ES4F3/ES4F3/hls_overlay/hls_overlay_prj/solution1/syn/report/csynth_design_size.rpt 
INFO: [HLS 200-1995] There were 96 instructions in the design after the 'HW Transforms (step 1)' phase of compilation. See the Design Size Report for more details: C:/Users/ratul/ES4F3/ES4F3/hls_overlay/hls_overlay_prj/solution1/syn/report/csynth_design_size.rpt
Execute       send_msg_by_id INFO @200-1995@%s%s%s 85 HW Transforms (step 2) C:/Users/ratul/ES4F3/ES4F3/hls_overlay/hls_overlay_prj/solution1/syn/report/csynth_design_size.rpt 
INFO: [HLS 200-1995] There were 85 instructions in the design after the 'HW Transforms (step 2)' phase of compilation. See the Design Size Report for more details: C:/Users/ratul/ES4F3/ES4F3/hls_overlay/hls_overlay_prj/solution1/syn/report/csynth_design_size.rpt
INFO-FLOW: DBG:PUTS: copy_raw_kernel_xml ap_link_39: kernel.xml not generated: C:/Users/ratul/ES4F3/ES4F3/hls_overlay/hls_overlay_prj/solution1/.autopilot/db/kernel.internal.xml
INFO: [HLS 200-111] Finished Compiling Optimization and Transform: CPU user time: 0 seconds. CPU system time: 0 seconds. Elapsed time: 10.212 seconds; current allocated memory: 143.754 MB.
INFO: [HLS 200-111] Finished Checking Pragmas: CPU user time: 0 seconds. CPU system time: 0 seconds. Elapsed time: 0.007 seconds; current allocated memory: 143.758 MB.
Execute       opt_and_import_c a -opt_level=2 -skip_syncheck=0 -ng=0 -keep_printf=0 
Execute         cleanup_all_models 
INFO: [HLS 200-10] Starting code transformations ...
INFO-FLOW: Running Standard Transforms...
Execute         transform -hls -share-std-xform -demangle-name -inline-byval-memcpy -always-inline -promote-dbg-pointer -interface-preproc -mem2reg -scalarrepl -mem2reg -keep-read-access -instcombine -dce -promote-dbg-pointer -bitop-raise -loop-simplify -indvarspre -indvars -loop-simplify -constprop -instcombine -simplifycfg -indvars -simplifycfg -dce -globaldce -basicaa -simplifycfg -mem2reg -globalopt -global-constprop -deadargelim -instcombine -simplifycfg -scalarrepl -instcombine -reassociate -licm -simplifycfg -loop-simplify -indvars -instcombine -simplifycfg -mem2reg -loop-simplify -indvars -instcombine -gvn -gvn -instcombine -adce -break-crit-edges -simplifycfg -loop-delete -global-array-opt -dce -dse -adce -find-syn-modules -top overlay_core -deadargelim -mem2reg -instcombine -dce -presyn-prepare -interface-preproc -syn-check -check-rec-only -find-region -simplifycfg -func-extr -function-inline -globaldce -mem2reg -instcombine -dce -gvn -globaldce -adce -adse -constprop -instcombine -bit-constprop -instcombine -dce -simplifycfg -bitop-raise -simplifycfg -dce -loop-delete -reassociate -globalopt -global-privatize -mem2reg -dce -global-constprop -pointer-simplify -constprop -dce -promote-dbg-pointer -norm-name C:/Users/ratul/ES4F3/ES4F3/hls_overlay/hls_overlay_prj/solution1/.autopilot/db/a.g.0.bc -o C:/Users/ratul/ES4F3/ES4F3/hls_overlay/hls_overlay_prj/solution1/.autopilot/db/a.g.1.bc -f -phase std-opt 
Command         transform done; 0.144 sec.
INFO: [HLS 200-111] Finished Standard Transforms: CPU user time: 0 seconds. CPU system time: 0 seconds. Elapsed time: 0.196 seconds; current allocated memory: 148.059 MB.
INFO: [HLS 200-10] Checking synthesizability ...
INFO-FLOW: Checking Synthesizability 1/2..
Execute         transform -hls -syn-check -check-rec-only -scalarrepl -norm-name -dce -mem2reg -instcombine -directive-preproc -mem2reg -dse -dce -dce -pag -array-normalize -instcombine -dce -array-seg-normalize -instcombine -dce -data-pack -instcombine -dce -inst-simplify -array-flatten -instcombine -dce -array-burst -dce -deadargelim -promote-global-argument -simplifycfg -mem2reg -globaldce -dce -deadargelim -dce -instcombine -function-inline -globaldce -dce -doublePtrSimplify -doublePtrElim -dce -doublePtrSimplify -promote-dbg-pointer -dce -scalarrepl -dse -adse -instcombine -ptrLegalization -simplifycfg -dce -instcombine -pointer-simplify -ptrArgReplace -dce -instcombine -resolve-double-ptr -scalarrepl -norm-name -dce -mem2reg -instcombine -ptrLegalization -simplifycfg -deadargelim -instcombine -dce -inst-simplify -directive-preproc -mem2reg -dse -dce -globaldce C:/Users/ratul/ES4F3/ES4F3/hls_overlay/hls_overlay_prj/solution1/.autopilot/db/a.g.1.bc -o C:/Users/ratul/ES4F3/ES4F3/hls_overlay/hls_overlay_prj/solution1/.autopilot/db/a.g.2.prechk.bc -f 
INFO-FLOW: Checking Synthesizability 2/2..
Execute         transform -syn-check C:/Users/ratul/ES4F3/ES4F3/hls_overlay/hls_overlay_prj/solution1/.autopilot/db/a.g.2.prechk.bc -o C:/Users/ratul/ES4F3/ES4F3/hls_overlay/hls_overlay_prj/solution1/.autopilot/db/a.g.2.bc -f -phase syn-check 
INFO: [HLS 200-111] Finished Checking Synthesizability: CPU user time: 0 seconds. CPU system time: 0 seconds. Elapsed time: 0.07 seconds; current allocated memory: 149.434 MB.
INFO-FLOW: Compiler optimizing ...
INFO-FLOW: Share syncheck's 1.bc for syn flow: copy C:/Users/ratul/ES4F3/ES4F3/hls_overlay/hls_overlay_prj/solution1/.autopilot/db/a.g.1.bc to C:/Users/ratul/ES4F3/ES4F3/hls_overlay/hls_overlay_prj/solution1/.autopilot/db/a.o.1.bc
INFO-FLOW: Presyn 1...
Execute         transform -hls -tmp C:/Users/ratul/ES4F3/ES4F3/hls_overlay/hls_overlay_prj/solution1/.autopilot/db -interface-port-rename -directive-preproc -mem2reg -dse -dce -scalarrepl -norm-name -deadargelim -mem2reg -instcombine -dce -simplifycfg -dce -resource-proc -clib-intrinsic-prepare -dce -func-buffer -dce -pag -array-normalize -func-legal -instcombine -gvn -constprop -dce -simplifycfg -mem2reg -globaldce -resolve-double-ptr -dce -deadargelim -dce -instcombine -ptrArgReplace -mem2reg -dce -array-seg-normalize -deadargelim -instcombine -dce -directive-preproc -mem2reg -dse -dce -pointer-simplify -dce -port-alignment -dce -interface-preproc -data-pack -instcombine -dce -basicaa -aggr-aa -aggrmodref-aa -aggr-aa -gvn -gvn -basicaa -aggr-aa -aggrmodref-aa -aggr-aa -dse -adse -adce -loop-simplify -indvars -instcombine -gvn -loop-simplify -mem2reg -dce -find-region -instcombine -inst-simplify -interface-preproc -cfgopt -instcombine -indvars -loop-simplify -loop-bound -constprop -instcombine -simplifycfg -indvars -simplifycfg -dce -globaldce -clean-region -attach-range -gvn -inst-simplify -constprop -simplifycfg -dce -pointer-simplify -dce -globalopt -constprop -dce -array-promote -constprop -dce -ptrArgReplace -mem2reg -simplifycfg -dce -instcombine -dce -array-transform-check -array-reshape -instcombine -simplifycfg -dce -ptrArgReplace -deadargelim -mem2reg -instcombine -simplifycfg -dce -indvars -loop-simplify -loop-bound -constprop -instcombine -simplifycfg -indvars -simplifycfg -dce -globaldce -basicaa -aggr-aa -aggrmodref-aa -aggr-aa -dse -duplicate-dataflow-processes -globaldce -instcombine -array-partition -prepare-dynamic-array-partition -instcombine -simplifycfg -dce -ptrArgReplace -global-constprop -deadargelim -mem2reg -func-legal -dce -global-constprop -deadargelim -mem2reg -simplifycfg -dce -merge-param -deadargelim -globalopt -constprop -dce -array-promote -constprop -dce -ptrArgReplace -mem2reg -simplifycfg -dce -mem-intrinsic-preproc -dce -global-internalize -global-privatize -mem2reg -globaldce -lcssa -loop-simplify -phi-select-elim -promote-global-argument -ptrArgReplace -mem2reg -dce -globalopt -mergereturn -simplify-global-access -mem2reg -dce -pointer-simplify -dce -basicaa -aggr-aa -aggrmodref-aa -aggr-aa -functionattrs -basicaa -aggr-aa -aggrmodref-aa -aggr-aa -gvn -gvn -basicaa -aggr-aa -aggrmodref-aa -aggr-aa -dse -adse -adce -dce -norm-name -basicaa -aggr-aa -aggrmodref-aa -aggr-aa -accesses-merge -function-inline -complex-op-raise -inst-simplify -globaldce -func-legal -dce -loop-bound -arraycheck -bitwidthmin2 -bitwidthmin2 -on-by-dataflow -loop-delete -instcombine -simplifycfg -globaldce -dce -gvn -deadargelim -dce -loop-simplify -clean-region -simplifycfg -propagate-stable-arguments -loop-stream -instcombine -simplifycfg -dce -globaldce -duplicate-dataflow-processes -stream-intrinsic-preproc -dce -check-ap-stream -loop-simplify -eliminate-keepreads -extract-dataflow-in-loop -loop-simplify -dce -gvn -deadargelim -dse -duplicate-dataflow-processes -check-dataflow-syntax -legalize-stream-variable -globaldce -legalize-global -extract-subproc -dce -dead-channel-elimination -canonicalize-gep -globaldce -dce -gvn -hls-dead-arg-elim -deadargelim -directive-preproc -canonicalize-dataflow -dce -globaldce -scalar-preprocessing -scalar-propagation2 -scalar-stream -deadargelim -globaldce -mem2reg -check-dataflow-channels -function-stream -dce -globaldce -prop-fifo-spec -internal-stream-gen -canonicalize-gep -globaldce -dce -gvn -deadargelim -mergereturn -indvars -loop-simplify -instcombine -array-stream -array-seg-normalize -array-partition -clean-array-spec -func-legal -instcombine -simplifycfg -dce -bundle-memfifo-ops -deadargelim -directive-preproc -mem2reg -dse -dce -group-axi-access -licm -simplifycfg -dce -loop-delete -hls-display -norm-name C:/Users/ratul/ES4F3/ES4F3/hls_overlay/hls_overlay_prj/solution1/.autopilot/db/a.o.1.bc -o C:/Users/ratul/ES4F3/ES4F3/hls_overlay/hls_overlay_prj/solution1/.autopilot/db/a.o.1.tmp.bc -f 
INFO-FLOW: Presyn 2...
Execute         transform -hls -keep-callgraph -scalarrepl -mem2reg -port-alignment -attach-range -dce -pipe-mux-gen -indvars -loop-bound -inst-simplify -instcombine -dce -merge-array-access -mem2reg -dce -clean-region -mergereturn -if-conv -instcombine -dce -constprop -basicaa -aggr-aa -aggrmodref-aa -aggr-aa -gvn -gvn -basicaa -aggr-aa -aggrmodref-aa -aggr-aa -dse -adse -adce -scalarrepl -mem2reg -global-constprop -deadargelim -deadargelim -instcombine -dce -simplifycfg -ptrArgReplace -mem2reg -function-inline -globaldce -mem2reg -instcombine -dce -expr-balance -instcombine -dce -bitwidthmin2 -bitwidthmin2 -interface-preproc -directive-preproc -inst-rectify -instcombine -dce -basicaa -aggr-aa -aggrmodref-aa -aggr-aa -functionattrs -constprop -instcombine -bit-constprop -simplify-global-access -globalopt -globaldce -inst-simplify -instcombine -elimdeaddata -dce -loop-delete -simplifycfg -loop-simplify -barrier -norm-name C:/Users/ratul/ES4F3/ES4F3/hls_overlay/hls_overlay_prj/solution1/.autopilot/db/a.o.1.tmp.bc -o C:/Users/ratul/ES4F3/ES4F3/hls_overlay/hls_overlay_prj/solution1/.autopilot/db/a.o.2.bc -f -phase presyn 
INFO: [HLS 200-111] Finished Loop, function and other optimizations: CPU user time: 0 seconds. CPU system time: 0 seconds. Elapsed time: 0.139 seconds; current allocated memory: 170.738 MB.
Execute         transform -hls -auto-function-inline -globaldce -ptrArgReplace -mem2reg -dce -reset-lda -loop-simplify -indvars -aggr-aa -licm -loop-dep -loop-bound -licm -loop-simplify -loop-sink-hoist -flattenloopnest -array-flatten -gvn -instcombine -dce -array-map -dce -func-legal -gvn -adce -instcombine -cfgopt -simplifycfg-lite -loop-simplify -array-burst -promote-global-argument -dce -array-seg-normalize -basicaa -aggrmodref-aa -globalsmodref-aa -aggr-aa -gvn -gvn -basicaa -aggrmodref-aa -globalsmodref-aa -aggr-aa -dse -adse -adce -licm -inst-simplify -dce -globaldce -instcombine -array-stream -eliminate-keepreads -instcombine -dce -deadargelim -doublePtrSimplify -doublePtrElim -dce -doublePtrSimplify -promote-dbg-pointer -dce -scalarrepl -mem2reg -norm-name -mem2reg -instcombine -dse -adse -adce -ptrLegalization -dce -array-flatten -dce -instcombine -check-doubleptr -loop-rot -constprop -inst-simplify -cfgopt -simplifycfg-lite -loop-simplify -indvars -pointer-simplify -dce -loop-bound -loop-simplify -loop-preproc -constprop -global-constprop -gvn -mem2reg -instcombine -dce -loop-bound -loop-merge -dce -deadargelim -dce -canonicalize-dataflow -dce -deadargelim -globaldce -mem2reg -bram-byte-enable -inst-simplify -inst-rectify -instcombine -adce -deadargelim -load-elim -read-loop-dep -loop-simplify -loop-extract-inner -directive-preproc -bitwidthmin2 -bitwidthmin2 -read-loop-dep -interface-preproc -directive-preproc -interface-gen -bram-byte-enable-spec-prop -mul2addshift -deadargelim -inst-simplify -dce -mem2reg -instcombine -gvn -dce -adse -loop-bound -instcombine -cfgopt -simplifycfg-lite -loop-simplify -clean-region -io-protocol -find-region -mem2reg -bitop-raise -complex-op-raise -inst-simplify -inst-rectify -instcombine -adce -deadargelim -float-op-raise -loop-simplify -phi-opt -bitop-raise -cfgopt -simplifycfg-lite -strip-dead-prototypes -interface-lower -bitop-lower -intrinsic-lower -auto-function-inline -basicaa -aggrmodref-aa -globalsmodref-aa -aggr-aa -inst-simplify -simplifycfg-lite -loop-simplify -mergereturn -inst-simplify -inst-rectify -globaldce -dce -load-elim -bitop-lower -float-op-raise -fma-raise -loop-rewind -pointer-simplify -dce -cfgopt -dce -loop-bound -loop-dep -read-loop-dep -dce -dyn-mem-reuse -dce -recurrence-min -dce -share-scalar-alloca -deadargelim -dce -check-stream -norm-name -legalize -inst-clarity -bitwidth -dce -validate-dataflow -dump-loop-dep-to-ir -check-all-ssdm -dump-complexity-metric C:/Users/ratul/ES4F3/ES4F3/hls_overlay/hls_overlay_prj/solution1/.autopilot/db/a.o.2.bc -o C:/Users/ratul/ES4F3/ES4F3/hls_overlay/hls_overlay_prj/solution1/.autopilot/db/a.o.3.bc -f -phase build-ssdm 
WARNING: [XFORM 203-561] 'VITIS_LOOP_28_1' (overlay_core.cpp:28:22) in function 'overlay_core' is an infinite loop.
Execute           auto_get_db
INFO-FLOW: Building ssdm...
Execute         transform -hls -cdfg-build C:/Users/ratul/ES4F3/ES4F3/hls_overlay/hls_overlay_prj/solution1/.autopilot/db/a.o.3.bc -o C:/Users/ratul/ES4F3/ES4F3/hls_overlay/hls_overlay_prj/solution1/.autopilot/db/a.o.3.bc -f -phase build-ssdm 
INFO: [HLS 200-111] Finished Architecture Synthesis: CPU user time: 0 seconds. CPU system time: 0 seconds. Elapsed time: 0.147 seconds; current allocated memory: 170.750 MB.
INFO-FLOW: Finish building internal data model.
Command       opt_and_import_c done; 0.561 sec.
Command     elaborate done; 20.442 sec.
Execute     ap_eval exec zip -j C:/Users/ratul/ES4F3/ES4F3/hls_overlay/hls_overlay_prj/solution1/.autopilot/db/dut.hcp $dbDir/a.o.3.bc $dbDir/${topname}.rtl_wrap.cfg.tcl $dbDir/apatb_${topname}.cpp $dbDir/apatb_${topname}_util.cpp $dbDir/apatb_${topname}_ir.ll $dbDir/mapper_${topname}.cpp $dbDir/top-io-fe.xml $dbDir/kernel.internal.xml $workdir/../hls.app 
Command     ap_eval done; 0.244 sec.
Execute     autosyn -from_csynth_design=1 
INFO: [HLS 200-10] Starting hardware synthesis ...
INFO-FLOW: Synthesizing C/C++ design ...
INFO: [HLS 200-10] Synthesizing 'overlay_core' ...
Execute       ap_set_top_model overlay_core 
Execute       get_model_list overlay_core -filter all-wo-channel -topdown 
Execute       preproc_iomode -model overlay_core 
Execute       get_model_list overlay_core -filter all-wo-channel 
INFO-FLOW: Model list for configure: overlay_core
INFO-FLOW: Configuring Module : overlay_core ...
Execute       set_default_model overlay_core 
Execute       apply_spec_resource_limit overlay_core 
INFO-FLOW: Model list for preprocess: overlay_core
INFO-FLOW: Preprocessing Module: overlay_core ...
Execute       set_default_model overlay_core 
Execute       cdfg_preprocess -model overlay_core 
Execute       rtl_gen_preprocess overlay_core 
INFO-FLOW: Model list for synthesis: overlay_core
INFO: [HLS 200-10] ----------------------------------------------------------------
INFO: [HLS 200-42] -- Implementing module 'overlay_core' 
INFO: [HLS 200-10] ----------------------------------------------------------------
Execute       set_default_model overlay_core 
Execute       schedule -model overlay_core 
INFO: [SCHED 204-11] Starting scheduling ...
INFO: [SCHED 204-61] Pipelining loop 'VITIS_LOOP_28_1'.
INFO: [HLS 200-1470] Pipelining result : Target II = 1, Final II = 1, Depth = 4, loop 'VITIS_LOOP_28_1'
WARNING: [HLS 200-871] Estimated clock period (5.275 ns) exceeds the target (target clock period: 6.667 ns, clock uncertainty: 1.800 ns, effective delay budget: 4.867 ns).
WARNING: [HLS 200-1016] The critical path in module 'overlay_core' consists of the following:
	'load' operation 16 bit ('p_load25', overlay_core.cpp:33) on local variable 'empty' [85]  (0.000 ns)
	'select' operation 16 bit ('select_ln33', overlay_core.cpp:33) [89]  (0.805 ns)
	'add' operation 16 bit ('add_ln52', overlay_core.cpp:52) [90]  (2.077 ns)
	'select' operation 16 bit ('select_ln50_1', overlay_core.cpp:50) [94]  (0.805 ns)
	'store' operation 0 bit ('empty_write_ln50', overlay_core.cpp:50) of variable 'select_ln50_1', overlay_core.cpp:50 on local variable 'empty' [96]  (1.588 ns)

INFO: [SCHED 204-11] Finished scheduling.
Command       schedule done; 0.367 sec.
INFO: [HLS 200-111] Finished Scheduling: CPU user time: 0 seconds. CPU system time: 0 seconds. Elapsed time: 0.693 seconds; current allocated memory: 170.750 MB.
Execute       syn_report -verbosereport -o C:/Users/ratul/ES4F3/ES4F3/hls_overlay/hls_overlay_prj/solution1/.autopilot/db/overlay_core.verbose.sched.rpt 
Execute         list_part -family xc7z020-clg400-1 
Execute           ap_family_info -name xc7z020-clg400-1 -data names 
Execute           ap_part_info -quiet -name xc7z020-clg400-1 -data family 
Execute       db_write -o C:/Users/ratul/ES4F3/ES4F3/hls_overlay/hls_overlay_prj/solution1/.autopilot/db/overlay_core.sched.adb -f 
INFO-FLOW: Finish scheduling overlay_core.
Execute       set_default_model overlay_core 
Execute       bind -model overlay_core 
INFO: [BIND 205-100] Starting micro-architecture generation ...
INFO: [BIND 205-101] Performing variable lifetime analysis.
INFO: [BIND 205-101] Exploring resource sharing.
INFO: [BIND 205-101] Binding ...
INFO: [BIND 205-100] Finished micro-architecture generation.
INFO: [HLS 200-111] Finished Binding: CPU user time: 0 seconds. CPU system time: 0 seconds. Elapsed time: 0.14 seconds; current allocated memory: 170.750 MB.
Execute       syn_report -verbosereport -o C:/Users/ratul/ES4F3/ES4F3/hls_overlay/hls_overlay_prj/solution1/.autopilot/db/overlay_core.verbose.bind.rpt 
Execute         list_part -family xc7z020-clg400-1 
Execute           ap_family_info -name xc7z020-clg400-1 -data names 
Execute           ap_part_info -quiet -name xc7z020-clg400-1 -data family 
Execute       db_write -o C:/Users/ratul/ES4F3/ES4F3/hls_overlay/hls_overlay_prj/solution1/.autopilot/db/overlay_core.bind.adb -f 
INFO-FLOW: Finish binding overlay_core.
Execute       get_model_list overlay_core -filter all-wo-channel 
INFO-FLOW: Preprocessing for RTLGen ...
Execute       rtl_gen_preprocess overlay_core 
INFO-FLOW: Model list for RTL generation: overlay_core
INFO: [HLS 200-10] ----------------------------------------------------------------
INFO: [HLS 200-10] -- Generating RTL for module 'overlay_core' 
INFO: [HLS 200-10] ----------------------------------------------------------------
Execute       create_rtl_model overlay_core -top_prefix  -sub_prefix overlay_core_ -mg_file C:/Users/ratul/ES4F3/ES4F3/hls_overlay/hls_overlay_prj/solution1/.autopilot/db/overlay_core.compgen.tcl 
WARNING: [RTGEN 206-101] Design contains AXI ports. Reset is fixed to synchronous and active low.
INFO: [RTGEN 206-500] Setting interface mode on port 'overlay_core/stream_in_V_data_V' to 'axis' (register, both mode).
INFO: [RTGEN 206-500] Setting interface mode on port 'overlay_core/stream_in_V_keep_V' to 'axis' (register, both mode).
INFO: [RTGEN 206-500] Setting interface mode on port 'overlay_core/stream_in_V_strb_V' to 'axis' (register, both mode).
INFO: [RTGEN 206-500] Setting interface mode on port 'overlay_core/stream_in_V_user_V' to 'axis' (register, both mode).
INFO: [RTGEN 206-500] Setting interface mode on port 'overlay_core/stream_in_V_last_V' to 'axis' (register, both mode).
INFO: [RTGEN 206-500] Setting interface mode on port 'overlay_core/stream_in_V_id_V' to 'axis' (register, both mode).
INFO: [RTGEN 206-500] Setting interface mode on port 'overlay_core/stream_in_V_dest_V' to 'axis' (register, both mode).
INFO: [RTGEN 206-500] Setting interface mode on port 'overlay_core/stream_out_V_data_V' to 'axis' (register, both mode).
INFO: [RTGEN 206-500] Setting interface mode on port 'overlay_core/stream_out_V_keep_V' to 'axis' (register, both mode).
INFO: [RTGEN 206-500] Setting interface mode on port 'overlay_core/stream_out_V_strb_V' to 'axis' (register, both mode).
INFO: [RTGEN 206-500] Setting interface mode on port 'overlay_core/stream_out_V_user_V' to 'axis' (register, both mode).
INFO: [RTGEN 206-500] Setting interface mode on port 'overlay_core/stream_out_V_last_V' to 'axis' (register, both mode).
INFO: [RTGEN 206-500] Setting interface mode on port 'overlay_core/stream_out_V_id_V' to 'axis' (register, both mode).
INFO: [RTGEN 206-500] Setting interface mode on port 'overlay_core/stream_out_V_dest_V' to 'axis' (register, both mode).
INFO: [RTGEN 206-500] Setting interface mode on port 'overlay_core/enable' to 's_axilite & ap_none'.
INFO: [RTGEN 206-500] Setting interface mode on port 'overlay_core/x_pos' to 's_axilite & ap_none'.
INFO: [RTGEN 206-500] Setting interface mode on port 'overlay_core/y_pos' to 's_axilite & ap_none'.
INFO: [RTGEN 206-500] Setting interface mode on port 'overlay_core/height' to 's_axilite & ap_none'.
INFO: [RTGEN 206-500] Setting interface mode on port 'overlay_core/width' to 's_axilite & ap_none'.
INFO: [RTGEN 206-500] Setting interface mode on function 'overlay_core' to 's_axilite & ap_ctrl_none'.
INFO: [RTGEN 206-100] Bundling port 'enable', 'x_pos', 'y_pos', 'height', 'width' and 'return' to AXI-Lite port CTRL.
INFO: [RTGEN 206-100] Finished creating RTL model for 'overlay_core'.
Command       create_rtl_model done; 0.525 sec.
INFO: [HLS 200-111] Finished Creating RTL model: CPU user time: 0 seconds. CPU system time: 0 seconds. Elapsed time: 0.629 seconds; current allocated memory: 171.762 MB.
Execute       source C:/Users/ratul/ES4F3/ES4F3/hls_overlay/hls_overlay_prj/solution1/.autopilot/db/overlay_core.rtl_wrap.cfg.tcl 
Execute       gen_rtl overlay_core -istop -style xilinx -f -lang vhdl -o C:/Users/ratul/ES4F3/ES4F3/hls_overlay/hls_overlay_prj/solution1/syn/vhdl/overlay_core 
Execute       gen_rtl overlay_core -istop -style xilinx -f -lang vlog -o C:/Users/ratul/ES4F3/ES4F3/hls_overlay/hls_overlay_prj/solution1/syn/verilog/overlay_core 
Execute       syn_report -csynth -model overlay_core -o C:/Users/ratul/ES4F3/ES4F3/hls_overlay/hls_overlay_prj/solution1/syn/report/overlay_core_csynth.rpt 
Execute         list_part -family xc7z020-clg400-1 
Execute           ap_family_info -name xc7z020-clg400-1 -data names 
Execute           ap_part_info -quiet -name xc7z020-clg400-1 -data family 
Execute       syn_report -rtlxml -model overlay_core -o C:/Users/ratul/ES4F3/ES4F3/hls_overlay/hls_overlay_prj/solution1/syn/report/overlay_core_csynth.xml 
Execute         list_part -family xc7z020-clg400-1 
Execute           ap_family_info -name xc7z020-clg400-1 -data names 
Execute           ap_part_info -quiet -name xc7z020-clg400-1 -data family 
Execute       syn_report -verbosereport -model overlay_core -o C:/Users/ratul/ES4F3/ES4F3/hls_overlay/hls_overlay_prj/solution1/.autopilot/db/overlay_core.verbose.rpt 
Execute         list_part -family xc7z020-clg400-1 
Execute           ap_family_info -name xc7z020-clg400-1 -data names 
Execute           ap_part_info -quiet -name xc7z020-clg400-1 -data family 
Execute       db_write -model overlay_core -f -o C:/Users/ratul/ES4F3/ES4F3/hls_overlay/hls_overlay_prj/solution1/.autopilot/db/overlay_core.adb 
Execute       db_write -model overlay_core -bindview -o C:/Users/ratul/ES4F3/ES4F3/hls_overlay/hls_overlay_prj/solution1/.autopilot/db/design.bindinfo.xml 
Execute       gen_tb_info overlay_core -p C:/Users/ratul/ES4F3/ES4F3/hls_overlay/hls_overlay_prj/solution1/.autopilot/db -o C:/Users/ratul/ES4F3/ES4F3/hls_overlay/hls_overlay_prj/solution1/.autopilot/db/overlay_core 
Execute       export_constraint_db -f -tool general -o C:/Users/ratul/ES4F3/ES4F3/hls_overlay/hls_overlay_prj/solution1/.autopilot/db/overlay_core.constraint.tcl 
Execute       syn_report -designview -model overlay_core -o C:/Users/ratul/ES4F3/ES4F3/hls_overlay/hls_overlay_prj/solution1/.autopilot/db/overlay_core.design.xml 
Execute       syn_report -csynthDesign -model overlay_core -o C:/Users/ratul/ES4F3/ES4F3/hls_overlay/hls_overlay_prj/solution1/syn/report/csynth.rpt -MHOut C:/Users/ratul/ES4F3/ES4F3/hls_overlay/hls_overlay_prj/solution1/.autopilot/db/kernel_module_hierarchy.tcl 
Execute         list_part -family xc7z020-clg400-1 
Execute           ap_family_info -name xc7z020-clg400-1 -data names 
Execute           ap_part_info -quiet -name xc7z020-clg400-1 -data family 
Execute       syn_report -wcfg -model overlay_core -o C:/Users/ratul/ES4F3/ES4F3/hls_overlay/hls_overlay_prj/solution1/.autopilot/db/overlay_core_dataflow_ana.wcfg 
Execute       syn_report -protoinst -model overlay_core -o C:/Users/ratul/ES4F3/ES4F3/hls_overlay/hls_overlay_prj/solution1/.autopilot/db/overlay_core.protoinst 
Execute       sc_get_clocks overlay_core 
Execute       sc_get_portdomain overlay_core 
INFO-FLOW: Model list for RTL component generation: overlay_core
INFO-FLOW: Handling components in module [overlay_core] ... 
Execute       source C:/Users/ratul/ES4F3/ES4F3/hls_overlay/hls_overlay_prj/solution1/.autopilot/db/overlay_core.compgen.tcl 
INFO-FLOW: Found component overlay_core_CTRL_s_axi.
INFO-FLOW: Append model overlay_core_CTRL_s_axi
INFO-FLOW: Found component overlay_core_regslice_both.
INFO-FLOW: Append model overlay_core_regslice_both
INFO-FLOW: Found component overlay_core_regslice_both.
INFO-FLOW: Append model overlay_core_regslice_both
INFO-FLOW: Found component overlay_core_regslice_both.
INFO-FLOW: Append model overlay_core_regslice_both
INFO-FLOW: Found component overlay_core_regslice_both.
INFO-FLOW: Append model overlay_core_regslice_both
INFO-FLOW: Found component overlay_core_regslice_both.
INFO-FLOW: Append model overlay_core_regslice_both
INFO-FLOW: Found component overlay_core_regslice_both.
INFO-FLOW: Append model overlay_core_regslice_both
INFO-FLOW: Found component overlay_core_regslice_both.
INFO-FLOW: Append model overlay_core_regslice_both
INFO-FLOW: Found component overlay_core_regslice_both.
INFO-FLOW: Append model overlay_core_regslice_both
INFO-FLOW: Found component overlay_core_regslice_both.
INFO-FLOW: Append model overlay_core_regslice_both
INFO-FLOW: Found component overlay_core_regslice_both.
INFO-FLOW: Append model overlay_core_regslice_both
INFO-FLOW: Found component overlay_core_regslice_both.
INFO-FLOW: Append model overlay_core_regslice_both
INFO-FLOW: Found component overlay_core_regslice_both.
INFO-FLOW: Append model overlay_core_regslice_both
INFO-FLOW: Found component overlay_core_regslice_both.
INFO-FLOW: Append model overlay_core_regslice_both
INFO-FLOW: Found component overlay_core_regslice_both.
INFO-FLOW: Append model overlay_core_regslice_both
INFO-FLOW: Append model overlay_core
INFO-FLOW: Generating RTL model list ...
INFO-FLOW: All models in this session: overlay_core_CTRL_s_axi overlay_core_regslice_both overlay_core_regslice_both overlay_core_regslice_both overlay_core_regslice_both overlay_core_regslice_both overlay_core_regslice_both overlay_core_regslice_both overlay_core_regslice_both overlay_core_regslice_both overlay_core_regslice_both overlay_core_regslice_both overlay_core_regslice_both overlay_core_regslice_both overlay_core_regslice_both overlay_core
INFO-FLOW: Generating C:/Users/ratul/ES4F3/ES4F3/hls_overlay/hls_overlay_prj/solution1/.autopilot/db/autopilot.rtl.models.txt file...
INFO-FLOW: To file: write model overlay_core_CTRL_s_axi
INFO-FLOW: To file: write model overlay_core_regslice_both
INFO-FLOW: To file: write model overlay_core_regslice_both
INFO-FLOW: To file: write model overlay_core_regslice_both
INFO-FLOW: To file: write model overlay_core_regslice_both
INFO-FLOW: To file: write model overlay_core_regslice_both
INFO-FLOW: To file: write model overlay_core_regslice_both
INFO-FLOW: To file: write model overlay_core_regslice_both
INFO-FLOW: To file: write model overlay_core_regslice_both
INFO-FLOW: To file: write model overlay_core_regslice_both
INFO-FLOW: To file: write model overlay_core_regslice_both
INFO-FLOW: To file: write model overlay_core_regslice_both
INFO-FLOW: To file: write model overlay_core_regslice_both
INFO-FLOW: To file: write model overlay_core_regslice_both
INFO-FLOW: To file: write model overlay_core_regslice_both
INFO-FLOW: To file: write model overlay_core
INFO-FLOW: Generating C:/Users/ratul/ES4F3/ES4F3/hls_overlay/hls_overlay_prj/solution1/.autopilot/db/autopilot.rtl.models.tcl file...
INFO-FLOW: Finished generating RTL model list.


INFO-FLOW: RTL Generation done.
INFO-FLOW: CAS Generation done.
INFO-FLOW: CBC Generation done.
INFO-FLOW: DBG:PROC: ::AESL_AUTOMG::auto_generate_csynth_design
INFO-FLOW: DBG:PUTS: read_platform_lib C:/Users/ratul/ES4F3/ES4F3/hls_overlay/hls_overlay_prj/solution1/.autopilot/db/global.setting.tcl
Execute       source C:/Xilinx/Vitis_HLS/2024.1/common/technology/generic/autopilot/common.gen 
Execute         source C:/Xilinx/Vitis_HLS/2024.1/common/technology/generic/autopilot/APCoreGen.gen 
Execute       source C:/Xilinx/Vitis_HLS/2024.1/common/technology/generic/autopilot/op.gen 
Execute       source C:/Xilinx/Vitis_HLS/2024.1/common/technology/generic/autopilot/op_simcore.gen 
Execute       source C:/Xilinx/Vitis_HLS/2024.1/common/technology/generic/autopilot/interface.gen 
Execute       source C:/Users/ratul/ES4F3/ES4F3/hls_overlay/hls_overlay_prj/solution1/.autopilot/db/global.setting.tcl 
Execute       source C:/Xilinx/Vitis_HLS/2024.1/common/technology/xilinx/common/xilinx.gen 
Execute         source C:/Xilinx/Vitis_HLS/2024.1/common/technology/xilinx/interface/plb46.gen 
Execute         source C:/Xilinx/Vitis_HLS/2024.1/common/technology/xilinx/interface/axi4.gen 
Execute         source C:/Xilinx/Vitis_HLS/2024.1/common/technology/xilinx/interface/nativeAXI4.gen 
Execute           source C:/Xilinx/Vitis_HLS/2024.1/common/technology/xilinx/interface/saxilite.gen 
Execute         source C:/Xilinx/Vitis_HLS/2024.1/common/technology/xilinx/scripts/xilinxcoregen.gen 
Execute         source C:/Xilinx/Vitis_HLS/2024.1/common/technology/xilinx/interface/XilEDKCoreGen.gen 
Execute         source C:/Xilinx/Vitis_HLS/2024.1/common/technology/xilinx/ip/dds_compiler.gen 
Execute         source C:/Xilinx/Vitis_HLS/2024.1/common/technology/xilinx/ip/util.gen 
Execute         source C:/Xilinx/Vitis_HLS/2024.1/common/technology/xilinx/ip/xfft.gen 
Command         ap_source done; 0.123 sec.
Execute         source C:/Xilinx/Vitis_HLS/2024.1/common/technology/xilinx/ip/xfir.gen 
Execute         source C:/Xilinx/Vitis_HLS/2024.1/common/technology/xilinx/DSP48/dsp48.gen 
Command       ap_source done; 0.174 sec.
INFO-FLOW: DBG:PUTS:   using AESL_AUTOCG::g_clock_period=6.667 (was NA)
INFO-FLOW: DBG:PROC: ::AESL_AUTOMG::generate_ip_cores gen_sim_model='1' gen_fp_models='0' gen_for_export='0' dstSCDir='' dstVhdlDir='C:/Users/ratul/ES4F3/ES4F3/hls_overlay/hls_overlay_prj/solution1/.autopilot/db/vhdl' dstVlogDir='C:/Users/ratul/ES4F3/ES4F3/hls_overlay/hls_overlay_prj/solution1/.autopilot/db/vlog' tclDir='C:/Users/ratul/ES4F3/ES4F3/hls_overlay/hls_overlay_prj/solution1/.autopilot/db' modelList='overlay_core_CTRL_s_axi
overlay_core_regslice_both
overlay_core_regslice_both
overlay_core_regslice_both
overlay_core_regslice_both
overlay_core_regslice_both
overlay_core_regslice_both
overlay_core_regslice_both
overlay_core_regslice_both
overlay_core_regslice_both
overlay_core_regslice_both
overlay_core_regslice_both
overlay_core_regslice_both
overlay_core_regslice_both
overlay_core_regslice_both
overlay_core
' expOnly='0'
Execute       source C:/Users/ratul/ES4F3/ES4F3/hls_overlay/hls_overlay_prj/solution1/.autopilot/db/global.setting.tcl 
Execute       ap_part_info -name xc7z020-clg400-1 -data names -quiet 
Execute       ap_part_info -name xc7z020-clg400-1 -data info -quiet 
Execute       source C:/Users/ratul/ES4F3/ES4F3/hls_overlay/hls_overlay_prj/solution1/.autopilot/db/global.setting.tcl 
Execute       source C:/Users/ratul/ES4F3/ES4F3/hls_overlay/hls_overlay_prj/solution1/.autopilot/db/global.setting.tcl 
Execute       source C:/Users/ratul/ES4F3/ES4F3/hls_overlay/hls_overlay_prj/solution1/.autopilot/db/overlay_core.compgen.tcl 
Execute         source ./CTRL.slave.tcl 
INFO: [HLS 200-111] Finished Generating all RTL models: CPU user time: 1 seconds. CPU system time: 1 seconds. Elapsed time: 0.868 seconds; current allocated memory: 176.516 MB.
INFO-FLOW: DBG:PROC: ::HLSREPORTS::create_csynth_xml bind_info_var='bind_info' RtlSubPrefix='overlay_core_' outfile=''
INFO-FLOW: Running: create_csynth_xml read xml data
INFO-FLOW: Done: create_csynth_xml read xml data time: 0 seconds per iteration
INFO-FLOW: Running: create_csynth_xml bind info
INFO-FLOW: Done: create_csynth_xml bind info time: 0 seconds per iteration
INFO-FLOW: Running: create_csynth_xml config info
INFO-FLOW: Done: create_csynth_xml config info time: 0.6 seconds per iteration
INFO-FLOW: Running: create_csynth_xml write xml
INFO-FLOW: Done: create_csynth_xml write xml time: 0 seconds per iteration
INFO-FLOW: DBG:PUTS:      create_csynth_xml wrote csynth_xml=C:/Users/ratul/ES4F3/ES4F3/hls_overlay/hls_overlay_prj/solution1/syn/report/csynth.xml
INFO-FLOW: DBG:PROC: ::AP::DESIGN_DATA::generate_json generate_bd_files='0' generate_xo_files='0' modelList='overlay_core_CTRL_s_axi
overlay_core_regslice_both
overlay_core_regslice_both
overlay_core_regslice_both
overlay_core_regslice_both
overlay_core_regslice_both
overlay_core_regslice_both
overlay_core_regslice_both
overlay_core_regslice_both
overlay_core_regslice_both
overlay_core_regslice_both
overlay_core_regslice_both
overlay_core_regslice_both
overlay_core_regslice_both
overlay_core_regslice_both
overlay_core
' rtl_lang='both' bootstrap_tcl='false' outdir='' outfilename=''
Execute       source C:/Users/ratul/ES4F3/ES4F3/hls_overlay/hls_overlay_prj/solution1/.autopilot/db/global.setting.tcl 
Execute       source C:/Users/ratul/ES4F3/ES4F3/hls_overlay/hls_overlay_prj/solution1/.autopilot/db/global.setting.tcl 
Execute       source C:/Users/ratul/ES4F3/ES4F3/hls_overlay/hls_overlay_prj/solution1/.autopilot/db/top-io-be.tcl 
Execute       source C:/Users/ratul/ES4F3/ES4F3/hls_overlay/hls_overlay_prj/solution1/.autopilot/db/overlay_core.tbgen.tcl 
Execute       source C:/Users/ratul/ES4F3/ES4F3/hls_overlay/hls_overlay_prj/solution1/.autopilot/db/overlay_core.compgen.dataonly.tcl 
Execute       source C:/Users/ratul/ES4F3/ES4F3/hls_overlay/hls_overlay_prj/solution1/.autopilot/db/overlay_core.compgen.dataonly.tcl 
Execute       source C:/Users/ratul/ES4F3/ES4F3/hls_overlay/hls_overlay_prj/solution1/.autopilot/db/overlay_core.rtl_wrap.cfg.tcl 
Execute       source C:/Users/ratul/ES4F3/ES4F3/hls_overlay/hls_overlay_prj/solution1/.autopilot/db/overlay_core.compgen.dataonly.tcl 
Execute       source C:/Users/ratul/ES4F3/ES4F3/hls_overlay/hls_overlay_prj/solution1/.autopilot/db/overlay_core.tbgen.tcl 
Execute       source C:/Users/ratul/ES4F3/ES4F3/hls_overlay/hls_overlay_prj/solution1/.autopilot/db/global.setting.tcl 
Execute       ap_part_info -name xc7z020-clg400-1 -data names -quiet 
Execute       ap_part_info -name xc7z020-clg400-1 -data info -quiet 
Execute       source C:/Users/ratul/ES4F3/ES4F3/hls_overlay/hls_overlay_prj/solution1/.autopilot/db/overlay_core.constraint.tcl 
Execute       sc_get_clocks overlay_core 
Execute       source C:/Users/ratul/ES4F3/ES4F3/hls_overlay/hls_overlay_prj/solution1/.autopilot/db/global.setting.tcl 
INFO-FLOW: DBG:PROC: ::HLSREPORTS::add_csynth_report_sections bind_info_dict='adapter_nodes {{BINDTYPE adapter ID {} IMPL {} LATENCY {} OPTYPE {} PRAGMA {} RTLNAME CTRL_s_axi_U SOURCE {} VARIABLE {} LOOP {} BUNDLEDNAME CTRL DSP 0 BRAM 0 URAM 0 STORAGESUBTYPE s_axilite STORAGESIZE {} STORAGEUSAGE interface DISPNAME {bind_adapter }}} cache_nodes {} report_dict {TOPINST overlay_core MODULE2INSTS {overlay_core overlay_core} INST2MODULE {overlay_core overlay_core} INSTDATA {overlay_core {DEPTH 1 CHILDREN {}}} MODULEDATA {overlay_core {BINDINFO {{BINDTYPE op ID {} IMPL auto LATENCY 0 OPTYPE setlt PRAGMA {} RTLNAME icmp_ln42_fu_217_p2 SOURCE overlay_core.cpp:42 VARIABLE icmp_ln42 LOOP VITIS_LOOP_28_1 BUNDLEDNAME {} DSP 0 BRAM 0 URAM 0 STORAGESUBTYPE {} DISPNAME {bind_op setlt} VISIBLE false} {BINDTYPE op ID {} IMPL auto LATENCY 0 OPTYPE setlt PRAGMA {} RTLNAME icmp_ln42_1_fu_223_p2 SOURCE overlay_core.cpp:42 VARIABLE icmp_ln42_1 LOOP VITIS_LOOP_28_1 BUNDLEDNAME {} DSP 0 BRAM 0 URAM 0 STORAGESUBTYPE {} DISPNAME {bind_op setlt} VISIBLE false} {BINDTYPE op ID {} IMPL auto LATENCY 0 OPTYPE and PRAGMA {} RTLNAME and_ln42_1_fu_229_p2 SOURCE overlay_core.cpp:42 VARIABLE and_ln42_1 LOOP VITIS_LOOP_28_1 BUNDLEDNAME {} DSP 0 BRAM 0 URAM 0 STORAGESUBTYPE {} DISPNAME {bind_op and} VISIBLE false} {BINDTYPE op ID {} IMPL auto LATENCY 0 OPTYPE or PRAGMA {} RTLNAME or_ln42_fu_235_p2 SOURCE overlay_core.cpp:42 VARIABLE or_ln42 LOOP VITIS_LOOP_28_1 BUNDLEDNAME {} DSP 0 BRAM 0 URAM 0 STORAGESUBTYPE {} DISPNAME {bind_op or} VISIBLE false} {BINDTYPE op ID {} IMPL auto_sel LATENCY 0 OPTYPE select PRAGMA {} RTLNAME pixel_out_data_2_fu_240_p3 SOURCE overlay_core.cpp:42 VARIABLE pixel_out_data_2 LOOP VITIS_LOOP_28_1 BUNDLEDNAME {} DSP 0 BRAM 0 URAM 0 STORAGESUBTYPE {} DISPNAME {bind_op select} VISIBLE false} {BINDTYPE op ID {} IMPL fabric LATENCY 0 OPTYPE add PRAGMA {} RTLNAME add_ln49_fu_253_p2 SOURCE overlay_core.cpp:49 VARIABLE add_ln49 LOOP VITIS_LOOP_28_1 BUNDLEDNAME {} DSP 0 BRAM 0 URAM 0 STORAGESUBTYPE {} DISPNAME {bind_op add} VISIBLE true} {BINDTYPE op ID {} IMPL auto_sel LATENCY 0 OPTYPE select PRAGMA {} RTLNAME select_ln33_fu_259_p3 SOURCE overlay_core.cpp:33 VARIABLE select_ln33 LOOP VITIS_LOOP_28_1 BUNDLEDNAME {} DSP 0 BRAM 0 URAM 0 STORAGESUBTYPE {} DISPNAME {bind_op select} VISIBLE false} {BINDTYPE op ID {} IMPL fabric LATENCY 0 OPTYPE add PRAGMA {} RTLNAME add_ln52_fu_266_p2 SOURCE overlay_core.cpp:52 VARIABLE add_ln52 LOOP VITIS_LOOP_28_1 BUNDLEDNAME {} DSP 0 BRAM 0 URAM 0 STORAGESUBTYPE {} DISPNAME {bind_op add} VISIBLE true} {BINDTYPE op ID {} IMPL auto_sel LATENCY 0 OPTYPE select PRAGMA {} RTLNAME select_ln50_2_fu_272_p3 SOURCE overlay_core.cpp:50 VARIABLE select_ln50_2 LOOP VITIS_LOOP_28_1 BUNDLEDNAME {} DSP 0 BRAM 0 URAM 0 STORAGESUBTYPE {} DISPNAME {bind_op select} VISIBLE false} {BINDTYPE op ID {} IMPL auto LATENCY 0 OPTYPE or PRAGMA {} RTLNAME or_ln50_fu_279_p2 SOURCE overlay_core.cpp:50 VARIABLE or_ln50 LOOP VITIS_LOOP_28_1 BUNDLEDNAME {} DSP 0 BRAM 0 URAM 0 STORAGESUBTYPE {} DISPNAME {bind_op or} VISIBLE false} {BINDTYPE op ID {} IMPL auto_sel LATENCY 0 OPTYPE select PRAGMA {} RTLNAME select_ln50_fu_283_p3 SOURCE overlay_core.cpp:50 VARIABLE select_ln50 LOOP VITIS_LOOP_28_1 BUNDLEDNAME {} DSP 0 BRAM 0 URAM 0 STORAGESUBTYPE {} DISPNAME {bind_op select} VISIBLE false} {BINDTYPE op ID {} IMPL auto_sel LATENCY 0 OPTYPE select PRAGMA {} RTLNAME select_ln50_1_fu_291_p3 SOURCE overlay_core.cpp:50 VARIABLE select_ln50_1 LOOP VITIS_LOOP_28_1 BUNDLEDNAME {} DSP 0 BRAM 0 URAM 0 STORAGESUBTYPE {} DISPNAME {bind_op select} VISIBLE false}} AREA {DSP 0 BRAM 0 URAM 0}}}}'
INFO-FLOW: DBG:PUTS:      update_csynth_reports json2rpt_hw_sw_interfaces
INFO-FLOW: Running: gen_csynth_sec_pragma
INFO-FLOW: Done: gen_csynth_sec_pragma time: 0 seconds per iteration
INFO-FLOW: DBG:PUTS:      update_csynth_reports wrote xml
INFO-FLOW: DBG:PUTS:      update_csynth_reports appended to csynth rpt file
INFO: [HLS 200-111] Finished Updating report files: CPU user time: 0 seconds. CPU system time: 0 seconds. Elapsed time: 1.33 seconds; current allocated memory: 179.391 MB.
INFO: [VHDL 208-304] Generating VHDL RTL for overlay_core.
INFO: [VLOG 209-307] Generating Verilog RTL for overlay_core.
Execute       syn_report -model overlay_core -printsummary 
INFO: [HLS 200-790] **** Loop Constraint Status: All loop constraints were satisfied.
INFO: [HLS 200-789] **** Estimated Fmax: 189.57 MHz
Command     autosyn done; 3.53 sec.
Command   csynth_design done; 24.419 sec.
INFO: [HLS 200-2161] Finished Command csynth_design Elapsed time: 00:00:24; Allocated memory: 40.645 MB.
Execute   export_design -format ip_catalog -display_name Easter Egg Overlay -description AXI-Stream video overlay with configurable text display -vendor user.org -library user -version 1.0 -taxonomy /Video_Processing 
INFO: [HLS 200-1510] Running: export_design -format ip_catalog -display_name Easter Egg Overlay -description AXI-Stream video overlay with configurable text display -vendor user.org -library user -version 1.0 -taxonomy /Video_Processing 
Execute     config_export -description AXI-Stream video overlay with configurable text display -display_name Easter Egg Overlay -format=ip_catalog -library=user -taxonomy=/Video_Processing -vendor=user.org -version=1.0 
INFO-FLOW: DBG:PUTS: export_design_wrap: -format ip_catalog -rtl verilog -vendor user.org -library user -version 1.0 -description {AXI-Stream video overlay with configurable text display} -display_name {Easter Egg Overlay} -taxonomy /Video_Processing
Execute     source C:/Users/ratul/ES4F3/ES4F3/hls_overlay/hls_overlay_prj/solution1/.autopilot/db/global.setting.tcl 
INFO-FLOW: DBG:PUTS:   auto_impl: pack: -export -rtl verilog
INFO-FLOW: DBG:PROC: ::AESL_AUTOIMPL::auto_impl args='-export -rtl verilog'
Execute     source C:/Users/ratul/ES4F3/ES4F3/hls_overlay/hls_overlay_prj/solution1/.autopilot/db/global.setting.tcl 
INFO: [IMPL 213-8] Exporting RTL as a Vivado IP.
INFO-FLOW: DBG:PUTS: automg_wrap -export -pcore_version 1.00.a -rtl vlog -tool Vivado -impltomg_flag
INFO-FLOW: DBG:PROC: ::AESL_AUTOMG::auto_generate args='-export -pcore_version 1.00.a -rtl vlog -tool Vivado -impltomg_flag'
INFO-FLOW: DBG:PUTS:     auto_generate -export -pcore_version 1.00.a -rtl vlog -tool Vivado -impltomg_flag
Execute     source C:/Users/ratul/ES4F3/ES4F3/hls_overlay/hls_overlay_prj/solution1/.autopilot/db/global.setting.tcl 
INFO-FLOW: DBG:PUTS: read_platform_lib C:/Users/ratul/ES4F3/ES4F3/hls_overlay/hls_overlay_prj/solution1/.autopilot/db/global.setting.tcl
Execute     source C:/Xilinx/Vitis_HLS/2024.1/common/technology/generic/autopilot/common.gen 
Execute       source C:/Xilinx/Vitis_HLS/2024.1/common/technology/generic/autopilot/APCoreGen.gen 
Execute     source C:/Xilinx/Vitis_HLS/2024.1/common/technology/generic/autopilot/op.gen 
Execute     source C:/Xilinx/Vitis_HLS/2024.1/common/technology/generic/autopilot/op_simcore.gen 
Execute     source C:/Xilinx/Vitis_HLS/2024.1/common/technology/generic/autopilot/interface.gen 
Execute     source C:/Users/ratul/ES4F3/ES4F3/hls_overlay/hls_overlay_prj/solution1/.autopilot/db/global.setting.tcl 
Execute     source C:/Xilinx/Vitis_HLS/2024.1/common/technology/xilinx/common/xilinx.gen 
Execute       source C:/Xilinx/Vitis_HLS/2024.1/common/technology/xilinx/interface/plb46.gen 
Execute       source C:/Xilinx/Vitis_HLS/2024.1/common/technology/xilinx/interface/axi4.gen 
Execute       source C:/Xilinx/Vitis_HLS/2024.1/common/technology/xilinx/interface/nativeAXI4.gen 
Execute         source C:/Xilinx/Vitis_HLS/2024.1/common/technology/xilinx/interface/saxilite.gen 
Execute       source C:/Xilinx/Vitis_HLS/2024.1/common/technology/xilinx/scripts/xilinxcoregen.gen 
Execute       source C:/Xilinx/Vitis_HLS/2024.1/common/technology/xilinx/interface/XilEDKCoreGen.gen 
Execute       source C:/Xilinx/Vitis_HLS/2024.1/common/technology/xilinx/ip/dds_compiler.gen 
Execute       source C:/Xilinx/Vitis_HLS/2024.1/common/technology/xilinx/ip/util.gen 
Execute       source C:/Xilinx/Vitis_HLS/2024.1/common/technology/xilinx/ip/xfft.gen 
Command       ap_source done; 0.115 sec.
Execute       source C:/Xilinx/Vitis_HLS/2024.1/common/technology/xilinx/ip/xfir.gen 
Execute       source C:/Xilinx/Vitis_HLS/2024.1/common/technology/xilinx/DSP48/dsp48.gen 
Command     ap_source done; 0.156 sec.
INFO-FLOW: DBG:PUTS:       initCTypeInfo top_module=overlay_core xml_exists=0
Execute     source C:/Users/ratul/ES4F3/ES4F3/hls_overlay/hls_overlay_prj/solution1/.autopilot/db/overlay_core.rtl_wrap.cfg.tcl 
Execute     source C:/Users/ratul/ES4F3/ES4F3/hls_overlay/hls_overlay_prj/solution1/.autopilot/db/overlay_core.rtl_wrap.cfg.tcl 
Execute     source C:/Users/ratul/ES4F3/ES4F3/hls_overlay/hls_overlay_prj/solution1/.autopilot/db/overlay_core.rtl_wrap.cfg.tcl 
Execute     source C:/Users/ratul/ES4F3/ES4F3/hls_overlay/hls_overlay_prj/solution1/.autopilot/db/overlay_core.tbgen.tcl 
Execute     source C:/Users/ratul/ES4F3/ES4F3/hls_overlay/hls_overlay_prj/solution1/.autopilot/db/overlay_core.tbgen.tcl 
Execute     source C:/Users/ratul/ES4F3/ES4F3/hls_overlay/hls_overlay_prj/solution1/.autopilot/db/overlay_core.tbgen.tcl 
Execute     source C:/Users/ratul/ES4F3/ES4F3/hls_overlay/hls_overlay_prj/solution1/.autopilot/db/global.setting.tcl 
Execute     source C:/Users/ratul/ES4F3/ES4F3/hls_overlay/hls_overlay_prj/solution1/.autopilot/db/overlay_core.tbgen.tcl 
INFO-FLOW: DBG:PUTS:       cosim_export_main adding deadlock detection to overlay_core
INFO-FLOW: DBG:PUTS:       generate_datafile_ip_script ip_types={vitis sysgen} #gSsdmPorts=0
INFO-FLOW: DBG:PUTS: Skipping loadAnalyze_DB, #g_database=19
INFO-FLOW: DBG:PUTS:       generate_json generate_bd_files=0 generate_xo_files=false #modelList=16 #gSsdmPorts=0
INFO-FLOW: DBG:PROC: ::AP::DESIGN_DATA::generate_json generate_bd_files='0' generate_xo_files='false' modelList='overlay_core_CTRL_s_axi
overlay_core_regslice_both
overlay_core_regslice_both
overlay_core_regslice_both
overlay_core_regslice_both
overlay_core_regslice_both
overlay_core_regslice_both
overlay_core_regslice_both
overlay_core_regslice_both
overlay_core_regslice_both
overlay_core_regslice_both
overlay_core_regslice_both
overlay_core_regslice_both
overlay_core_regslice_both
overlay_core_regslice_both
overlay_core
' rtl_lang='vlog' bootstrap_tcl='false' outdir='' outfilename=''
Execute     source C:/Users/ratul/ES4F3/ES4F3/hls_overlay/hls_overlay_prj/solution1/.autopilot/db/global.setting.tcl 
Execute     source C:/Users/ratul/ES4F3/ES4F3/hls_overlay/hls_overlay_prj/solution1/.autopilot/db/global.setting.tcl 
Execute     source C:/Users/ratul/ES4F3/ES4F3/hls_overlay/hls_overlay_prj/solution1/.autopilot/db/top-io-be.tcl 
Execute     source C:/Users/ratul/ES4F3/ES4F3/hls_overlay/hls_overlay_prj/solution1/.autopilot/db/overlay_core.tbgen.tcl 
Execute     source C:/Users/ratul/ES4F3/ES4F3/hls_overlay/hls_overlay_prj/solution1/.autopilot/db/overlay_core.compgen.dataonly.tcl 
Execute     source C:/Users/ratul/ES4F3/ES4F3/hls_overlay/hls_overlay_prj/solution1/.autopilot/db/overlay_core.compgen.dataonly.tcl 
Execute     source C:/Users/ratul/ES4F3/ES4F3/hls_overlay/hls_overlay_prj/solution1/.autopilot/db/overlay_core.rtl_wrap.cfg.tcl 
Execute     source C:/Users/ratul/ES4F3/ES4F3/hls_overlay/hls_overlay_prj/solution1/.autopilot/db/overlay_core.compgen.dataonly.tcl 
Execute     source C:/Users/ratul/ES4F3/ES4F3/hls_overlay/hls_overlay_prj/solution1/.autopilot/db/overlay_core.tbgen.tcl 
Execute     source C:/Users/ratul/ES4F3/ES4F3/hls_overlay/hls_overlay_prj/solution1/.autopilot/db/global.setting.tcl 
Execute     ap_part_info -name xc7z020-clg400-1 -data names -quiet 
Execute     ap_part_info -name xc7z020-clg400-1 -data info -quiet 
Execute     source C:/Users/ratul/ES4F3/ES4F3/hls_overlay/hls_overlay_prj/solution1/.autopilot/db/overlay_core.constraint.tcl 
Execute     sc_get_clocks overlay_core 
Execute     source C:/Users/ratul/ES4F3/ES4F3/hls_overlay/hls_overlay_prj/solution1/.autopilot/db/global.setting.tcl 
INFO-FLOW: DBG:PUTS:       generate_syn_sh
Execute     ap_part_info -name xc7z020-clg400-1 -data names -quiet 
Execute     ap_part_info -name xc7z020-clg400-1 -data info -quiet 
Execute     source C:/Users/ratul/ES4F3/ES4F3/hls_overlay/hls_overlay_prj/solution1/.autopilot/db/global.setting.tcl 
INFO-FLOW: DBG:PUTS:       generate_imp_constraints
Execute     ap_part_info -name xc7z020-clg400-1 -data names -quiet 
Execute     ap_part_info -name xc7z020-clg400-1 -data info -quiet 
Execute     source C:/Users/ratul/ES4F3/ES4F3/hls_overlay/hls_overlay_prj/solution1/.autopilot/db/overlay_core.constraint.tcl 
Execute     source C:/Users/ratul/ES4F3/ES4F3/hls_overlay/hls_overlay_prj/solution1/.autopilot/db/overlay_core.tbgen.tcl 
INFO-FLOW: DBG:PUTS:       delete-temp-dirs (skipped for debug)
Execute     ap_part_info -name xc7z020-clg400-1 -data names -quiet 
Execute     ap_part_info -name xc7z020-clg400-1 -data info -quiet 
INFO-FLOW: DBG:PUTS: read_platform_lib C:/Users/ratul/ES4F3/ES4F3/hls_overlay/hls_overlay_prj/solution1/.autopilot/db/global.setting.tcl
Execute     source C:/Xilinx/Vitis_HLS/2024.1/common/technology/generic/autopilot/common.gen 
Execute       source C:/Xilinx/Vitis_HLS/2024.1/common/technology/generic/autopilot/APCoreGen.gen 
Execute     source C:/Xilinx/Vitis_HLS/2024.1/common/technology/generic/autopilot/op.gen 
Execute     source C:/Xilinx/Vitis_HLS/2024.1/common/technology/generic/autopilot/op_simcore.gen 
Execute     source C:/Xilinx/Vitis_HLS/2024.1/common/technology/generic/autopilot/interface.gen 
Execute     source C:/Users/ratul/ES4F3/ES4F3/hls_overlay/hls_overlay_prj/solution1/.autopilot/db/global.setting.tcl 
Execute     source C:/Xilinx/Vitis_HLS/2024.1/common/technology/xilinx/common/xilinx.gen 
Execute       source C:/Xilinx/Vitis_HLS/2024.1/common/technology/xilinx/interface/plb46.gen 
Execute       source C:/Xilinx/Vitis_HLS/2024.1/common/technology/xilinx/interface/axi4.gen 
Execute       source C:/Xilinx/Vitis_HLS/2024.1/common/technology/xilinx/interface/nativeAXI4.gen 
Execute         source C:/Xilinx/Vitis_HLS/2024.1/common/technology/xilinx/interface/saxilite.gen 
Execute       source C:/Xilinx/Vitis_HLS/2024.1/common/technology/xilinx/scripts/xilinxcoregen.gen 
Execute       source C:/Xilinx/Vitis_HLS/2024.1/common/technology/xilinx/interface/XilEDKCoreGen.gen 
Execute       source C:/Xilinx/Vitis_HLS/2024.1/common/technology/xilinx/ip/dds_compiler.gen 
Execute       source C:/Xilinx/Vitis_HLS/2024.1/common/technology/xilinx/ip/util.gen 
Execute       source C:/Xilinx/Vitis_HLS/2024.1/common/technology/xilinx/ip/xfft.gen 
Command       ap_source done; 0.117 sec.
Execute       source C:/Xilinx/Vitis_HLS/2024.1/common/technology/xilinx/ip/xfir.gen 
Execute       source C:/Xilinx/Vitis_HLS/2024.1/common/technology/xilinx/DSP48/dsp48.gen 
Command     ap_source done; 0.151 sec.
INFO-FLOW: DBG:PUTS:     IP package: exec C:/Users/ratul/ES4F3/ES4F3/hls_overlay/hls_overlay_prj/solution1/impl/ip/pack.bat
INFO-FLOW: DBG:PUTS:     IP package: success C:/Users/ratul/ES4F3/ES4F3/hls_overlay/hls_overlay_prj/solution1/impl/ip/pack.bat
Execute     send_msg_by_id INFO @200-802@%s hls_overlay_prj/solution1/impl/export.zip 
INFO: [HLS 200-802] Generated output file hls_overlay_prj/solution1/impl/export.zip
Command   export_design done; 32.807 sec.
INFO: [HLS 200-2161] Finished Command export_design Elapsed time: 00:00:32; Allocated memory: 3.766 MB.
Execute   cleanup_all 
