

================================================================
== Vitis HLS Report for 'overlay_core'
================================================================
* Date:           Mon Apr 27 15:52:20 2026

* Version:        2024.1 (Build 5069499 on May 21 2024)
* Project:        hls_overlay_prj
* Solution:       solution1 (Vivado IP Flow Target)
* Product family: zynq
* Target device:  xc7z020-clg400-1


================================================================
== Performance Estimates
================================================================
+ Timing: 
    * Summary: 
    +--------+---------+----------+------------+
    |  Clock |  Target | Estimated| Uncertainty|
    +--------+---------+----------+------------+
    |ap_clk  |  6.67 ns|  6.547 ns|     1.80 ns|
    +--------+---------+----------+------------+

+ Latency: 
    * Summary: 
    +---------+------------+-----------+------------+-----+------------+---------+
    |   Latency (cycles)   |   Latency (absolute)   |     Interval     | Pipeline|
    |   min   |     max    |    min    |     max    | min |     max    |   Type  |
    +---------+------------+-----------+------------+-----+------------+---------+
    |        6|  4294836234|  40.002 ns|  28.634 sec|    7|  4294836235|       no|
    +---------+------------+-----------+------------+-----+------------+---------+

    + Detail: 
        * Instance: 
        N/A

        * Loop: 
        N/A

============================================================
+ Verbose Summary: Synthesis Manager
============================================================
InlineROM: 1
ExposeGlobal: 0
============================================================
+ Verbose Summary: CDFG Model
============================================================
IsTopModel: 1
ResetActiveHigh: 1
IsCombinational: 0
IsDatapathOnly: 0
HasWiredReturn: 1
HasMFsm: 0
HasVarLatency: 1
IsPipeline: 0
IsRtlPipelined: 0
IsInstanceOverlapped: 0
IsDontTouch: 0
HasImplIP: 0
IsGatedGlobalClock: 0


============================================================
+ Verbose Summary: Schedule
============================================================
* Number of FSM states : 5
* Pipeline : 0
* Dataflow Pipeline: 0

* FSM state transitions: 
1 --> 2 
2 --> 3 
3 --> 4 
4 --> 5 
5 --> 

* FSM state operations: 

State 1 <SV = 0> <Delay = 4.34>
ST_1 : Operation 6 [1/1] (1.00ns)   --->   "%width_read = read i16 @_ssdm_op_Read.s_axilite.i16, i16 %width" [overlay_core.cpp:77]   --->   Operation 6 'read' 'width_read' <Predicate = true> <Delay = 1.00> <CoreInst = "s_axilite">   --->   Core 112 's_axilite' <Latency = 0> <II = 1> <Delay = 1.00> <Adapter> <Opcode : 'read' 'write'>
ST_1 : Operation 7 [1/1] (1.00ns)   --->   "%height_read = read i16 @_ssdm_op_Read.s_axilite.i16, i16 %height" [overlay_core.cpp:77]   --->   Operation 7 'read' 'height_read' <Predicate = true> <Delay = 1.00> <CoreInst = "s_axilite">   --->   Core 112 's_axilite' <Latency = 0> <II = 1> <Delay = 1.00> <Adapter> <Opcode : 'read' 'write'>
ST_1 : Operation 8 [1/1] (1.00ns)   --->   "%y_pos_read = read i16 @_ssdm_op_Read.s_axilite.i16, i16 %y_pos" [overlay_core.cpp:77]   --->   Operation 8 'read' 'y_pos_read' <Predicate = true> <Delay = 1.00> <CoreInst = "s_axilite">   --->   Core 112 's_axilite' <Latency = 0> <II = 1> <Delay = 1.00> <Adapter> <Opcode : 'read' 'write'>
ST_1 : Operation 9 [1/1] (1.00ns)   --->   "%x_pos_read = read i16 @_ssdm_op_Read.s_axilite.i16, i16 %x_pos" [overlay_core.cpp:77]   --->   Operation 9 'read' 'x_pos_read' <Predicate = true> <Delay = 1.00> <CoreInst = "s_axilite">   --->   Core 112 's_axilite' <Latency = 0> <II = 1> <Delay = 1.00> <Adapter> <Opcode : 'read' 'write'>
ST_1 : Operation 10 [1/1] (1.00ns)   --->   "%enable_read = read i1 @_ssdm_op_Read.s_axilite.i1, i1 %enable" [overlay_core.cpp:77]   --->   Operation 10 'read' 'enable_read' <Predicate = true> <Delay = 1.00> <CoreInst = "s_axilite">   --->   Core 112 's_axilite' <Latency = 0> <II = 1> <Delay = 1.00> <Adapter> <Opcode : 'read' 'write'>
ST_1 : Operation 11 [1/1] (0.00ns)   --->   "%zext_ln74 = zext i16 %height_read" [overlay_core.cpp:74]   --->   Operation 11 'zext' 'zext_ln74' <Predicate = true> <Delay = 0.00>
ST_1 : Operation 12 [1/1] (0.00ns)   --->   "%zext_ln74_1 = zext i16 %width_read" [overlay_core.cpp:74]   --->   Operation 12 'zext' 'zext_ln74_1' <Predicate = true> <Delay = 0.00>
ST_1 : Operation 13 [2/2] (3.34ns)   --->   "%mul_ln74 = mul i32 %zext_ln74, i32 %zext_ln74_1" [overlay_core.cpp:74]   --->   Operation 13 'mul' 'mul_ln74' <Predicate = true> <Delay = 3.34> <CoreInst = "Multiplier">   --->   Core 3 'Multiplier' <Latency = 1> <II = 1> <Delay = 3.34> <FuncUnit> <Opcode : 'mul'> <InPorts = 2> <OutPorts = 1>

State 2 <SV = 1> <Delay = 3.34>
ST_2 : Operation 14 [1/1] (0.00ns)   --->   "%y_pos_cast = zext i16 %y_pos_read" [overlay_core.cpp:77]   --->   Operation 14 'zext' 'y_pos_cast' <Predicate = true> <Delay = 0.00>
ST_2 : Operation 15 [1/1] (2.07ns)   --->   "%add_i_i564 = add i17 %y_pos_cast, i17 20" [overlay_core.cpp:77]   --->   Operation 15 'add' 'add_i_i564' <Predicate = true> <Delay = 2.07> <CoreInst = "Adder">   --->   Core 1 'Adder' <Latency = 0> <II = 1> <Delay = 2.07> <FuncUnit> <Opcode : 'add' 'sub'> <InPorts = 2> <OutPorts = 1>
ST_2 : Operation 16 [1/1] (0.00ns)   --->   "%x_pos_cast = zext i16 %x_pos_read" [overlay_core.cpp:77]   --->   Operation 16 'zext' 'x_pos_cast' <Predicate = true> <Delay = 0.00>
ST_2 : Operation 17 [1/1] (2.07ns)   --->   "%add_i_i533 = add i17 %x_pos_cast, i17 200" [overlay_core.cpp:77]   --->   Operation 17 'add' 'add_i_i533' <Predicate = true> <Delay = 2.07> <CoreInst = "Adder">   --->   Core 1 'Adder' <Latency = 0> <II = 1> <Delay = 2.07> <FuncUnit> <Opcode : 'add' 'sub'> <InPorts = 2> <OutPorts = 1>
ST_2 : Operation 18 [1/1] (2.07ns)   --->   "%add_i_i486 = add i17 %y_pos_cast, i17 3" [overlay_core.cpp:77]   --->   Operation 18 'add' 'add_i_i486' <Predicate = true> <Delay = 2.07> <CoreInst = "Adder">   --->   Core 1 'Adder' <Latency = 0> <II = 1> <Delay = 2.07> <FuncUnit> <Opcode : 'add' 'sub'> <InPorts = 2> <OutPorts = 1>
ST_2 : Operation 19 [1/1] (2.07ns)   --->   "%add_i_i458 = add i17 %y_pos_cast, i17 10" [overlay_core.cpp:77]   --->   Operation 19 'add' 'add_i_i458' <Predicate = true> <Delay = 2.07> <CoreInst = "Adder">   --->   Core 1 'Adder' <Latency = 0> <II = 1> <Delay = 2.07> <FuncUnit> <Opcode : 'add' 'sub'> <InPorts = 2> <OutPorts = 1>
ST_2 : Operation 20 [1/1] (2.07ns)   --->   "%start_x = add i16 %x_pos_read, i16 5" [overlay_core.cpp:77]   --->   Operation 20 'add' 'start_x' <Predicate = true> <Delay = 2.07> <CoreInst = "Adder">   --->   Core 1 'Adder' <Latency = 0> <II = 1> <Delay = 2.07> <FuncUnit> <Opcode : 'add' 'sub'> <InPorts = 2> <OutPorts = 1>
ST_2 : Operation 21 [1/1] (2.07ns)   --->   "%add_i_i163 = add i17 %y_pos_cast, i17 11" [overlay_core.cpp:77]   --->   Operation 21 'add' 'add_i_i163' <Predicate = true> <Delay = 2.07> <CoreInst = "Adder">   --->   Core 1 'Adder' <Latency = 0> <II = 1> <Delay = 2.07> <FuncUnit> <Opcode : 'add' 'sub'> <InPorts = 2> <OutPorts = 1>
ST_2 : Operation 22 [1/1] (2.07ns)   --->   "%add_i_i135 = add i17 %y_pos_cast, i17 18" [overlay_core.cpp:77]   --->   Operation 22 'add' 'add_i_i135' <Predicate = true> <Delay = 2.07> <CoreInst = "Adder">   --->   Core 1 'Adder' <Latency = 0> <II = 1> <Delay = 2.07> <FuncUnit> <Opcode : 'add' 'sub'> <InPorts = 2> <OutPorts = 1>
ST_2 : Operation 23 [1/1] (2.07ns)   --->   "%char_x = add i16 %x_pos_read, i16 11" [overlay_core.cpp:77]   --->   Operation 23 'add' 'char_x' <Predicate = true> <Delay = 2.07> <CoreInst = "Adder">   --->   Core 1 'Adder' <Latency = 0> <II = 1> <Delay = 2.07> <FuncUnit> <Opcode : 'add' 'sub'> <InPorts = 2> <OutPorts = 1>
ST_2 : Operation 24 [1/1] (2.07ns)   --->   "%char_x_2 = add i16 %x_pos_read, i16 17" [overlay_core.cpp:77]   --->   Operation 24 'add' 'char_x_2' <Predicate = true> <Delay = 2.07> <CoreInst = "Adder">   --->   Core 1 'Adder' <Latency = 0> <II = 1> <Delay = 2.07> <FuncUnit> <Opcode : 'add' 'sub'> <InPorts = 2> <OutPorts = 1>
ST_2 : Operation 25 [1/1] (2.07ns)   --->   "%y = sub i16 65533, i16 %y_pos_read" [overlay_core.cpp:77]   --->   Operation 25 'sub' 'y' <Predicate = true> <Delay = 2.07> <CoreInst = "Adder">   --->   Core 1 'Adder' <Latency = 0> <II = 1> <Delay = 2.07> <FuncUnit> <Opcode : 'add' 'sub'> <InPorts = 2> <OutPorts = 1>
ST_2 : Operation 26 [1/1] (2.07ns)   --->   "%y_1 = sub i16 65525, i16 %y_pos_read" [overlay_core.cpp:77]   --->   Operation 26 'sub' 'y_1' <Predicate = true> <Delay = 2.07> <CoreInst = "Adder">   --->   Core 1 'Adder' <Latency = 0> <II = 1> <Delay = 2.07> <FuncUnit> <Opcode : 'add' 'sub'> <InPorts = 2> <OutPorts = 1>
ST_2 : Operation 27 [1/2] (3.34ns)   --->   "%mul_ln74 = mul i32 %zext_ln74, i32 %zext_ln74_1" [overlay_core.cpp:74]   --->   Operation 27 'mul' 'mul_ln74' <Predicate = true> <Delay = 3.34> <CoreInst = "Multiplier">   --->   Core 3 'Multiplier' <Latency = 1> <II = 1> <Delay = 3.34> <FuncUnit> <Opcode : 'mul'> <InPorts = 2> <OutPorts = 1>
ST_2 : Operation 28 [1/1] (0.00ns)   --->   "%empty = wait i32 @_ssdm_op_Wait"   --->   Operation 28 'wait' 'empty' <Predicate = true> <Delay = 0.00>

State 3 <SV = 2> <Delay = 4.14>
ST_3 : Operation 29 [2/2] (4.14ns)   --->   "%call_ln74 = call void @overlay_core_Pipeline_LOOP_HEIGHT_LOOP_WIDTH, i32 %mul_ln74, i16 %width_read, i17 %add_i_i486, i17 %add_i_i458, i16 %y, i17 %add_i_i163, i17 %add_i_i135, i16 %y_1, i16 %y_pos_read, i17 %add_i_i564, i24 %stream_in_V_data_V, i3 %stream_in_V_keep_V, i3 %stream_in_V_strb_V, i1 %stream_in_V_user_V, i1 %stream_in_V_last_V, i1 %stream_in_V_id_V, i1 %stream_in_V_dest_V, i16 %x_pos_read, i17 %add_i_i533, i16 %start_x, i16 %char_x, i16 %char_x_2, i1 %enable_read, i24 %stream_out_V_data_V, i3 %stream_out_V_keep_V, i3 %stream_out_V_strb_V, i1 %stream_out_V_user_V, i1 %stream_out_V_last_V, i1 %stream_out_V_id_V, i1 %stream_out_V_dest_V, i7 %p_ZL8font_5x7_3_3, i7 %p_ZL8font_5x7_2_1, i7 %p_ZL8font_5x7_2_0, i7 %p_ZL8font_5x7_4_1, i7 %p_ZL8font_5x7_5_2, i6 %p_ZL8font_5x7_0_0, i2 %p_ZL8font_5x7_1_3" [overlay_core.cpp:74]   --->   Operation 29 'call' 'call_ln74' <Predicate = true> <Delay = 4.14> <CoreType = "Generic">   --->   Core 0 '' <Latency = 0> <II = 1> <Delay = 1.00> <Generic> <Opcode : >

State 4 <SV = 3> <Delay = 6.33>
ST_4 : Operation 30 [1/2] (6.33ns)   --->   "%call_ln74 = call void @overlay_core_Pipeline_LOOP_HEIGHT_LOOP_WIDTH, i32 %mul_ln74, i16 %width_read, i17 %add_i_i486, i17 %add_i_i458, i16 %y, i17 %add_i_i163, i17 %add_i_i135, i16 %y_1, i16 %y_pos_read, i17 %add_i_i564, i24 %stream_in_V_data_V, i3 %stream_in_V_keep_V, i3 %stream_in_V_strb_V, i1 %stream_in_V_user_V, i1 %stream_in_V_last_V, i1 %stream_in_V_id_V, i1 %stream_in_V_dest_V, i16 %x_pos_read, i17 %add_i_i533, i16 %start_x, i16 %char_x, i16 %char_x_2, i1 %enable_read, i24 %stream_out_V_data_V, i3 %stream_out_V_keep_V, i3 %stream_out_V_strb_V, i1 %stream_out_V_user_V, i1 %stream_out_V_last_V, i1 %stream_out_V_id_V, i1 %stream_out_V_dest_V, i7 %p_ZL8font_5x7_3_3, i7 %p_ZL8font_5x7_2_1, i7 %p_ZL8font_5x7_2_0, i7 %p_ZL8font_5x7_4_1, i7 %p_ZL8font_5x7_5_2, i6 %p_ZL8font_5x7_0_0, i2 %p_ZL8font_5x7_1_3" [overlay_core.cpp:74]   --->   Operation 30 'call' 'call_ln74' <Predicate = true> <Delay = 6.33> <CoreType = "Generic">   --->   Core 0 '' <Latency = 0> <II = 1> <Delay = 1.00> <Generic> <Opcode : >

State 5 <SV = 4> <Delay = 0.00>
ST_5 : Operation 31 [1/1] (0.00ns)   --->   "%spectopmodule_ln74 = spectopmodule void @_ssdm_op_SpecTopModule, void @empty_12" [overlay_core.cpp:74]   --->   Operation 31 'spectopmodule' 'spectopmodule_ln74' <Predicate = true> <Delay = 0.00>
ST_5 : Operation 32 [1/1] (0.00ns)   --->   "%specinterface_ln0 = specinterface void @_ssdm_op_SpecInterface, i24 %stream_in_V_data_V, i3 %stream_in_V_keep_V, i3 %stream_in_V_strb_V, i1 %stream_in_V_user_V, i1 %stream_in_V_last_V, i1 %stream_in_V_id_V, i1 %stream_in_V_dest_V, void @empty, i32 1, i32 1, void @empty_0, i32 0, i32 0, void @empty_1, void @empty_1, void @empty_1, i32 0, i32 0, i32 0, i32 0, void @empty_1, void @empty_1, i32 4294967295, i32 0, i32 0"   --->   Operation 32 'specinterface' 'specinterface_ln0' <Predicate = true> <Delay = 0.00>
ST_5 : Operation 33 [1/1] (0.00ns)   --->   "%specbitsmap_ln0 = specbitsmap void @_ssdm_op_SpecBitsMap, i24 %stream_in_V_data_V"   --->   Operation 33 'specbitsmap' 'specbitsmap_ln0' <Predicate = true> <Delay = 0.00>
ST_5 : Operation 34 [1/1] (0.00ns)   --->   "%specbitsmap_ln0 = specbitsmap void @_ssdm_op_SpecBitsMap, i3 %stream_in_V_keep_V"   --->   Operation 34 'specbitsmap' 'specbitsmap_ln0' <Predicate = true> <Delay = 0.00>
ST_5 : Operation 35 [1/1] (0.00ns)   --->   "%specbitsmap_ln0 = specbitsmap void @_ssdm_op_SpecBitsMap, i3 %stream_in_V_strb_V"   --->   Operation 35 'specbitsmap' 'specbitsmap_ln0' <Predicate = true> <Delay = 0.00>
ST_5 : Operation 36 [1/1] (0.00ns)   --->   "%specbitsmap_ln0 = specbitsmap void @_ssdm_op_SpecBitsMap, i1 %stream_in_V_user_V"   --->   Operation 36 'specbitsmap' 'specbitsmap_ln0' <Predicate = true> <Delay = 0.00>
ST_5 : Operation 37 [1/1] (0.00ns)   --->   "%specbitsmap_ln0 = specbitsmap void @_ssdm_op_SpecBitsMap, i1 %stream_in_V_last_V"   --->   Operation 37 'specbitsmap' 'specbitsmap_ln0' <Predicate = true> <Delay = 0.00>
ST_5 : Operation 38 [1/1] (0.00ns)   --->   "%specbitsmap_ln0 = specbitsmap void @_ssdm_op_SpecBitsMap, i1 %stream_in_V_id_V"   --->   Operation 38 'specbitsmap' 'specbitsmap_ln0' <Predicate = true> <Delay = 0.00>
ST_5 : Operation 39 [1/1] (0.00ns)   --->   "%specbitsmap_ln0 = specbitsmap void @_ssdm_op_SpecBitsMap, i1 %stream_in_V_dest_V"   --->   Operation 39 'specbitsmap' 'specbitsmap_ln0' <Predicate = true> <Delay = 0.00>
ST_5 : Operation 40 [1/1] (0.00ns)   --->   "%specinterface_ln0 = specinterface void @_ssdm_op_SpecInterface, i24 %stream_out_V_data_V, i3 %stream_out_V_keep_V, i3 %stream_out_V_strb_V, i1 %stream_out_V_user_V, i1 %stream_out_V_last_V, i1 %stream_out_V_id_V, i1 %stream_out_V_dest_V, void @empty, i32 1, i32 1, void @empty_0, i32 0, i32 0, void @empty_1, void @empty_1, void @empty_1, i32 0, i32 0, i32 0, i32 0, void @empty_1, void @empty_1, i32 4294967295, i32 0, i32 0"   --->   Operation 40 'specinterface' 'specinterface_ln0' <Predicate = true> <Delay = 0.00>
ST_5 : Operation 41 [1/1] (0.00ns)   --->   "%specbitsmap_ln0 = specbitsmap void @_ssdm_op_SpecBitsMap, i24 %stream_out_V_data_V"   --->   Operation 41 'specbitsmap' 'specbitsmap_ln0' <Predicate = true> <Delay = 0.00>
ST_5 : Operation 42 [1/1] (0.00ns)   --->   "%specbitsmap_ln0 = specbitsmap void @_ssdm_op_SpecBitsMap, i3 %stream_out_V_keep_V"   --->   Operation 42 'specbitsmap' 'specbitsmap_ln0' <Predicate = true> <Delay = 0.00>
ST_5 : Operation 43 [1/1] (0.00ns)   --->   "%specbitsmap_ln0 = specbitsmap void @_ssdm_op_SpecBitsMap, i3 %stream_out_V_strb_V"   --->   Operation 43 'specbitsmap' 'specbitsmap_ln0' <Predicate = true> <Delay = 0.00>
ST_5 : Operation 44 [1/1] (0.00ns)   --->   "%specbitsmap_ln0 = specbitsmap void @_ssdm_op_SpecBitsMap, i1 %stream_out_V_user_V"   --->   Operation 44 'specbitsmap' 'specbitsmap_ln0' <Predicate = true> <Delay = 0.00>
ST_5 : Operation 45 [1/1] (0.00ns)   --->   "%specbitsmap_ln0 = specbitsmap void @_ssdm_op_SpecBitsMap, i1 %stream_out_V_last_V"   --->   Operation 45 'specbitsmap' 'specbitsmap_ln0' <Predicate = true> <Delay = 0.00>
ST_5 : Operation 46 [1/1] (0.00ns)   --->   "%specbitsmap_ln0 = specbitsmap void @_ssdm_op_SpecBitsMap, i1 %stream_out_V_id_V"   --->   Operation 46 'specbitsmap' 'specbitsmap_ln0' <Predicate = true> <Delay = 0.00>
ST_5 : Operation 47 [1/1] (0.00ns)   --->   "%specbitsmap_ln0 = specbitsmap void @_ssdm_op_SpecBitsMap, i1 %stream_out_V_dest_V"   --->   Operation 47 'specbitsmap' 'specbitsmap_ln0' <Predicate = true> <Delay = 0.00>
ST_5 : Operation 48 [1/1] (0.00ns)   --->   "%specbitsmap_ln0 = specbitsmap void @_ssdm_op_SpecBitsMap, i1 %enable"   --->   Operation 48 'specbitsmap' 'specbitsmap_ln0' <Predicate = true> <Delay = 0.00>
ST_5 : Operation 49 [1/1] (0.00ns)   --->   "%specinterface_ln0 = specinterface void @_ssdm_op_SpecInterface, i1 %enable, void @empty_2, i32 4294967295, i32 4294967295, void @empty_0, i32 0, i32 0, void @empty_3, void @empty_4, void @empty_1, i32 0, i32 0, i32 0, i32 0, void @empty_1, void @empty_1, i32 4294967295, i32 0, i32 0"   --->   Operation 49 'specinterface' 'specinterface_ln0' <Predicate = true> <Delay = 0.00>
ST_5 : Operation 50 [1/1] (0.00ns)   --->   "%specinterface_ln0 = specinterface void @_ssdm_op_SpecInterface, i1 %enable, void @empty_5, i32 4294967295, i32 4294967295, void @empty_1, i32 0, i32 0, void @empty_1, void @empty_1, void @empty_1, i32 0, i32 0, i32 0, i32 0, void @empty_1, void @empty_1, i32 4294967295, i32 0, i32 0"   --->   Operation 50 'specinterface' 'specinterface_ln0' <Predicate = true> <Delay = 0.00>
ST_5 : Operation 51 [1/1] (0.00ns)   --->   "%specbitsmap_ln0 = specbitsmap void @_ssdm_op_SpecBitsMap, i16 %x_pos"   --->   Operation 51 'specbitsmap' 'specbitsmap_ln0' <Predicate = true> <Delay = 0.00>
ST_5 : Operation 52 [1/1] (0.00ns)   --->   "%specinterface_ln0 = specinterface void @_ssdm_op_SpecInterface, i16 %x_pos, void @empty_2, i32 4294967295, i32 4294967295, void @empty_0, i32 0, i32 0, void @empty_3, void @empty_6, void @empty_1, i32 0, i32 0, i32 0, i32 0, void @empty_1, void @empty_1, i32 4294967295, i32 0, i32 0"   --->   Operation 52 'specinterface' 'specinterface_ln0' <Predicate = true> <Delay = 0.00>
ST_5 : Operation 53 [1/1] (0.00ns)   --->   "%specinterface_ln0 = specinterface void @_ssdm_op_SpecInterface, i16 %x_pos, void @empty_5, i32 4294967295, i32 4294967295, void @empty_1, i32 0, i32 0, void @empty_1, void @empty_1, void @empty_1, i32 0, i32 0, i32 0, i32 0, void @empty_1, void @empty_1, i32 4294967295, i32 0, i32 0"   --->   Operation 53 'specinterface' 'specinterface_ln0' <Predicate = true> <Delay = 0.00>
ST_5 : Operation 54 [1/1] (0.00ns)   --->   "%specbitsmap_ln0 = specbitsmap void @_ssdm_op_SpecBitsMap, i16 %y_pos"   --->   Operation 54 'specbitsmap' 'specbitsmap_ln0' <Predicate = true> <Delay = 0.00>
ST_5 : Operation 55 [1/1] (0.00ns)   --->   "%specinterface_ln0 = specinterface void @_ssdm_op_SpecInterface, i16 %y_pos, void @empty_2, i32 4294967295, i32 4294967295, void @empty_0, i32 0, i32 0, void @empty_3, void @empty_7, void @empty_1, i32 0, i32 0, i32 0, i32 0, void @empty_1, void @empty_1, i32 4294967295, i32 0, i32 0"   --->   Operation 55 'specinterface' 'specinterface_ln0' <Predicate = true> <Delay = 0.00>
ST_5 : Operation 56 [1/1] (0.00ns)   --->   "%specinterface_ln0 = specinterface void @_ssdm_op_SpecInterface, i16 %y_pos, void @empty_5, i32 4294967295, i32 4294967295, void @empty_1, i32 0, i32 0, void @empty_1, void @empty_1, void @empty_1, i32 0, i32 0, i32 0, i32 0, void @empty_1, void @empty_1, i32 4294967295, i32 0, i32 0"   --->   Operation 56 'specinterface' 'specinterface_ln0' <Predicate = true> <Delay = 0.00>
ST_5 : Operation 57 [1/1] (0.00ns)   --->   "%specbitsmap_ln0 = specbitsmap void @_ssdm_op_SpecBitsMap, i16 %height"   --->   Operation 57 'specbitsmap' 'specbitsmap_ln0' <Predicate = true> <Delay = 0.00>
ST_5 : Operation 58 [1/1] (0.00ns)   --->   "%specinterface_ln0 = specinterface void @_ssdm_op_SpecInterface, i16 %height, void @empty_2, i32 4294967295, i32 4294967295, void @empty_0, i32 0, i32 0, void @empty_3, void @empty_8, void @empty_1, i32 0, i32 0, i32 0, i32 0, void @empty_1, void @empty_1, i32 4294967295, i32 0, i32 0"   --->   Operation 58 'specinterface' 'specinterface_ln0' <Predicate = true> <Delay = 0.00>
ST_5 : Operation 59 [1/1] (0.00ns)   --->   "%specinterface_ln0 = specinterface void @_ssdm_op_SpecInterface, i16 %height, void @empty_5, i32 4294967295, i32 4294967295, void @empty_1, i32 0, i32 0, void @empty_1, void @empty_1, void @empty_1, i32 0, i32 0, i32 0, i32 0, void @empty_1, void @empty_1, i32 4294967295, i32 0, i32 0"   --->   Operation 59 'specinterface' 'specinterface_ln0' <Predicate = true> <Delay = 0.00>
ST_5 : Operation 60 [1/1] (0.00ns)   --->   "%specbitsmap_ln0 = specbitsmap void @_ssdm_op_SpecBitsMap, i16 %width"   --->   Operation 60 'specbitsmap' 'specbitsmap_ln0' <Predicate = true> <Delay = 0.00>
ST_5 : Operation 61 [1/1] (0.00ns)   --->   "%specinterface_ln0 = specinterface void @_ssdm_op_SpecInterface, i16 %width, void @empty_2, i32 4294967295, i32 4294967295, void @empty_0, i32 0, i32 0, void @empty_3, void @empty_9, void @empty_1, i32 0, i32 0, i32 0, i32 0, void @empty_1, void @empty_1, i32 4294967295, i32 0, i32 0"   --->   Operation 61 'specinterface' 'specinterface_ln0' <Predicate = true> <Delay = 0.00>
ST_5 : Operation 62 [1/1] (0.00ns)   --->   "%specinterface_ln0 = specinterface void @_ssdm_op_SpecInterface, i16 %width, void @empty_5, i32 4294967295, i32 4294967295, void @empty_1, i32 0, i32 0, void @empty_1, void @empty_1, void @empty_1, i32 0, i32 0, i32 0, i32 0, void @empty_1, void @empty_1, i32 4294967295, i32 0, i32 0"   --->   Operation 62 'specinterface' 'specinterface_ln0' <Predicate = true> <Delay = 0.00>
ST_5 : Operation 63 [1/1] (0.00ns)   --->   "%specinterface_ln0 = specinterface void @_ssdm_op_SpecInterface, i32 0, void @empty_2, i32 0, i32 0, void @empty_1, i32 0, i32 0, void @empty_3, void @empty_1, void @empty_1, i32 0, i32 0, i32 0, i32 0, void @empty_1, void @empty_1, i32 4294967295, i32 0, i32 0"   --->   Operation 63 'specinterface' 'specinterface_ln0' <Predicate = true> <Delay = 0.00>
ST_5 : Operation 64 [1/1] (0.00ns)   --->   "%specaxissidechannel_ln105 = specaxissidechannel void @_ssdm_op_SpecAXISSideChannel, i24 %stream_out_V_data_V, i3 %stream_out_V_keep_V, i3 %stream_out_V_strb_V, i1 %stream_out_V_user_V, i1 %stream_out_V_last_V, i1 %stream_out_V_id_V, i1 %stream_out_V_dest_V, void @empty_10" [overlay_core.cpp:105]   --->   Operation 64 'specaxissidechannel' 'specaxissidechannel_ln105' <Predicate = true> <Delay = 0.00>
ST_5 : Operation 65 [1/1] (0.00ns)   --->   "%specaxissidechannel_ln105 = specaxissidechannel void @_ssdm_op_SpecAXISSideChannel, i24 %stream_in_V_data_V, i3 %stream_in_V_keep_V, i3 %stream_in_V_strb_V, i1 %stream_in_V_user_V, i1 %stream_in_V_last_V, i1 %stream_in_V_id_V, i1 %stream_in_V_dest_V, void @empty_11" [overlay_core.cpp:105]   --->   Operation 65 'specaxissidechannel' 'specaxissidechannel_ln105' <Predicate = true> <Delay = 0.00>
ST_5 : Operation 66 [1/1] (0.00ns)   --->   "%ret_ln163 = ret" [overlay_core.cpp:163]   --->   Operation 66 'ret' 'ret_ln163' <Predicate = true> <Delay = 0.00>


============================================================
+ Verbose Summary: Timing violations
============================================================
Target clock period: 6.667ns, clock uncertainty: 1.800ns.

 <State 1>: 4.349ns
The critical path consists of the following:
	s_axi read operation ('width_read', overlay_core.cpp:77) on port 'width' (overlay_core.cpp:77) [60]  (1.000 ns)
	'mul' operation 32 bit ('mul_ln74', overlay_core.cpp:74) [82]  (3.349 ns)

 <State 2>: 3.349ns
The critical path consists of the following:
	'mul' operation 32 bit ('mul_ln74', overlay_core.cpp:74) [82]  (3.349 ns)

 <State 3>: 4.140ns
The critical path consists of the following:
	'call' operation 0 bit ('call_ln74', overlay_core.cpp:74) to 'overlay_core_Pipeline_LOOP_HEIGHT_LOOP_WIDTH' [84]  (4.140 ns)

 <State 4>: 6.339ns
The critical path consists of the following:
	'call' operation 0 bit ('call_ln74', overlay_core.cpp:74) to 'overlay_core_Pipeline_LOOP_HEIGHT_LOOP_WIDTH' [84]  (6.339 ns)

 <State 5>: 0.000ns
The critical path consists of the following:


============================================================
+ Verbose Summary: Binding
============================================================
N/A
* FSMD analyzer results:
  - Output states:
 - Input state : 
  - Chain level:
	State 1
	State 2
	State 3
	State 4
	State 5


============================================================
+ Verbose Summary: Datapath Resource usage 
============================================================
N/A
