

================================================================
== Vitis HLS Report for 'overlay_core'
================================================================
* Date:           Tue Apr 28 04:45:02 2026

* Version:        2024.1 (Build 5069499 on May 21 2024)
* Project:        hls_overlay_prj
* Solution:       solution1 (Vivado IP Flow Target)
* Product family: zynq
* Target device:  xc7z020-clg400-1


================================================================
== Performance Estimates
================================================================
+ Timing: 
    * Summary: 
    +--------+---------+----------+------------+
    |  Clock |  Target | Estimated| Uncertainty|
    +--------+---------+----------+------------+
    |ap_clk  |  6.67 ns|  5.275 ns|     1.80 ns|
    +--------+---------+----------+------------+

+ Latency: 
    * Summary: 
    +---------+---------+----------+----------+-----+-----+---------+
    |  Latency (cycles) |  Latency (absolute) |  Interval | Pipeline|
    |   min   |   max   |    min   |    max   | min | max |   Type  |
    +---------+---------+----------+----------+-----+-----+---------+
    |        ?|        ?|         ?|         ?|    ?|    ?|       no|
    +---------+---------+----------+----------+-----+-----+---------+

    + Detail: 
        * Instance: 
        N/A

        * Loop: 
        +-------------------+---------+---------+----------+-----------+-----------+------+----------+
        |                   |  Latency (cycles) | Iteration|  Initiation Interval  | Trip |          |
        |     Loop Name     |   min   |   max   |  Latency |  achieved |   target  | Count| Pipelined|
        +-------------------+---------+---------+----------+-----------+-----------+------+----------+
        |- VITIS_LOOP_28_1  |        ?|        ?|         4|          1|          1|   inf|       yes|
        +-------------------+---------+---------+----------+-----------+-----------+------+----------+



================================================================
== Utilization Estimates
================================================================
* Summary: 
+-----------------+---------+-----+--------+-------+-----+
|       Name      | BRAM_18K| DSP |   FF   |  LUT  | URAM|
+-----------------+---------+-----+--------+-------+-----+
|DSP              |        -|    -|       -|      -|    -|
|Expression       |        -|    -|       0|    182|    -|
|FIFO             |        -|    -|       -|      -|    -|
|Instance         |        0|    -|     131|    170|    -|
|Memory           |        -|    -|       -|      -|    -|
|Multiplexer      |        -|    -|       0|     95|    -|
|Register         |        -|    -|     505|    192|    -|
+-----------------+---------+-----+--------+-------+-----+
|Total            |        0|    0|     636|    639|    0|
+-----------------+---------+-----+--------+-------+-----+
|Available        |      280|  220|  106400|  53200|    0|
+-----------------+---------+-----+--------+-------+-----+
|Utilization (%)  |        0|    0|      ~0|      1|    0|
+-----------------+---------+-----+--------+-------+-----+

+ Detail: 
    * Instance: 
    +--------------+------------+---------+----+-----+-----+-----+
    |   Instance   |   Module   | BRAM_18K| DSP|  FF | LUT | URAM|
    +--------------+------------+---------+----+-----+-----+-----+
    |CTRL_s_axi_U  |CTRL_s_axi  |        0|   0|  131|  170|    0|
    +--------------+------------+---------+----+-----+-----+-----+
    |Total         |            |        0|   0|  131|  170|    0|
    +--------------+------------+---------+----+-----+-----+-----+

    * DSP: 
    N/A

    * Memory: 
    N/A

    * FIFO: 
    N/A

    * Expression: 
    +----------------------------+----------+----+---+----+------------+------------+
    |        Variable Name       | Operation| DSP| FF| LUT| Bitwidth P0| Bitwidth P1|
    +----------------------------+----------+----+---+----+------------+------------+
    |add_ln49_fu_253_p2          |         +|   0|  0|  23|          16|           1|
    |add_ln52_fu_266_p2          |         +|   0|  0|  23|          16|           1|
    |and_ln42_1_fu_229_p2        |       and|   0|  0|   2|           1|           1|
    |ap_condition_162            |       and|   0|  0|   2|           1|           1|
    |ap_condition_166            |       and|   0|  0|   2|           1|           1|
    |icmp_ln42_1_fu_223_p2       |      icmp|   0|  0|  23|          16|           9|
    |icmp_ln42_fu_217_p2         |      icmp|   0|  0|  23|          16|           7|
    |ap_block_pp0_stage0_01001   |        or|   0|  0|   2|           1|           1|
    |ap_block_pp0_stage0_11001   |        or|   0|  0|   2|           1|           1|
    |or_ln42_fu_235_p2           |        or|   0|  0|   2|           1|           1|
    |or_ln50_fu_279_p2           |        or|   0|  0|   2|           1|           1|
    |pixel_out_data_2_fu_240_p3  |    select|   0|  0|  24|           1|          18|
    |select_ln33_fu_259_p3       |    select|   0|  0|  16|           1|           1|
    |select_ln50_1_fu_291_p3     |    select|   0|  0|  16|           1|          16|
    |select_ln50_2_fu_272_p3     |    select|   0|  0|   2|           1|           1|
    |select_ln50_fu_283_p3       |    select|   0|  0|  16|           1|          16|
    |ap_enable_pp0               |       xor|   0|  0|   2|           1|           2|
    +----------------------------+----------+----+---+----+------------+------------+
    |Total                       |          |   0|  0| 182|          77|          79|
    +----------------------------+----------+----+---+----+------------+------------+

    * Multiplexer: 
    +-----------------------------------------------+----+-----------+-----+-----------+
    |                      Name                     | LUT| Input Size| Bits| Total Bits|
    +-----------------------------------------------+----+-----------+-----+-----------+
    |ap_NS_fsm                                      |  14|          3|    1|          3|
    |ap_enable_reg_pp0_iter1                        |   9|          2|    1|          2|
    |ap_enable_reg_pp0_iter2                        |   9|          2|    1|          2|
    |ap_enable_reg_pp0_iter3                        |   9|          2|    1|          2|
    |ap_phi_reg_pp0_iter1_pixel_out_data_1_reg_161  |   9|          2|   24|         48|
    |ap_phi_reg_pp0_iter2_pixel_out_data_1_reg_161  |   9|          2|   24|         48|
    |empty_17_fu_108                                |   9|          2|   16|         32|
    |empty_fu_104                                   |   9|          2|   16|         32|
    |stream_in_TDATA_blk_n                          |   9|          2|    1|          2|
    |stream_out_TDATA_blk_n                         |   9|          2|    1|          2|
    +-----------------------------------------------+----+-----------+-----+-----------+
    |Total                                          |  95|         21|   86|        173|
    +-----------------------------------------------+----+-----------+-----+-----------+

    * Register: 
    +-----------------------------------------------+----+----+-----+-----------+
    |                      Name                     | FF | LUT| Bits| Const Bits|
    +-----------------------------------------------+----+----+-----+-----------+
    |ap_CS_fsm                                      |   2|   0|    2|          0|
    |ap_enable_reg_pp0_iter0                        |   1|   0|    1|          0|
    |ap_enable_reg_pp0_iter1                        |   1|   0|    1|          0|
    |ap_enable_reg_pp0_iter2                        |   1|   0|    1|          0|
    |ap_enable_reg_pp0_iter3                        |   1|   0|    1|          0|
    |ap_phi_reg_pp0_iter1_pixel_out_data_1_reg_161  |  24|   0|   24|          0|
    |ap_phi_reg_pp0_iter2_pixel_out_data_1_reg_161  |  24|   0|   24|          0|
    |empty_17_fu_108                                |  16|   0|   16|          0|
    |empty_fu_104                                   |  16|   0|   16|          0|
    |enable_read_reg_324                            |   1|   0|    1|          0|
    |pixel_in_data_reg_328                          |  24|   0|   24|          0|
    |pixel_in_dest_reg_365                          |   1|   0|    1|          0|
    |pixel_in_id_reg_360                            |   1|   0|    1|          0|
    |pixel_in_keep_reg_334                          |   3|   0|    3|          0|
    |pixel_in_last_reg_352                          |   1|   0|    1|          0|
    |pixel_in_strb_reg_339                          |   3|   0|    3|          0|
    |pixel_in_user_reg_344                          |   1|   0|    1|          0|
    |pixel_in_dest_reg_365                          |  64|  32|    1|          0|
    |pixel_in_id_reg_360                            |  64|  32|    1|          0|
    |pixel_in_keep_reg_334                          |  64|  32|    3|          0|
    |pixel_in_last_reg_352                          |  64|  32|    1|          0|
    |pixel_in_strb_reg_339                          |  64|  32|    3|          0|
    |pixel_in_user_reg_344                          |  64|  32|    1|          0|
    +-----------------------------------------------+----+----+-----+-----------+
    |Total                                          | 505| 192|  131|          0|
    +-----------------------------------------------+----+----+-----+-----------+



================================================================
== Interface
================================================================
* Summary: 
+--------------------+-----+-----+--------------+---------------------+--------------+
|      RTL Ports     | Dir | Bits|   Protocol   |    Source Object    |    C Type    |
+--------------------+-----+-----+--------------+---------------------+--------------+
|s_axi_CTRL_AWVALID  |   in|    1|         s_axi|                 CTRL|        scalar|
|s_axi_CTRL_AWREADY  |  out|    1|         s_axi|                 CTRL|        scalar|
|s_axi_CTRL_AWADDR   |   in|    6|         s_axi|                 CTRL|        scalar|
|s_axi_CTRL_WVALID   |   in|    1|         s_axi|                 CTRL|        scalar|
|s_axi_CTRL_WREADY   |  out|    1|         s_axi|                 CTRL|        scalar|
|s_axi_CTRL_WDATA    |   in|   32|         s_axi|                 CTRL|        scalar|
|s_axi_CTRL_WSTRB    |   in|    4|         s_axi|                 CTRL|        scalar|
|s_axi_CTRL_ARVALID  |   in|    1|         s_axi|                 CTRL|        scalar|
|s_axi_CTRL_ARREADY  |  out|    1|         s_axi|                 CTRL|        scalar|
|s_axi_CTRL_ARADDR   |   in|    6|         s_axi|                 CTRL|        scalar|
|s_axi_CTRL_RVALID   |  out|    1|         s_axi|                 CTRL|        scalar|
|s_axi_CTRL_RREADY   |   in|    1|         s_axi|                 CTRL|        scalar|
|s_axi_CTRL_RDATA    |  out|   32|         s_axi|                 CTRL|        scalar|
|s_axi_CTRL_RRESP    |  out|    2|         s_axi|                 CTRL|        scalar|
|s_axi_CTRL_BVALID   |  out|    1|         s_axi|                 CTRL|        scalar|
|s_axi_CTRL_BREADY   |   in|    1|         s_axi|                 CTRL|        scalar|
|s_axi_CTRL_BRESP    |  out|    2|         s_axi|                 CTRL|        scalar|
|ap_clk              |   in|    1|  ap_ctrl_none|         overlay_core|  return value|
|ap_rst_n            |   in|    1|  ap_ctrl_none|         overlay_core|  return value|
|stream_in_TDATA     |   in|   24|          axis|   stream_in_V_data_V|       pointer|
|stream_in_TVALID    |   in|    1|          axis|   stream_in_V_dest_V|       pointer|
|stream_in_TREADY    |  out|    1|          axis|   stream_in_V_dest_V|       pointer|
|stream_in_TDEST     |   in|    1|          axis|   stream_in_V_dest_V|       pointer|
|stream_in_TKEEP     |   in|    3|          axis|   stream_in_V_keep_V|       pointer|
|stream_in_TSTRB     |   in|    3|          axis|   stream_in_V_strb_V|       pointer|
|stream_in_TUSER     |   in|    1|          axis|   stream_in_V_user_V|       pointer|
|stream_in_TLAST     |   in|    1|          axis|   stream_in_V_last_V|       pointer|
|stream_in_TID       |   in|    1|          axis|     stream_in_V_id_V|       pointer|
|stream_out_TDATA    |  out|   24|          axis|  stream_out_V_data_V|       pointer|
|stream_out_TVALID   |  out|    1|          axis|  stream_out_V_dest_V|       pointer|
|stream_out_TREADY   |   in|    1|          axis|  stream_out_V_dest_V|       pointer|
|stream_out_TDEST    |  out|    1|          axis|  stream_out_V_dest_V|       pointer|
|stream_out_TKEEP    |  out|    3|          axis|  stream_out_V_keep_V|       pointer|
|stream_out_TSTRB    |  out|    3|          axis|  stream_out_V_strb_V|       pointer|
|stream_out_TUSER    |  out|    1|          axis|  stream_out_V_user_V|       pointer|
|stream_out_TLAST    |  out|    1|          axis|  stream_out_V_last_V|       pointer|
|stream_out_TID      |  out|    1|          axis|    stream_out_V_id_V|       pointer|
+--------------------+-----+-----+--------------+---------------------+--------------+

============================================================
+ Verbose Summary: Synthesis Manager
============================================================
InlineROM: 1
ExposeGlobal: 0
============================================================
+ Verbose Summary: CDFG Model
============================================================
IsTopModel: 1
ResetActiveHigh: 1
IsCombinational: 2
IsDatapathOnly: 2
HasWiredReturn: 1
HasMFsm: 2
HasVarLatency: 1
IsPipeline: 0
IsRtlPipelined: 0
IsInstanceOverlapped: 0
IsDontTouch: 0
HasImplIP: 0
IsGatedGlobalClock: 0

+ Individual pipeline summary: 
  * Pipeline-0: initiation interval (II) = 1, depth = 4


============================================================
+ Verbose Summary: Schedule
============================================================
* Number of FSM states : 5
* Pipeline : 1
  Pipeline-0 : II = 1, D = 4, States = { 2 3 4 5 }
* Dataflow Pipeline: 0

* FSM state transitions: 
1 --> 2 
2 --> 3 
3 --> 4 
4 --> 5 
5 --> 2 

* FSM state operations: 

State 1 <SV = 0> <Delay = 1.58>
ST_1 : Operation 6 [1/1] (0.00ns)   --->   "%empty = alloca i32 1"   --->   Operation 6 'alloca' 'empty' <Predicate = true> <Delay = 0.00>
ST_1 : Operation 7 [1/1] (0.00ns)   --->   "%empty_17 = alloca i32 1"   --->   Operation 7 'alloca' 'empty_17' <Predicate = true> <Delay = 0.00>
ST_1 : Operation 8 [1/1] (0.00ns)   --->   "%spectopmodule_ln3 = spectopmodule void @_ssdm_op_SpecTopModule, void @empty_12" [overlay_core.cpp:3]   --->   Operation 8 'spectopmodule' 'spectopmodule_ln3' <Predicate = true> <Delay = 0.00>
ST_1 : Operation 9 [1/1] (0.00ns)   --->   "%specinterface_ln3 = specinterface void @_ssdm_op_SpecInterface, i32 0, void @empty_13, i32 0, i32 0, void @empty_1, i32 0, i32 0, void @empty_1, void @empty_1, void @empty_1, i32 0, i32 0, i32 0, i32 0, void @empty_1, void @empty_1, i32 4294967295, i32 0, i32 0" [overlay_core.cpp:3]   --->   Operation 9 'specinterface' 'specinterface_ln3' <Predicate = true> <Delay = 0.00>
ST_1 : Operation 10 [1/1] (0.00ns)   --->   "%specinterface_ln0 = specinterface void @_ssdm_op_SpecInterface, i24 %stream_in_V_data_V, i3 %stream_in_V_keep_V, i3 %stream_in_V_strb_V, i1 %stream_in_V_user_V, i1 %stream_in_V_last_V, i1 %stream_in_V_id_V, i1 %stream_in_V_dest_V, void @empty, i32 1, i32 1, void @empty_0, i32 0, i32 0, void @empty_1, void @empty_1, void @empty_1, i32 0, i32 0, i32 0, i32 0, void @empty_1, void @empty_1, i32 4294967295, i32 0, i32 0"   --->   Operation 10 'specinterface' 'specinterface_ln0' <Predicate = true> <Delay = 0.00>
ST_1 : Operation 11 [1/1] (0.00ns)   --->   "%specbitsmap_ln0 = specbitsmap void @_ssdm_op_SpecBitsMap, i24 %stream_in_V_data_V"   --->   Operation 11 'specbitsmap' 'specbitsmap_ln0' <Predicate = true> <Delay = 0.00>
ST_1 : Operation 12 [1/1] (0.00ns)   --->   "%specbitsmap_ln0 = specbitsmap void @_ssdm_op_SpecBitsMap, i3 %stream_in_V_keep_V"   --->   Operation 12 'specbitsmap' 'specbitsmap_ln0' <Predicate = true> <Delay = 0.00>
ST_1 : Operation 13 [1/1] (0.00ns)   --->   "%specbitsmap_ln0 = specbitsmap void @_ssdm_op_SpecBitsMap, i3 %stream_in_V_strb_V"   --->   Operation 13 'specbitsmap' 'specbitsmap_ln0' <Predicate = true> <Delay = 0.00>
ST_1 : Operation 14 [1/1] (0.00ns)   --->   "%specbitsmap_ln0 = specbitsmap void @_ssdm_op_SpecBitsMap, i1 %stream_in_V_user_V"   --->   Operation 14 'specbitsmap' 'specbitsmap_ln0' <Predicate = true> <Delay = 0.00>
ST_1 : Operation 15 [1/1] (0.00ns)   --->   "%specbitsmap_ln0 = specbitsmap void @_ssdm_op_SpecBitsMap, i1 %stream_in_V_last_V"   --->   Operation 15 'specbitsmap' 'specbitsmap_ln0' <Predicate = true> <Delay = 0.00>
ST_1 : Operation 16 [1/1] (0.00ns)   --->   "%specbitsmap_ln0 = specbitsmap void @_ssdm_op_SpecBitsMap, i1 %stream_in_V_id_V"   --->   Operation 16 'specbitsmap' 'specbitsmap_ln0' <Predicate = true> <Delay = 0.00>
ST_1 : Operation 17 [1/1] (0.00ns)   --->   "%specbitsmap_ln0 = specbitsmap void @_ssdm_op_SpecBitsMap, i1 %stream_in_V_dest_V"   --->   Operation 17 'specbitsmap' 'specbitsmap_ln0' <Predicate = true> <Delay = 0.00>
ST_1 : Operation 18 [1/1] (0.00ns)   --->   "%specinterface_ln0 = specinterface void @_ssdm_op_SpecInterface, i24 %stream_out_V_data_V, i3 %stream_out_V_keep_V, i3 %stream_out_V_strb_V, i1 %stream_out_V_user_V, i1 %stream_out_V_last_V, i1 %stream_out_V_id_V, i1 %stream_out_V_dest_V, void @empty, i32 1, i32 1, void @empty_0, i32 0, i32 0, void @empty_1, void @empty_1, void @empty_1, i32 0, i32 0, i32 0, i32 0, void @empty_1, void @empty_1, i32 4294967295, i32 0, i32 0"   --->   Operation 18 'specinterface' 'specinterface_ln0' <Predicate = true> <Delay = 0.00>
ST_1 : Operation 19 [1/1] (0.00ns)   --->   "%specbitsmap_ln0 = specbitsmap void @_ssdm_op_SpecBitsMap, i24 %stream_out_V_data_V"   --->   Operation 19 'specbitsmap' 'specbitsmap_ln0' <Predicate = true> <Delay = 0.00>
ST_1 : Operation 20 [1/1] (0.00ns)   --->   "%specbitsmap_ln0 = specbitsmap void @_ssdm_op_SpecBitsMap, i3 %stream_out_V_keep_V"   --->   Operation 20 'specbitsmap' 'specbitsmap_ln0' <Predicate = true> <Delay = 0.00>
ST_1 : Operation 21 [1/1] (0.00ns)   --->   "%specbitsmap_ln0 = specbitsmap void @_ssdm_op_SpecBitsMap, i3 %stream_out_V_strb_V"   --->   Operation 21 'specbitsmap' 'specbitsmap_ln0' <Predicate = true> <Delay = 0.00>
ST_1 : Operation 22 [1/1] (0.00ns)   --->   "%specbitsmap_ln0 = specbitsmap void @_ssdm_op_SpecBitsMap, i1 %stream_out_V_user_V"   --->   Operation 22 'specbitsmap' 'specbitsmap_ln0' <Predicate = true> <Delay = 0.00>
ST_1 : Operation 23 [1/1] (0.00ns)   --->   "%specbitsmap_ln0 = specbitsmap void @_ssdm_op_SpecBitsMap, i1 %stream_out_V_last_V"   --->   Operation 23 'specbitsmap' 'specbitsmap_ln0' <Predicate = true> <Delay = 0.00>
ST_1 : Operation 24 [1/1] (0.00ns)   --->   "%specbitsmap_ln0 = specbitsmap void @_ssdm_op_SpecBitsMap, i1 %stream_out_V_id_V"   --->   Operation 24 'specbitsmap' 'specbitsmap_ln0' <Predicate = true> <Delay = 0.00>
ST_1 : Operation 25 [1/1] (0.00ns)   --->   "%specbitsmap_ln0 = specbitsmap void @_ssdm_op_SpecBitsMap, i1 %stream_out_V_dest_V"   --->   Operation 25 'specbitsmap' 'specbitsmap_ln0' <Predicate = true> <Delay = 0.00>
ST_1 : Operation 26 [1/1] (0.00ns)   --->   "%specbitsmap_ln0 = specbitsmap void @_ssdm_op_SpecBitsMap, i1 %enable"   --->   Operation 26 'specbitsmap' 'specbitsmap_ln0' <Predicate = true> <Delay = 0.00>
ST_1 : Operation 27 [1/1] (0.00ns)   --->   "%specinterface_ln0 = specinterface void @_ssdm_op_SpecInterface, i1 %enable, void @empty_2, i32 4294967295, i32 4294967295, void @empty_0, i32 0, i32 0, void @empty_3, void @empty_4, void @empty_1, i32 0, i32 0, i32 0, i32 0, void @empty_1, void @empty_1, i32 4294967295, i32 0, i32 0"   --->   Operation 27 'specinterface' 'specinterface_ln0' <Predicate = true> <Delay = 0.00>
ST_1 : Operation 28 [1/1] (0.00ns)   --->   "%specinterface_ln0 = specinterface void @_ssdm_op_SpecInterface, i1 %enable, void @empty_5, i32 4294967295, i32 4294967295, void @empty_1, i32 0, i32 0, void @empty_1, void @empty_1, void @empty_1, i32 0, i32 0, i32 0, i32 0, void @empty_1, void @empty_1, i32 4294967295, i32 0, i32 0"   --->   Operation 28 'specinterface' 'specinterface_ln0' <Predicate = true> <Delay = 0.00>
ST_1 : Operation 29 [1/1] (0.00ns)   --->   "%specbitsmap_ln0 = specbitsmap void @_ssdm_op_SpecBitsMap, i16 %x_pos"   --->   Operation 29 'specbitsmap' 'specbitsmap_ln0' <Predicate = true> <Delay = 0.00>
ST_1 : Operation 30 [1/1] (0.00ns)   --->   "%specinterface_ln0 = specinterface void @_ssdm_op_SpecInterface, i16 %x_pos, void @empty_2, i32 4294967295, i32 4294967295, void @empty_0, i32 0, i32 0, void @empty_3, void @empty_6, void @empty_1, i32 0, i32 0, i32 0, i32 0, void @empty_1, void @empty_1, i32 4294967295, i32 0, i32 0"   --->   Operation 30 'specinterface' 'specinterface_ln0' <Predicate = true> <Delay = 0.00>
ST_1 : Operation 31 [1/1] (0.00ns)   --->   "%specinterface_ln0 = specinterface void @_ssdm_op_SpecInterface, i16 %x_pos, void @empty_5, i32 4294967295, i32 4294967295, void @empty_1, i32 0, i32 0, void @empty_1, void @empty_1, void @empty_1, i32 0, i32 0, i32 0, i32 0, void @empty_1, void @empty_1, i32 4294967295, i32 0, i32 0"   --->   Operation 31 'specinterface' 'specinterface_ln0' <Predicate = true> <Delay = 0.00>
ST_1 : Operation 32 [1/1] (0.00ns)   --->   "%specbitsmap_ln0 = specbitsmap void @_ssdm_op_SpecBitsMap, i16 %y_pos"   --->   Operation 32 'specbitsmap' 'specbitsmap_ln0' <Predicate = true> <Delay = 0.00>
ST_1 : Operation 33 [1/1] (0.00ns)   --->   "%specinterface_ln0 = specinterface void @_ssdm_op_SpecInterface, i16 %y_pos, void @empty_2, i32 4294967295, i32 4294967295, void @empty_0, i32 0, i32 0, void @empty_3, void @empty_7, void @empty_1, i32 0, i32 0, i32 0, i32 0, void @empty_1, void @empty_1, i32 4294967295, i32 0, i32 0"   --->   Operation 33 'specinterface' 'specinterface_ln0' <Predicate = true> <Delay = 0.00>
ST_1 : Operation 34 [1/1] (0.00ns)   --->   "%specinterface_ln0 = specinterface void @_ssdm_op_SpecInterface, i16 %y_pos, void @empty_5, i32 4294967295, i32 4294967295, void @empty_1, i32 0, i32 0, void @empty_1, void @empty_1, void @empty_1, i32 0, i32 0, i32 0, i32 0, void @empty_1, void @empty_1, i32 4294967295, i32 0, i32 0"   --->   Operation 34 'specinterface' 'specinterface_ln0' <Predicate = true> <Delay = 0.00>
ST_1 : Operation 35 [1/1] (0.00ns)   --->   "%specbitsmap_ln0 = specbitsmap void @_ssdm_op_SpecBitsMap, i16 %height"   --->   Operation 35 'specbitsmap' 'specbitsmap_ln0' <Predicate = true> <Delay = 0.00>
ST_1 : Operation 36 [1/1] (0.00ns)   --->   "%specinterface_ln0 = specinterface void @_ssdm_op_SpecInterface, i16 %height, void @empty_2, i32 4294967295, i32 4294967295, void @empty_0, i32 0, i32 0, void @empty_3, void @empty_8, void @empty_1, i32 0, i32 0, i32 0, i32 0, void @empty_1, void @empty_1, i32 4294967295, i32 0, i32 0"   --->   Operation 36 'specinterface' 'specinterface_ln0' <Predicate = true> <Delay = 0.00>
ST_1 : Operation 37 [1/1] (0.00ns)   --->   "%specinterface_ln0 = specinterface void @_ssdm_op_SpecInterface, i16 %height, void @empty_5, i32 4294967295, i32 4294967295, void @empty_1, i32 0, i32 0, void @empty_1, void @empty_1, void @empty_1, i32 0, i32 0, i32 0, i32 0, void @empty_1, void @empty_1, i32 4294967295, i32 0, i32 0"   --->   Operation 37 'specinterface' 'specinterface_ln0' <Predicate = true> <Delay = 0.00>
ST_1 : Operation 38 [1/1] (0.00ns)   --->   "%specbitsmap_ln0 = specbitsmap void @_ssdm_op_SpecBitsMap, i16 %width"   --->   Operation 38 'specbitsmap' 'specbitsmap_ln0' <Predicate = true> <Delay = 0.00>
ST_1 : Operation 39 [1/1] (0.00ns)   --->   "%specinterface_ln0 = specinterface void @_ssdm_op_SpecInterface, i16 %width, void @empty_2, i32 4294967295, i32 4294967295, void @empty_0, i32 0, i32 0, void @empty_3, void @empty_9, void @empty_1, i32 0, i32 0, i32 0, i32 0, void @empty_1, void @empty_1, i32 4294967295, i32 0, i32 0"   --->   Operation 39 'specinterface' 'specinterface_ln0' <Predicate = true> <Delay = 0.00>
ST_1 : Operation 40 [1/1] (0.00ns)   --->   "%specinterface_ln0 = specinterface void @_ssdm_op_SpecInterface, i16 %width, void @empty_5, i32 4294967295, i32 4294967295, void @empty_1, i32 0, i32 0, void @empty_1, void @empty_1, void @empty_1, i32 0, i32 0, i32 0, i32 0, void @empty_1, void @empty_1, i32 4294967295, i32 0, i32 0"   --->   Operation 40 'specinterface' 'specinterface_ln0' <Predicate = true> <Delay = 0.00>
ST_1 : Operation 41 [1/1] (0.00ns)   --->   "%specinterface_ln0 = specinterface void @_ssdm_op_SpecInterface, i32 0, void @empty_2, i32 0, i32 0, void @empty_1, i32 0, i32 0, void @empty_3, void @empty_1, void @empty_1, i32 0, i32 0, i32 0, i32 0, void @empty_1, void @empty_1, i32 4294967295, i32 0, i32 0"   --->   Operation 41 'specinterface' 'specinterface_ln0' <Predicate = true> <Delay = 0.00>
ST_1 : Operation 42 [1/1] (1.00ns)   --->   "%enable_read = read i1 @_ssdm_op_Read.s_axilite.i1, i1 %enable"   --->   Operation 42 'read' 'enable_read' <Predicate = true> <Delay = 1.00> <CoreInst = "s_axilite">   --->   Core 112 's_axilite' <Latency = 0> <II = 1> <Delay = 1.00> <Adapter> <Opcode : 'read' 'write'>
ST_1 : Operation 43 [1/1] (0.00ns)   --->   "%specaxissidechannel_ln28 = specaxissidechannel void @_ssdm_op_SpecAXISSideChannel, i24 %stream_out_V_data_V, i3 %stream_out_V_keep_V, i3 %stream_out_V_strb_V, i1 %stream_out_V_user_V, i1 %stream_out_V_last_V, i1 %stream_out_V_id_V, i1 %stream_out_V_dest_V, void @empty_10" [overlay_core.cpp:28]   --->   Operation 43 'specaxissidechannel' 'specaxissidechannel_ln28' <Predicate = true> <Delay = 0.00>
ST_1 : Operation 44 [1/1] (0.00ns)   --->   "%specaxissidechannel_ln28 = specaxissidechannel void @_ssdm_op_SpecAXISSideChannel, i24 %stream_in_V_data_V, i3 %stream_in_V_keep_V, i3 %stream_in_V_strb_V, i1 %stream_in_V_user_V, i1 %stream_in_V_last_V, i1 %stream_in_V_id_V, i1 %stream_in_V_dest_V, void @empty_11" [overlay_core.cpp:28]   --->   Operation 44 'specaxissidechannel' 'specaxissidechannel_ln28' <Predicate = true> <Delay = 0.00>
ST_1 : Operation 45 [1/1] (1.58ns)   --->   "%store_ln0 = store i16 0, i16 %empty_17"   --->   Operation 45 'store' 'store_ln0' <Predicate = true> <Delay = 1.58>
ST_1 : Operation 46 [1/1] (1.58ns)   --->   "%store_ln0 = store i16 0, i16 %empty"   --->   Operation 46 'store' 'store_ln0' <Predicate = true> <Delay = 1.58>
ST_1 : Operation 47 [1/1] (0.00ns)   --->   "%br_ln28 = br void %while.body" [overlay_core.cpp:28]   --->   Operation 47 'br' 'br_ln28' <Predicate = true> <Delay = 0.00>

State 2 <SV = 1> <Delay = 1.58>
ST_2 : Operation 48 [1/1] (0.00ns)   --->   "%specpipeline_ln29 = specpipeline void @_ssdm_op_SpecPipeline, i32 1, i32 0, i32 0, i32 0, void @empty_1" [overlay_core.cpp:29]   --->   Operation 48 'specpipeline' 'specpipeline_ln29' <Predicate = true> <Delay = 0.00>
ST_2 : Operation 49 [1/1] (0.00ns)   --->   "%specloopname_ln28 = specloopname void @_ssdm_op_SpecLoopName, void @empty_14" [overlay_core.cpp:28]   --->   Operation 49 'specloopname' 'specloopname_ln28' <Predicate = true> <Delay = 0.00>
ST_2 : Operation 50 [1/1] (0.48ns)   --->   "%empty_18 = read i34 @_ssdm_op_Read.axis.volatile.i24P0A.i3P0A.i3P0A.i1P0A.i1P0A.i1P0A.i1P0A, i24 %stream_in_V_data_V, i3 %stream_in_V_keep_V, i3 %stream_in_V_strb_V, i1 %stream_in_V_user_V, i1 %stream_in_V_last_V, i1 %stream_in_V_id_V, i1 %stream_in_V_dest_V" [overlay_core.cpp:31]   --->   Operation 50 'read' 'empty_18' <Predicate = true> <Delay = 0.48> <CoreInst = "regslice">   --->   Core 136 'regslice' <Latency = 0> <II = 1> <Delay = 1.86> <Adapter> <Opcode : 'read' 'write'>
ST_2 : Operation 51 [1/1] (0.00ns)   --->   "%pixel_in_data = extractvalue i34 %empty_18" [overlay_core.cpp:31]   --->   Operation 51 'extractvalue' 'pixel_in_data' <Predicate = true> <Delay = 0.00>
ST_2 : Operation 52 [1/1] (0.00ns)   --->   "%pixel_in_keep = extractvalue i34 %empty_18" [overlay_core.cpp:31]   --->   Operation 52 'extractvalue' 'pixel_in_keep' <Predicate = true> <Delay = 0.00>
ST_2 : Operation 53 [1/1] (0.00ns)   --->   "%pixel_in_strb = extractvalue i34 %empty_18" [overlay_core.cpp:31]   --->   Operation 53 'extractvalue' 'pixel_in_strb' <Predicate = true> <Delay = 0.00>
ST_2 : Operation 54 [1/1] (0.00ns)   --->   "%pixel_in_user = extractvalue i34 %empty_18" [overlay_core.cpp:31]   --->   Operation 54 'extractvalue' 'pixel_in_user' <Predicate = true> <Delay = 0.00>
ST_2 : Operation 55 [1/1] (0.00ns)   --->   "%pixel_in_last = extractvalue i34 %empty_18" [overlay_core.cpp:31]   --->   Operation 55 'extractvalue' 'pixel_in_last' <Predicate = true> <Delay = 0.00>
ST_2 : Operation 56 [1/1] (0.00ns)   --->   "%pixel_in_id = extractvalue i34 %empty_18" [overlay_core.cpp:31]   --->   Operation 56 'extractvalue' 'pixel_in_id' <Predicate = true> <Delay = 0.00>
ST_2 : Operation 57 [1/1] (0.00ns)   --->   "%pixel_in_dest = extractvalue i34 %empty_18" [overlay_core.cpp:31]   --->   Operation 57 'extractvalue' 'pixel_in_dest' <Predicate = true> <Delay = 0.00>
ST_2 : Operation 58 [1/1] (1.58ns)   --->   "%br_ln41 = br i1 %enable_read, void %if.end17, void %if.then11" [overlay_core.cpp:41]   --->   Operation 58 'br' 'br_ln41' <Predicate = true> <Delay = 1.58>

State 3 <SV = 2> <Delay = 5.27>
ST_3 : Operation 59 [1/1] (0.00ns)   --->   "%p_load24 = load i16 %empty" [overlay_core.cpp:42]   --->   Operation 59 'load' 'p_load24' <Predicate = (enable_read)> <Delay = 0.00>
ST_3 : Operation 60 [1/1] (0.00ns)   --->   "%p_load23 = load i16 %empty_17" [overlay_core.cpp:42]   --->   Operation 60 'load' 'p_load23' <Predicate = (enable_read)> <Delay = 0.00>
ST_3 : Operation 61 [1/1] (2.07ns)   --->   "%icmp_ln42 = icmp_ult  i16 %p_load24, i16 100" [overlay_core.cpp:42]   --->   Operation 61 'icmp' 'icmp_ln42' <Predicate = (enable_read)> <Delay = 2.07> <CoreInst = "Cmp">   --->   Core 9 'Cmp' <Latency = 0> <II = 1> <Delay = 2.07> <FuncUnit> <Opcode : 'seteq' 'setne' 'setle' 'setge' 'setlt' 'setgt'> <InPorts = 2> <OutPorts = 1>
ST_3 : Operation 62 [1/1] (2.07ns)   --->   "%icmp_ln42_1 = icmp_ult  i16 %p_load23, i16 500" [overlay_core.cpp:42]   --->   Operation 62 'icmp' 'icmp_ln42_1' <Predicate = (enable_read)> <Delay = 2.07> <CoreInst = "Cmp">   --->   Core 9 'Cmp' <Latency = 0> <II = 1> <Delay = 2.07> <FuncUnit> <Opcode : 'seteq' 'setne' 'setle' 'setge' 'setlt' 'setgt'> <InPorts = 2> <OutPorts = 1>
ST_3 : Operation 63 [1/1] (0.00ns) (grouped into LUT with out node pixel_out_data_2)   --->   "%and_ln42_1 = and i1 %icmp_ln42, i1 %icmp_ln42_1" [overlay_core.cpp:42]   --->   Operation 63 'and' 'and_ln42_1' <Predicate = (enable_read)> <Delay = 0.00> <CoreInst = "LogicGate">   --->   Core 74 'LogicGate' <Latency = 0> <II = 1> <Delay = 0.97> <FuncUnit> <Opcode : 'and' 'or' 'xor'> <InPorts = 2> <OutPorts = 1>
ST_3 : Operation 64 [1/1] (0.00ns) (grouped into LUT with out node pixel_out_data_2)   --->   "%or_ln42 = or i1 %pixel_in_user, i1 %and_ln42_1" [overlay_core.cpp:42]   --->   Operation 64 'or' 'or_ln42' <Predicate = (enable_read)> <Delay = 0.00> <CoreInst = "LogicGate">   --->   Core 74 'LogicGate' <Latency = 0> <II = 1> <Delay = 0.97> <FuncUnit> <Opcode : 'and' 'or' 'xor'> <InPorts = 2> <OutPorts = 1>
ST_3 : Operation 65 [1/1] (0.97ns) (out node of the LUT)   --->   "%pixel_out_data_2 = select i1 %or_ln42, i24 16711680, i24 %pixel_in_data" [overlay_core.cpp:42]   --->   Operation 65 'select' 'pixel_out_data_2' <Predicate = (enable_read)> <Delay = 0.97> <CoreInst = "Sel">   --->   Core 73 'Sel' <Latency = 0> <II = 1> <Delay = 0.69> <FuncUnit> <Opcode : 'select'> <InPorts = 3> <OutPorts = 1>
ST_3 : Operation 66 [1/1] (1.58ns)   --->   "%br_ln45 = br void %if.end17" [overlay_core.cpp:45]   --->   Operation 66 'br' 'br_ln45' <Predicate = (enable_read)> <Delay = 1.58>
ST_3 : Operation 67 [1/1] (0.00ns)   --->   "%p_load25 = load i16 %empty" [overlay_core.cpp:33]   --->   Operation 67 'load' 'p_load25' <Predicate = (!pixel_in_user)> <Delay = 0.00>
ST_3 : Operation 68 [1/1] (0.00ns)   --->   "%p_load = load i16 %empty_17" [overlay_core.cpp:49]   --->   Operation 68 'load' 'p_load' <Predicate = true> <Delay = 0.00>
ST_3 : Operation 69 [1/1] (2.07ns)   --->   "%add_ln49 = add i16 %p_load, i16 1" [overlay_core.cpp:49]   --->   Operation 69 'add' 'add_ln49' <Predicate = true> <Delay = 2.07> <CoreInst = "Adder">   --->   Core 1 'Adder' <Latency = 0> <II = 1> <Delay = 2.07> <FuncUnit> <Opcode : 'add' 'sub'> <InPorts = 2> <OutPorts = 1>
ST_3 : Operation 70 [1/1] (0.80ns)   --->   "%select_ln33 = select i1 %pixel_in_user, i16 0, i16 %p_load25" [overlay_core.cpp:33]   --->   Operation 70 'select' 'select_ln33' <Predicate = true> <Delay = 0.80> <CoreInst = "Sel">   --->   Core 73 'Sel' <Latency = 0> <II = 1> <Delay = 0.80> <FuncUnit> <Opcode : 'select'> <InPorts = 3> <OutPorts = 1>
ST_3 : Operation 71 [1/1] (2.07ns)   --->   "%add_ln52 = add i16 %select_ln33, i16 1" [overlay_core.cpp:52]   --->   Operation 71 'add' 'add_ln52' <Predicate = (pixel_in_last)> <Delay = 2.07> <CoreInst = "Adder">   --->   Core 1 'Adder' <Latency = 0> <II = 1> <Delay = 2.07> <FuncUnit> <Opcode : 'add' 'sub'> <InPorts = 2> <OutPorts = 1>
ST_3 : Operation 72 [1/1] (0.00ns) (grouped into LUT with out node select_ln50)   --->   "%select_ln50_2 = select i1 %pixel_in_last, i16 0, i16 1" [overlay_core.cpp:50]   --->   Operation 72 'select' 'select_ln50_2' <Predicate = true> <Delay = 0.00> <CoreInst = "Sel">   --->   Core 73 'Sel' <Latency = 0> <II = 1> <Delay = 0.99> <FuncUnit> <Opcode : 'select'> <InPorts = 3> <OutPorts = 1>
ST_3 : Operation 73 [1/1] (0.00ns) (grouped into LUT with out node select_ln50)   --->   "%or_ln50 = or i1 %pixel_in_last, i1 %pixel_in_user" [overlay_core.cpp:50]   --->   Operation 73 'or' 'or_ln50' <Predicate = true> <Delay = 0.00> <CoreInst = "LogicGate">   --->   Core 74 'LogicGate' <Latency = 0> <II = 1> <Delay = 0.97> <FuncUnit> <Opcode : 'and' 'or' 'xor'> <InPorts = 2> <OutPorts = 1>
ST_3 : Operation 74 [1/1] (0.99ns) (out node of the LUT)   --->   "%select_ln50 = select i1 %or_ln50, i16 %select_ln50_2, i16 %add_ln49" [overlay_core.cpp:50]   --->   Operation 74 'select' 'select_ln50' <Predicate = true> <Delay = 0.99> <CoreInst = "Sel">   --->   Core 73 'Sel' <Latency = 0> <II = 1> <Delay = 0.80> <FuncUnit> <Opcode : 'select'> <InPorts = 3> <OutPorts = 1>
ST_3 : Operation 75 [1/1] (0.80ns)   --->   "%select_ln50_1 = select i1 %pixel_in_last, i16 %add_ln52, i16 %select_ln33" [overlay_core.cpp:50]   --->   Operation 75 'select' 'select_ln50_1' <Predicate = true> <Delay = 0.80> <CoreInst = "Sel">   --->   Core 73 'Sel' <Latency = 0> <II = 1> <Delay = 0.80> <FuncUnit> <Opcode : 'select'> <InPorts = 3> <OutPorts = 1>
ST_3 : Operation 76 [1/1] (1.58ns)   --->   "%store_ln50 = store i16 %select_ln50, i16 %empty_17" [overlay_core.cpp:50]   --->   Operation 76 'store' 'store_ln50' <Predicate = true> <Delay = 1.58>
ST_3 : Operation 77 [1/1] (1.58ns)   --->   "%store_ln50 = store i16 %select_ln50_1, i16 %empty" [overlay_core.cpp:50]   --->   Operation 77 'store' 'store_ln50' <Predicate = true> <Delay = 1.58>

State 4 <SV = 3> <Delay = 1.26>
ST_4 : Operation 78 [1/1] (0.00ns)   --->   "%pixel_out_data_1 = phi i24 %pixel_out_data_2, void %if.then11, i24 %pixel_in_data, void %while.body"   --->   Operation 78 'phi' 'pixel_out_data_1' <Predicate = true> <Delay = 0.00>
ST_4 : Operation 79 [2/2] (1.26ns)   --->   "%write_ln47 = write void @_ssdm_op_Write.axis.volatile.i24P0A.i3P0A.i3P0A.i1P0A.i1P0A.i1P0A.i1P0A, i24 %stream_out_V_data_V, i3 %stream_out_V_keep_V, i3 %stream_out_V_strb_V, i1 %stream_out_V_user_V, i1 %stream_out_V_last_V, i1 %stream_out_V_id_V, i1 %stream_out_V_dest_V, i24 %pixel_out_data_1, i3 %pixel_in_keep, i3 %pixel_in_strb, i1 %pixel_in_user, i1 %pixel_in_last, i1 %pixel_in_id, i1 %pixel_in_dest" [overlay_core.cpp:47]   --->   Operation 79 'write' 'write_ln47' <Predicate = true> <Delay = 1.26> <CoreInst = "regslice">   --->   Core 136 'regslice' <Latency = 0> <II = 1> <Delay = 1.86> <Adapter> <Opcode : 'read' 'write'>

State 5 <SV = 4> <Delay = 1.26>
ST_5 : Operation 80 [1/2] (1.26ns)   --->   "%write_ln47 = write void @_ssdm_op_Write.axis.volatile.i24P0A.i3P0A.i3P0A.i1P0A.i1P0A.i1P0A.i1P0A, i24 %stream_out_V_data_V, i3 %stream_out_V_keep_V, i3 %stream_out_V_strb_V, i1 %stream_out_V_user_V, i1 %stream_out_V_last_V, i1 %stream_out_V_id_V, i1 %stream_out_V_dest_V, i24 %pixel_out_data_1, i3 %pixel_in_keep, i3 %pixel_in_strb, i1 %pixel_in_user, i1 %pixel_in_last, i1 %pixel_in_id, i1 %pixel_in_dest" [overlay_core.cpp:47]   --->   Operation 80 'write' 'write_ln47' <Predicate = true> <Delay = 1.26> <CoreInst = "regslice">   --->   Core 136 'regslice' <Latency = 0> <II = 1> <Delay = 1.86> <Adapter> <Opcode : 'read' 'write'>
ST_5 : Operation 81 [1/1] (0.00ns)   --->   "%br_ln28 = br void %while.body" [overlay_core.cpp:28]   --->   Operation 81 'br' 'br_ln28' <Predicate = true> <Delay = 0.00>


============================================================
+ Verbose Summary: Binding
============================================================
STG Binding: 
---------------- STG Properties BEGIN ----------------
- Is combinational: 0
- Is one-state seq: 0
- Is datapath-only: 0
- Is pipelined: 0
- Is top level: 1
Port [ Return ] is wired: 1; IO mode=ap_ctrl_none:ce=0
Port [ stream_in_V_data_V]:  wired=1; compound=1; hidden=0; nouse=0; global=0; static=0; extern=0; dir=0; type=0; pingpong=0; private_global=0; IO mode=axis:ce=0
Port [ stream_in_V_keep_V]:  wired=1; compound=1; hidden=0; nouse=0; global=0; static=0; extern=0; dir=0; type=0; pingpong=0; private_global=0; IO mode=axis:ce=0
Port [ stream_in_V_strb_V]:  wired=1; compound=1; hidden=0; nouse=0; global=0; static=0; extern=0; dir=0; type=0; pingpong=0; private_global=0; IO mode=axis:ce=0
Port [ stream_in_V_user_V]:  wired=1; compound=1; hidden=0; nouse=0; global=0; static=0; extern=0; dir=0; type=0; pingpong=0; private_global=0; IO mode=axis:ce=0
Port [ stream_in_V_last_V]:  wired=1; compound=1; hidden=0; nouse=0; global=0; static=0; extern=0; dir=0; type=0; pingpong=0; private_global=0; IO mode=axis:ce=0
Port [ stream_in_V_id_V]:  wired=1; compound=1; hidden=0; nouse=0; global=0; static=0; extern=0; dir=0; type=0; pingpong=0; private_global=0; IO mode=axis:ce=0
Port [ stream_in_V_dest_V]:  wired=1; compound=1; hidden=0; nouse=0; global=0; static=0; extern=0; dir=0; type=0; pingpong=0; private_global=0; IO mode=axis:ce=0
Port [ stream_out_V_data_V]:  wired=1; compound=1; hidden=0; nouse=0; global=0; static=0; extern=0; dir=1; type=0; pingpong=0; private_global=0; IO mode=axis:ce=0
Port [ stream_out_V_keep_V]:  wired=1; compound=1; hidden=0; nouse=0; global=0; static=0; extern=0; dir=1; type=0; pingpong=0; private_global=0; IO mode=axis:ce=0
Port [ stream_out_V_strb_V]:  wired=1; compound=1; hidden=0; nouse=0; global=0; static=0; extern=0; dir=1; type=0; pingpong=0; private_global=0; IO mode=axis:ce=0
Port [ stream_out_V_user_V]:  wired=1; compound=1; hidden=0; nouse=0; global=0; static=0; extern=0; dir=1; type=0; pingpong=0; private_global=0; IO mode=axis:ce=0
Port [ stream_out_V_last_V]:  wired=1; compound=1; hidden=0; nouse=0; global=0; static=0; extern=0; dir=1; type=0; pingpong=0; private_global=0; IO mode=axis:ce=0
Port [ stream_out_V_id_V]:  wired=1; compound=1; hidden=0; nouse=0; global=0; static=0; extern=0; dir=1; type=0; pingpong=0; private_global=0; IO mode=axis:ce=0
Port [ stream_out_V_dest_V]:  wired=1; compound=1; hidden=0; nouse=0; global=0; static=0; extern=0; dir=1; type=0; pingpong=0; private_global=0; IO mode=axis:ce=0
Port [ enable]:  wired=1; compound=0; hidden=0; nouse=0; global=0; static=0; extern=0; dir=0; type=0; pingpong=0; private_global=0; IO mode=ap_none:ce=0
Port [ x_pos]:  wired=1; compound=0; hidden=0; nouse=1; global=0; static=0; extern=0; dir=0; type=0; pingpong=0; private_global=0; IO mode=ap_none:ce=0
Port [ y_pos]:  wired=1; compound=0; hidden=0; nouse=1; global=0; static=0; extern=0; dir=0; type=0; pingpong=0; private_global=0; IO mode=ap_none:ce=0
Port [ height]:  wired=1; compound=0; hidden=0; nouse=1; global=0; static=0; extern=0; dir=0; type=0; pingpong=0; private_global=0; IO mode=ap_none:ce=0
Port [ width]:  wired=1; compound=0; hidden=0; nouse=1; global=0; static=0; extern=0; dir=0; type=0; pingpong=0; private_global=0; IO mode=ap_none:ce=0
---------------- STG Properties END ------------------

---------------- Datapath Model BEGIN ----------------

<LifeTime>
<method=bitvector/>
empty                    (alloca             ) [ 011111]
empty_17                 (alloca             ) [ 011111]
spectopmodule_ln3        (spectopmodule      ) [ 000000]
specinterface_ln3        (specinterface      ) [ 000000]
specinterface_ln0        (specinterface      ) [ 000000]
specbitsmap_ln0          (specbitsmap        ) [ 000000]
specbitsmap_ln0          (specbitsmap        ) [ 000000]
specbitsmap_ln0          (specbitsmap        ) [ 000000]
specbitsmap_ln0          (specbitsmap        ) [ 000000]
specbitsmap_ln0          (specbitsmap        ) [ 000000]
specbitsmap_ln0          (specbitsmap        ) [ 000000]
specbitsmap_ln0          (specbitsmap        ) [ 000000]
specinterface_ln0        (specinterface      ) [ 000000]
specbitsmap_ln0          (specbitsmap        ) [ 000000]
specbitsmap_ln0          (specbitsmap        ) [ 000000]
specbitsmap_ln0          (specbitsmap        ) [ 000000]
specbitsmap_ln0          (specbitsmap        ) [ 000000]
specbitsmap_ln0          (specbitsmap        ) [ 000000]
specbitsmap_ln0          (specbitsmap        ) [ 000000]
specbitsmap_ln0          (specbitsmap        ) [ 000000]
specbitsmap_ln0          (specbitsmap        ) [ 000000]
specinterface_ln0        (specinterface      ) [ 000000]
specinterface_ln0        (specinterface      ) [ 000000]
specbitsmap_ln0          (specbitsmap        ) [ 000000]
specinterface_ln0        (specinterface      ) [ 000000]
specinterface_ln0        (specinterface      ) [ 000000]
specbitsmap_ln0          (specbitsmap        ) [ 000000]
specinterface_ln0        (specinterface      ) [ 000000]
specinterface_ln0        (specinterface      ) [ 000000]
specbitsmap_ln0          (specbitsmap        ) [ 000000]
specinterface_ln0        (specinterface      ) [ 000000]
specinterface_ln0        (specinterface      ) [ 000000]
specbitsmap_ln0          (specbitsmap        ) [ 000000]
specinterface_ln0        (specinterface      ) [ 000000]
specinterface_ln0        (specinterface      ) [ 000000]
specinterface_ln0        (specinterface      ) [ 000000]
enable_read              (read               ) [ 001111]
specaxissidechannel_ln28 (specaxissidechannel) [ 000000]
specaxissidechannel_ln28 (specaxissidechannel) [ 000000]
store_ln0                (store              ) [ 000000]
store_ln0                (store              ) [ 000000]
br_ln28                  (br                 ) [ 000000]
specpipeline_ln29        (specpipeline       ) [ 000000]
specloopname_ln28        (specloopname       ) [ 000000]
empty_18                 (read               ) [ 000000]
pixel_in_data            (extractvalue       ) [ 001111]
pixel_in_keep            (extractvalue       ) [ 001111]
pixel_in_strb            (extractvalue       ) [ 001111]
pixel_in_user            (extractvalue       ) [ 001111]
pixel_in_last            (extractvalue       ) [ 001111]
pixel_in_id              (extractvalue       ) [ 001111]
pixel_in_dest            (extractvalue       ) [ 001111]
br_ln41                  (br                 ) [ 001111]
p_load24                 (load               ) [ 000000]
p_load23                 (load               ) [ 000000]
icmp_ln42                (icmp               ) [ 000000]
icmp_ln42_1              (icmp               ) [ 000000]
and_ln42_1               (and                ) [ 000000]
or_ln42                  (or                 ) [ 000000]
pixel_out_data_2         (select             ) [ 001111]
br_ln45                  (br                 ) [ 001111]
p_load25                 (load               ) [ 000000]
p_load                   (load               ) [ 000000]
add_ln49                 (add                ) [ 000000]
select_ln33              (select             ) [ 000000]
add_ln52                 (add                ) [ 000000]
select_ln50_2            (select             ) [ 000000]
or_ln50                  (or                 ) [ 000000]
select_ln50              (select             ) [ 000000]
select_ln50_1            (select             ) [ 000000]
store_ln50               (store              ) [ 000000]
store_ln50               (store              ) [ 000000]
pixel_out_data_1         (phi                ) [ 001011]
write_ln47               (write              ) [ 000000]
br_ln28                  (br                 ) [ 000000]
</LifeTime>

<model>

<comp_list>
<comp id="0" class="1000" name="stream_in_V_data_V">
<pin_list>
<pin id="1" dir="1" index="0" bw="1" slack="0"/>
</pin_list>
<bind>
<StgValue><ssdm name="stream_in_V_data_V"/></StgValue>
</bind>
</comp>

<comp id="2" class="1000" name="stream_in_V_keep_V">
<pin_list>
<pin id="3" dir="1" index="0" bw="1" slack="0"/>
</pin_list>
<bind>
<StgValue><ssdm name="stream_in_V_keep_V"/></StgValue>
</bind>
</comp>

<comp id="4" class="1000" name="stream_in_V_strb_V">
<pin_list>
<pin id="5" dir="1" index="0" bw="1" slack="0"/>
</pin_list>
<bind>
<StgValue><ssdm name="stream_in_V_strb_V"/></StgValue>
</bind>
</comp>

<comp id="6" class="1000" name="stream_in_V_user_V">
<pin_list>
<pin id="7" dir="1" index="0" bw="1" slack="0"/>
</pin_list>
<bind>
<StgValue><ssdm name="stream_in_V_user_V"/></StgValue>
</bind>
</comp>

<comp id="8" class="1000" name="stream_in_V_last_V">
<pin_list>
<pin id="9" dir="1" index="0" bw="1" slack="0"/>
</pin_list>
<bind>
<StgValue><ssdm name="stream_in_V_last_V"/></StgValue>
</bind>
</comp>

<comp id="10" class="1000" name="stream_in_V_id_V">
<pin_list>
<pin id="11" dir="1" index="0" bw="1" slack="0"/>
</pin_list>
<bind>
<StgValue><ssdm name="stream_in_V_id_V"/></StgValue>
</bind>
</comp>

<comp id="12" class="1000" name="stream_in_V_dest_V">
<pin_list>
<pin id="13" dir="1" index="0" bw="1" slack="0"/>
</pin_list>
<bind>
<StgValue><ssdm name="stream_in_V_dest_V"/></StgValue>
</bind>
</comp>

<comp id="14" class="1000" name="stream_out_V_data_V">
<pin_list>
<pin id="15" dir="1" index="0" bw="1" slack="0"/>
</pin_list>
<bind>
<StgValue><ssdm name="stream_out_V_data_V"/></StgValue>
</bind>
</comp>

<comp id="16" class="1000" name="stream_out_V_keep_V">
<pin_list>
<pin id="17" dir="1" index="0" bw="1" slack="0"/>
</pin_list>
<bind>
<StgValue><ssdm name="stream_out_V_keep_V"/></StgValue>
</bind>
</comp>

<comp id="18" class="1000" name="stream_out_V_strb_V">
<pin_list>
<pin id="19" dir="1" index="0" bw="1" slack="0"/>
</pin_list>
<bind>
<StgValue><ssdm name="stream_out_V_strb_V"/></StgValue>
</bind>
</comp>

<comp id="20" class="1000" name="stream_out_V_user_V">
<pin_list>
<pin id="21" dir="1" index="0" bw="1" slack="0"/>
</pin_list>
<bind>
<StgValue><ssdm name="stream_out_V_user_V"/></StgValue>
</bind>
</comp>

<comp id="22" class="1000" name="stream_out_V_last_V">
<pin_list>
<pin id="23" dir="1" index="0" bw="1" slack="0"/>
</pin_list>
<bind>
<StgValue><ssdm name="stream_out_V_last_V"/></StgValue>
</bind>
</comp>

<comp id="24" class="1000" name="stream_out_V_id_V">
<pin_list>
<pin id="25" dir="1" index="0" bw="1" slack="0"/>
</pin_list>
<bind>
<StgValue><ssdm name="stream_out_V_id_V"/></StgValue>
</bind>
</comp>

<comp id="26" class="1000" name="stream_out_V_dest_V">
<pin_list>
<pin id="27" dir="1" index="0" bw="1" slack="0"/>
</pin_list>
<bind>
<StgValue><ssdm name="stream_out_V_dest_V"/></StgValue>
</bind>
</comp>

<comp id="28" class="1000" name="enable">
<pin_list>
<pin id="29" dir="1" index="0" bw="1" slack="0"/>
</pin_list>
<bind>
<StgValue><ssdm name="enable"/></StgValue>
</bind>
</comp>

<comp id="30" class="1000" name="x_pos">
<pin_list>
<pin id="31" dir="1" index="0" bw="1" slack="2147483647"/>
</pin_list>
<bind>
<StgValue><ssdm name="x_pos"/></StgValue>
</bind>
</comp>

<comp id="32" class="1000" name="y_pos">
<pin_list>
<pin id="33" dir="1" index="0" bw="1" slack="2147483647"/>
</pin_list>
<bind>
<StgValue><ssdm name="y_pos"/></StgValue>
</bind>
</comp>

<comp id="34" class="1000" name="height">
<pin_list>
<pin id="35" dir="1" index="0" bw="1" slack="2147483647"/>
</pin_list>
<bind>
<StgValue><ssdm name="height"/></StgValue>
</bind>
</comp>

<comp id="36" class="1000" name="width">
<pin_list>
<pin id="37" dir="1" index="0" bw="1" slack="2147483647"/>
</pin_list>
<bind>
<StgValue><ssdm name="width"/></StgValue>
</bind>
</comp>

<comp id="38" class="1001" name="const_38">
<pin_list>
<pin id="39" dir="1" index="0" bw="1" slack="0"/>
</pin_list>
<bind>
<StgValue><ssdm name=""/></StgValue>
</bind>
</comp>

<comp id="40" class="1001" name="const_40">
<pin_list>
<pin id="41" dir="1" index="0" bw="1" slack="2147483647"/>
</pin_list>
<bind>
<StgValue><ssdm name="_ssdm_op_SpecTopModule"/></StgValue>
</bind>
</comp>

<comp id="42" class="1001" name="const_42">
<pin_list>
<pin id="43" dir="1" index="0" bw="1" slack="2147483647"/>
</pin_list>
<bind>
<StgValue><ssdm name="empty_12"/></StgValue>
</bind>
</comp>

<comp id="44" class="1001" name="const_44">
<pin_list>
<pin id="45" dir="1" index="0" bw="1" slack="2147483647"/>
</pin_list>
<bind>
<StgValue><ssdm name="_ssdm_op_SpecInterface"/></StgValue>
</bind>
</comp>

<comp id="46" class="1001" name="const_46">
<pin_list>
<pin id="47" dir="1" index="0" bw="1" slack="2147483647"/>
</pin_list>
<bind>
<StgValue><ssdm name=""/></StgValue>
</bind>
</comp>

<comp id="48" class="1001" name="const_48">
<pin_list>
<pin id="49" dir="1" index="0" bw="1" slack="2147483647"/>
</pin_list>
<bind>
<StgValue><ssdm name="empty_13"/></StgValue>
</bind>
</comp>

<comp id="50" class="1001" name="const_50">
<pin_list>
<pin id="51" dir="1" index="0" bw="1" slack="2147483647"/>
</pin_list>
<bind>
<StgValue><ssdm name="empty_1"/></StgValue>
</bind>
</comp>

<comp id="52" class="1001" name="const_52">
<pin_list>
<pin id="53" dir="1" index="0" bw="1" slack="2147483647"/>
</pin_list>
<bind>
<StgValue><ssdm name=""/></StgValue>
</bind>
</comp>

<comp id="54" class="1001" name="const_54">
<pin_list>
<pin id="55" dir="1" index="0" bw="1" slack="2147483647"/>
</pin_list>
<bind>
<StgValue><ssdm name="empty"/></StgValue>
</bind>
</comp>

<comp id="56" class="1001" name="const_56">
<pin_list>
<pin id="57" dir="1" index="0" bw="1" slack="2147483647"/>
</pin_list>
<bind>
<StgValue><ssdm name="empty_0"/></StgValue>
</bind>
</comp>

<comp id="58" class="1001" name="const_58">
<pin_list>
<pin id="59" dir="1" index="0" bw="1" slack="2147483647"/>
</pin_list>
<bind>
<StgValue><ssdm name="_ssdm_op_SpecBitsMap"/></StgValue>
</bind>
</comp>

<comp id="60" class="1001" name="const_60">
<pin_list>
<pin id="61" dir="1" index="0" bw="1" slack="2147483647"/>
</pin_list>
<bind>
<StgValue><ssdm name="empty_2"/></StgValue>
</bind>
</comp>

<comp id="62" class="1001" name="const_62">
<pin_list>
<pin id="63" dir="1" index="0" bw="1" slack="2147483647"/>
</pin_list>
<bind>
<StgValue><ssdm name="empty_3"/></StgValue>
</bind>
</comp>

<comp id="64" class="1001" name="const_64">
<pin_list>
<pin id="65" dir="1" index="0" bw="1" slack="2147483647"/>
</pin_list>
<bind>
<StgValue><ssdm name="empty_4"/></StgValue>
</bind>
</comp>

<comp id="66" class="1001" name="const_66">
<pin_list>
<pin id="67" dir="1" index="0" bw="1" slack="2147483647"/>
</pin_list>
<bind>
<StgValue><ssdm name="empty_5"/></StgValue>
</bind>
</comp>

<comp id="68" class="1001" name="const_68">
<pin_list>
<pin id="69" dir="1" index="0" bw="1" slack="2147483647"/>
</pin_list>
<bind>
<StgValue><ssdm name="empty_6"/></StgValue>
</bind>
</comp>

<comp id="70" class="1001" name="const_70">
<pin_list>
<pin id="71" dir="1" index="0" bw="1" slack="2147483647"/>
</pin_list>
<bind>
<StgValue><ssdm name="empty_7"/></StgValue>
</bind>
</comp>

<comp id="72" class="1001" name="const_72">
<pin_list>
<pin id="73" dir="1" index="0" bw="1" slack="2147483647"/>
</pin_list>
<bind>
<StgValue><ssdm name="empty_8"/></StgValue>
</bind>
</comp>

<comp id="74" class="1001" name="const_74">
<pin_list>
<pin id="75" dir="1" index="0" bw="1" slack="2147483647"/>
</pin_list>
<bind>
<StgValue><ssdm name="empty_9"/></StgValue>
</bind>
</comp>

<comp id="76" class="1001" name="const_76">
<pin_list>
<pin id="77" dir="1" index="0" bw="1" slack="0"/>
</pin_list>
<bind>
<StgValue><ssdm name="_ssdm_op_Read.s_axilite.i1"/></StgValue>
</bind>
</comp>

<comp id="78" class="1001" name="const_78">
<pin_list>
<pin id="79" dir="1" index="0" bw="1" slack="2147483647"/>
</pin_list>
<bind>
<StgValue><ssdm name="_ssdm_op_SpecAXISSideChannel"/></StgValue>
</bind>
</comp>

<comp id="80" class="1001" name="const_80">
<pin_list>
<pin id="81" dir="1" index="0" bw="1" slack="2147483647"/>
</pin_list>
<bind>
<StgValue><ssdm name="empty_10"/></StgValue>
</bind>
</comp>

<comp id="82" class="1001" name="const_82">
<pin_list>
<pin id="83" dir="1" index="0" bw="1" slack="2147483647"/>
</pin_list>
<bind>
<StgValue><ssdm name="empty_11"/></StgValue>
</bind>
</comp>

<comp id="84" class="1001" name="const_84">
<pin_list>
<pin id="85" dir="1" index="0" bw="1" slack="0"/>
</pin_list>
<bind>
<StgValue><ssdm name=""/></StgValue>
</bind>
</comp>

<comp id="86" class="1001" name="const_86">
<pin_list>
<pin id="87" dir="1" index="0" bw="1" slack="2147483647"/>
</pin_list>
<bind>
<StgValue><ssdm name="_ssdm_op_SpecPipeline"/></StgValue>
</bind>
</comp>

<comp id="88" class="1001" name="const_88">
<pin_list>
<pin id="89" dir="1" index="0" bw="1" slack="2147483647"/>
</pin_list>
<bind>
<StgValue><ssdm name="_ssdm_op_SpecLoopName"/></StgValue>
</bind>
</comp>

<comp id="90" class="1001" name="const_90">
<pin_list>
<pin id="91" dir="1" index="0" bw="1" slack="2147483647"/>
</pin_list>
<bind>
<StgValue><ssdm name="empty_14"/></StgValue>
</bind>
</comp>

<comp id="92" class="1001" name="const_92">
<pin_list>
<pin id="93" dir="1" index="0" bw="1" slack="0"/>
</pin_list>
<bind>
<StgValue><ssdm name="_ssdm_op_Read.axis.volatile.i24P0A.i3P0A.i3P0A.i1P0A.i1P0A.i1P0A.i1P0A"/></StgValue>
</bind>
</comp>

<comp id="94" class="1001" name="const_94">
<pin_list>
<pin id="95" dir="1" index="0" bw="1" slack="0"/>
</pin_list>
<bind>
<StgValue><ssdm name=""/></StgValue>
</bind>
</comp>

<comp id="96" class="1001" name="const_96">
<pin_list>
<pin id="97" dir="1" index="0" bw="1" slack="0"/>
</pin_list>
<bind>
<StgValue><ssdm name=""/></StgValue>
</bind>
</comp>

<comp id="98" class="1001" name="const_98">
<pin_list>
<pin id="99" dir="1" index="0" bw="1" slack="0"/>
</pin_list>
<bind>
<StgValue><ssdm name=""/></StgValue>
</bind>
</comp>

<comp id="100" class="1001" name="const_100">
<pin_list>
<pin id="101" dir="1" index="0" bw="1" slack="0"/>
</pin_list>
<bind>
<StgValue><ssdm name=""/></StgValue>
</bind>
</comp>

<comp id="102" class="1001" name="const_102">
<pin_list>
<pin id="103" dir="1" index="0" bw="1" slack="0"/>
</pin_list>
<bind>
<StgValue><ssdm name="_ssdm_op_Write.axis.volatile.i24P0A.i3P0A.i3P0A.i1P0A.i1P0A.i1P0A.i1P0A"/></StgValue>
</bind>
</comp>

<comp id="104" class="1004" name="empty_fu_104">
<pin_list>
<pin id="105" dir="0" index="0" bw="1" slack="0"/>
<pin id="106" dir="1" index="1" bw="16" slack="0"/>
</pin_list>
<bind>
<opcode="alloca(26) " fcode="alloca"/>
<opset="empty/1 "/>
</bind>
</comp>

<comp id="108" class="1004" name="empty_17_fu_108">
<pin_list>
<pin id="109" dir="0" index="0" bw="1" slack="0"/>
<pin id="110" dir="1" index="1" bw="16" slack="0"/>
</pin_list>
<bind>
<opcode="alloca(26) " fcode="alloca"/>
<opset="empty_17/1 "/>
</bind>
</comp>

<comp id="112" class="1004" name="enable_read_read_fu_112">
<pin_list>
<pin id="113" dir="0" index="0" bw="1" slack="0"/>
<pin id="114" dir="0" index="1" bw="1" slack="0"/>
<pin id="115" dir="1" index="2" bw="1" slack="1"/>
</pin_list>
<bind>
<opcode="read(1150) " fcode="read"/>
<opset="enable_read/1 "/>
</bind>
</comp>

<comp id="118" class="1004" name="empty_18_read_fu_118">
<pin_list>
<pin id="119" dir="0" index="0" bw="34" slack="0"/>
<pin id="120" dir="0" index="1" bw="24" slack="0"/>
<pin id="121" dir="0" index="2" bw="3" slack="0"/>
<pin id="122" dir="0" index="3" bw="3" slack="0"/>
<pin id="123" dir="0" index="4" bw="1" slack="0"/>
<pin id="124" dir="0" index="5" bw="1" slack="0"/>
<pin id="125" dir="0" index="6" bw="1" slack="0"/>
<pin id="126" dir="0" index="7" bw="1" slack="0"/>
<pin id="127" dir="1" index="8" bw="34" slack="0"/>
</pin_list>
<bind>
<opcode="read(1150) " fcode="read"/>
<opset="empty_18/2 "/>
</bind>
</comp>

<comp id="136" class="1004" name="grp_write_fu_136">
<pin_list>
<pin id="137" dir="0" index="0" bw="0" slack="0"/>
<pin id="138" dir="0" index="1" bw="24" slack="0"/>
<pin id="139" dir="0" index="2" bw="3" slack="0"/>
<pin id="140" dir="0" index="3" bw="3" slack="0"/>
<pin id="141" dir="0" index="4" bw="1" slack="0"/>
<pin id="142" dir="0" index="5" bw="1" slack="0"/>
<pin id="143" dir="0" index="6" bw="1" slack="0"/>
<pin id="144" dir="0" index="7" bw="1" slack="0"/>
<pin id="145" dir="0" index="8" bw="24" slack="0"/>
<pin id="146" dir="0" index="9" bw="3" slack="2"/>
<pin id="147" dir="0" index="10" bw="3" slack="2"/>
<pin id="148" dir="0" index="11" bw="1" slack="2"/>
<pin id="149" dir="0" index="12" bw="1" slack="2"/>
<pin id="150" dir="0" index="13" bw="1" slack="2"/>
<pin id="151" dir="0" index="14" bw="1" slack="2"/>
<pin id="152" dir="1" index="15" bw="0" slack="2147483647"/>
</pin_list>
<bind>
<opcode="write(1151) " fcode="write"/>
<opset="write_ln47/4 "/>
</bind>
</comp>

<comp id="161" class="1005" name="pixel_out_data_1_reg_161">
<pin_list>
<pin id="162" dir="0" index="0" bw="24" slack="1"/>
<pin id="163" dir="1" index="1" bw="24" slack="1"/>
</pin_list>
<bind>
<opset="pixel_out_data_1 (phireg) "/>
</bind>
</comp>

<comp id="165" class="1004" name="pixel_out_data_1_phi_fu_165">
<pin_list>
<pin id="166" dir="0" index="0" bw="24" slack="1"/>
<pin id="167" dir="0" index="1" bw="0" slack="2147483647"/>
<pin id="168" dir="0" index="2" bw="24" slack="2"/>
<pin id="169" dir="0" index="3" bw="0" slack="2147483647"/>
<pin id="170" dir="1" index="4" bw="24" slack="0"/>
</pin_list>
<bind>
<opcode="phi(47) " fcode="phi"/>
<opset="pixel_out_data_1/4 "/>
</bind>
</comp>

<comp id="173" class="1004" name="store_ln0_store_fu_173">
<pin_list>
<pin id="174" dir="0" index="0" bw="1" slack="0"/>
<pin id="175" dir="0" index="1" bw="16" slack="0"/>
<pin id="176" dir="1" index="2" bw="0" slack="2147483647"/>
</pin_list>
<bind>
<opcode="store(28) " fcode="store"/>
<opset="store_ln0/1 "/>
</bind>
</comp>

<comp id="178" class="1004" name="store_ln0_store_fu_178">
<pin_list>
<pin id="179" dir="0" index="0" bw="1" slack="0"/>
<pin id="180" dir="0" index="1" bw="16" slack="0"/>
<pin id="181" dir="1" index="2" bw="0" slack="2147483647"/>
</pin_list>
<bind>
<opcode="store(28) " fcode="store"/>
<opset="store_ln0/1 "/>
</bind>
</comp>

<comp id="183" class="1004" name="pixel_in_data_fu_183">
<pin_list>
<pin id="184" dir="0" index="0" bw="34" slack="0"/>
<pin id="185" dir="1" index="1" bw="24" slack="1"/>
</pin_list>
<bind>
<opcode="extractvalue(56) " fcode="extractvalue"/>
<opset="pixel_in_data/2 "/>
</bind>
</comp>

<comp id="187" class="1004" name="pixel_in_keep_fu_187">
<pin_list>
<pin id="188" dir="0" index="0" bw="34" slack="0"/>
<pin id="189" dir="1" index="1" bw="3" slack="2"/>
</pin_list>
<bind>
<opcode="extractvalue(56) " fcode="extractvalue"/>
<opset="pixel_in_keep/2 "/>
</bind>
</comp>

<comp id="191" class="1004" name="pixel_in_strb_fu_191">
<pin_list>
<pin id="192" dir="0" index="0" bw="34" slack="0"/>
<pin id="193" dir="1" index="1" bw="3" slack="2"/>
</pin_list>
<bind>
<opcode="extractvalue(56) " fcode="extractvalue"/>
<opset="pixel_in_strb/2 "/>
</bind>
</comp>

<comp id="195" class="1004" name="pixel_in_user_fu_195">
<pin_list>
<pin id="196" dir="0" index="0" bw="34" slack="0"/>
<pin id="197" dir="1" index="1" bw="1" slack="1"/>
</pin_list>
<bind>
<opcode="extractvalue(56) " fcode="extractvalue"/>
<opset="pixel_in_user/2 "/>
</bind>
</comp>

<comp id="199" class="1004" name="pixel_in_last_fu_199">
<pin_list>
<pin id="200" dir="0" index="0" bw="34" slack="0"/>
<pin id="201" dir="1" index="1" bw="1" slack="1"/>
</pin_list>
<bind>
<opcode="extractvalue(56) " fcode="extractvalue"/>
<opset="pixel_in_last/2 "/>
</bind>
</comp>

<comp id="203" class="1004" name="pixel_in_id_fu_203">
<pin_list>
<pin id="204" dir="0" index="0" bw="34" slack="0"/>
<pin id="205" dir="1" index="1" bw="1" slack="2"/>
</pin_list>
<bind>
<opcode="extractvalue(56) " fcode="extractvalue"/>
<opset="pixel_in_id/2 "/>
</bind>
</comp>

<comp id="207" class="1004" name="pixel_in_dest_fu_207">
<pin_list>
<pin id="208" dir="0" index="0" bw="34" slack="0"/>
<pin id="209" dir="1" index="1" bw="1" slack="2"/>
</pin_list>
<bind>
<opcode="extractvalue(56) " fcode="extractvalue"/>
<opset="pixel_in_dest/2 "/>
</bind>
</comp>

<comp id="211" class="1004" name="p_load24_load_fu_211">
<pin_list>
<pin id="212" dir="0" index="0" bw="16" slack="2"/>
<pin id="213" dir="1" index="1" bw="16" slack="0"/>
</pin_list>
<bind>
<opcode="load(27) " fcode="load"/>
<opset="p_load24/3 "/>
</bind>
</comp>

<comp id="214" class="1004" name="p_load23_load_fu_214">
<pin_list>
<pin id="215" dir="0" index="0" bw="16" slack="2"/>
<pin id="216" dir="1" index="1" bw="16" slack="0"/>
</pin_list>
<bind>
<opcode="load(27) " fcode="load"/>
<opset="p_load23/3 "/>
</bind>
</comp>

<comp id="217" class="1004" name="icmp_ln42_fu_217">
<pin_list>
<pin id="218" dir="0" index="0" bw="16" slack="0"/>
<pin id="219" dir="0" index="1" bw="16" slack="0"/>
<pin id="220" dir="1" index="2" bw="1" slack="0"/>
</pin_list>
<bind>
<opcode="icmp(45) " fcode="icmp"/>
<opset="icmp_ln42/3 "/>
</bind>
</comp>

<comp id="223" class="1004" name="icmp_ln42_1_fu_223">
<pin_list>
<pin id="224" dir="0" index="0" bw="16" slack="0"/>
<pin id="225" dir="0" index="1" bw="16" slack="0"/>
<pin id="226" dir="1" index="2" bw="1" slack="0"/>
</pin_list>
<bind>
<opcode="icmp(45) " fcode="icmp"/>
<opset="icmp_ln42_1/3 "/>
</bind>
</comp>

<comp id="229" class="1004" name="and_ln42_1_fu_229">
<pin_list>
<pin id="230" dir="0" index="0" bw="1" slack="0"/>
<pin id="231" dir="0" index="1" bw="1" slack="0"/>
<pin id="232" dir="1" index="2" bw="1" slack="0"/>
</pin_list>
<bind>
<opcode="and(23) " fcode="and"/>
<opset="and_ln42_1/3 "/>
</bind>
</comp>

<comp id="235" class="1004" name="or_ln42_fu_235">
<pin_list>
<pin id="236" dir="0" index="0" bw="1" slack="1"/>
<pin id="237" dir="0" index="1" bw="1" slack="0"/>
<pin id="238" dir="1" index="2" bw="1" slack="0"/>
</pin_list>
<bind>
<opcode="or(24) " fcode="or"/>
<opset="or_ln42/3 "/>
</bind>
</comp>

<comp id="240" class="1004" name="pixel_out_data_2_fu_240">
<pin_list>
<pin id="241" dir="0" index="0" bw="1" slack="0"/>
<pin id="242" dir="0" index="1" bw="24" slack="0"/>
<pin id="243" dir="0" index="2" bw="24" slack="1"/>
<pin id="244" dir="1" index="3" bw="24" slack="1"/>
</pin_list>
<bind>
<opcode="select(49) " fcode="select"/>
<opset="pixel_out_data_2/3 "/>
</bind>
</comp>

<comp id="247" class="1004" name="p_load25_load_fu_247">
<pin_list>
<pin id="248" dir="0" index="0" bw="16" slack="2"/>
<pin id="249" dir="1" index="1" bw="16" slack="0"/>
</pin_list>
<bind>
<opcode="load(27) " fcode="load"/>
<opset="p_load25/3 "/>
</bind>
</comp>

<comp id="250" class="1004" name="p_load_load_fu_250">
<pin_list>
<pin id="251" dir="0" index="0" bw="16" slack="2"/>
<pin id="252" dir="1" index="1" bw="16" slack="0"/>
</pin_list>
<bind>
<opcode="load(27) " fcode="load"/>
<opset="p_load/3 "/>
</bind>
</comp>

<comp id="253" class="1004" name="add_ln49_fu_253">
<pin_list>
<pin id="254" dir="0" index="0" bw="16" slack="0"/>
<pin id="255" dir="0" index="1" bw="1" slack="0"/>
<pin id="256" dir="1" index="2" bw="16" slack="0"/>
</pin_list>
<bind>
<opcode="add(8) " fcode="add"/>
<opset="add_ln49/3 "/>
</bind>
</comp>

<comp id="259" class="1004" name="select_ln33_fu_259">
<pin_list>
<pin id="260" dir="0" index="0" bw="1" slack="1"/>
<pin id="261" dir="0" index="1" bw="16" slack="0"/>
<pin id="262" dir="0" index="2" bw="16" slack="0"/>
<pin id="263" dir="1" index="3" bw="16" slack="0"/>
</pin_list>
<bind>
<opcode="select(49) " fcode="select"/>
<opset="select_ln33/3 "/>
</bind>
</comp>

<comp id="266" class="1004" name="add_ln52_fu_266">
<pin_list>
<pin id="267" dir="0" index="0" bw="16" slack="0"/>
<pin id="268" dir="0" index="1" bw="1" slack="0"/>
<pin id="269" dir="1" index="2" bw="16" slack="0"/>
</pin_list>
<bind>
<opcode="add(8) " fcode="add"/>
<opset="add_ln52/3 "/>
</bind>
</comp>

<comp id="272" class="1004" name="select_ln50_2_fu_272">
<pin_list>
<pin id="273" dir="0" index="0" bw="1" slack="1"/>
<pin id="274" dir="0" index="1" bw="16" slack="0"/>
<pin id="275" dir="0" index="2" bw="16" slack="0"/>
<pin id="276" dir="1" index="3" bw="16" slack="0"/>
</pin_list>
<bind>
<opcode="select(49) " fcode="select"/>
<opset="select_ln50_2/3 "/>
</bind>
</comp>

<comp id="279" class="1004" name="or_ln50_fu_279">
<pin_list>
<pin id="280" dir="0" index="0" bw="1" slack="1"/>
<pin id="281" dir="0" index="1" bw="1" slack="1"/>
<pin id="282" dir="1" index="2" bw="1" slack="0"/>
</pin_list>
<bind>
<opcode="or(24) " fcode="or"/>
<opset="or_ln50/3 "/>
</bind>
</comp>

<comp id="283" class="1004" name="select_ln50_fu_283">
<pin_list>
<pin id="284" dir="0" index="0" bw="1" slack="0"/>
<pin id="285" dir="0" index="1" bw="16" slack="0"/>
<pin id="286" dir="0" index="2" bw="16" slack="0"/>
<pin id="287" dir="1" index="3" bw="16" slack="0"/>
</pin_list>
<bind>
<opcode="select(49) " fcode="select"/>
<opset="select_ln50/3 "/>
</bind>
</comp>

<comp id="291" class="1004" name="select_ln50_1_fu_291">
<pin_list>
<pin id="292" dir="0" index="0" bw="1" slack="1"/>
<pin id="293" dir="0" index="1" bw="16" slack="0"/>
<pin id="294" dir="0" index="2" bw="16" slack="0"/>
<pin id="295" dir="1" index="3" bw="16" slack="0"/>
</pin_list>
<bind>
<opcode="select(49) " fcode="select"/>
<opset="select_ln50_1/3 "/>
</bind>
</comp>

<comp id="298" class="1004" name="store_ln50_store_fu_298">
<pin_list>
<pin id="299" dir="0" index="0" bw="16" slack="0"/>
<pin id="300" dir="0" index="1" bw="16" slack="2"/>
<pin id="301" dir="1" index="2" bw="0" slack="2147483647"/>
</pin_list>
<bind>
<opcode="store(28) " fcode="store"/>
<opset="store_ln50/3 "/>
</bind>
</comp>

<comp id="303" class="1004" name="store_ln50_store_fu_303">
<pin_list>
<pin id="304" dir="0" index="0" bw="16" slack="0"/>
<pin id="305" dir="0" index="1" bw="16" slack="2"/>
<pin id="306" dir="1" index="2" bw="0" slack="2147483647"/>
</pin_list>
<bind>
<opcode="store(28) " fcode="store"/>
<opset="store_ln50/3 "/>
</bind>
</comp>

<comp id="308" class="1005" name="empty_reg_308">
<pin_list>
<pin id="309" dir="0" index="0" bw="16" slack="0"/>
<pin id="310" dir="1" index="1" bw="16" slack="0"/>
</pin_list>
<bind>
<opset="empty "/>
</bind>
</comp>

<comp id="316" class="1005" name="empty_17_reg_316">
<pin_list>
<pin id="317" dir="0" index="0" bw="16" slack="0"/>
<pin id="318" dir="1" index="1" bw="16" slack="0"/>
</pin_list>
<bind>
<opset="empty_17 "/>
</bind>
</comp>

<comp id="324" class="1005" name="enable_read_reg_324">
<pin_list>
<pin id="325" dir="0" index="0" bw="1" slack="1"/>
<pin id="326" dir="1" index="1" bw="1" slack="2147483647"/>
</pin_list>
<bind>
<opset="enable_read "/>
</bind>
</comp>

<comp id="328" class="1005" name="pixel_in_data_reg_328">
<pin_list>
<pin id="329" dir="0" index="0" bw="24" slack="1"/>
<pin id="330" dir="1" index="1" bw="24" slack="1"/>
</pin_list>
<bind>
<opset="pixel_in_data "/>
</bind>
</comp>

<comp id="334" class="1005" name="pixel_in_keep_reg_334">
<pin_list>
<pin id="335" dir="0" index="0" bw="3" slack="2"/>
<pin id="336" dir="1" index="1" bw="3" slack="2"/>
</pin_list>
<bind>
<opset="pixel_in_keep "/>
</bind>
</comp>

<comp id="339" class="1005" name="pixel_in_strb_reg_339">
<pin_list>
<pin id="340" dir="0" index="0" bw="3" slack="2"/>
<pin id="341" dir="1" index="1" bw="3" slack="2"/>
</pin_list>
<bind>
<opset="pixel_in_strb "/>
</bind>
</comp>

<comp id="344" class="1005" name="pixel_in_user_reg_344">
<pin_list>
<pin id="345" dir="0" index="0" bw="1" slack="1"/>
<pin id="346" dir="1" index="1" bw="1" slack="1"/>
</pin_list>
<bind>
<opset="pixel_in_user "/>
</bind>
</comp>

<comp id="352" class="1005" name="pixel_in_last_reg_352">
<pin_list>
<pin id="353" dir="0" index="0" bw="1" slack="1"/>
<pin id="354" dir="1" index="1" bw="1" slack="1"/>
</pin_list>
<bind>
<opset="pixel_in_last "/>
</bind>
</comp>

<comp id="360" class="1005" name="pixel_in_id_reg_360">
<pin_list>
<pin id="361" dir="0" index="0" bw="1" slack="2"/>
<pin id="362" dir="1" index="1" bw="1" slack="2"/>
</pin_list>
<bind>
<opset="pixel_in_id "/>
</bind>
</comp>

<comp id="365" class="1005" name="pixel_in_dest_reg_365">
<pin_list>
<pin id="366" dir="0" index="0" bw="1" slack="2"/>
<pin id="367" dir="1" index="1" bw="1" slack="2"/>
</pin_list>
<bind>
<opset="pixel_in_dest "/>
</bind>
</comp>

<comp id="370" class="1005" name="pixel_out_data_2_reg_370">
<pin_list>
<pin id="371" dir="0" index="0" bw="24" slack="1"/>
<pin id="372" dir="1" index="1" bw="24" slack="1"/>
</pin_list>
<bind>
<opset="pixel_out_data_2 "/>
</bind>
</comp>

</comp_list>

<net_list>
<net id="107"><net_src comp="38" pin="0"/><net_sink comp="104" pin=0"/></net>

<net id="111"><net_src comp="38" pin="0"/><net_sink comp="108" pin=0"/></net>

<net id="116"><net_src comp="76" pin="0"/><net_sink comp="112" pin=0"/></net>

<net id="117"><net_src comp="28" pin="0"/><net_sink comp="112" pin=1"/></net>

<net id="128"><net_src comp="92" pin="0"/><net_sink comp="118" pin=0"/></net>

<net id="129"><net_src comp="0" pin="0"/><net_sink comp="118" pin=1"/></net>

<net id="130"><net_src comp="2" pin="0"/><net_sink comp="118" pin=2"/></net>

<net id="131"><net_src comp="4" pin="0"/><net_sink comp="118" pin=3"/></net>

<net id="132"><net_src comp="6" pin="0"/><net_sink comp="118" pin=4"/></net>

<net id="133"><net_src comp="8" pin="0"/><net_sink comp="118" pin=5"/></net>

<net id="134"><net_src comp="10" pin="0"/><net_sink comp="118" pin=6"/></net>

<net id="135"><net_src comp="12" pin="0"/><net_sink comp="118" pin=7"/></net>

<net id="153"><net_src comp="102" pin="0"/><net_sink comp="136" pin=0"/></net>

<net id="154"><net_src comp="14" pin="0"/><net_sink comp="136" pin=1"/></net>

<net id="155"><net_src comp="16" pin="0"/><net_sink comp="136" pin=2"/></net>

<net id="156"><net_src comp="18" pin="0"/><net_sink comp="136" pin=3"/></net>

<net id="157"><net_src comp="20" pin="0"/><net_sink comp="136" pin=4"/></net>

<net id="158"><net_src comp="22" pin="0"/><net_sink comp="136" pin=5"/></net>

<net id="159"><net_src comp="24" pin="0"/><net_sink comp="136" pin=6"/></net>

<net id="160"><net_src comp="26" pin="0"/><net_sink comp="136" pin=7"/></net>

<net id="164"><net_src comp="161" pin="1"/><net_sink comp="136" pin=8"/></net>

<net id="171"><net_src comp="165" pin="4"/><net_sink comp="136" pin=8"/></net>

<net id="172"><net_src comp="165" pin="4"/><net_sink comp="161" pin=0"/></net>

<net id="177"><net_src comp="84" pin="0"/><net_sink comp="173" pin=0"/></net>

<net id="182"><net_src comp="84" pin="0"/><net_sink comp="178" pin=0"/></net>

<net id="186"><net_src comp="118" pin="8"/><net_sink comp="183" pin=0"/></net>

<net id="190"><net_src comp="118" pin="8"/><net_sink comp="187" pin=0"/></net>

<net id="194"><net_src comp="118" pin="8"/><net_sink comp="191" pin=0"/></net>

<net id="198"><net_src comp="118" pin="8"/><net_sink comp="195" pin=0"/></net>

<net id="202"><net_src comp="118" pin="8"/><net_sink comp="199" pin=0"/></net>

<net id="206"><net_src comp="118" pin="8"/><net_sink comp="203" pin=0"/></net>

<net id="210"><net_src comp="118" pin="8"/><net_sink comp="207" pin=0"/></net>

<net id="221"><net_src comp="211" pin="1"/><net_sink comp="217" pin=0"/></net>

<net id="222"><net_src comp="94" pin="0"/><net_sink comp="217" pin=1"/></net>

<net id="227"><net_src comp="214" pin="1"/><net_sink comp="223" pin=0"/></net>

<net id="228"><net_src comp="96" pin="0"/><net_sink comp="223" pin=1"/></net>

<net id="233"><net_src comp="217" pin="2"/><net_sink comp="229" pin=0"/></net>

<net id="234"><net_src comp="223" pin="2"/><net_sink comp="229" pin=1"/></net>

<net id="239"><net_src comp="229" pin="2"/><net_sink comp="235" pin=1"/></net>

<net id="245"><net_src comp="235" pin="2"/><net_sink comp="240" pin=0"/></net>

<net id="246"><net_src comp="98" pin="0"/><net_sink comp="240" pin=1"/></net>

<net id="257"><net_src comp="250" pin="1"/><net_sink comp="253" pin=0"/></net>

<net id="258"><net_src comp="100" pin="0"/><net_sink comp="253" pin=1"/></net>

<net id="264"><net_src comp="84" pin="0"/><net_sink comp="259" pin=1"/></net>

<net id="265"><net_src comp="247" pin="1"/><net_sink comp="259" pin=2"/></net>

<net id="270"><net_src comp="259" pin="3"/><net_sink comp="266" pin=0"/></net>

<net id="271"><net_src comp="100" pin="0"/><net_sink comp="266" pin=1"/></net>

<net id="277"><net_src comp="84" pin="0"/><net_sink comp="272" pin=1"/></net>

<net id="278"><net_src comp="100" pin="0"/><net_sink comp="272" pin=2"/></net>

<net id="288"><net_src comp="279" pin="2"/><net_sink comp="283" pin=0"/></net>

<net id="289"><net_src comp="272" pin="3"/><net_sink comp="283" pin=1"/></net>

<net id="290"><net_src comp="253" pin="2"/><net_sink comp="283" pin=2"/></net>

<net id="296"><net_src comp="266" pin="2"/><net_sink comp="291" pin=1"/></net>

<net id="297"><net_src comp="259" pin="3"/><net_sink comp="291" pin=2"/></net>

<net id="302"><net_src comp="283" pin="3"/><net_sink comp="298" pin=0"/></net>

<net id="307"><net_src comp="291" pin="3"/><net_sink comp="303" pin=0"/></net>

<net id="311"><net_src comp="104" pin="1"/><net_sink comp="308" pin=0"/></net>

<net id="312"><net_src comp="308" pin="1"/><net_sink comp="178" pin=1"/></net>

<net id="313"><net_src comp="308" pin="1"/><net_sink comp="211" pin=0"/></net>

<net id="314"><net_src comp="308" pin="1"/><net_sink comp="247" pin=0"/></net>

<net id="315"><net_src comp="308" pin="1"/><net_sink comp="303" pin=1"/></net>

<net id="319"><net_src comp="108" pin="1"/><net_sink comp="316" pin=0"/></net>

<net id="320"><net_src comp="316" pin="1"/><net_sink comp="173" pin=1"/></net>

<net id="321"><net_src comp="316" pin="1"/><net_sink comp="214" pin=0"/></net>

<net id="322"><net_src comp="316" pin="1"/><net_sink comp="250" pin=0"/></net>

<net id="323"><net_src comp="316" pin="1"/><net_sink comp="298" pin=1"/></net>

<net id="327"><net_src comp="112" pin="2"/><net_sink comp="324" pin=0"/></net>

<net id="331"><net_src comp="183" pin="1"/><net_sink comp="328" pin=0"/></net>

<net id="332"><net_src comp="328" pin="1"/><net_sink comp="240" pin=2"/></net>

<net id="333"><net_src comp="328" pin="1"/><net_sink comp="165" pin=2"/></net>

<net id="337"><net_src comp="187" pin="1"/><net_sink comp="334" pin=0"/></net>

<net id="338"><net_src comp="334" pin="1"/><net_sink comp="136" pin=9"/></net>

<net id="342"><net_src comp="191" pin="1"/><net_sink comp="339" pin=0"/></net>

<net id="343"><net_src comp="339" pin="1"/><net_sink comp="136" pin=10"/></net>

<net id="347"><net_src comp="195" pin="1"/><net_sink comp="344" pin=0"/></net>

<net id="348"><net_src comp="344" pin="1"/><net_sink comp="235" pin=0"/></net>

<net id="349"><net_src comp="344" pin="1"/><net_sink comp="259" pin=0"/></net>

<net id="350"><net_src comp="344" pin="1"/><net_sink comp="279" pin=1"/></net>

<net id="351"><net_src comp="344" pin="1"/><net_sink comp="136" pin=11"/></net>

<net id="355"><net_src comp="199" pin="1"/><net_sink comp="352" pin=0"/></net>

<net id="356"><net_src comp="352" pin="1"/><net_sink comp="272" pin=0"/></net>

<net id="357"><net_src comp="352" pin="1"/><net_sink comp="279" pin=0"/></net>

<net id="358"><net_src comp="352" pin="1"/><net_sink comp="291" pin=0"/></net>

<net id="359"><net_src comp="352" pin="1"/><net_sink comp="136" pin=12"/></net>

<net id="363"><net_src comp="203" pin="1"/><net_sink comp="360" pin=0"/></net>

<net id="364"><net_src comp="360" pin="1"/><net_sink comp="136" pin=13"/></net>

<net id="368"><net_src comp="207" pin="1"/><net_sink comp="365" pin=0"/></net>

<net id="369"><net_src comp="365" pin="1"/><net_sink comp="136" pin=14"/></net>

<net id="373"><net_src comp="240" pin="3"/><net_sink comp="370" pin=0"/></net>

<net id="374"><net_src comp="370" pin="1"/><net_sink comp="165" pin=0"/></net>

</net_list>

</model> 
---------------- Datapath Model END ------------------

* FSMD analyzer results:
  - Output states:
	Port: stream_out_V_data_V | {5 }
	Port: stream_out_V_keep_V | {5 }
	Port: stream_out_V_strb_V | {5 }
	Port: stream_out_V_user_V | {5 }
	Port: stream_out_V_last_V | {5 }
	Port: stream_out_V_id_V | {5 }
	Port: stream_out_V_dest_V | {5 }
 - Input state : 
	Port: overlay_core : stream_in_V_data_V | {2 }
	Port: overlay_core : stream_in_V_keep_V | {2 }
	Port: overlay_core : stream_in_V_strb_V | {2 }
	Port: overlay_core : stream_in_V_user_V | {2 }
	Port: overlay_core : stream_in_V_last_V | {2 }
	Port: overlay_core : stream_in_V_id_V | {2 }
	Port: overlay_core : stream_in_V_dest_V | {2 }
	Port: overlay_core : enable | {1 }
  - Chain level:
	State 1
		store_ln0 : 1
		store_ln0 : 1
	State 2
	State 3
		icmp_ln42 : 1
		icmp_ln42_1 : 1
		and_ln42_1 : 2
		or_ln42 : 2
		pixel_out_data_2 : 2
		add_ln49 : 1
		select_ln33 : 1
		add_ln52 : 2
		select_ln50 : 2
		select_ln50_1 : 3
		store_ln50 : 3
		store_ln50 : 4
	State 4
		write_ln47 : 1
	State 5


============================================================
+ Verbose Summary: Datapath Resource usage 
============================================================

* Functional unit list:
|----------|-------------------------|---------|---------|
| Operation|     Functional Unit     |    FF   |   LUT   |
|----------|-------------------------|---------|---------|
|          | pixel_out_data_2_fu_240 |    0    |    24   |
|          |    select_ln33_fu_259   |    0    |    16   |
|  select  |   select_ln50_2_fu_272  |    0    |    16   |
|          |    select_ln50_fu_283   |    0    |    16   |
|          |   select_ln50_1_fu_291  |    0    |    16   |
|----------|-------------------------|---------|---------|
|   icmp   |     icmp_ln42_fu_217    |    0    |    23   |
|          |    icmp_ln42_1_fu_223   |    0    |    23   |
|----------|-------------------------|---------|---------|
|    add   |     add_ln49_fu_253     |    0    |    23   |
|          |     add_ln52_fu_266     |    0    |    23   |
|----------|-------------------------|---------|---------|
|    or    |      or_ln42_fu_235     |    0    |    2    |
|          |      or_ln50_fu_279     |    0    |    2    |
|----------|-------------------------|---------|---------|
|    and   |    and_ln42_1_fu_229    |    0    |    2    |
|----------|-------------------------|---------|---------|
|   read   | enable_read_read_fu_112 |    0    |    0    |
|          |   empty_18_read_fu_118  |    0    |    0    |
|----------|-------------------------|---------|---------|
|   write  |     grp_write_fu_136    |    0    |    0    |
|----------|-------------------------|---------|---------|
|          |   pixel_in_data_fu_183  |    0    |    0    |
|          |   pixel_in_keep_fu_187  |    0    |    0    |
|          |   pixel_in_strb_fu_191  |    0    |    0    |
|extractvalue|   pixel_in_user_fu_195  |    0    |    0    |
|          |   pixel_in_last_fu_199  |    0    |    0    |
|          |    pixel_in_id_fu_203   |    0    |    0    |
|          |   pixel_in_dest_fu_207  |    0    |    0    |
|----------|-------------------------|---------|---------|
|   Total  |                         |    0    |   186   |
|----------|-------------------------|---------|---------|

Memories:
N/A

* Register list:
+------------------------+--------+
|                        |   FF   |
+------------------------+--------+
|    empty_17_reg_316    |   16   |
|      empty_reg_308     |   16   |
|   enable_read_reg_324  |    1   |
|  pixel_in_data_reg_328 |   24   |
|  pixel_in_dest_reg_365 |    1   |
|   pixel_in_id_reg_360  |    1   |
|  pixel_in_keep_reg_334 |    3   |
|  pixel_in_last_reg_352 |    1   |
|  pixel_in_strb_reg_339 |    3   |
|  pixel_in_user_reg_344 |    1   |
|pixel_out_data_1_reg_161|   24   |
|pixel_out_data_2_reg_370|   24   |
+------------------------+--------+
|          Total         |   115  |
+------------------------+--------+

* Multiplexer (MUX) list: 
|------------------|------|------|------|--------||---------||---------||---------|
|       Comp       |  Pin | Size |  BW  | S x BW ||  Delay  ||    FF   ||   LUT   |
|------------------|------|------|------|--------||---------||---------||---------|
| grp_write_fu_136 |  p8  |   2  |  24  |   48   ||    0    ||    9    |
|------------------|------|------|------|--------||---------||---------||---------|
|       Total      |      |      |      |   48   ||  1.588  ||    0    ||    9    |
|------------------|------|------|------|--------||---------||---------||---------|



* Summary:
+-----------+--------+--------+--------+
|           |  Delay |   FF   |   LUT  |
+-----------+--------+--------+--------+
|  Function |    -   |    0   |   186  |
|   Memory  |    -   |    -   |    -   |
|Multiplexer|    1   |    0   |    9   |
|  Register |    -   |   115  |    -   |
+-----------+--------+--------+--------+
|   Total   |    1   |   115  |   195  |
+-----------+--------+--------+--------+
