

================================================================
== Vitis HLS Report for 'overlay_core_Pipeline_LOOP_HEIGHT_LOOP_WIDTH'
================================================================
* Date:           Mon Apr 27 15:52:20 2026

* Version:        2024.1 (Build 5069499 on May 21 2024)
* Project:        hls_overlay_prj
* Solution:       solution1 (Vivado IP Flow Target)
* Product family: zynq
* Target device:  xc7z020-clg400-1


================================================================
== Performance Estimates
================================================================
+ Timing: 
    * Summary: 
    +--------+---------+----------+------------+
    |  Clock |  Target | Estimated| Uncertainty|
    +--------+---------+----------+------------+
    |ap_clk  |  6.67 ns|  6.547 ns|     1.80 ns|
    +--------+---------+----------+------------+

+ Latency: 
    * Summary: 
    +---------+------------+-----------+------------+-----+------------+-----------------------------------------------+
    |   Latency (cycles)   |   Latency (absolute)   |     Interval     |                    Pipeline                   |
    |   min   |     max    |    min    |     max    | min |     max    |                      Type                     |
    +---------+------------+-----------+------------+-----+------------+-----------------------------------------------+
    |        2|  4294836230|  13.334 ns|  28.634 sec|    1|  4294836226|  loop auto-rewind stp(delay=0 clock cycles(s))|
    +---------+------------+-----------+------------+-----+------------+-----------------------------------------------+

    + Detail: 
        * Instance: 
        N/A

        * Loop: 
        +--------------------------+---------+------------+----------+-----------+-----------+----------------+----------+
        |                          |   Latency (cycles)   | Iteration|  Initiation Interval  |      Trip      |          |
        |         Loop Name        |   min   |     max    |  Latency |  achieved |   target  |      Count     | Pipelined|
        +--------------------------+---------+------------+----------+-----------+-----------+----------------+----------+
        |- LOOP_HEIGHT_LOOP_WIDTH  |        0|  4294836228|         5|          1|          1|  0 ~ 4294836225|       yes|
        +--------------------------+---------+------------+----------+-----------+-----------+----------------+----------+

============================================================
+ Verbose Summary: Synthesis Manager
============================================================
InlineROM: 1
ExposeGlobal: 0
============================================================
+ Verbose Summary: CDFG Model
============================================================
IsTopModel: 0
ResetActiveHigh: 1
IsCombinational: 0
IsDatapathOnly: 0
HasWiredReturn: 1
HasMFsm: 2
HasVarLatency: 1
IsPipeline: 0
IsRtlPipelined: 0
IsInstanceOverlapped: 0
IsDontTouch: 0
HasImplIP: 0
IsGatedGlobalClock: 0

+ Individual pipeline summary: 
  * Pipeline-0: initiation interval (II) = 1, depth = 5


============================================================
+ Verbose Summary: Schedule
============================================================
* Number of FSM states : 5
* Pipeline : 1
  Pipeline-0 : II = 1, D = 5, States = { 1 2 3 4 5 }
* Dataflow Pipeline: 0

* FSM state transitions: 
1 --> 2 
2 --> 3 
3 --> 4 
4 --> 5 
5 --> 

* FSM state operations: 

State 1 <SV = 0> <Delay = 5.72>
ST_1 : Operation 8 [1/1] (0.00ns)   --->   "%pixel_x = alloca i32 1" [overlay_core.cpp:36->overlay_core.cpp:67->overlay_core.cpp:132]   --->   Operation 8 'alloca' 'pixel_x' <Predicate = true> <Delay = 0.00>
ST_1 : Operation 9 [1/1] (0.00ns)   --->   "%row = alloca i32 1" [overlay_core.cpp:105]   --->   Operation 9 'alloca' 'row' <Predicate = true> <Delay = 0.00>
ST_1 : Operation 10 [1/1] (0.00ns)   --->   "%indvar_flatten = alloca i32 1"   --->   Operation 10 'alloca' 'indvar_flatten' <Predicate = true> <Delay = 0.00>
ST_1 : Operation 11 [1/1] (0.00ns)   --->   "%specaxissidechannel_ln0 = specaxissidechannel void @_ssdm_op_SpecAXISSideChannel, i24 %stream_out_V_data_V, i3 %stream_out_V_keep_V, i3 %stream_out_V_strb_V, i1 %stream_out_V_user_V, i1 %stream_out_V_last_V, i1 %stream_out_V_id_V, i1 %stream_out_V_dest_V, void @empty_10"   --->   Operation 11 'specaxissidechannel' 'specaxissidechannel_ln0' <Predicate = true> <Delay = 0.00>
ST_1 : Operation 12 [1/1] (0.00ns)   --->   "%specaxissidechannel_ln0 = specaxissidechannel void @_ssdm_op_SpecAXISSideChannel, i24 %stream_in_V_data_V, i3 %stream_in_V_keep_V, i3 %stream_in_V_strb_V, i1 %stream_in_V_user_V, i1 %stream_in_V_last_V, i1 %stream_in_V_id_V, i1 %stream_in_V_dest_V, void @empty_11"   --->   Operation 12 'specaxissidechannel' 'specaxissidechannel_ln0' <Predicate = true> <Delay = 0.00>
ST_1 : Operation 13 [1/1] (0.00ns)   --->   "%specinterface_ln0 = specinterface void @_ssdm_op_SpecInterface, i1 %stream_out_V_dest_V, i1 %stream_out_V_id_V, i1 %stream_out_V_last_V, i1 %stream_out_V_user_V, i3 %stream_out_V_strb_V, i3 %stream_out_V_keep_V, i24 %stream_out_V_data_V, void @empty, i32 0, i32 0, void @empty_0, i32 0, i32 0, void @empty_1, void @empty_1, void @empty_1, i32 0, i32 0, i32 0, i32 0, void @empty_1, void @empty_1, i32 4294967295, i32 0, i32 0"   --->   Operation 13 'specinterface' 'specinterface_ln0' <Predicate = true> <Delay = 0.00>
ST_1 : Operation 14 [1/1] (0.00ns)   --->   "%specinterface_ln0 = specinterface void @_ssdm_op_SpecInterface, i1 %stream_in_V_dest_V, i1 %stream_in_V_id_V, i1 %stream_in_V_last_V, i1 %stream_in_V_user_V, i3 %stream_in_V_strb_V, i3 %stream_in_V_keep_V, i24 %stream_in_V_data_V, void @empty, i32 0, i32 0, void @empty_0, i32 0, i32 0, void @empty_1, void @empty_1, void @empty_1, i32 0, i32 0, i32 0, i32 0, void @empty_1, void @empty_1, i32 4294967295, i32 0, i32 0"   --->   Operation 14 'specinterface' 'specinterface_ln0' <Predicate = true> <Delay = 0.00>
ST_1 : Operation 15 [1/1] (0.00ns)   --->   "%enable_read = read i1 @_ssdm_op_Read.ap_auto.i1, i1 %enable"   --->   Operation 15 'read' 'enable_read' <Predicate = true> <Delay = 0.00>
ST_1 : Operation 16 [1/1] (0.00ns)   --->   "%char_x_2_read = read i16 @_ssdm_op_Read.ap_auto.i16, i16 %char_x_2"   --->   Operation 16 'read' 'char_x_2_read' <Predicate = true> <Delay = 0.00>
ST_1 : Operation 17 [1/1] (0.00ns)   --->   "%char_x_read = read i16 @_ssdm_op_Read.ap_auto.i16, i16 %char_x"   --->   Operation 17 'read' 'char_x_read' <Predicate = true> <Delay = 0.00>
ST_1 : Operation 18 [1/1] (0.00ns)   --->   "%start_x_read = read i16 @_ssdm_op_Read.ap_auto.i16, i16 %start_x"   --->   Operation 18 'read' 'start_x_read' <Predicate = true> <Delay = 0.00>
ST_1 : Operation 19 [1/1] (0.00ns)   --->   "%add_i_i533_read = read i17 @_ssdm_op_Read.ap_auto.i17, i17 %add_i_i533"   --->   Operation 19 'read' 'add_i_i533_read' <Predicate = true> <Delay = 0.00>
ST_1 : Operation 20 [1/1] (0.00ns)   --->   "%x_pos_read = read i16 @_ssdm_op_Read.ap_auto.i16, i16 %x_pos"   --->   Operation 20 'read' 'x_pos_read' <Predicate = true> <Delay = 0.00>
ST_1 : Operation 21 [1/1] (0.00ns)   --->   "%add_i_i564_read = read i17 @_ssdm_op_Read.ap_auto.i17, i17 %add_i_i564"   --->   Operation 21 'read' 'add_i_i564_read' <Predicate = true> <Delay = 0.00>
ST_1 : Operation 22 [1/1] (0.00ns)   --->   "%y_pos_read = read i16 @_ssdm_op_Read.ap_auto.i16, i16 %y_pos"   --->   Operation 22 'read' 'y_pos_read' <Predicate = true> <Delay = 0.00>
ST_1 : Operation 23 [1/1] (0.00ns)   --->   "%y_1_read = read i16 @_ssdm_op_Read.ap_auto.i16, i16 %y_1"   --->   Operation 23 'read' 'y_1_read' <Predicate = true> <Delay = 0.00>
ST_1 : Operation 24 [1/1] (0.00ns)   --->   "%add_i_i135_read = read i17 @_ssdm_op_Read.ap_auto.i17, i17 %add_i_i135"   --->   Operation 24 'read' 'add_i_i135_read' <Predicate = true> <Delay = 0.00>
ST_1 : Operation 25 [1/1] (0.00ns)   --->   "%add_i_i163_read = read i17 @_ssdm_op_Read.ap_auto.i17, i17 %add_i_i163"   --->   Operation 25 'read' 'add_i_i163_read' <Predicate = true> <Delay = 0.00>
ST_1 : Operation 26 [1/1] (0.00ns)   --->   "%y_read = read i16 @_ssdm_op_Read.ap_auto.i16, i16 %y"   --->   Operation 26 'read' 'y_read' <Predicate = true> <Delay = 0.00>
ST_1 : Operation 27 [1/1] (0.00ns)   --->   "%add_i_i458_read = read i17 @_ssdm_op_Read.ap_auto.i17, i17 %add_i_i458"   --->   Operation 27 'read' 'add_i_i458_read' <Predicate = true> <Delay = 0.00>
ST_1 : Operation 28 [1/1] (0.00ns)   --->   "%add_i_i486_read = read i17 @_ssdm_op_Read.ap_auto.i17, i17 %add_i_i486"   --->   Operation 28 'read' 'add_i_i486_read' <Predicate = true> <Delay = 0.00>
ST_1 : Operation 29 [1/1] (0.00ns)   --->   "%width_read = read i16 @_ssdm_op_Read.ap_auto.i16, i16 %width"   --->   Operation 29 'read' 'width_read' <Predicate = true> <Delay = 0.00>
ST_1 : Operation 30 [1/1] (0.00ns)   --->   "%mul_ln74_read = read i32 @_ssdm_op_Read.ap_auto.i32, i32 %mul_ln74"   --->   Operation 30 'read' 'mul_ln74_read' <Predicate = true> <Delay = 0.00>
ST_1 : Operation 31 [1/1] (1.58ns)   --->   "%store_ln0 = store i32 0, i32 %indvar_flatten"   --->   Operation 31 'store' 'store_ln0' <Predicate = true> <Delay = 1.58>
ST_1 : Operation 32 [1/1] (1.58ns)   --->   "%store_ln105 = store i16 0, i16 %row" [overlay_core.cpp:105]   --->   Operation 32 'store' 'store_ln105' <Predicate = true> <Delay = 1.58>
ST_1 : Operation 33 [1/1] (1.58ns)   --->   "%store_ln36 = store i16 0, i16 %pixel_x" [overlay_core.cpp:36->overlay_core.cpp:67->overlay_core.cpp:132]   --->   Operation 33 'store' 'store_ln36' <Predicate = true> <Delay = 1.58>
ST_1 : Operation 34 [1/1] (0.00ns)   --->   "%br_ln105 = br void %for.body9" [overlay_core.cpp:105]   --->   Operation 34 'br' 'br_ln105' <Predicate = true> <Delay = 0.00>
ST_1 : Operation 35 [1/1] (0.00ns)   --->   "%indvar_flatten_load = load i32 %indvar_flatten" [overlay_core.cpp:105]   --->   Operation 35 'load' 'indvar_flatten_load' <Predicate = true> <Delay = 0.00>
ST_1 : Operation 36 [1/1] (2.55ns)   --->   "%icmp_ln105 = icmp_eq  i32 %indvar_flatten_load, i32 %mul_ln74_read" [overlay_core.cpp:105]   --->   Operation 36 'icmp' 'icmp_ln105' <Predicate = true> <Delay = 2.55> <CoreInst = "Cmp">   --->   Core 9 'Cmp' <Latency = 0> <II = 1> <Delay = 2.55> <FuncUnit> <Opcode : 'seteq' 'setne' 'setle' 'setge' 'setlt' 'setgt'> <InPorts = 2> <OutPorts = 1>
ST_1 : Operation 37 [1/1] (0.00ns)   --->   "%br_ln105 = br i1 %icmp_ln105, void %for.inc89.loopexit, void %for.end91.loopexit.exitStub" [overlay_core.cpp:105]   --->   Operation 37 'br' 'br_ln105' <Predicate = true> <Delay = 0.00>
ST_1 : Operation 38 [1/1] (2.55ns)   --->   "%add_ln105 = add i32 %indvar_flatten_load, i32 1" [overlay_core.cpp:105]   --->   Operation 38 'add' 'add_ln105' <Predicate = (!icmp_ln105)> <Delay = 2.55> <CoreInst = "Adder">   --->   Core 1 'Adder' <Latency = 0> <II = 1> <Delay = 2.55> <FuncUnit> <Opcode : 'add' 'sub'> <InPorts = 2> <OutPorts = 1>
ST_1 : Operation 39 [1/1] (0.48ns)   --->   "%empty_19 = read i34 @_ssdm_op_Read.axis.volatile.i24P0A.i3P0A.i3P0A.i1P0A.i1P0A.i1P0A.i1P0A, i24 %stream_in_V_data_V, i3 %stream_in_V_keep_V, i3 %stream_in_V_strb_V, i1 %stream_in_V_user_V, i1 %stream_in_V_last_V, i1 %stream_in_V_id_V, i1 %stream_in_V_dest_V" [overlay_core.cpp:110]   --->   Operation 39 'read' 'empty_19' <Predicate = (!icmp_ln105)> <Delay = 0.48> <CoreInst = "regslice">   --->   Core 136 'regslice' <Latency = 0> <II = 1> <Delay = 1.86> <Adapter> <Opcode : 'read' 'write'>
ST_1 : Operation 40 [1/1] (0.00ns)   --->   "%pixel_in_data = extractvalue i34 %empty_19" [overlay_core.cpp:110]   --->   Operation 40 'extractvalue' 'pixel_in_data' <Predicate = (!icmp_ln105)> <Delay = 0.00>
ST_1 : Operation 41 [1/1] (0.00ns)   --->   "%pixel_in_keep = extractvalue i34 %empty_19" [overlay_core.cpp:110]   --->   Operation 41 'extractvalue' 'pixel_in_keep' <Predicate = (!icmp_ln105)> <Delay = 0.00>
ST_1 : Operation 42 [1/1] (0.00ns)   --->   "%pixel_in_user = extractvalue i34 %empty_19" [overlay_core.cpp:110]   --->   Operation 42 'extractvalue' 'pixel_in_user' <Predicate = (!icmp_ln105)> <Delay = 0.00>
ST_1 : Operation 43 [1/1] (0.00ns)   --->   "%pixel_in_last = extractvalue i34 %empty_19" [overlay_core.cpp:110]   --->   Operation 43 'extractvalue' 'pixel_in_last' <Predicate = (!icmp_ln105)> <Delay = 0.00>
ST_1 : Operation 44 [1/1] (0.00ns)   --->   "%r = partselect i8 @_ssdm_op_PartSelect.i8.i24.i32.i32, i24 %pixel_in_data, i32 16, i32 23" [overlay_core.cpp:113]   --->   Operation 44 'partselect' 'r' <Predicate = (!icmp_ln105)> <Delay = 0.00>
ST_1 : Operation 45 [1/1] (0.00ns)   --->   "%g = partselect i8 @_ssdm_op_PartSelect.i8.i24.i32.i32, i24 %pixel_in_data, i32 8, i32 15" [overlay_core.cpp:114]   --->   Operation 45 'partselect' 'g' <Predicate = (!icmp_ln105)> <Delay = 0.00>
ST_1 : Operation 46 [1/1] (0.00ns)   --->   "%b = trunc i24 %pixel_in_data" [overlay_core.cpp:115]   --->   Operation 46 'trunc' 'b' <Predicate = (!icmp_ln105)> <Delay = 0.00>
ST_1 : Operation 47 [1/1] (1.58ns)   --->   "%store_ln105 = store i32 %add_ln105, i32 %indvar_flatten" [overlay_core.cpp:105]   --->   Operation 47 'store' 'store_ln105' <Predicate = (!icmp_ln105)> <Delay = 1.58>

State 2 <SV = 1> <Delay = 6.54>
ST_2 : Operation 48 [1/1] (0.00ns)   --->   "%pixel_x_load = load i16 %pixel_x" [overlay_core.cpp:106]   --->   Operation 48 'load' 'pixel_x_load' <Predicate = true> <Delay = 0.00>
ST_2 : Operation 49 [1/1] (0.00ns)   --->   "%row_load = load i16 %row" [overlay_core.cpp:105]   --->   Operation 49 'load' 'row_load' <Predicate = true> <Delay = 0.00>
ST_2 : Operation 50 [1/1] (2.07ns)   --->   "%icmp_ln106 = icmp_eq  i16 %pixel_x_load, i16 %width_read" [overlay_core.cpp:106]   --->   Operation 50 'icmp' 'icmp_ln106' <Predicate = true> <Delay = 2.07> <CoreInst = "Cmp">   --->   Core 9 'Cmp' <Latency = 0> <II = 1> <Delay = 2.07> <FuncUnit> <Opcode : 'seteq' 'setne' 'setle' 'setge' 'setlt' 'setgt'> <InPorts = 2> <OutPorts = 1>
ST_2 : Operation 51 [1/1] (0.80ns)   --->   "%select_ln105 = select i1 %icmp_ln106, i16 0, i16 %pixel_x_load" [overlay_core.cpp:105]   --->   Operation 51 'select' 'select_ln105' <Predicate = true> <Delay = 0.80> <CoreInst = "Sel">   --->   Core 73 'Sel' <Latency = 0> <II = 1> <Delay = 0.80> <FuncUnit> <Opcode : 'select'> <InPorts = 3> <OutPorts = 1>
ST_2 : Operation 52 [1/1] (2.07ns)   --->   "%add_ln105_1 = add i16 %row_load, i16 1" [overlay_core.cpp:105]   --->   Operation 52 'add' 'add_ln105_1' <Predicate = true> <Delay = 2.07> <CoreInst = "Adder">   --->   Core 1 'Adder' <Latency = 0> <II = 1> <Delay = 2.07> <FuncUnit> <Opcode : 'add' 'sub'> <InPorts = 2> <OutPorts = 1>
ST_2 : Operation 53 [1/1] (0.80ns)   --->   "%select_ln105_1 = select i1 %icmp_ln106, i16 %add_ln105_1, i16 %row_load" [overlay_core.cpp:105]   --->   Operation 53 'select' 'select_ln105_1' <Predicate = true> <Delay = 0.80> <CoreInst = "Sel">   --->   Core 73 'Sel' <Latency = 0> <II = 1> <Delay = 0.80> <FuncUnit> <Opcode : 'select'> <InPorts = 3> <OutPorts = 1>
ST_2 : Operation 54 [1/1] (2.07ns)   --->   "%add_ln106 = add i16 %select_ln105, i16 1" [overlay_core.cpp:106]   --->   Operation 54 'add' 'add_ln106' <Predicate = true> <Delay = 2.07> <CoreInst = "Adder">   --->   Core 1 'Adder' <Latency = 0> <II = 1> <Delay = 2.07> <FuncUnit> <Opcode : 'add' 'sub'> <InPorts = 2> <OutPorts = 1>
ST_2 : Operation 55 [1/1] (1.58ns)   --->   "%store_ln105 = store i16 %select_ln105_1, i16 %row" [overlay_core.cpp:105]   --->   Operation 55 'store' 'store_ln105' <Predicate = true> <Delay = 1.58>
ST_2 : Operation 56 [1/1] (1.58ns)   --->   "%store_ln36 = store i16 %add_ln106, i16 %pixel_x" [overlay_core.cpp:36->overlay_core.cpp:67->overlay_core.cpp:132]   --->   Operation 56 'store' 'store_ln36' <Predicate = true> <Delay = 1.58>

State 3 <SV = 2> <Delay = 6.22>
ST_3 : Operation 57 [1/1] (0.00ns)   --->   "%row_cast = zext i16 %select_ln105_1" [overlay_core.cpp:105]   --->   Operation 57 'zext' 'row_cast' <Predicate = true> <Delay = 0.00>
ST_3 : Operation 58 [1/1] (2.10ns)   --->   "%ult = icmp_ult  i17 %row_cast, i17 %add_i_i486_read" [overlay_core.cpp:105]   --->   Operation 58 'icmp' 'ult' <Predicate = true> <Delay = 2.10> <CoreInst = "Cmp">   --->   Core 9 'Cmp' <Latency = 0> <II = 1> <Delay = 2.10> <FuncUnit> <Opcode : 'seteq' 'setne' 'setle' 'setge' 'setlt' 'setgt'> <InPorts = 2> <OutPorts = 1>
ST_3 : Operation 59 [1/1] (2.10ns)   --->   "%cmp_i435 = icmp_ugt  i17 %add_i_i458_read, i17 %row_cast" [overlay_core.cpp:105]   --->   Operation 59 'icmp' 'cmp_i435' <Predicate = true> <Delay = 2.10> <CoreInst = "Cmp">   --->   Core 9 'Cmp' <Latency = 0> <II = 1> <Delay = 2.10> <FuncUnit> <Opcode : 'seteq' 'setne' 'setle' 'setge' 'setlt' 'setgt'> <InPorts = 2> <OutPorts = 1>
ST_3 : Operation 60 [1/1] (2.07ns)   --->   "%rel_y = add i16 %select_ln105_1, i16 %y_read" [overlay_core.cpp:105]   --->   Operation 60 'add' 'rel_y' <Predicate = true> <Delay = 2.07> <CoreInst = "Adder">   --->   Core 1 'Adder' <Latency = 0> <II = 1> <Delay = 2.07> <FuncUnit> <Opcode : 'add' 'sub'> <InPorts = 2> <OutPorts = 1>
ST_3 : Operation 61 [1/1] (2.10ns)   --->   "%ult39 = icmp_ult  i17 %row_cast, i17 %add_i_i163_read" [overlay_core.cpp:105]   --->   Operation 61 'icmp' 'ult39' <Predicate = true> <Delay = 2.10> <CoreInst = "Cmp">   --->   Core 9 'Cmp' <Latency = 0> <II = 1> <Delay = 2.10> <FuncUnit> <Opcode : 'seteq' 'setne' 'setle' 'setge' 'setlt' 'setgt'> <InPorts = 2> <OutPorts = 1>
ST_3 : Operation 62 [1/1] (2.10ns)   --->   "%cmp_i112 = icmp_ugt  i17 %add_i_i135_read, i17 %row_cast" [overlay_core.cpp:105]   --->   Operation 62 'icmp' 'cmp_i112' <Predicate = true> <Delay = 2.10> <CoreInst = "Cmp">   --->   Core 9 'Cmp' <Latency = 0> <II = 1> <Delay = 2.10> <FuncUnit> <Opcode : 'seteq' 'setne' 'setle' 'setge' 'setlt' 'setgt'> <InPorts = 2> <OutPorts = 1>
ST_3 : Operation 63 [1/1] (2.07ns)   --->   "%rel_y_1 = add i16 %select_ln105_1, i16 %y_1_read" [overlay_core.cpp:105]   --->   Operation 63 'add' 'rel_y_1' <Predicate = true> <Delay = 2.07> <CoreInst = "Adder">   --->   Core 1 'Adder' <Latency = 0> <II = 1> <Delay = 2.07> <FuncUnit> <Opcode : 'add' 'sub'> <InPorts = 2> <OutPorts = 1>
ST_3 : Operation 64 [1/1] (2.07ns)   --->   "%ult41 = icmp_ult  i16 %select_ln105_1, i16 %y_pos_read" [overlay_core.cpp:105]   --->   Operation 64 'icmp' 'ult41' <Predicate = true> <Delay = 2.07> <CoreInst = "Cmp">   --->   Core 9 'Cmp' <Latency = 0> <II = 1> <Delay = 2.07> <FuncUnit> <Opcode : 'seteq' 'setne' 'setle' 'setge' 'setlt' 'setgt'> <InPorts = 2> <OutPorts = 1>
ST_3 : Operation 65 [1/1] (0.00ns) (grouped into LUT with out node and_ln122_1)   --->   "%rev42 = xor i1 %ult41, i1 1" [overlay_core.cpp:105]   --->   Operation 65 'xor' 'rev42' <Predicate = true> <Delay = 0.00> <CoreInst = "LogicGate">   --->   Core 74 'LogicGate' <Latency = 0> <II = 1> <Delay = 0.97> <FuncUnit> <Opcode : 'and' 'or' 'xor'> <InPorts = 2> <OutPorts = 1>
ST_3 : Operation 66 [1/1] (2.10ns)   --->   "%notrhs = icmp_ugt  i17 %add_i_i564_read, i17 %row_cast" [overlay_core.cpp:105]   --->   Operation 66 'icmp' 'notrhs' <Predicate = true> <Delay = 2.10> <CoreInst = "Cmp">   --->   Core 9 'Cmp' <Latency = 0> <II = 1> <Delay = 2.10> <FuncUnit> <Opcode : 'seteq' 'setne' 'setle' 'setge' 'setlt' 'setgt'> <InPorts = 2> <OutPorts = 1>
ST_3 : Operation 67 [1/1] (2.07ns)   --->   "%icmp_ln123 = icmp_ult  i16 %select_ln105, i16 %x_pos_read" [overlay_core.cpp:123]   --->   Operation 67 'icmp' 'icmp_ln123' <Predicate = true> <Delay = 2.07> <CoreInst = "Cmp">   --->   Core 9 'Cmp' <Latency = 0> <II = 1> <Delay = 2.07> <FuncUnit> <Opcode : 'seteq' 'setne' 'setle' 'setge' 'setlt' 'setgt'> <InPorts = 2> <OutPorts = 1>
ST_3 : Operation 68 [1/1] (0.00ns) (grouped into LUT with out node and_ln122_1)   --->   "%xor_ln123 = xor i1 %icmp_ln123, i1 1" [overlay_core.cpp:123]   --->   Operation 68 'xor' 'xor_ln123' <Predicate = true> <Delay = 0.00> <CoreInst = "LogicGate">   --->   Core 74 'LogicGate' <Latency = 0> <II = 1> <Delay = 0.97> <FuncUnit> <Opcode : 'and' 'or' 'xor'> <InPorts = 2> <OutPorts = 1>
ST_3 : Operation 69 [1/1] (0.00ns)   --->   "%zext_ln123 = zext i16 %select_ln105" [overlay_core.cpp:123]   --->   Operation 69 'zext' 'zext_ln123' <Predicate = true> <Delay = 0.00>
ST_3 : Operation 70 [1/1] (2.10ns)   --->   "%icmp_ln123_1 = icmp_ugt  i17 %add_i_i533_read, i17 %zext_ln123" [overlay_core.cpp:123]   --->   Operation 70 'icmp' 'icmp_ln123_1' <Predicate = true> <Delay = 2.10> <CoreInst = "Cmp">   --->   Core 9 'Cmp' <Latency = 0> <II = 1> <Delay = 2.10> <FuncUnit> <Opcode : 'seteq' 'setne' 'setle' 'setge' 'setlt' 'setgt'> <InPorts = 2> <OutPorts = 1>
ST_3 : Operation 71 [1/1] (0.00ns) (grouped into LUT with out node and_ln122_1)   --->   "%and_ln122 = and i1 %rev42, i1 %xor_ln123" [overlay_core.cpp:122]   --->   Operation 71 'and' 'and_ln122' <Predicate = true> <Delay = 0.00> <CoreInst = "LogicGate">   --->   Core 74 'LogicGate' <Latency = 0> <II = 1> <Delay = 0.97> <FuncUnit> <Opcode : 'and' 'or' 'xor'> <InPorts = 2> <OutPorts = 1>
ST_3 : Operation 72 [1/1] (0.00ns) (grouped into LUT with out node and_ln122_1)   --->   "%and_ln122_2 = and i1 %notrhs, i1 %icmp_ln123_1" [overlay_core.cpp:122]   --->   Operation 72 'and' 'and_ln122_2' <Predicate = true> <Delay = 0.00> <CoreInst = "LogicGate">   --->   Core 74 'LogicGate' <Latency = 0> <II = 1> <Delay = 0.97> <FuncUnit> <Opcode : 'and' 'or' 'xor'> <InPorts = 2> <OutPorts = 1>
ST_3 : Operation 73 [1/1] (0.97ns) (out node of the LUT)   --->   "%and_ln122_1 = and i1 %and_ln122_2, i1 %and_ln122" [overlay_core.cpp:122]   --->   Operation 73 'and' 'and_ln122_1' <Predicate = true> <Delay = 0.97> <CoreInst = "LogicGate">   --->   Core 74 'LogicGate' <Latency = 0> <II = 1> <Delay = 0.97> <FuncUnit> <Opcode : 'and' 'or' 'xor'> <InPorts = 2> <OutPorts = 1>
ST_3 : Operation 74 [1/1] (2.07ns)   --->   "%rel_x = sub i16 %select_ln105, i16 %start_x_read" [overlay_core.cpp:46->overlay_core.cpp:67->overlay_core.cpp:132]   --->   Operation 74 'sub' 'rel_x' <Predicate = true> <Delay = 2.07> <CoreInst = "Adder">   --->   Core 1 'Adder' <Latency = 0> <II = 1> <Delay = 2.07> <FuncUnit> <Opcode : 'add' 'sub'> <InPorts = 2> <OutPorts = 1>
ST_3 : Operation 75 [1/1] (2.07ns)   --->   "%icmp_ln49 = icmp_ugt  i16 %rel_x, i16 4" [overlay_core.cpp:49->overlay_core.cpp:67->overlay_core.cpp:132]   --->   Operation 75 'icmp' 'icmp_ln49' <Predicate = true> <Delay = 2.07> <CoreInst = "Cmp">   --->   Core 9 'Cmp' <Latency = 0> <II = 1> <Delay = 2.07> <FuncUnit> <Opcode : 'seteq' 'setne' 'setle' 'setge' 'setlt' 'setgt'> <InPorts = 2> <OutPorts = 1>
ST_3 : Operation 76 [1/1] (0.00ns)   --->   "%zext_ln51 = zext i16 %rel_x" [overlay_core.cpp:51->overlay_core.cpp:67->overlay_core.cpp:132]   --->   Operation 76 'zext' 'zext_ln51' <Predicate = true> <Delay = 0.00>
ST_3 : Operation 77 [1/1] (0.00ns)   --->   "%p_ZL8font_5x7_3_3_addr = getelementptr i7 %p_ZL8font_5x7_3_3, i64 0, i64 %zext_ln51" [overlay_core.cpp:51->overlay_core.cpp:67->overlay_core.cpp:132]   --->   Operation 77 'getelementptr' 'p_ZL8font_5x7_3_3_addr' <Predicate = true> <Delay = 0.00>
ST_3 : Operation 78 [2/2] (2.32ns)   --->   "%col = load i3 %p_ZL8font_5x7_3_3_addr" [overlay_core.cpp:51->overlay_core.cpp:67->overlay_core.cpp:132]   --->   Operation 78 'load' 'col' <Predicate = true> <Delay = 2.32> <CoreInst = "ROM">   --->   Core 94 'ROM' <Latency = 1> <II = 1> <Delay = 2.32> <Storage> <Opcode : 'load'> <Ports = 0> <Width = 7> <Depth = 5> <ROM>
ST_3 : Operation 79 [1/1] (2.07ns)   --->   "%rel_x_1 = sub i16 %select_ln105, i16 %char_x_read" [overlay_core.cpp:46->overlay_core.cpp:67->overlay_core.cpp:132]   --->   Operation 79 'sub' 'rel_x_1' <Predicate = true> <Delay = 2.07> <CoreInst = "Adder">   --->   Core 1 'Adder' <Latency = 0> <II = 1> <Delay = 2.07> <FuncUnit> <Opcode : 'add' 'sub'> <InPorts = 2> <OutPorts = 1>
ST_3 : Operation 80 [1/1] (2.07ns)   --->   "%icmp_ln49_1 = icmp_ugt  i16 %rel_x_1, i16 4" [overlay_core.cpp:49->overlay_core.cpp:67->overlay_core.cpp:132]   --->   Operation 80 'icmp' 'icmp_ln49_1' <Predicate = true> <Delay = 2.07> <CoreInst = "Cmp">   --->   Core 9 'Cmp' <Latency = 0> <II = 1> <Delay = 2.07> <FuncUnit> <Opcode : 'seteq' 'setne' 'setle' 'setge' 'setlt' 'setgt'> <InPorts = 2> <OutPorts = 1>
ST_3 : Operation 81 [1/1] (0.00ns)   --->   "%zext_ln51_1 = zext i16 %rel_x_1" [overlay_core.cpp:51->overlay_core.cpp:67->overlay_core.cpp:132]   --->   Operation 81 'zext' 'zext_ln51_1' <Predicate = true> <Delay = 0.00>
ST_3 : Operation 82 [1/1] (0.00ns)   --->   "%p_ZL8font_5x7_2_1_addr = getelementptr i7 %p_ZL8font_5x7_2_1, i64 0, i64 %zext_ln51_1" [overlay_core.cpp:51->overlay_core.cpp:67->overlay_core.cpp:132]   --->   Operation 82 'getelementptr' 'p_ZL8font_5x7_2_1_addr' <Predicate = true> <Delay = 0.00>
ST_3 : Operation 83 [2/2] (2.32ns)   --->   "%col_1 = load i3 %p_ZL8font_5x7_2_1_addr" [overlay_core.cpp:51->overlay_core.cpp:67->overlay_core.cpp:132]   --->   Operation 83 'load' 'col_1' <Predicate = true> <Delay = 2.32> <CoreInst = "ROM">   --->   Core 94 'ROM' <Latency = 1> <II = 1> <Delay = 2.32> <Storage> <Opcode : 'load'> <Ports = 0> <Width = 7> <Depth = 5> <ROM>
ST_3 : Operation 84 [1/1] (2.07ns)   --->   "%rel_x_2 = sub i16 %select_ln105, i16 %char_x_2_read" [overlay_core.cpp:46->overlay_core.cpp:67->overlay_core.cpp:132]   --->   Operation 84 'sub' 'rel_x_2' <Predicate = true> <Delay = 2.07> <CoreInst = "Adder">   --->   Core 1 'Adder' <Latency = 0> <II = 1> <Delay = 2.07> <FuncUnit> <Opcode : 'add' 'sub'> <InPorts = 2> <OutPorts = 1>
ST_3 : Operation 85 [1/1] (2.07ns)   --->   "%icmp_ln49_2 = icmp_ugt  i16 %rel_x_2, i16 4" [overlay_core.cpp:49->overlay_core.cpp:67->overlay_core.cpp:132]   --->   Operation 85 'icmp' 'icmp_ln49_2' <Predicate = true> <Delay = 2.07> <CoreInst = "Cmp">   --->   Core 9 'Cmp' <Latency = 0> <II = 1> <Delay = 2.07> <FuncUnit> <Opcode : 'seteq' 'setne' 'setle' 'setge' 'setlt' 'setgt'> <InPorts = 2> <OutPorts = 1>
ST_3 : Operation 86 [1/1] (0.00ns)   --->   "%zext_ln51_2 = zext i16 %rel_x_2" [overlay_core.cpp:51->overlay_core.cpp:67->overlay_core.cpp:132]   --->   Operation 86 'zext' 'zext_ln51_2' <Predicate = true> <Delay = 0.00>
ST_3 : Operation 87 [1/1] (0.00ns)   --->   "%p_ZL8font_5x7_2_0_addr = getelementptr i7 %p_ZL8font_5x7_2_0, i64 0, i64 %zext_ln51_2" [overlay_core.cpp:51->overlay_core.cpp:67->overlay_core.cpp:132]   --->   Operation 87 'getelementptr' 'p_ZL8font_5x7_2_0_addr' <Predicate = true> <Delay = 0.00>
ST_3 : Operation 88 [2/2] (2.32ns)   --->   "%col_2 = load i3 %p_ZL8font_5x7_2_0_addr" [overlay_core.cpp:51->overlay_core.cpp:67->overlay_core.cpp:132]   --->   Operation 88 'load' 'col_2' <Predicate = true> <Delay = 2.32> <CoreInst = "ROM">   --->   Core 94 'ROM' <Latency = 1> <II = 1> <Delay = 2.32> <Storage> <Opcode : 'load'> <Ports = 0> <Width = 7> <Depth = 5> <ROM>
ST_3 : Operation 89 [1/1] (0.00ns) (grouped into TernaryAdder)   --->   "%char_x_4 = sub i16 65513, i16 %x_pos_read"   --->   Operation 89 'sub' 'char_x_4' <Predicate = true> <Delay = 0.00> <CoreInst = "TAddSub">   --->   Core 10 'TAddSub' <Latency = 0> <II = 1> <Delay = 1.95> <IPBlock> <Opcode : '' 'add' 'sub'> <InPorts = 3> <OutPorts = 1> <Sync> <CReg>
ST_3 : Operation 90 [1/1] (3.90ns) (root node of TernaryAdder)   --->   "%rel_x_3 = add i16 %select_ln105, i16 %char_x_4" [overlay_core.cpp:46->overlay_core.cpp:67->overlay_core.cpp:132]   --->   Operation 90 'add' 'rel_x_3' <Predicate = true> <Delay = 3.90> <CoreInst = "TAddSub">   --->   Core 10 'TAddSub' <Latency = 0> <II = 1> <Delay = 1.95> <IPBlock> <Opcode : '' 'add' 'sub'> <InPorts = 3> <OutPorts = 1> <Sync> <CReg>
ST_3 : Operation 91 [1/1] (0.00ns)   --->   "%zext_ln51_3 = zext i16 %rel_x_3" [overlay_core.cpp:51->overlay_core.cpp:67->overlay_core.cpp:132]   --->   Operation 91 'zext' 'zext_ln51_3' <Predicate = true> <Delay = 0.00>
ST_3 : Operation 92 [1/1] (0.00ns)   --->   "%p_ZL8font_5x7_4_1_addr = getelementptr i7 %p_ZL8font_5x7_4_1, i64 0, i64 %zext_ln51_3" [overlay_core.cpp:51->overlay_core.cpp:67->overlay_core.cpp:132]   --->   Operation 92 'getelementptr' 'p_ZL8font_5x7_4_1_addr' <Predicate = true> <Delay = 0.00>
ST_3 : Operation 93 [2/2] (2.32ns)   --->   "%col_3 = load i3 %p_ZL8font_5x7_4_1_addr" [overlay_core.cpp:51->overlay_core.cpp:67->overlay_core.cpp:132]   --->   Operation 93 'load' 'col_3' <Predicate = true> <Delay = 2.32> <CoreInst = "ROM">   --->   Core 94 'ROM' <Latency = 1> <II = 1> <Delay = 2.32> <Storage> <Opcode : 'load'> <Ports = 0> <Width = 7> <Depth = 5> <ROM>
ST_3 : Operation 94 [1/1] (0.00ns) (grouped into TernaryAdder)   --->   "%char_x_5 = sub i16 65507, i16 %x_pos_read"   --->   Operation 94 'sub' 'char_x_5' <Predicate = true> <Delay = 0.00> <CoreInst = "TAddSub">   --->   Core 10 'TAddSub' <Latency = 0> <II = 1> <Delay = 1.95> <IPBlock> <Opcode : '' 'add' 'sub'> <InPorts = 3> <OutPorts = 1> <Sync> <CReg>
ST_3 : Operation 95 [1/1] (3.90ns) (root node of TernaryAdder)   --->   "%rel_x_4 = add i16 %select_ln105, i16 %char_x_5" [overlay_core.cpp:46->overlay_core.cpp:67->overlay_core.cpp:132]   --->   Operation 95 'add' 'rel_x_4' <Predicate = true> <Delay = 3.90> <CoreInst = "TAddSub">   --->   Core 10 'TAddSub' <Latency = 0> <II = 1> <Delay = 1.95> <IPBlock> <Opcode : '' 'add' 'sub'> <InPorts = 3> <OutPorts = 1> <Sync> <CReg>
ST_3 : Operation 96 [1/1] (0.00ns)   --->   "%zext_ln51_4 = zext i16 %rel_x_4" [overlay_core.cpp:51->overlay_core.cpp:67->overlay_core.cpp:132]   --->   Operation 96 'zext' 'zext_ln51_4' <Predicate = true> <Delay = 0.00>
ST_3 : Operation 97 [1/1] (0.00ns)   --->   "%p_ZL8font_5x7_2_1_addr_1 = getelementptr i7 %p_ZL8font_5x7_2_1, i64 0, i64 %zext_ln51_4" [overlay_core.cpp:51->overlay_core.cpp:67->overlay_core.cpp:132]   --->   Operation 97 'getelementptr' 'p_ZL8font_5x7_2_1_addr_1' <Predicate = true> <Delay = 0.00>
ST_3 : Operation 98 [2/2] (2.32ns)   --->   "%col_4 = load i3 %p_ZL8font_5x7_2_1_addr_1" [overlay_core.cpp:51->overlay_core.cpp:67->overlay_core.cpp:132]   --->   Operation 98 'load' 'col_4' <Predicate = true> <Delay = 2.32> <CoreInst = "ROM">   --->   Core 94 'ROM' <Latency = 1> <II = 1> <Delay = 2.32> <Storage> <Opcode : 'load'> <Ports = 0> <Width = 7> <Depth = 5> <ROM>
ST_3 : Operation 99 [1/1] (0.00ns)   --->   "%p_ZL8font_5x7_5_2_addr = getelementptr i7 %p_ZL8font_5x7_5_2, i64 0, i64 %zext_ln51" [overlay_core.cpp:51->overlay_core.cpp:67->overlay_core.cpp:139]   --->   Operation 99 'getelementptr' 'p_ZL8font_5x7_5_2_addr' <Predicate = true> <Delay = 0.00>
ST_3 : Operation 100 [2/2] (2.32ns)   --->   "%col_5 = load i3 %p_ZL8font_5x7_5_2_addr" [overlay_core.cpp:51->overlay_core.cpp:67->overlay_core.cpp:139]   --->   Operation 100 'load' 'col_5' <Predicate = true> <Delay = 2.32> <CoreInst = "ROM">   --->   Core 94 'ROM' <Latency = 1> <II = 1> <Delay = 2.32> <Storage> <Opcode : 'load'> <Ports = 0> <Width = 7> <Depth = 5> <ROM>
ST_3 : Operation 101 [1/1] (0.00ns)   --->   "%p_ZL8font_5x7_0_0_addr = getelementptr i6 %p_ZL8font_5x7_0_0, i64 0, i64 %zext_ln51_1" [overlay_core.cpp:51->overlay_core.cpp:67->overlay_core.cpp:139]   --->   Operation 101 'getelementptr' 'p_ZL8font_5x7_0_0_addr' <Predicate = true> <Delay = 0.00>
ST_3 : Operation 102 [2/2] (2.32ns)   --->   "%col_6 = load i3 %p_ZL8font_5x7_0_0_addr" [overlay_core.cpp:51->overlay_core.cpp:67->overlay_core.cpp:139]   --->   Operation 102 'load' 'col_6' <Predicate = true> <Delay = 2.32> <CoreInst = "ROM">   --->   Core 94 'ROM' <Latency = 1> <II = 1> <Delay = 2.32> <Storage> <Opcode : 'load'> <Ports = 0> <Width = 6> <Depth = 5> <ROM>
ST_3 : Operation 103 [1/1] (0.00ns)   --->   "%p_ZL8font_5x7_1_3_addr = getelementptr i2 %p_ZL8font_5x7_1_3, i64 0, i64 %zext_ln51_2" [overlay_core.cpp:51->overlay_core.cpp:67->overlay_core.cpp:139]   --->   Operation 103 'getelementptr' 'p_ZL8font_5x7_1_3_addr' <Predicate = true> <Delay = 0.00>
ST_3 : Operation 104 [2/2] (2.32ns)   --->   "%col_7 = load i3 %p_ZL8font_5x7_1_3_addr" [overlay_core.cpp:51->overlay_core.cpp:67->overlay_core.cpp:139]   --->   Operation 104 'load' 'col_7' <Predicate = true> <Delay = 2.32> <CoreInst = "ROM">   --->   Core 94 'ROM' <Latency = 1> <II = 1> <Delay = 2.32> <Storage> <Opcode : 'load'> <Ports = 0> <Width = 2> <Depth = 5> <ROM>

State 4 <SV = 3> <Delay = 5.85>
ST_4 : Operation 105 [1/1] (0.00ns)   --->   "%sh_prom_i_i327 = zext i16 %rel_y" [overlay_core.cpp:105]   --->   Operation 105 'zext' 'sh_prom_i_i327' <Predicate = true> <Delay = 0.00>
ST_4 : Operation 106 [1/1] (3.98ns)   --->   "%shl_i_i328 = shl i32 1, i32 %sh_prom_i_i327" [overlay_core.cpp:105]   --->   Operation 106 'shl' 'shl_i_i328' <Predicate = true> <Delay = 3.98> <CoreInst = "Shifter">   --->   Core 75 'Shifter' <Latency = 0> <II = 1> <Delay = 3.98> <FuncUnit> <Opcode : 'shl' 'lshr' 'ashr'> <InPorts = 2> <OutPorts = 1>
ST_4 : Operation 107 [1/1] (0.00ns)   --->   "%empty = trunc i32 %shl_i_i328" [overlay_core.cpp:105]   --->   Operation 107 'trunc' 'empty' <Predicate = true> <Delay = 0.00>
ST_4 : Operation 108 [1/1] (0.00ns)   --->   "%sh_prom_i_i = zext i16 %rel_y_1" [overlay_core.cpp:105]   --->   Operation 108 'zext' 'sh_prom_i_i' <Predicate = true> <Delay = 0.00>
ST_4 : Operation 109 [1/1] (3.98ns)   --->   "%shl_i_i = shl i32 1, i32 %sh_prom_i_i" [overlay_core.cpp:105]   --->   Operation 109 'shl' 'shl_i_i' <Predicate = true> <Delay = 3.98> <CoreInst = "Shifter">   --->   Core 75 'Shifter' <Latency = 0> <II = 1> <Delay = 3.98> <FuncUnit> <Opcode : 'shl' 'lshr' 'ashr'> <InPorts = 2> <OutPorts = 1>
ST_4 : Operation 110 [1/1] (0.00ns)   --->   "%empty_18 = trunc i32 %shl_i_i" [overlay_core.cpp:105]   --->   Operation 110 'trunc' 'empty_18' <Predicate = true> <Delay = 0.00>
ST_4 : Operation 111 [1/1] (2.07ns)   --->   "%cmp_i_i17_i_i319_not = icmp_ugt  i16 %rel_y, i16 6" [overlay_core.cpp:105]   --->   Operation 111 'icmp' 'cmp_i_i17_i_i319_not' <Predicate = true> <Delay = 2.07> <CoreInst = "Cmp">   --->   Core 9 'Cmp' <Latency = 0> <II = 1> <Delay = 2.07> <FuncUnit> <Opcode : 'seteq' 'setne' 'setle' 'setge' 'setlt' 'setgt'> <InPorts = 2> <OutPorts = 1>
ST_4 : Operation 112 [1/1] (2.07ns)   --->   "%cmp_i_i17_i_i_not = icmp_ugt  i16 %rel_y_1, i16 6" [overlay_core.cpp:105]   --->   Operation 112 'icmp' 'cmp_i_i17_i_i_not' <Predicate = true> <Delay = 2.07> <CoreInst = "Cmp">   --->   Core 9 'Cmp' <Latency = 0> <II = 1> <Delay = 2.07> <FuncUnit> <Opcode : 'seteq' 'setne' 'setle' 'setge' 'setlt' 'setgt'> <InPorts = 2> <OutPorts = 1>
ST_4 : Operation 113 [1/2] (2.32ns)   --->   "%col = load i3 %p_ZL8font_5x7_3_3_addr" [overlay_core.cpp:51->overlay_core.cpp:67->overlay_core.cpp:132]   --->   Operation 113 'load' 'col' <Predicate = true> <Delay = 2.32> <CoreInst = "ROM">   --->   Core 94 'ROM' <Latency = 1> <II = 1> <Delay = 2.32> <Storage> <Opcode : 'load'> <Ports = 0> <Width = 7> <Depth = 5> <ROM>
ST_4 : Operation 114 [1/1] (0.00ns) (grouped into LUT with out node icmp_ln52)   --->   "%and_ln52 = and i7 %empty, i7 %col" [overlay_core.cpp:52->overlay_core.cpp:67->overlay_core.cpp:132]   --->   Operation 114 'and' 'and_ln52' <Predicate = true> <Delay = 0.00> <CoreInst = "LogicGate">   --->   Core 74 'LogicGate' <Latency = 0> <II = 1> <Delay = 0.99> <FuncUnit> <Opcode : 'and' 'or' 'xor'> <InPorts = 2> <OutPorts = 1>
ST_4 : Operation 115 [1/2] (2.32ns)   --->   "%col_1 = load i3 %p_ZL8font_5x7_2_1_addr" [overlay_core.cpp:51->overlay_core.cpp:67->overlay_core.cpp:132]   --->   Operation 115 'load' 'col_1' <Predicate = true> <Delay = 2.32> <CoreInst = "ROM">   --->   Core 94 'ROM' <Latency = 1> <II = 1> <Delay = 2.32> <Storage> <Opcode : 'load'> <Ports = 0> <Width = 7> <Depth = 5> <ROM>
ST_4 : Operation 116 [1/1] (0.00ns) (grouped into LUT with out node icmp_ln52_1)   --->   "%and_ln52_1 = and i7 %empty, i7 %col_1" [overlay_core.cpp:52->overlay_core.cpp:67->overlay_core.cpp:132]   --->   Operation 116 'and' 'and_ln52_1' <Predicate = true> <Delay = 0.00> <CoreInst = "LogicGate">   --->   Core 74 'LogicGate' <Latency = 0> <II = 1> <Delay = 0.99> <FuncUnit> <Opcode : 'and' 'or' 'xor'> <InPorts = 2> <OutPorts = 1>
ST_4 : Operation 117 [1/2] (2.32ns)   --->   "%col_2 = load i3 %p_ZL8font_5x7_2_0_addr" [overlay_core.cpp:51->overlay_core.cpp:67->overlay_core.cpp:132]   --->   Operation 117 'load' 'col_2' <Predicate = true> <Delay = 2.32> <CoreInst = "ROM">   --->   Core 94 'ROM' <Latency = 1> <II = 1> <Delay = 2.32> <Storage> <Opcode : 'load'> <Ports = 0> <Width = 7> <Depth = 5> <ROM>
ST_4 : Operation 118 [1/1] (2.07ns)   --->   "%icmp_ln49_3 = icmp_ugt  i16 %rel_x_3, i16 4" [overlay_core.cpp:49->overlay_core.cpp:67->overlay_core.cpp:132]   --->   Operation 118 'icmp' 'icmp_ln49_3' <Predicate = true> <Delay = 2.07> <CoreInst = "Cmp">   --->   Core 9 'Cmp' <Latency = 0> <II = 1> <Delay = 2.07> <FuncUnit> <Opcode : 'seteq' 'setne' 'setle' 'setge' 'setlt' 'setgt'> <InPorts = 2> <OutPorts = 1>
ST_4 : Operation 119 [1/2] (2.32ns)   --->   "%col_3 = load i3 %p_ZL8font_5x7_4_1_addr" [overlay_core.cpp:51->overlay_core.cpp:67->overlay_core.cpp:132]   --->   Operation 119 'load' 'col_3' <Predicate = true> <Delay = 2.32> <CoreInst = "ROM">   --->   Core 94 'ROM' <Latency = 1> <II = 1> <Delay = 2.32> <Storage> <Opcode : 'load'> <Ports = 0> <Width = 7> <Depth = 5> <ROM>
ST_4 : Operation 120 [1/1] (0.00ns) (grouped into LUT with out node icmp_ln52_3)   --->   "%and_ln52_3 = and i7 %empty, i7 %col_3" [overlay_core.cpp:52->overlay_core.cpp:67->overlay_core.cpp:132]   --->   Operation 120 'and' 'and_ln52_3' <Predicate = true> <Delay = 0.00> <CoreInst = "LogicGate">   --->   Core 74 'LogicGate' <Latency = 0> <II = 1> <Delay = 0.99> <FuncUnit> <Opcode : 'and' 'or' 'xor'> <InPorts = 2> <OutPorts = 1>
ST_4 : Operation 121 [1/1] (2.07ns)   --->   "%icmp_ln49_4 = icmp_ugt  i16 %rel_x_4, i16 4" [overlay_core.cpp:49->overlay_core.cpp:67->overlay_core.cpp:132]   --->   Operation 121 'icmp' 'icmp_ln49_4' <Predicate = true> <Delay = 2.07> <CoreInst = "Cmp">   --->   Core 9 'Cmp' <Latency = 0> <II = 1> <Delay = 2.07> <FuncUnit> <Opcode : 'seteq' 'setne' 'setle' 'setge' 'setlt' 'setgt'> <InPorts = 2> <OutPorts = 1>
ST_4 : Operation 122 [1/2] (2.32ns)   --->   "%col_4 = load i3 %p_ZL8font_5x7_2_1_addr_1" [overlay_core.cpp:51->overlay_core.cpp:67->overlay_core.cpp:132]   --->   Operation 122 'load' 'col_4' <Predicate = true> <Delay = 2.32> <CoreInst = "ROM">   --->   Core 94 'ROM' <Latency = 1> <II = 1> <Delay = 2.32> <Storage> <Opcode : 'load'> <Ports = 0> <Width = 7> <Depth = 5> <ROM>
ST_4 : Operation 123 [1/1] (0.00ns) (grouped into LUT with out node icmp_ln52_4)   --->   "%and_ln52_4 = and i7 %empty, i7 %col_4" [overlay_core.cpp:52->overlay_core.cpp:67->overlay_core.cpp:132]   --->   Operation 123 'and' 'and_ln52_4' <Predicate = true> <Delay = 0.00> <CoreInst = "LogicGate">   --->   Core 74 'LogicGate' <Latency = 0> <II = 1> <Delay = 0.99> <FuncUnit> <Opcode : 'and' 'or' 'xor'> <InPorts = 2> <OutPorts = 1>
ST_4 : Operation 124 [1/1] (1.87ns) (out node of the LUT)   --->   "%icmp_ln52 = icmp_ne  i7 %and_ln52, i7 0" [overlay_core.cpp:52->overlay_core.cpp:67->overlay_core.cpp:132]   --->   Operation 124 'icmp' 'icmp_ln52' <Predicate = true> <Delay = 1.87> <CoreInst = "Cmp">   --->   Core 9 'Cmp' <Latency = 0> <II = 1> <Delay = 1.87> <FuncUnit> <Opcode : 'seteq' 'setne' 'setle' 'setge' 'setlt' 'setgt'> <InPorts = 2> <OutPorts = 1>
ST_4 : Operation 125 [1/1] (1.87ns) (out node of the LUT)   --->   "%icmp_ln52_1 = icmp_ne  i7 %and_ln52_1, i7 0" [overlay_core.cpp:52->overlay_core.cpp:67->overlay_core.cpp:132]   --->   Operation 125 'icmp' 'icmp_ln52_1' <Predicate = true> <Delay = 1.87> <CoreInst = "Cmp">   --->   Core 9 'Cmp' <Latency = 0> <II = 1> <Delay = 1.87> <FuncUnit> <Opcode : 'seteq' 'setne' 'setle' 'setge' 'setlt' 'setgt'> <InPorts = 2> <OutPorts = 1>
ST_4 : Operation 126 [1/1] (1.87ns) (out node of the LUT)   --->   "%icmp_ln52_3 = icmp_ne  i7 %and_ln52_3, i7 0" [overlay_core.cpp:52->overlay_core.cpp:67->overlay_core.cpp:132]   --->   Operation 126 'icmp' 'icmp_ln52_3' <Predicate = true> <Delay = 1.87> <CoreInst = "Cmp">   --->   Core 9 'Cmp' <Latency = 0> <II = 1> <Delay = 1.87> <FuncUnit> <Opcode : 'seteq' 'setne' 'setle' 'setge' 'setlt' 'setgt'> <InPorts = 2> <OutPorts = 1>
ST_4 : Operation 127 [1/1] (1.87ns) (out node of the LUT)   --->   "%icmp_ln52_4 = icmp_ne  i7 %and_ln52_4, i7 0" [overlay_core.cpp:52->overlay_core.cpp:67->overlay_core.cpp:132]   --->   Operation 127 'icmp' 'icmp_ln52_4' <Predicate = true> <Delay = 1.87> <CoreInst = "Cmp">   --->   Core 9 'Cmp' <Latency = 0> <II = 1> <Delay = 1.87> <FuncUnit> <Opcode : 'seteq' 'setne' 'setle' 'setge' 'setlt' 'setgt'> <InPorts = 2> <OutPorts = 1>
ST_4 : Operation 128 [1/2] (2.32ns)   --->   "%col_5 = load i3 %p_ZL8font_5x7_5_2_addr" [overlay_core.cpp:51->overlay_core.cpp:67->overlay_core.cpp:139]   --->   Operation 128 'load' 'col_5' <Predicate = true> <Delay = 2.32> <CoreInst = "ROM">   --->   Core 94 'ROM' <Latency = 1> <II = 1> <Delay = 2.32> <Storage> <Opcode : 'load'> <Ports = 0> <Width = 7> <Depth = 5> <ROM>
ST_4 : Operation 129 [1/2] (2.32ns)   --->   "%col_6 = load i3 %p_ZL8font_5x7_0_0_addr" [overlay_core.cpp:51->overlay_core.cpp:67->overlay_core.cpp:139]   --->   Operation 129 'load' 'col_6' <Predicate = true> <Delay = 2.32> <CoreInst = "ROM">   --->   Core 94 'ROM' <Latency = 1> <II = 1> <Delay = 2.32> <Storage> <Opcode : 'load'> <Ports = 0> <Width = 6> <Depth = 5> <ROM>
ST_4 : Operation 130 [1/1] (0.00ns) (grouped into LUT with out node icmp_ln52_6)   --->   "%sext_ln51 = sext i6 %col_6" [overlay_core.cpp:51->overlay_core.cpp:67->overlay_core.cpp:139]   --->   Operation 130 'sext' 'sext_ln51' <Predicate = true> <Delay = 0.00>
ST_4 : Operation 131 [1/1] (0.00ns) (grouped into LUT with out node icmp_ln52_6)   --->   "%and_ln52_6 = and i7 %empty_18, i7 %sext_ln51" [overlay_core.cpp:52->overlay_core.cpp:67->overlay_core.cpp:139]   --->   Operation 131 'and' 'and_ln52_6' <Predicate = true> <Delay = 0.00> <CoreInst = "LogicGate">   --->   Core 74 'LogicGate' <Latency = 0> <II = 1> <Delay = 0.99> <FuncUnit> <Opcode : 'and' 'or' 'xor'> <InPorts = 2> <OutPorts = 1>
ST_4 : Operation 132 [1/2] (2.32ns)   --->   "%col_7 = load i3 %p_ZL8font_5x7_1_3_addr" [overlay_core.cpp:51->overlay_core.cpp:67->overlay_core.cpp:139]   --->   Operation 132 'load' 'col_7' <Predicate = true> <Delay = 2.32> <CoreInst = "ROM">   --->   Core 94 'ROM' <Latency = 1> <II = 1> <Delay = 2.32> <Storage> <Opcode : 'load'> <Ports = 0> <Width = 2> <Depth = 5> <ROM>
ST_4 : Operation 133 [1/1] (0.00ns) (grouped into LUT with out node icmp_ln52_7)   --->   "%sext_ln51_1 = sext i2 %col_7" [overlay_core.cpp:51->overlay_core.cpp:67->overlay_core.cpp:139]   --->   Operation 133 'sext' 'sext_ln51_1' <Predicate = true> <Delay = 0.00>
ST_4 : Operation 134 [1/1] (0.00ns) (grouped into LUT with out node icmp_ln52_7)   --->   "%and_ln52_7 = and i7 %empty_18, i7 %sext_ln51_1" [overlay_core.cpp:52->overlay_core.cpp:67->overlay_core.cpp:139]   --->   Operation 134 'and' 'and_ln52_7' <Predicate = true> <Delay = 0.00> <CoreInst = "LogicGate">   --->   Core 74 'LogicGate' <Latency = 0> <II = 1> <Delay = 0.99> <FuncUnit> <Opcode : 'and' 'or' 'xor'> <InPorts = 2> <OutPorts = 1>
ST_4 : Operation 135 [1/1] (1.87ns) (out node of the LUT)   --->   "%icmp_ln52_6 = icmp_ne  i7 %and_ln52_6, i7 0" [overlay_core.cpp:52->overlay_core.cpp:67->overlay_core.cpp:139]   --->   Operation 135 'icmp' 'icmp_ln52_6' <Predicate = true> <Delay = 1.87> <CoreInst = "Cmp">   --->   Core 9 'Cmp' <Latency = 0> <II = 1> <Delay = 1.87> <FuncUnit> <Opcode : 'seteq' 'setne' 'setle' 'setge' 'setlt' 'setgt'> <InPorts = 2> <OutPorts = 1>
ST_4 : Operation 136 [1/1] (1.87ns) (out node of the LUT)   --->   "%icmp_ln52_7 = icmp_ne  i7 %and_ln52_7, i7 0" [overlay_core.cpp:52->overlay_core.cpp:67->overlay_core.cpp:139]   --->   Operation 136 'icmp' 'icmp_ln52_7' <Predicate = true> <Delay = 1.87> <CoreInst = "Cmp">   --->   Core 9 'Cmp' <Latency = 0> <II = 1> <Delay = 1.87> <FuncUnit> <Opcode : 'seteq' 'setne' 'setle' 'setge' 'setlt' 'setgt'> <InPorts = 2> <OutPorts = 1>
ST_4 : Operation 199 [1/1] (1.58ns)   --->   "%ret_ln0 = ret"   --->   Operation 199 'ret' 'ret_ln0' <Predicate = (icmp_ln105)> <Delay = 1.58>

State 5 <SV = 4> <Delay = 6.33>
ST_5 : Operation 137 [1/1] (0.00ns)   --->   "%specloopname_ln0 = specloopname void @_ssdm_op_SpecLoopName, void @LOOP_HEIGHT_LOOP_WIDTH_str"   --->   Operation 137 'specloopname' 'specloopname_ln0' <Predicate = true> <Delay = 0.00>
ST_5 : Operation 138 [1/1] (0.00ns)   --->   "%speclooptripcount_ln0 = speclooptripcount void @_ssdm_op_SpecLoopTripCount, i64 0, i64 4294836225, i64 1073676289"   --->   Operation 138 'speclooptripcount' 'speclooptripcount_ln0' <Predicate = true> <Delay = 0.00>
ST_5 : Operation 139 [1/1] (0.00ns) (grouped into LUT with out node draw_pixel_2)   --->   "%rev = xor i1 %ult, i1 1" [overlay_core.cpp:105]   --->   Operation 139 'xor' 'rev' <Predicate = true> <Delay = 0.00> <CoreInst = "LogicGate">   --->   Core 74 'LogicGate' <Latency = 0> <II = 1> <Delay = 0.97> <FuncUnit> <Opcode : 'and' 'or' 'xor'> <InPorts = 2> <OutPorts = 1>
ST_5 : Operation 140 [1/1] (0.00ns) (grouped into LUT with out node draw_pixel_1)   --->   "%rev40 = xor i1 %ult39, i1 1" [overlay_core.cpp:105]   --->   Operation 140 'xor' 'rev40' <Predicate = true> <Delay = 0.00> <CoreInst = "LogicGate">   --->   Core 74 'LogicGate' <Latency = 0> <II = 1> <Delay = 0.97> <FuncUnit> <Opcode : 'and' 'or' 'xor'> <InPorts = 2> <OutPorts = 1>
ST_5 : Operation 141 [1/1] (0.00ns) (grouped into LUT with out node draw_pixel_1)   --->   "%spec_select1222 = and i1 %rev40, i1 %cmp_i112" [overlay_core.cpp:105]   --->   Operation 141 'and' 'spec_select1222' <Predicate = true> <Delay = 0.00> <CoreInst = "LogicGate">   --->   Core 74 'LogicGate' <Latency = 0> <II = 1> <Delay = 0.97> <FuncUnit> <Opcode : 'and' 'or' 'xor'> <InPorts = 2> <OutPorts = 1>
ST_5 : Operation 142 [1/1] (0.00ns)   --->   "%specpipeline_ln107 = specpipeline void @_ssdm_op_SpecPipeline, i32 1, i32 0, i32 0, i32 0, void @empty_1" [overlay_core.cpp:107]   --->   Operation 142 'specpipeline' 'specpipeline_ln107' <Predicate = true> <Delay = 0.00>
ST_5 : Operation 143 [1/1] (0.00ns) (grouped into LUT with out node r_2)   --->   "%r_1 = partselect i7 @_ssdm_op_PartSelect.i7.i24.i32.i32, i24 %pixel_in_data, i32 17, i32 23" [overlay_core.cpp:125]   --->   Operation 143 'partselect' 'r_1' <Predicate = (enable_read & and_ln122_1)> <Delay = 0.00>
ST_5 : Operation 144 [1/1] (0.00ns) (grouped into LUT with out node r_2)   --->   "%zext_ln125 = zext i7 %r_1" [overlay_core.cpp:125]   --->   Operation 144 'zext' 'zext_ln125' <Predicate = (enable_read & and_ln122_1)> <Delay = 0.00>
ST_5 : Operation 145 [1/1] (0.00ns) (grouped into LUT with out node g_2)   --->   "%g_1 = partselect i7 @_ssdm_op_PartSelect.i7.i24.i32.i32, i24 %pixel_in_data, i32 9, i32 15" [overlay_core.cpp:126]   --->   Operation 145 'partselect' 'g_1' <Predicate = (enable_read & and_ln122_1)> <Delay = 0.00>
ST_5 : Operation 146 [1/1] (0.00ns) (grouped into LUT with out node g_2)   --->   "%zext_ln126 = zext i7 %g_1" [overlay_core.cpp:126]   --->   Operation 146 'zext' 'zext_ln126' <Predicate = (enable_read & and_ln122_1)> <Delay = 0.00>
ST_5 : Operation 147 [1/1] (0.00ns) (grouped into LUT with out node b_2)   --->   "%b_1 = partselect i7 @_ssdm_op_PartSelect.i7.i24.i32.i32, i24 %pixel_in_data, i32 1, i32 7" [overlay_core.cpp:127]   --->   Operation 147 'partselect' 'b_1' <Predicate = (enable_read & and_ln122_1)> <Delay = 0.00>
ST_5 : Operation 148 [1/1] (0.00ns) (grouped into LUT with out node b_2)   --->   "%zext_ln127 = zext i7 %b_1" [overlay_core.cpp:127]   --->   Operation 148 'zext' 'zext_ln127' <Predicate = (enable_read & and_ln122_1)> <Delay = 0.00>
ST_5 : Operation 149 [1/1] (0.00ns) (grouped into LUT with out node g_2)   --->   "%select_ln122 = select i1 %and_ln122_1, i8 %zext_ln126, i8 %g" [overlay_core.cpp:122]   --->   Operation 149 'select' 'select_ln122' <Predicate = (enable_read)> <Delay = 0.00> <CoreInst = "Sel">   --->   Core 73 'Sel' <Latency = 0> <II = 1> <Delay = 1.24> <FuncUnit> <Opcode : 'select'> <InPorts = 3> <OutPorts = 1>
ST_5 : Operation 150 [1/1] (0.00ns) (grouped into LUT with out node r_2)   --->   "%select_ln122_1 = select i1 %and_ln122_1, i8 %zext_ln125, i8 %r" [overlay_core.cpp:122]   --->   Operation 150 'select' 'select_ln122_1' <Predicate = (enable_read)> <Delay = 0.00> <CoreInst = "Sel">   --->   Core 73 'Sel' <Latency = 0> <II = 1> <Delay = 1.24> <FuncUnit> <Opcode : 'select'> <InPorts = 3> <OutPorts = 1>
ST_5 : Operation 151 [1/1] (0.00ns) (grouped into LUT with out node b_2)   --->   "%b_3 = select i1 %and_ln122_1, i8 %zext_ln127, i8 %b" [overlay_core.cpp:122]   --->   Operation 151 'select' 'b_3' <Predicate = (enable_read)> <Delay = 0.00> <CoreInst = "Sel">   --->   Core 73 'Sel' <Latency = 0> <II = 1> <Delay = 1.24> <FuncUnit> <Opcode : 'select'> <InPorts = 3> <OutPorts = 1>
ST_5 : Operation 152 [1/1] (0.00ns) (grouped into LUT with out node or_ln52)   --->   "%or_ln49 = or i1 %icmp_ln49, i1 %cmp_i_i17_i_i319_not" [overlay_core.cpp:49->overlay_core.cpp:67->overlay_core.cpp:132]   --->   Operation 152 'or' 'or_ln49' <Predicate = true> <Delay = 0.00> <CoreInst = "LogicGate">   --->   Core 74 'LogicGate' <Latency = 0> <II = 1> <Delay = 0.97> <FuncUnit> <Opcode : 'and' 'or' 'xor'> <InPorts = 2> <OutPorts = 1>
ST_5 : Operation 153 [1/1] (0.00ns) (grouped into LUT with out node or_ln52)   --->   "%or_ln49_1 = or i1 %icmp_ln49_1, i1 %cmp_i_i17_i_i319_not" [overlay_core.cpp:49->overlay_core.cpp:67->overlay_core.cpp:132]   --->   Operation 153 'or' 'or_ln49_1' <Predicate = true> <Delay = 0.00> <CoreInst = "LogicGate">   --->   Core 74 'LogicGate' <Latency = 0> <II = 1> <Delay = 0.97> <FuncUnit> <Opcode : 'and' 'or' 'xor'> <InPorts = 2> <OutPorts = 1>
ST_5 : Operation 154 [1/1] (0.00ns) (grouped into LUT with out node and_ln52_13)   --->   "%or_ln49_2 = or i1 %icmp_ln49_2, i1 %cmp_i_i17_i_i319_not" [overlay_core.cpp:49->overlay_core.cpp:67->overlay_core.cpp:132]   --->   Operation 154 'or' 'or_ln49_2' <Predicate = true> <Delay = 0.00> <CoreInst = "LogicGate">   --->   Core 74 'LogicGate' <Latency = 0> <II = 1> <Delay = 0.97> <FuncUnit> <Opcode : 'and' 'or' 'xor'> <InPorts = 2> <OutPorts = 1>
ST_5 : Operation 155 [1/1] (0.00ns) (grouped into LUT with out node icmp_ln52_2)   --->   "%and_ln52_2 = and i7 %empty, i7 %col_2" [overlay_core.cpp:52->overlay_core.cpp:67->overlay_core.cpp:132]   --->   Operation 155 'and' 'and_ln52_2' <Predicate = true> <Delay = 0.00> <CoreInst = "LogicGate">   --->   Core 74 'LogicGate' <Latency = 0> <II = 1> <Delay = 0.99> <FuncUnit> <Opcode : 'and' 'or' 'xor'> <InPorts = 2> <OutPorts = 1>
ST_5 : Operation 156 [1/1] (0.00ns) (grouped into LUT with out node or_ln52_1)   --->   "%or_ln49_3 = or i1 %icmp_ln49_3, i1 %cmp_i_i17_i_i319_not" [overlay_core.cpp:49->overlay_core.cpp:67->overlay_core.cpp:132]   --->   Operation 156 'or' 'or_ln49_3' <Predicate = true> <Delay = 0.00> <CoreInst = "LogicGate">   --->   Core 74 'LogicGate' <Latency = 0> <II = 1> <Delay = 0.97> <FuncUnit> <Opcode : 'and' 'or' 'xor'> <InPorts = 2> <OutPorts = 1>
ST_5 : Operation 157 [1/1] (0.00ns) (grouped into LUT with out node or_ln52_1)   --->   "%or_ln49_4 = or i1 %icmp_ln49_4, i1 %cmp_i_i17_i_i319_not" [overlay_core.cpp:49->overlay_core.cpp:67->overlay_core.cpp:132]   --->   Operation 157 'or' 'or_ln49_4' <Predicate = true> <Delay = 0.00> <CoreInst = "LogicGate">   --->   Core 74 'LogicGate' <Latency = 0> <II = 1> <Delay = 0.97> <FuncUnit> <Opcode : 'and' 'or' 'xor'> <InPorts = 2> <OutPorts = 1>
ST_5 : Operation 158 [1/1] (0.00ns) (grouped into LUT with out node or_ln52)   --->   "%xor_ln49 = xor i1 %or_ln49, i1 1" [overlay_core.cpp:49->overlay_core.cpp:67->overlay_core.cpp:132]   --->   Operation 158 'xor' 'xor_ln49' <Predicate = true> <Delay = 0.00> <CoreInst = "LogicGate">   --->   Core 74 'LogicGate' <Latency = 0> <II = 1> <Delay = 0.97> <FuncUnit> <Opcode : 'and' 'or' 'xor'> <InPorts = 2> <OutPorts = 1>
ST_5 : Operation 159 [1/1] (0.00ns) (grouped into LUT with out node or_ln52)   --->   "%and_ln52_8 = and i1 %icmp_ln52, i1 %xor_ln49" [overlay_core.cpp:52->overlay_core.cpp:67->overlay_core.cpp:132]   --->   Operation 159 'and' 'and_ln52_8' <Predicate = true> <Delay = 0.00> <CoreInst = "LogicGate">   --->   Core 74 'LogicGate' <Latency = 0> <II = 1> <Delay = 0.97> <FuncUnit> <Opcode : 'and' 'or' 'xor'> <InPorts = 2> <OutPorts = 1>
ST_5 : Operation 160 [1/1] (0.00ns) (grouped into LUT with out node or_ln52)   --->   "%xor_ln49_1 = xor i1 %or_ln49_1, i1 1" [overlay_core.cpp:49->overlay_core.cpp:67->overlay_core.cpp:132]   --->   Operation 160 'xor' 'xor_ln49_1' <Predicate = true> <Delay = 0.00> <CoreInst = "LogicGate">   --->   Core 74 'LogicGate' <Latency = 0> <II = 1> <Delay = 0.97> <FuncUnit> <Opcode : 'and' 'or' 'xor'> <InPorts = 2> <OutPorts = 1>
ST_5 : Operation 161 [1/1] (0.00ns) (grouped into LUT with out node or_ln52)   --->   "%and_ln52_9 = and i1 %icmp_ln52_1, i1 %xor_ln49_1" [overlay_core.cpp:52->overlay_core.cpp:67->overlay_core.cpp:132]   --->   Operation 161 'and' 'and_ln52_9' <Predicate = true> <Delay = 0.00> <CoreInst = "LogicGate">   --->   Core 74 'LogicGate' <Latency = 0> <II = 1> <Delay = 0.97> <FuncUnit> <Opcode : 'and' 'or' 'xor'> <InPorts = 2> <OutPorts = 1>
ST_5 : Operation 162 [1/1] (0.00ns) (grouped into LUT with out node and_ln52_13)   --->   "%xor_ln49_2 = xor i1 %or_ln49_2, i1 1" [overlay_core.cpp:49->overlay_core.cpp:67->overlay_core.cpp:132]   --->   Operation 162 'xor' 'xor_ln49_2' <Predicate = true> <Delay = 0.00> <CoreInst = "LogicGate">   --->   Core 74 'LogicGate' <Latency = 0> <II = 1> <Delay = 0.97> <FuncUnit> <Opcode : 'and' 'or' 'xor'> <InPorts = 2> <OutPorts = 1>
ST_5 : Operation 163 [1/1] (1.87ns) (out node of the LUT)   --->   "%icmp_ln52_2 = icmp_ne  i7 %and_ln52_2, i7 0" [overlay_core.cpp:52->overlay_core.cpp:67->overlay_core.cpp:132]   --->   Operation 163 'icmp' 'icmp_ln52_2' <Predicate = true> <Delay = 1.87> <CoreInst = "Cmp">   --->   Core 9 'Cmp' <Latency = 0> <II = 1> <Delay = 1.87> <FuncUnit> <Opcode : 'seteq' 'setne' 'setle' 'setge' 'setlt' 'setgt'> <InPorts = 2> <OutPorts = 1>
ST_5 : Operation 164 [1/1] (0.00ns) (grouped into LUT with out node and_ln52_13)   --->   "%and_ln52_10 = and i1 %icmp_ln52_2, i1 %xor_ln49_2" [overlay_core.cpp:52->overlay_core.cpp:67->overlay_core.cpp:132]   --->   Operation 164 'and' 'and_ln52_10' <Predicate = true> <Delay = 0.00> <CoreInst = "LogicGate">   --->   Core 74 'LogicGate' <Latency = 0> <II = 1> <Delay = 0.97> <FuncUnit> <Opcode : 'and' 'or' 'xor'> <InPorts = 2> <OutPorts = 1>
ST_5 : Operation 165 [1/1] (0.00ns) (grouped into LUT with out node or_ln52_1)   --->   "%xor_ln49_3 = xor i1 %or_ln49_3, i1 1" [overlay_core.cpp:49->overlay_core.cpp:67->overlay_core.cpp:132]   --->   Operation 165 'xor' 'xor_ln49_3' <Predicate = true> <Delay = 0.00> <CoreInst = "LogicGate">   --->   Core 74 'LogicGate' <Latency = 0> <II = 1> <Delay = 0.97> <FuncUnit> <Opcode : 'and' 'or' 'xor'> <InPorts = 2> <OutPorts = 1>
ST_5 : Operation 166 [1/1] (0.00ns) (grouped into LUT with out node or_ln52_1)   --->   "%and_ln52_11 = and i1 %icmp_ln52_3, i1 %xor_ln49_3" [overlay_core.cpp:52->overlay_core.cpp:67->overlay_core.cpp:132]   --->   Operation 166 'and' 'and_ln52_11' <Predicate = true> <Delay = 0.00> <CoreInst = "LogicGate">   --->   Core 74 'LogicGate' <Latency = 0> <II = 1> <Delay = 0.97> <FuncUnit> <Opcode : 'and' 'or' 'xor'> <InPorts = 2> <OutPorts = 1>
ST_5 : Operation 167 [1/1] (0.00ns) (grouped into LUT with out node or_ln52_1)   --->   "%xor_ln49_4 = xor i1 %or_ln49_4, i1 1" [overlay_core.cpp:49->overlay_core.cpp:67->overlay_core.cpp:132]   --->   Operation 167 'xor' 'xor_ln49_4' <Predicate = true> <Delay = 0.00> <CoreInst = "LogicGate">   --->   Core 74 'LogicGate' <Latency = 0> <II = 1> <Delay = 0.97> <FuncUnit> <Opcode : 'and' 'or' 'xor'> <InPorts = 2> <OutPorts = 1>
ST_5 : Operation 168 [1/1] (0.00ns) (grouped into LUT with out node or_ln52_1)   --->   "%and_ln52_12 = and i1 %icmp_ln52_4, i1 %xor_ln49_4" [overlay_core.cpp:52->overlay_core.cpp:67->overlay_core.cpp:132]   --->   Operation 168 'and' 'and_ln52_12' <Predicate = true> <Delay = 0.00> <CoreInst = "LogicGate">   --->   Core 74 'LogicGate' <Latency = 0> <II = 1> <Delay = 0.97> <FuncUnit> <Opcode : 'and' 'or' 'xor'> <InPorts = 2> <OutPorts = 1>
ST_5 : Operation 169 [1/1] (0.97ns) (out node of the LUT)   --->   "%or_ln52 = or i1 %and_ln52_8, i1 %and_ln52_9" [overlay_core.cpp:52->overlay_core.cpp:67->overlay_core.cpp:132]   --->   Operation 169 'or' 'or_ln52' <Predicate = true> <Delay = 0.97> <CoreInst = "LogicGate">   --->   Core 74 'LogicGate' <Latency = 0> <II = 1> <Delay = 0.97> <FuncUnit> <Opcode : 'and' 'or' 'xor'> <InPorts = 2> <OutPorts = 1>
ST_5 : Operation 170 [1/1] (0.97ns) (out node of the LUT)   --->   "%or_ln52_1 = or i1 %and_ln52_11, i1 %and_ln52_12" [overlay_core.cpp:52->overlay_core.cpp:67->overlay_core.cpp:132]   --->   Operation 170 'or' 'or_ln52_1' <Predicate = true> <Delay = 0.97> <CoreInst = "LogicGate">   --->   Core 74 'LogicGate' <Latency = 0> <II = 1> <Delay = 0.97> <FuncUnit> <Opcode : 'and' 'or' 'xor'> <InPorts = 2> <OutPorts = 1>
ST_5 : Operation 171 [1/1] (0.00ns) (grouped into LUT with out node and_ln52_13)   --->   "%or_ln52_2 = or i1 %or_ln52_1, i1 %and_ln52_10" [overlay_core.cpp:52->overlay_core.cpp:67->overlay_core.cpp:132]   --->   Operation 171 'or' 'or_ln52_2' <Predicate = true> <Delay = 0.00> <CoreInst = "LogicGate">   --->   Core 74 'LogicGate' <Latency = 0> <II = 1> <Delay = 0.97> <FuncUnit> <Opcode : 'and' 'or' 'xor'> <InPorts = 2> <OutPorts = 1>
ST_5 : Operation 172 [1/1] (0.00ns) (grouped into LUT with out node and_ln52_13)   --->   "%or_ln52_3 = or i1 %or_ln52_2, i1 %or_ln52" [overlay_core.cpp:52->overlay_core.cpp:67->overlay_core.cpp:132]   --->   Operation 172 'or' 'or_ln52_3' <Predicate = true> <Delay = 0.00> <CoreInst = "LogicGate">   --->   Core 74 'LogicGate' <Latency = 0> <II = 1> <Delay = 0.97> <FuncUnit> <Opcode : 'and' 'or' 'xor'> <InPorts = 2> <OutPorts = 1>
ST_5 : Operation 173 [1/1] (0.97ns) (out node of the LUT)   --->   "%and_ln52_13 = and i1 %cmp_i435, i1 %or_ln52_3" [overlay_core.cpp:52->overlay_core.cpp:67->overlay_core.cpp:132]   --->   Operation 173 'and' 'and_ln52_13' <Predicate = true> <Delay = 0.97> <CoreInst = "LogicGate">   --->   Core 74 'LogicGate' <Latency = 0> <II = 1> <Delay = 0.97> <FuncUnit> <Opcode : 'and' 'or' 'xor'> <InPorts = 2> <OutPorts = 1>
ST_5 : Operation 174 [1/1] (0.00ns) (grouped into LUT with out node draw_pixel_2)   --->   "%draw_pixel = and i1 %and_ln52_13, i1 %rev" [overlay_core.cpp:52->overlay_core.cpp:67->overlay_core.cpp:132]   --->   Operation 174 'and' 'draw_pixel' <Predicate = true> <Delay = 0.00> <CoreInst = "LogicGate">   --->   Core 74 'LogicGate' <Latency = 0> <II = 1> <Delay = 0.97> <FuncUnit> <Opcode : 'and' 'or' 'xor'> <InPorts = 2> <OutPorts = 1>
ST_5 : Operation 175 [1/1] (0.00ns) (grouped into LUT with out node draw_pixel_1)   --->   "%or_ln49_5 = or i1 %icmp_ln49, i1 %cmp_i_i17_i_i_not" [overlay_core.cpp:49->overlay_core.cpp:67->overlay_core.cpp:139]   --->   Operation 175 'or' 'or_ln49_5' <Predicate = true> <Delay = 0.00> <CoreInst = "LogicGate">   --->   Core 74 'LogicGate' <Latency = 0> <II = 1> <Delay = 0.97> <FuncUnit> <Opcode : 'and' 'or' 'xor'> <InPorts = 2> <OutPorts = 1>
ST_5 : Operation 176 [1/1] (0.00ns) (grouped into LUT with out node icmp_ln52_5)   --->   "%and_ln52_5 = and i7 %empty_18, i7 %col_5" [overlay_core.cpp:52->overlay_core.cpp:67->overlay_core.cpp:139]   --->   Operation 176 'and' 'and_ln52_5' <Predicate = true> <Delay = 0.00> <CoreInst = "LogicGate">   --->   Core 74 'LogicGate' <Latency = 0> <II = 1> <Delay = 0.99> <FuncUnit> <Opcode : 'and' 'or' 'xor'> <InPorts = 2> <OutPorts = 1>
ST_5 : Operation 177 [1/1] (0.00ns) (grouped into LUT with out node or_ln52_4)   --->   "%or_ln49_6 = or i1 %icmp_ln49_1, i1 %cmp_i_i17_i_i_not" [overlay_core.cpp:49->overlay_core.cpp:67->overlay_core.cpp:139]   --->   Operation 177 'or' 'or_ln49_6' <Predicate = true> <Delay = 0.00> <CoreInst = "LogicGate">   --->   Core 74 'LogicGate' <Latency = 0> <II = 1> <Delay = 0.97> <FuncUnit> <Opcode : 'and' 'or' 'xor'> <InPorts = 2> <OutPorts = 1>
ST_5 : Operation 178 [1/1] (0.00ns) (grouped into LUT with out node or_ln52_4)   --->   "%or_ln49_7 = or i1 %icmp_ln49_2, i1 %cmp_i_i17_i_i_not" [overlay_core.cpp:49->overlay_core.cpp:67->overlay_core.cpp:139]   --->   Operation 178 'or' 'or_ln49_7' <Predicate = true> <Delay = 0.00> <CoreInst = "LogicGate">   --->   Core 74 'LogicGate' <Latency = 0> <II = 1> <Delay = 0.97> <FuncUnit> <Opcode : 'and' 'or' 'xor'> <InPorts = 2> <OutPorts = 1>
ST_5 : Operation 179 [1/1] (0.00ns) (grouped into LUT with out node draw_pixel_1)   --->   "%xor_ln49_5 = xor i1 %or_ln49_5, i1 1" [overlay_core.cpp:49->overlay_core.cpp:67->overlay_core.cpp:139]   --->   Operation 179 'xor' 'xor_ln49_5' <Predicate = true> <Delay = 0.00> <CoreInst = "LogicGate">   --->   Core 74 'LogicGate' <Latency = 0> <II = 1> <Delay = 0.97> <FuncUnit> <Opcode : 'and' 'or' 'xor'> <InPorts = 2> <OutPorts = 1>
ST_5 : Operation 180 [1/1] (1.87ns) (out node of the LUT)   --->   "%icmp_ln52_5 = icmp_ne  i7 %and_ln52_5, i7 0" [overlay_core.cpp:52->overlay_core.cpp:67->overlay_core.cpp:139]   --->   Operation 180 'icmp' 'icmp_ln52_5' <Predicate = true> <Delay = 1.87> <CoreInst = "Cmp">   --->   Core 9 'Cmp' <Latency = 0> <II = 1> <Delay = 1.87> <FuncUnit> <Opcode : 'seteq' 'setne' 'setle' 'setge' 'setlt' 'setgt'> <InPorts = 2> <OutPorts = 1>
ST_5 : Operation 181 [1/1] (0.00ns) (grouped into LUT with out node draw_pixel_1)   --->   "%and_ln52_15 = and i1 %icmp_ln52_5, i1 %xor_ln49_5" [overlay_core.cpp:52->overlay_core.cpp:67->overlay_core.cpp:139]   --->   Operation 181 'and' 'and_ln52_15' <Predicate = true> <Delay = 0.00> <CoreInst = "LogicGate">   --->   Core 74 'LogicGate' <Latency = 0> <II = 1> <Delay = 0.97> <FuncUnit> <Opcode : 'and' 'or' 'xor'> <InPorts = 2> <OutPorts = 1>
ST_5 : Operation 182 [1/1] (0.00ns) (grouped into LUT with out node or_ln52_4)   --->   "%xor_ln49_6 = xor i1 %or_ln49_6, i1 1" [overlay_core.cpp:49->overlay_core.cpp:67->overlay_core.cpp:139]   --->   Operation 182 'xor' 'xor_ln49_6' <Predicate = true> <Delay = 0.00> <CoreInst = "LogicGate">   --->   Core 74 'LogicGate' <Latency = 0> <II = 1> <Delay = 0.97> <FuncUnit> <Opcode : 'and' 'or' 'xor'> <InPorts = 2> <OutPorts = 1>
ST_5 : Operation 183 [1/1] (0.00ns) (grouped into LUT with out node or_ln52_4)   --->   "%and_ln52_16 = and i1 %icmp_ln52_6, i1 %xor_ln49_6" [overlay_core.cpp:52->overlay_core.cpp:67->overlay_core.cpp:139]   --->   Operation 183 'and' 'and_ln52_16' <Predicate = true> <Delay = 0.00> <CoreInst = "LogicGate">   --->   Core 74 'LogicGate' <Latency = 0> <II = 1> <Delay = 0.97> <FuncUnit> <Opcode : 'and' 'or' 'xor'> <InPorts = 2> <OutPorts = 1>
ST_5 : Operation 184 [1/1] (0.00ns) (grouped into LUT with out node or_ln52_4)   --->   "%xor_ln49_7 = xor i1 %or_ln49_7, i1 1" [overlay_core.cpp:49->overlay_core.cpp:67->overlay_core.cpp:139]   --->   Operation 184 'xor' 'xor_ln49_7' <Predicate = true> <Delay = 0.00> <CoreInst = "LogicGate">   --->   Core 74 'LogicGate' <Latency = 0> <II = 1> <Delay = 0.97> <FuncUnit> <Opcode : 'and' 'or' 'xor'> <InPorts = 2> <OutPorts = 1>
ST_5 : Operation 185 [1/1] (0.00ns) (grouped into LUT with out node or_ln52_4)   --->   "%and_ln52_17 = and i1 %icmp_ln52_7, i1 %xor_ln49_7" [overlay_core.cpp:52->overlay_core.cpp:67->overlay_core.cpp:139]   --->   Operation 185 'and' 'and_ln52_17' <Predicate = true> <Delay = 0.00> <CoreInst = "LogicGate">   --->   Core 74 'LogicGate' <Latency = 0> <II = 1> <Delay = 0.97> <FuncUnit> <Opcode : 'and' 'or' 'xor'> <InPorts = 2> <OutPorts = 1>
ST_5 : Operation 186 [1/1] (0.97ns) (out node of the LUT)   --->   "%or_ln52_4 = or i1 %and_ln52_16, i1 %and_ln52_17" [overlay_core.cpp:52->overlay_core.cpp:67->overlay_core.cpp:139]   --->   Operation 186 'or' 'or_ln52_4' <Predicate = true> <Delay = 0.97> <CoreInst = "LogicGate">   --->   Core 74 'LogicGate' <Latency = 0> <II = 1> <Delay = 0.97> <FuncUnit> <Opcode : 'and' 'or' 'xor'> <InPorts = 2> <OutPorts = 1>
ST_5 : Operation 187 [1/1] (0.00ns) (grouped into LUT with out node draw_pixel_1)   --->   "%empty_20 = or i1 %or_ln52_4, i1 %and_ln52_15" [overlay_core.cpp:52->overlay_core.cpp:67->overlay_core.cpp:139]   --->   Operation 187 'or' 'empty_20' <Predicate = true> <Delay = 0.00> <CoreInst = "LogicGate">   --->   Core 74 'LogicGate' <Latency = 0> <II = 1> <Delay = 0.97> <FuncUnit> <Opcode : 'and' 'or' 'xor'> <InPorts = 2> <OutPorts = 1>
ST_5 : Operation 188 [1/1] (0.97ns) (out node of the LUT)   --->   "%draw_pixel_1 = and i1 %spec_select1222, i1 %empty_20" [overlay_core.cpp:105]   --->   Operation 188 'and' 'draw_pixel_1' <Predicate = true> <Delay = 0.97> <CoreInst = "LogicGate">   --->   Core 74 'LogicGate' <Latency = 0> <II = 1> <Delay = 0.97> <FuncUnit> <Opcode : 'and' 'or' 'xor'> <InPorts = 2> <OutPorts = 1>
ST_5 : Operation 189 [1/1] (0.97ns) (out node of the LUT)   --->   "%draw_pixel_2 = or i1 %draw_pixel, i1 %draw_pixel_1" [overlay_core.cpp:52->overlay_core.cpp:67->overlay_core.cpp:132]   --->   Operation 189 'or' 'draw_pixel_2' <Predicate = true> <Delay = 0.97> <CoreInst = "LogicGate">   --->   Core 74 'LogicGate' <Latency = 0> <II = 1> <Delay = 0.97> <FuncUnit> <Opcode : 'and' 'or' 'xor'> <InPorts = 2> <OutPorts = 1>
ST_5 : Operation 190 [1/1] (0.00ns) (grouped into LUT with out node r_2)   --->   "%r_3 = select i1 %draw_pixel_2, i8 255, i8 %select_ln122_1" [overlay_core.cpp:145]   --->   Operation 190 'select' 'r_3' <Predicate = (enable_read)> <Delay = 0.00> <CoreInst = "Sel">   --->   Core 73 'Sel' <Latency = 0> <II = 1> <Delay = 1.24> <FuncUnit> <Opcode : 'select'> <InPorts = 3> <OutPorts = 1>
ST_5 : Operation 191 [1/1] (0.00ns) (grouped into LUT with out node g_2)   --->   "%g_3 = select i1 %draw_pixel_2, i8 255, i8 %select_ln122" [overlay_core.cpp:145]   --->   Operation 191 'select' 'g_3' <Predicate = (enable_read)> <Delay = 0.00> <CoreInst = "Sel">   --->   Core 73 'Sel' <Latency = 0> <II = 1> <Delay = 1.24> <FuncUnit> <Opcode : 'select'> <InPorts = 3> <OutPorts = 1>
ST_5 : Operation 192 [1/1] (0.00ns) (grouped into LUT with out node b_2)   --->   "%b_4 = select i1 %draw_pixel_2, i8 255, i8 %b_3" [overlay_core.cpp:145]   --->   Operation 192 'select' 'b_4' <Predicate = (enable_read)> <Delay = 0.00> <CoreInst = "Sel">   --->   Core 73 'Sel' <Latency = 0> <II = 1> <Delay = 1.24> <FuncUnit> <Opcode : 'select'> <InPorts = 3> <OutPorts = 1>
ST_5 : Operation 193 [1/1] (1.24ns) (out node of the LUT)   --->   "%r_2 = select i1 %enable_read, i8 %r_3, i8 %r" [overlay_core.cpp:145]   --->   Operation 193 'select' 'r_2' <Predicate = true> <Delay = 1.24> <CoreInst = "Sel">   --->   Core 73 'Sel' <Latency = 0> <II = 1> <Delay = 1.24> <FuncUnit> <Opcode : 'select'> <InPorts = 3> <OutPorts = 1>
ST_5 : Operation 194 [1/1] (1.24ns) (out node of the LUT)   --->   "%g_2 = select i1 %enable_read, i8 %g_3, i8 %g" [overlay_core.cpp:145]   --->   Operation 194 'select' 'g_2' <Predicate = true> <Delay = 1.24> <CoreInst = "Sel">   --->   Core 73 'Sel' <Latency = 0> <II = 1> <Delay = 1.24> <FuncUnit> <Opcode : 'select'> <InPorts = 3> <OutPorts = 1>
ST_5 : Operation 195 [1/1] (1.24ns) (out node of the LUT)   --->   "%b_2 = select i1 %enable_read, i8 %b_4, i8 %b" [overlay_core.cpp:145]   --->   Operation 195 'select' 'b_2' <Predicate = true> <Delay = 1.24> <CoreInst = "Sel">   --->   Core 73 'Sel' <Latency = 0> <II = 1> <Delay = 1.24> <FuncUnit> <Opcode : 'select'> <InPorts = 3> <OutPorts = 1>
ST_5 : Operation 196 [1/1] (0.00ns)   --->   "%pixel_out_data = bitconcatenate i24 @_ssdm_op_BitConcatenate.i24.i8.i8.i8, i8 %r_2, i8 %g_2, i8 %b_2" [overlay_core.cpp:155]   --->   Operation 196 'bitconcatenate' 'pixel_out_data' <Predicate = true> <Delay = 0.00>
ST_5 : Operation 197 [1/1] (1.26ns)   --->   "%write_ln160 = write void @_ssdm_op_Write.axis.volatile.i24P0A.i3P0A.i3P0A.i1P0A.i1P0A.i1P0A.i1P0A, i24 %stream_out_V_data_V, i3 %stream_out_V_keep_V, i3 %stream_out_V_strb_V, i1 %stream_out_V_user_V, i1 %stream_out_V_last_V, i1 %stream_out_V_id_V, i1 %stream_out_V_dest_V, i24 %pixel_out_data, i3 %pixel_in_keep, i3 0, i1 %pixel_in_user, i1 %pixel_in_last, i1 0, i1 0" [overlay_core.cpp:160]   --->   Operation 197 'write' 'write_ln160' <Predicate = true> <Delay = 1.26> <CoreInst = "regslice">   --->   Core 136 'regslice' <Latency = 0> <II = 1> <Delay = 1.86> <Adapter> <Opcode : 'read' 'write'>
ST_5 : Operation 198 [1/1] (0.00ns)   --->   "%br_ln106 = br void %for.body9" [overlay_core.cpp:106]   --->   Operation 198 'br' 'br_ln106' <Predicate = true> <Delay = 0.00>


============================================================
+ Verbose Summary: Timing violations
============================================================
Target clock period: 6.667ns, clock uncertainty: 1.800ns.

 <State 1>: 5.728ns
The critical path consists of the following:
	'store' operation 0 bit ('store_ln0') of constant 0 on local variable 'indvar_flatten' [61]  (1.588 ns)
	'load' operation 32 bit ('indvar_flatten_load', overlay_core.cpp:105) on local variable 'indvar_flatten' [66]  (0.000 ns)
	'icmp' operation 1 bit ('icmp_ln105', overlay_core.cpp:105) [67]  (2.552 ns)
	'store' operation 0 bit ('store_ln105', overlay_core.cpp:105) of variable 'add_ln105', overlay_core.cpp:105 on local variable 'indvar_flatten' [219]  (1.588 ns)

 <State 2>: 6.547ns
The critical path consists of the following:
	'load' operation 16 bit ('pixel_x_load', overlay_core.cpp:106) on local variable 'pixel_x', overlay_core.cpp:36->overlay_core.cpp:67->overlay_core.cpp:132 [70]  (0.000 ns)
	'icmp' operation 1 bit ('icmp_ln106', overlay_core.cpp:106) [75]  (2.077 ns)
	'select' operation 16 bit ('select_ln105', overlay_core.cpp:105) [76]  (0.805 ns)
	'add' operation 16 bit ('add_ln106', overlay_core.cpp:106) [218]  (2.077 ns)
	'store' operation 0 bit ('store_ln36', overlay_core.cpp:36->overlay_core.cpp:67->overlay_core.cpp:132) of variable 'add_ln106', overlay_core.cpp:106 on local variable 'pixel_x', overlay_core.cpp:36->overlay_core.cpp:67->overlay_core.cpp:132 [221]  (1.588 ns)

 <State 3>: 6.225ns
The critical path consists of the following:
	'sub' operation 16 bit ('char_x_4') [146]  (0.000 ns)
	'add' operation 16 bit ('rel_x', overlay_core.cpp:46->overlay_core.cpp:67->overlay_core.cpp:132) [147]  (3.903 ns)
	'getelementptr' operation 3 bit ('p_ZL8font_5x7_4_1_addr', overlay_core.cpp:51->overlay_core.cpp:67->overlay_core.cpp:132) [151]  (0.000 ns)
	'load' operation 7 bit ('col', overlay_core.cpp:51->overlay_core.cpp:67->overlay_core.cpp:132) on array 'p_ZL8font_5x7_4_1' [152]  (2.322 ns)

 <State 4>: 5.858ns
The critical path consists of the following:
	'shl' operation 32 bit ('shl_i_i328', overlay_core.cpp:105) [85]  (3.988 ns)
	'and' operation 7 bit ('and_ln52', overlay_core.cpp:52->overlay_core.cpp:67->overlay_core.cpp:132) [131]  (0.000 ns)
	'icmp' operation 1 bit ('icmp_ln52', overlay_core.cpp:52->overlay_core.cpp:67->overlay_core.cpp:132) [163]  (1.870 ns)

 <State 5>: 6.339ns
The critical path consists of the following:
	'and' operation 7 bit ('and_ln52_2', overlay_core.cpp:52->overlay_core.cpp:67->overlay_core.cpp:132) [145]  (0.000 ns)
	'icmp' operation 1 bit ('icmp_ln52_2', overlay_core.cpp:52->overlay_core.cpp:67->overlay_core.cpp:132) [169]  (1.870 ns)
	'and' operation 1 bit ('and_ln52_10', overlay_core.cpp:52->overlay_core.cpp:67->overlay_core.cpp:132) [170]  (0.000 ns)
	'or' operation 1 bit ('or_ln52_2', overlay_core.cpp:52->overlay_core.cpp:67->overlay_core.cpp:132) [179]  (0.000 ns)
	'or' operation 1 bit ('or_ln52_3', overlay_core.cpp:52->overlay_core.cpp:67->overlay_core.cpp:132) [180]  (0.000 ns)
	'and' operation 1 bit ('and_ln52_13', overlay_core.cpp:52->overlay_core.cpp:67->overlay_core.cpp:132) [181]  (0.978 ns)
	'and' operation 1 bit ('draw_pixel', overlay_core.cpp:52->overlay_core.cpp:67->overlay_core.cpp:132) [182]  (0.000 ns)
	'or' operation 1 bit ('draw_pixel', overlay_core.cpp:52->overlay_core.cpp:67->overlay_core.cpp:132) [209]  (0.978 ns)
	'select' operation 8 bit ('g', overlay_core.cpp:145) [211]  (0.000 ns)
	'select' operation 8 bit ('g', overlay_core.cpp:145) [214]  (1.248 ns)
	axis write operation ('write_ln160', overlay_core.cpp:160) on port 'stream_out_V_data_V' (overlay_core.cpp:160) [217]  (1.265 ns)


============================================================
+ Verbose Summary: Binding
============================================================
N/A
* FSMD analyzer results:
  - Output states:
 - Input state : 
  - Chain level:
	State 1
	State 2
	State 3
	State 4
	State 5


============================================================
+ Verbose Summary: Datapath Resource usage 
============================================================
N/A
