14:56:24 DEBUG : Logs will be stored at 'C:/Users/ratul/ES4F3/ES4F3/vitis/IDE.log'.
14:56:37 INFO  : Launching XSCT server: xsct.bat -n  -interactive C:\Users\ratul\ES4F3\ES4F3\vitis\temp_xsdb_launch_script.tcl
14:56:37 INFO  : Registering command handlers for Vitis TCF services
14:56:38 ERROR : (XSDB Server)'\gnu\microblaze\lin\bin\' is not recognized as an internal or external command,
operable program or batch file.

14:56:38 ERROR : (XSDB Server)'\gnu\microblaze\nt\bin\' is not recognized as an internal or external command,
operable program or batch file.

14:56:38 ERROR : (XSDB Server)'\gnuwin\bin\' is not recognized as an internal or external command,
operable program or batch file.

14:56:39 INFO  : Platform repository initialization has completed.
14:56:49 INFO  : XSCT server has started successfully.
14:57:04 INFO  : plnx-install-location is set to ''
14:57:04 INFO  : Successfully done setting XSCT server connection channel  
14:57:04 INFO  : Successfully done query RDI_DATADIR 
14:57:04 INFO  : Successfully done setting workspace for the tool. 
18:14:51 INFO  : Result from executing command 'getProjects': system_wrapper
18:14:51 INFO  : Result from executing command 'getPlatforms': xilinx_zcu102_base_202410_1|C:/Xilinx/Vitis/2024.1/base_platforms/xilinx_zcu102_base_202410_1/xilinx_zcu102_base_202410_1.xpfm;xilinx_zcu102_base_dfx_202410_1|C:/Xilinx/Vitis/2024.1/base_platforms/xilinx_zcu102_base_dfx_202410_1/xilinx_zcu102_base_dfx_202410_1.xpfm;xilinx_zcu104_base_202410_1|C:/Xilinx/Vitis/2024.1/base_platforms/xilinx_zcu104_base_202410_1/xilinx_zcu104_base_202410_1.xpfm
18:14:52 WARN  : An unexpected exception occurred in the module 'platform project logging'
18:14:53 INFO  : Platform 'system_wrapper' is added to custom repositories.
18:15:13 INFO  : Platform 'system_wrapper' is added to custom repositories.
18:17:35 INFO  : Result from executing command 'getProjects': system_wrapper
18:17:35 INFO  : Result from executing command 'getPlatforms': system_wrapper|C:/Users/ratul/ES4F3/ES4F3/vitis/system_wrapper/export/system_wrapper/system_wrapper.xpfm;xilinx_zcu102_base_202410_1|C:/Xilinx/Vitis/2024.1/base_platforms/xilinx_zcu102_base_202410_1/xilinx_zcu102_base_202410_1.xpfm;xilinx_zcu102_base_dfx_202410_1|C:/Xilinx/Vitis/2024.1/base_platforms/xilinx_zcu102_base_dfx_202410_1/xilinx_zcu102_base_dfx_202410_1.xpfm;xilinx_zcu104_base_202410_1|C:/Xilinx/Vitis/2024.1/base_platforms/xilinx_zcu104_base_202410_1/xilinx_zcu104_base_202410_1.xpfm
18:17:36 INFO  : Checking for BSP changes to sync application flags for project 'camera'...
18:54:53 INFO  : Result from executing command 'getProjects': system_wrapper
18:54:53 INFO  : Result from executing command 'getPlatforms': system_wrapper|C:/Users/ratul/ES4F3/ES4F3/vitis/system_wrapper/export/system_wrapper/system_wrapper.xpfm;xilinx_zcu102_base_202410_1|C:/Xilinx/Vitis/2024.1/base_platforms/xilinx_zcu102_base_202410_1/xilinx_zcu102_base_202410_1.xpfm;xilinx_zcu102_base_dfx_202410_1|C:/Xilinx/Vitis/2024.1/base_platforms/xilinx_zcu102_base_dfx_202410_1/xilinx_zcu102_base_dfx_202410_1.xpfm;xilinx_zcu104_base_202410_1|C:/Xilinx/Vitis/2024.1/base_platforms/xilinx_zcu104_base_202410_1/xilinx_zcu104_base_202410_1.xpfm
18:54:55 INFO  : Checking for BSP changes to sync application flags for project 'camera'...
18:55:00 INFO  : Updating application flags with new BSP settings...
18:55:01 ERROR : Failed to update application flags from BSP for 'camera'. Reason: null
java.lang.NullPointerException: null
	at com.xilinx.sdk.sw.internal.SwDb.getComponentAppCompilerFlags(SwDb.java:761) ~[com.xilinx.sdk.sw_1.0.0.202404291623.jar:?]
	at com.xilinx.sdx.sw.internal.SDxSwPlatform.getSwPlatformCompilerFlags(SDxSwPlatform.java:1177) ~[com.xilinx.sdx.sw_1.0.0.202404291623.jar:?]
	at com.xilinx.sdx.sdk.core.build.AppSwBuildOptionsHelper.inferSwPlatformFlags(AppSwBuildOptionsHelper.java:54) ~[com.xilinx.sdx.sdk.core_1.0.0.202404291623.jar:?]
	at com.xilinx.sdx.sdk.core.build.AppSwBuildOptionsHelper.updateBuildOptions(AppSwBuildOptionsHelper.java:46) ~[com.xilinx.sdx.sdk.core_1.0.0.202404291623.jar:?]
	at com.xilinx.sdx.sdk.core.build.SdkMakefileGenerationListener.updateSwBuildOptions(SdkMakefileGenerationListener.java:215) ~[com.xilinx.sdx.sdk.core_1.0.0.202404291623.jar:?]
	at com.xilinx.sdx.sdk.core.build.SdkMakefileGenerationListener.syncAppFlags(SdkMakefileGenerationListener.java:99) [com.xilinx.sdx.sdk.core_1.0.0.202404291623.jar:?]
	at com.xilinx.sdx.sdk.core.build.SdkMakefileGenerationListener.preMakefileGeneration(SdkMakefileGenerationListener.java:48) [com.xilinx.sdx.sdk.core_1.0.0.202404291623.jar:?]
	at com.xilinx.sdk.managedbuilder.XilinxGnuMakefileGenerator.notifyPreMakefileGenerationListeners(XilinxGnuMakefileGenerator.java:91) [com.xilinx.sdk.managedbuilder_1.0.0.202404291623.jar:?]
	at com.xilinx.sdk.managedbuilder.XilinxGnuMakefileGenerator.generateMakefiles(XilinxGnuMakefileGenerator.java:40) [com.xilinx.sdk.managedbuilder_1.0.0.202404291623.jar:?]
	at org.eclipse.cdt.managedbuilder.internal.core.CommonBuilder.performMakefileGeneration(CommonBuilder.java:1008) [org.eclipse.cdt.managedbuilder.core_8.6.0.201802261533.jar:?]
	at org.eclipse.cdt.managedbuilder.internal.core.CommonBuilder.performPrebuildGeneration(CommonBuilder.java:873) [org.eclipse.cdt.managedbuilder.core_8.6.0.201802261533.jar:?]
	at org.eclipse.cdt.managedbuilder.internal.core.CommonBuilder.build(CommonBuilder.java:748) [org.eclipse.cdt.managedbuilder.core_8.6.0.201802261533.jar:?]
	at org.eclipse.cdt.managedbuilder.internal.core.CommonBuilder.build(CommonBuilder.java:510) [org.eclipse.cdt.managedbuilder.core_8.6.0.201802261533.jar:?]
	at org.eclipse.cdt.managedbuilder.internal.core.CommonBuilder.build(CommonBuilder.java:459) [org.eclipse.cdt.managedbuilder.core_8.6.0.201802261533.jar:?]
	at org.eclipse.core.internal.events.BuildManager$2.run(BuildManager.java:832) [org.eclipse.core.resources_3.13.700.v20200209-1624.jar:?]
	at org.eclipse.core.runtime.SafeRunner.run(SafeRunner.java:45) [org.eclipse.equinox.common_3.11.0.v20200206-0817.jar:?]
	at org.eclipse.core.internal.events.BuildManager.basicBuild(BuildManager.java:220) [org.eclipse.core.resources_3.13.700.v20200209-1624.jar:?]
	at org.eclipse.core.internal.events.BuildManager.basicBuild(BuildManager.java:263) [org.eclipse.core.resources_3.13.700.v20200209-1624.jar:?]
	at org.eclipse.core.internal.events.BuildManager$1.run(BuildManager.java:316) [org.eclipse.core.resources_3.13.700.v20200209-1624.jar:?]
	at org.eclipse.core.runtime.SafeRunner.run(SafeRunner.java:45) [org.eclipse.equinox.common_3.11.0.v20200206-0817.jar:?]
	at org.eclipse.core.internal.events.BuildManager.basicBuild(BuildManager.java:319) [org.eclipse.core.resources_3.13.700.v20200209-1624.jar:?]
	at org.eclipse.core.internal.events.BuildManager.basicBuildLoop(BuildManager.java:371) [org.eclipse.core.resources_3.13.700.v20200209-1624.jar:?]
	at org.eclipse.core.internal.events.BuildManager.build(BuildManager.java:392) [org.eclipse.core.resources_3.13.700.v20200209-1624.jar:?]
	at org.eclipse.core.internal.resources.Workspace.buildInternal(Workspace.java:515) [org.eclipse.core.resources_3.13.700.v20200209-1624.jar:?]
	at org.eclipse.core.internal.resources.Workspace.build(Workspace.java:412) [org.eclipse.core.resources_3.13.700.v20200209-1624.jar:?]
	at org.eclipse.ui.actions.BuildAction$1.runInWorkspace(BuildAction.java:291) [org.eclipse.ui.ide_3.17.0.v20200217-1511.jar:?]
	at org.eclipse.core.internal.resources.InternalWorkspaceJob.run(InternalWorkspaceJob.java:42) [org.eclipse.core.resources_3.13.700.v20200209-1624.jar:?]
	at org.eclipse.core.internal.jobs.Worker.run(Worker.java:63) [org.eclipse.core.jobs_3.10.700.v20200106-1020.jar:?]
18:55:05 INFO  : Hardware specification for platform project 'system_wrapper' is updated.
19:05:22 INFO  : Checking for BSP changes to sync application flags for project 'camera'...
19:05:22 INFO  : Updating application flags with new BSP settings...
19:05:22 ERROR : Failed to update application flags from BSP for 'camera'. Reason: null
java.lang.NullPointerException: null
	at com.xilinx.sdk.sw.internal.SwDb.getComponentAppCompilerFlags(SwDb.java:761) ~[com.xilinx.sdk.sw_1.0.0.202404291623.jar:?]
	at com.xilinx.sdx.sw.internal.SDxSwPlatform.getSwPlatformCompilerFlags(SDxSwPlatform.java:1177) ~[com.xilinx.sdx.sw_1.0.0.202404291623.jar:?]
	at com.xilinx.sdx.sdk.core.build.AppSwBuildOptionsHelper.inferSwPlatformFlags(AppSwBuildOptionsHelper.java:54) ~[com.xilinx.sdx.sdk.core_1.0.0.202404291623.jar:?]
	at com.xilinx.sdx.sdk.core.build.AppSwBuildOptionsHelper.updateBuildOptions(AppSwBuildOptionsHelper.java:46) ~[com.xilinx.sdx.sdk.core_1.0.0.202404291623.jar:?]
	at com.xilinx.sdx.sdk.core.build.SdkMakefileGenerationListener.updateSwBuildOptions(SdkMakefileGenerationListener.java:215) ~[com.xilinx.sdx.sdk.core_1.0.0.202404291623.jar:?]
	at com.xilinx.sdx.sdk.core.build.SdkMakefileGenerationListener.syncAppFlags(SdkMakefileGenerationListener.java:99) [com.xilinx.sdx.sdk.core_1.0.0.202404291623.jar:?]
	at com.xilinx.sdx.sdk.core.build.SdkMakefileGenerationListener.preMakefileGeneration(SdkMakefileGenerationListener.java:48) [com.xilinx.sdx.sdk.core_1.0.0.202404291623.jar:?]
	at com.xilinx.sdk.managedbuilder.XilinxGnuMakefileGenerator.notifyPreMakefileGenerationListeners(XilinxGnuMakefileGenerator.java:91) [com.xilinx.sdk.managedbuilder_1.0.0.202404291623.jar:?]
	at com.xilinx.sdk.managedbuilder.XilinxGnuMakefileGenerator.generateMakefiles(XilinxGnuMakefileGenerator.java:40) [com.xilinx.sdk.managedbuilder_1.0.0.202404291623.jar:?]
	at org.eclipse.cdt.managedbuilder.internal.core.CommonBuilder.performMakefileGeneration(CommonBuilder.java:1008) [org.eclipse.cdt.managedbuilder.core_8.6.0.201802261533.jar:?]
	at org.eclipse.cdt.managedbuilder.internal.core.CommonBuilder.performPrebuildGeneration(CommonBuilder.java:873) [org.eclipse.cdt.managedbuilder.core_8.6.0.201802261533.jar:?]
	at org.eclipse.cdt.managedbuilder.internal.core.CommonBuilder.build(CommonBuilder.java:748) [org.eclipse.cdt.managedbuilder.core_8.6.0.201802261533.jar:?]
	at org.eclipse.cdt.managedbuilder.internal.core.CommonBuilder.build(CommonBuilder.java:510) [org.eclipse.cdt.managedbuilder.core_8.6.0.201802261533.jar:?]
	at org.eclipse.cdt.managedbuilder.internal.core.CommonBuilder.build(CommonBuilder.java:459) [org.eclipse.cdt.managedbuilder.core_8.6.0.201802261533.jar:?]
	at org.eclipse.core.internal.events.BuildManager$2.run(BuildManager.java:832) [org.eclipse.core.resources_3.13.700.v20200209-1624.jar:?]
	at org.eclipse.core.runtime.SafeRunner.run(SafeRunner.java:45) [org.eclipse.equinox.common_3.11.0.v20200206-0817.jar:?]
	at org.eclipse.core.internal.events.BuildManager.basicBuild(BuildManager.java:220) [org.eclipse.core.resources_3.13.700.v20200209-1624.jar:?]
	at org.eclipse.core.internal.events.BuildManager.basicBuild(BuildManager.java:263) [org.eclipse.core.resources_3.13.700.v20200209-1624.jar:?]
	at org.eclipse.core.internal.events.BuildManager$1.run(BuildManager.java:316) [org.eclipse.core.resources_3.13.700.v20200209-1624.jar:?]
	at org.eclipse.core.runtime.SafeRunner.run(SafeRunner.java:45) [org.eclipse.equinox.common_3.11.0.v20200206-0817.jar:?]
	at org.eclipse.core.internal.events.BuildManager.basicBuild(BuildManager.java:319) [org.eclipse.core.resources_3.13.700.v20200209-1624.jar:?]
	at org.eclipse.core.internal.events.BuildManager.basicBuildLoop(BuildManager.java:371) [org.eclipse.core.resources_3.13.700.v20200209-1624.jar:?]
	at org.eclipse.core.internal.events.BuildManager.build(BuildManager.java:392) [org.eclipse.core.resources_3.13.700.v20200209-1624.jar:?]
	at org.eclipse.core.internal.resources.Workspace.buildInternal(Workspace.java:515) [org.eclipse.core.resources_3.13.700.v20200209-1624.jar:?]
	at org.eclipse.core.internal.resources.Workspace.build(Workspace.java:412) [org.eclipse.core.resources_3.13.700.v20200209-1624.jar:?]
	at org.eclipse.ui.actions.BuildAction$1.runInWorkspace(BuildAction.java:291) [org.eclipse.ui.ide_3.17.0.v20200217-1511.jar:?]
	at org.eclipse.core.internal.resources.InternalWorkspaceJob.run(InternalWorkspaceJob.java:42) [org.eclipse.core.resources_3.13.700.v20200209-1624.jar:?]
	at org.eclipse.core.internal.jobs.Worker.run(Worker.java:63) [org.eclipse.core.jobs_3.10.700.v20200106-1020.jar:?]
19:40:10 INFO  : The hardware specification used by project 'camera' is out of sync with the platform. Resource files extracted from the hardware specification will be updated.
19:40:10 INFO  : The file 'C:\Users\ratul\ES4F3\ES4F3\vitis\camera\_ide\bitstream\system_wrapper.bit' stored in project is removed.
19:40:10 INFO  : The updated bitstream files are copied from platform to folder 'C:\Users\ratul\ES4F3\ES4F3\vitis\camera\_ide\bitstream' in project 'camera'.
19:40:10 INFO  : The file 'C:\Users\ratul\ES4F3\ES4F3\vitis\camera\_ide\psinit\ps7_init.tcl' stored in project is removed.
19:40:23 INFO  : The updated ps init files are copied from platform to folder 'C:\Users\ratul\ES4F3\ES4F3\vitis\camera\_ide\psinit' in project 'camera'.
19:40:26 INFO  : Connected to target on host '127.0.0.1' and port '3121'.
19:40:28 INFO  : Jtag cable 'Digilent Zybo Z7 210351BD7269A' is selected.
19:40:28 INFO  : 'jtag frequency' command is executed.
19:40:28 INFO  : Context for 'APU' is selected.
19:40:28 INFO  : System reset is completed.
19:40:31 INFO  : 'after 3000' command is executed.
19:40:31 INFO  : 'targets -set -filter {jtag_cable_name =~ "Digilent Zybo Z7 210351BD7269A" && level==0 && jtag_device_ctx=="jsn-Zybo Z7-210351BD7269A-23727093-0"}' command is executed.
19:40:34 INFO  : Device configured successfully with "C:/Users/ratul/ES4F3/ES4F3/vitis/camera/_ide/bitstream/system_wrapper.bit"
19:40:34 INFO  : Context for 'APU' is selected.
19:40:34 INFO  : Hardware design and registers information is loaded from 'C:/Users/ratul/ES4F3/ES4F3/vitis/system_wrapper/export/system_wrapper/hw/system_wrapper.xsa'.
19:40:34 INFO  : 'configparams force-mem-access 1' command is executed.
19:40:34 INFO  : Context for 'APU' is selected.
19:40:34 INFO  : Sourcing of 'C:/Users/ratul/ES4F3/ES4F3/vitis/camera/_ide/psinit/ps7_init.tcl' is done.
19:40:34 INFO  : 'ps7_init' command is executed.
19:40:34 INFO  : 'ps7_post_config' command is executed.
19:40:34 INFO  : Context for processor 'ps7_cortexa9_0' is selected.
19:40:36 INFO  : The application 'C:/Users/ratul/ES4F3/ES4F3/vitis/camera/Debug/camera.elf' is downloaded to processor 'ps7_cortexa9_0'.
19:40:36 INFO  : 'configparams force-mem-access 0' command is executed.
19:40:36 INFO  : ----------------XSDB Script----------------
connect -url tcp:127.0.0.1:3121
targets -set -nocase -filter {name =~"APU*"}
rst -system
after 3000
targets -set -filter {jtag_cable_name =~ "Digilent Zybo Z7 210351BD7269A" && level==0 && jtag_device_ctx=="jsn-Zybo Z7-210351BD7269A-23727093-0"}
fpga -file C:/Users/ratul/ES4F3/ES4F3/vitis/camera/_ide/bitstream/system_wrapper.bit
targets -set -nocase -filter {name =~"APU*"}
loadhw -hw C:/Users/ratul/ES4F3/ES4F3/vitis/system_wrapper/export/system_wrapper/hw/system_wrapper.xsa -mem-ranges [list {0x40000000 0xbfffffff}] -regs
configparams force-mem-access 1
targets -set -nocase -filter {name =~"APU*"}
source C:/Users/ratul/ES4F3/ES4F3/vitis/camera/_ide/psinit/ps7_init.tcl
ps7_init
ps7_post_config
targets -set -nocase -filter {name =~ "*A9*#0"}
dow C:/Users/ratul/ES4F3/ES4F3/vitis/camera/Debug/camera.elf
configparams force-mem-access 0
----------------End of Script----------------

19:40:36 INFO  : Context for processor 'ps7_cortexa9_0' is selected.
19:40:36 INFO  : 'con' command is executed.
19:40:36 INFO  : ----------------XSDB Script (After Launch)----------------
targets -set -nocase -filter {name =~ "*A9*#0"}
con
----------------End of Script----------------

19:40:36 INFO  : Launch script is exported to file 'C:\Users\ratul\ES4F3\ES4F3\vitis\camera_system\_ide\scripts\systemdebugger_camera_system_standalone.tcl'
19:45:43 INFO  : Checking for BSP changes to sync application flags for project 'camera'...
19:45:43 INFO  : Updating application flags with new BSP settings...
19:45:43 ERROR : Failed to update application flags from BSP for 'camera'. Reason: null
java.lang.NullPointerException: null
	at com.xilinx.sdk.sw.internal.SwDb.getComponentAppCompilerFlags(SwDb.java:761) ~[com.xilinx.sdk.sw_1.0.0.202404291623.jar:?]
	at com.xilinx.sdx.sw.internal.SDxSwPlatform.getSwPlatformCompilerFlags(SDxSwPlatform.java:1177) ~[com.xilinx.sdx.sw_1.0.0.202404291623.jar:?]
	at com.xilinx.sdx.sdk.core.build.AppSwBuildOptionsHelper.inferSwPlatformFlags(AppSwBuildOptionsHelper.java:54) ~[com.xilinx.sdx.sdk.core_1.0.0.202404291623.jar:?]
	at com.xilinx.sdx.sdk.core.build.AppSwBuildOptionsHelper.updateBuildOptions(AppSwBuildOptionsHelper.java:46) ~[com.xilinx.sdx.sdk.core_1.0.0.202404291623.jar:?]
	at com.xilinx.sdx.sdk.core.build.SdkMakefileGenerationListener.updateSwBuildOptions(SdkMakefileGenerationListener.java:215) ~[com.xilinx.sdx.sdk.core_1.0.0.202404291623.jar:?]
	at com.xilinx.sdx.sdk.core.build.SdkMakefileGenerationListener.syncAppFlags(SdkMakefileGenerationListener.java:99) [com.xilinx.sdx.sdk.core_1.0.0.202404291623.jar:?]
	at com.xilinx.sdx.sdk.core.build.SdkMakefileGenerationListener.preMakefileGeneration(SdkMakefileGenerationListener.java:48) [com.xilinx.sdx.sdk.core_1.0.0.202404291623.jar:?]
	at com.xilinx.sdk.managedbuilder.XilinxGnuMakefileGenerator.notifyPreMakefileGenerationListeners(XilinxGnuMakefileGenerator.java:91) [com.xilinx.sdk.managedbuilder_1.0.0.202404291623.jar:?]
	at com.xilinx.sdk.managedbuilder.XilinxGnuMakefileGenerator.generateMakefiles(XilinxGnuMakefileGenerator.java:40) [com.xilinx.sdk.managedbuilder_1.0.0.202404291623.jar:?]
	at org.eclipse.cdt.managedbuilder.internal.core.CommonBuilder.performMakefileGeneration(CommonBuilder.java:1008) [org.eclipse.cdt.managedbuilder.core_8.6.0.201802261533.jar:?]
	at org.eclipse.cdt.managedbuilder.internal.core.CommonBuilder.performPrebuildGeneration(CommonBuilder.java:873) [org.eclipse.cdt.managedbuilder.core_8.6.0.201802261533.jar:?]
	at org.eclipse.cdt.managedbuilder.internal.core.CommonBuilder.build(CommonBuilder.java:748) [org.eclipse.cdt.managedbuilder.core_8.6.0.201802261533.jar:?]
	at org.eclipse.cdt.managedbuilder.internal.core.CommonBuilder.build(CommonBuilder.java:510) [org.eclipse.cdt.managedbuilder.core_8.6.0.201802261533.jar:?]
	at org.eclipse.cdt.managedbuilder.internal.core.CommonBuilder.build(CommonBuilder.java:459) [org.eclipse.cdt.managedbuilder.core_8.6.0.201802261533.jar:?]
	at org.eclipse.core.internal.events.BuildManager$2.run(BuildManager.java:832) [org.eclipse.core.resources_3.13.700.v20200209-1624.jar:?]
	at org.eclipse.core.runtime.SafeRunner.run(SafeRunner.java:45) [org.eclipse.equinox.common_3.11.0.v20200206-0817.jar:?]
	at org.eclipse.core.internal.events.BuildManager.basicBuild(BuildManager.java:220) [org.eclipse.core.resources_3.13.700.v20200209-1624.jar:?]
	at org.eclipse.core.internal.events.BuildManager.basicBuild(BuildManager.java:263) [org.eclipse.core.resources_3.13.700.v20200209-1624.jar:?]
	at org.eclipse.core.internal.events.BuildManager$1.run(BuildManager.java:316) [org.eclipse.core.resources_3.13.700.v20200209-1624.jar:?]
	at org.eclipse.core.runtime.SafeRunner.run(SafeRunner.java:45) [org.eclipse.equinox.common_3.11.0.v20200206-0817.jar:?]
	at org.eclipse.core.internal.events.BuildManager.basicBuild(BuildManager.java:319) [org.eclipse.core.resources_3.13.700.v20200209-1624.jar:?]
	at org.eclipse.core.internal.events.BuildManager.basicBuildLoop(BuildManager.java:371) [org.eclipse.core.resources_3.13.700.v20200209-1624.jar:?]
	at org.eclipse.core.internal.events.BuildManager.build(BuildManager.java:392) [org.eclipse.core.resources_3.13.700.v20200209-1624.jar:?]
	at org.eclipse.core.internal.resources.Workspace.buildInternal(Workspace.java:515) [org.eclipse.core.resources_3.13.700.v20200209-1624.jar:?]
	at org.eclipse.core.internal.resources.Workspace.build(Workspace.java:412) [org.eclipse.core.resources_3.13.700.v20200209-1624.jar:?]
	at org.eclipse.ui.actions.BuildAction$1.runInWorkspace(BuildAction.java:291) [org.eclipse.ui.ide_3.17.0.v20200217-1511.jar:?]
	at org.eclipse.core.internal.resources.InternalWorkspaceJob.run(InternalWorkspaceJob.java:42) [org.eclipse.core.resources_3.13.700.v20200209-1624.jar:?]
	at org.eclipse.core.internal.jobs.Worker.run(Worker.java:63) [org.eclipse.core.jobs_3.10.700.v20200106-1020.jar:?]
19:46:06 INFO  : Disconnected from the channel tcfchan#3.
19:46:08 INFO  : Connected to target on host '127.0.0.1' and port '3121'.
19:46:09 INFO  : Connected to target on host '127.0.0.1' and port '3121'.
19:46:10 INFO  : Jtag cable 'Digilent Zybo Z7 210351BD7269A' is selected.
19:46:10 INFO  : 'jtag frequency' command is executed.
19:46:10 INFO  : Jtag cable 'Digilent Zybo Z7 210351BD7269A' is selected.
19:46:10 INFO  : Context for 'APU' is selected.
19:46:10 INFO  : 'jtag frequency' command is executed.
19:46:10 INFO  : System reset is completed.
19:46:10 INFO  : Context for 'APU' is selected.
19:46:13 INFO  : 'after 3000' command is executed.
19:46:13 INFO  : System reset is completed.
19:46:16 INFO  : 'after 3000' command is executed.
19:46:16 INFO  : 'targets -set -filter {jtag_cable_name =~ "Digilent Zybo Z7 210351BD7269A" && level==0 && jtag_device_ctx=="jsn-Zybo Z7-210351BD7269A-23727093-0"}' command is executed.
19:46:18 INFO  : Device configured successfully with "C:/Users/ratul/ES4F3/ES4F3/vitis/camera/_ide/bitstream/system_wrapper.bit"
19:46:18 INFO  : 'targets -set -filter {jtag_cable_name =~ "Digilent Zybo Z7 210351BD7269A" && level==0 && jtag_device_ctx=="jsn-Zybo Z7-210351BD7269A-23727093-0"}' command is executed.
19:46:21 INFO  : Device configured successfully with "C:/Users/ratul/ES4F3/ES4F3/vitis/camera/_ide/bitstream/system_wrapper.bit"
19:46:21 INFO  : Context for 'APU' is selected.
19:46:21 INFO  : Hardware design and registers information is loaded from 'C:/Users/ratul/ES4F3/ES4F3/vitis/system_wrapper/export/system_wrapper/hw/system_wrapper.xsa'.
19:46:21 INFO  : Context for 'APU' is selected.
19:46:21 INFO  : 'configparams force-mem-access 1' command is executed.
19:46:21 INFO  : Hardware design and registers information is loaded from 'C:/Users/ratul/ES4F3/ES4F3/vitis/system_wrapper/export/system_wrapper/hw/system_wrapper.xsa'.
19:46:21 INFO  : Context for 'APU' is selected.
19:46:21 INFO  : 'configparams force-mem-access 1' command is executed.
19:46:21 INFO  : Sourcing of 'C:/Users/ratul/ES4F3/ES4F3/vitis/camera/_ide/psinit/ps7_init.tcl' is done.
19:46:21 INFO  : Context for 'APU' is selected.
19:46:21 INFO  : 'ps7_init' command is executed.
19:46:21 INFO  : Sourcing of 'C:/Users/ratul/ES4F3/ES4F3/vitis/camera/_ide/psinit/ps7_init.tcl' is done.
19:46:21 INFO  : 'ps7_post_config' command is executed.
19:46:22 INFO  : 'ps7_init' command is executed.
19:46:22 INFO  : Context for processor 'ps7_cortexa9_0' is selected.
19:46:22 INFO  : 'ps7_post_config' command is executed.
19:46:23 INFO  : The application 'C:/Users/ratul/ES4F3/ES4F3/vitis/camera/Debug/camera.elf' is downloaded to processor 'ps7_cortexa9_0'.
19:46:23 INFO  : Context for processor 'ps7_cortexa9_0' is selected.
19:46:23 INFO  : 'configparams force-mem-access 0' command is executed.
19:46:23 INFO  : ----------------XSDB Script----------------
connect -url tcp:127.0.0.1:3121
targets -set -nocase -filter {name =~"APU*"}
rst -system
after 3000
targets -set -filter {jtag_cable_name =~ "Digilent Zybo Z7 210351BD7269A" && level==0 && jtag_device_ctx=="jsn-Zybo Z7-210351BD7269A-23727093-0"}
fpga -file C:/Users/ratul/ES4F3/ES4F3/vitis/camera/_ide/bitstream/system_wrapper.bit
targets -set -nocase -filter {name =~"APU*"}
loadhw -hw C:/Users/ratul/ES4F3/ES4F3/vitis/system_wrapper/export/system_wrapper/hw/system_wrapper.xsa -mem-ranges [list {0x40000000 0xbfffffff}] -regs
configparams force-mem-access 1
targets -set -nocase -filter {name =~"APU*"}
source C:/Users/ratul/ES4F3/ES4F3/vitis/camera/_ide/psinit/ps7_init.tcl
ps7_init
ps7_post_config
targets -set -nocase -filter {name =~ "*A9*#0"}
dow C:/Users/ratul/ES4F3/ES4F3/vitis/camera/Debug/camera.elf
configparams force-mem-access 0
----------------End of Script----------------

19:46:25 INFO  : The application 'C:/Users/ratul/ES4F3/ES4F3/vitis/camera/Debug/camera.elf' is downloaded to processor 'ps7_cortexa9_0'.
19:46:25 INFO  : Context for processor 'ps7_cortexa9_0' is selected.
19:46:25 INFO  : 'configparams force-mem-access 0' command is executed.
19:46:25 INFO  : ----------------XSDB Script----------------
connect -url tcp:127.0.0.1:3121
targets -set -nocase -filter {name =~"APU*"}
rst -system
after 3000
targets -set -filter {jtag_cable_name =~ "Digilent Zybo Z7 210351BD7269A" && level==0 && jtag_device_ctx=="jsn-Zybo Z7-210351BD7269A-23727093-0"}
fpga -file C:/Users/ratul/ES4F3/ES4F3/vitis/camera/_ide/bitstream/system_wrapper.bit
targets -set -nocase -filter {name =~"APU*"}
loadhw -hw C:/Users/ratul/ES4F3/ES4F3/vitis/system_wrapper/export/system_wrapper/hw/system_wrapper.xsa -mem-ranges [list {0x40000000 0xbfffffff}] -regs
configparams force-mem-access 1
targets -set -nocase -filter {name =~"APU*"}
source C:/Users/ratul/ES4F3/ES4F3/vitis/camera/_ide/psinit/ps7_init.tcl
ps7_init
ps7_post_config
targets -set -nocase -filter {name =~ "*A9*#0"}
dow C:/Users/ratul/ES4F3/ES4F3/vitis/camera/Debug/camera.elf
configparams force-mem-access 0
----------------End of Script----------------

19:46:25 INFO  : 'con' command is executed.
19:46:25 INFO  : ----------------XSDB Script (After Launch)----------------
targets -set -nocase -filter {name =~ "*A9*#0"}
con
----------------End of Script----------------

19:46:25 INFO  : Launch script is exported to file 'C:\Users\ratul\ES4F3\ES4F3\vitis\camera_system\_ide\scripts\systemdebugger_camera_system_standalone.tcl'
19:46:25 INFO  : Context for processor 'ps7_cortexa9_0' is selected.
19:46:25 ERROR : Already running
19:46:25 INFO  : Disconnected from the channel tcfchan#5.
19:58:00 INFO  : Checking for BSP changes to sync application flags for project 'camera'...
19:58:01 INFO  : Updating application flags with new BSP settings...
19:58:01 ERROR : Failed to update application flags from BSP for 'camera'. Reason: null
java.lang.NullPointerException: null
	at com.xilinx.sdk.sw.internal.SwDb.getComponentAppCompilerFlags(SwDb.java:761) ~[com.xilinx.sdk.sw_1.0.0.202404291623.jar:?]
	at com.xilinx.sdx.sw.internal.SDxSwPlatform.getSwPlatformCompilerFlags(SDxSwPlatform.java:1177) ~[com.xilinx.sdx.sw_1.0.0.202404291623.jar:?]
	at com.xilinx.sdx.sdk.core.build.AppSwBuildOptionsHelper.inferSwPlatformFlags(AppSwBuildOptionsHelper.java:54) ~[com.xilinx.sdx.sdk.core_1.0.0.202404291623.jar:?]
	at com.xilinx.sdx.sdk.core.build.AppSwBuildOptionsHelper.updateBuildOptions(AppSwBuildOptionsHelper.java:46) ~[com.xilinx.sdx.sdk.core_1.0.0.202404291623.jar:?]
	at com.xilinx.sdx.sdk.core.build.SdkMakefileGenerationListener.updateSwBuildOptions(SdkMakefileGenerationListener.java:215) ~[com.xilinx.sdx.sdk.core_1.0.0.202404291623.jar:?]
	at com.xilinx.sdx.sdk.core.build.SdkMakefileGenerationListener.syncAppFlags(SdkMakefileGenerationListener.java:99) [com.xilinx.sdx.sdk.core_1.0.0.202404291623.jar:?]
	at com.xilinx.sdx.sdk.core.build.SdkMakefileGenerationListener.preMakefileGeneration(SdkMakefileGenerationListener.java:48) [com.xilinx.sdx.sdk.core_1.0.0.202404291623.jar:?]
	at com.xilinx.sdk.managedbuilder.XilinxGnuMakefileGenerator.notifyPreMakefileGenerationListeners(XilinxGnuMakefileGenerator.java:91) [com.xilinx.sdk.managedbuilder_1.0.0.202404291623.jar:?]
	at com.xilinx.sdk.managedbuilder.XilinxGnuMakefileGenerator.generateMakefiles(XilinxGnuMakefileGenerator.java:40) [com.xilinx.sdk.managedbuilder_1.0.0.202404291623.jar:?]
	at org.eclipse.cdt.managedbuilder.internal.core.CommonBuilder.performMakefileGeneration(CommonBuilder.java:1008) [org.eclipse.cdt.managedbuilder.core_8.6.0.201802261533.jar:?]
	at org.eclipse.cdt.managedbuilder.internal.core.CommonBuilder.performPrebuildGeneration(CommonBuilder.java:873) [org.eclipse.cdt.managedbuilder.core_8.6.0.201802261533.jar:?]
	at org.eclipse.cdt.managedbuilder.internal.core.CommonBuilder.build(CommonBuilder.java:748) [org.eclipse.cdt.managedbuilder.core_8.6.0.201802261533.jar:?]
	at org.eclipse.cdt.managedbuilder.internal.core.CommonBuilder.build(CommonBuilder.java:510) [org.eclipse.cdt.managedbuilder.core_8.6.0.201802261533.jar:?]
	at org.eclipse.cdt.managedbuilder.internal.core.CommonBuilder.build(CommonBuilder.java:459) [org.eclipse.cdt.managedbuilder.core_8.6.0.201802261533.jar:?]
	at org.eclipse.core.internal.events.BuildManager$2.run(BuildManager.java:832) [org.eclipse.core.resources_3.13.700.v20200209-1624.jar:?]
	at org.eclipse.core.runtime.SafeRunner.run(SafeRunner.java:45) [org.eclipse.equinox.common_3.11.0.v20200206-0817.jar:?]
	at org.eclipse.core.internal.events.BuildManager.basicBuild(BuildManager.java:220) [org.eclipse.core.resources_3.13.700.v20200209-1624.jar:?]
	at org.eclipse.core.internal.events.BuildManager.basicBuild(BuildManager.java:263) [org.eclipse.core.resources_3.13.700.v20200209-1624.jar:?]
	at org.eclipse.core.internal.events.BuildManager$1.run(BuildManager.java:316) [org.eclipse.core.resources_3.13.700.v20200209-1624.jar:?]
	at org.eclipse.core.runtime.SafeRunner.run(SafeRunner.java:45) [org.eclipse.equinox.common_3.11.0.v20200206-0817.jar:?]
	at org.eclipse.core.internal.events.BuildManager.basicBuild(BuildManager.java:319) [org.eclipse.core.resources_3.13.700.v20200209-1624.jar:?]
	at org.eclipse.core.internal.events.BuildManager.basicBuildLoop(BuildManager.java:371) [org.eclipse.core.resources_3.13.700.v20200209-1624.jar:?]
	at org.eclipse.core.internal.events.BuildManager.build(BuildManager.java:392) [org.eclipse.core.resources_3.13.700.v20200209-1624.jar:?]
	at org.eclipse.core.internal.resources.Workspace.buildInternal(Workspace.java:515) [org.eclipse.core.resources_3.13.700.v20200209-1624.jar:?]
	at org.eclipse.core.internal.resources.Workspace.build(Workspace.java:412) [org.eclipse.core.resources_3.13.700.v20200209-1624.jar:?]
	at org.eclipse.ui.actions.BuildAction$1.runInWorkspace(BuildAction.java:291) [org.eclipse.ui.ide_3.17.0.v20200217-1511.jar:?]
	at org.eclipse.core.internal.resources.InternalWorkspaceJob.run(InternalWorkspaceJob.java:42) [org.eclipse.core.resources_3.13.700.v20200209-1624.jar:?]
	at org.eclipse.core.internal.jobs.Worker.run(Worker.java:63) [org.eclipse.core.jobs_3.10.700.v20200106-1020.jar:?]
19:58:32 INFO  : Connected to target on host '127.0.0.1' and port '3121'.
19:58:33 INFO  : Jtag cable 'Digilent Zybo Z7 210351BD7269A' is selected.
19:58:33 INFO  : 'jtag frequency' command is executed.
19:58:33 INFO  : Context for 'APU' is selected.
19:58:33 INFO  : System reset is completed.
19:58:36 INFO  : 'after 3000' command is executed.
19:58:36 INFO  : 'targets -set -filter {jtag_cable_name =~ "Digilent Zybo Z7 210351BD7269A" && level==0 && jtag_device_ctx=="jsn-Zybo Z7-210351BD7269A-23727093-0"}' command is executed.
19:58:38 INFO  : Device configured successfully with "C:/Users/ratul/ES4F3/ES4F3/vitis/camera/_ide/bitstream/system_wrapper.bit"
19:58:38 INFO  : Context for 'APU' is selected.
19:58:39 INFO  : Hardware design and registers information is loaded from 'C:/Users/ratul/ES4F3/ES4F3/vitis/system_wrapper/export/system_wrapper/hw/system_wrapper.xsa'.
19:58:39 INFO  : 'configparams force-mem-access 1' command is executed.
19:58:39 INFO  : Context for 'APU' is selected.
19:58:39 INFO  : Sourcing of 'C:/Users/ratul/ES4F3/ES4F3/vitis/camera/_ide/psinit/ps7_init.tcl' is done.
19:58:39 INFO  : 'ps7_init' command is executed.
19:58:39 INFO  : 'ps7_post_config' command is executed.
19:58:39 INFO  : Context for processor 'ps7_cortexa9_0' is selected.
19:58:41 INFO  : The application 'C:/Users/ratul/ES4F3/ES4F3/vitis/camera/Debug/camera.elf' is downloaded to processor 'ps7_cortexa9_0'.
19:58:41 INFO  : 'configparams force-mem-access 0' command is executed.
19:58:41 INFO  : ----------------XSDB Script----------------
connect -url tcp:127.0.0.1:3121
targets -set -nocase -filter {name =~"APU*"}
rst -system
after 3000
targets -set -filter {jtag_cable_name =~ "Digilent Zybo Z7 210351BD7269A" && level==0 && jtag_device_ctx=="jsn-Zybo Z7-210351BD7269A-23727093-0"}
fpga -file C:/Users/ratul/ES4F3/ES4F3/vitis/camera/_ide/bitstream/system_wrapper.bit
targets -set -nocase -filter {name =~"APU*"}
loadhw -hw C:/Users/ratul/ES4F3/ES4F3/vitis/system_wrapper/export/system_wrapper/hw/system_wrapper.xsa -mem-ranges [list {0x40000000 0xbfffffff}] -regs
configparams force-mem-access 1
targets -set -nocase -filter {name =~"APU*"}
source C:/Users/ratul/ES4F3/ES4F3/vitis/camera/_ide/psinit/ps7_init.tcl
ps7_init
ps7_post_config
targets -set -nocase -filter {name =~ "*A9*#0"}
dow C:/Users/ratul/ES4F3/ES4F3/vitis/camera/Debug/camera.elf
configparams force-mem-access 0
----------------End of Script----------------

19:58:41 INFO  : Context for processor 'ps7_cortexa9_0' is selected.
19:58:41 INFO  : 'con' command is executed.
19:58:41 INFO  : ----------------XSDB Script (After Launch)----------------
targets -set -nocase -filter {name =~ "*A9*#0"}
con
----------------End of Script----------------

19:58:41 INFO  : Launch script is exported to file 'C:\Users\ratul\ES4F3\ES4F3\vitis\camera_system\_ide\scripts\systemdebugger_camera_system_2_standalone.tcl'
20:23:07 INFO  : Hardware specification for platform project 'system_wrapper' is updated.
20:24:03 INFO  : Result from executing command 'getProjects': system_wrapper
20:24:03 INFO  : Result from executing command 'getPlatforms': system_wrapper|C:/Users/ratul/ES4F3/ES4F3/vitis/system_wrapper/export/system_wrapper/system_wrapper.xpfm;xilinx_zcu102_base_202410_1|C:/Xilinx/Vitis/2024.1/base_platforms/xilinx_zcu102_base_202410_1/xilinx_zcu102_base_202410_1.xpfm;xilinx_zcu102_base_dfx_202410_1|C:/Xilinx/Vitis/2024.1/base_platforms/xilinx_zcu102_base_dfx_202410_1/xilinx_zcu102_base_dfx_202410_1.xpfm;xilinx_zcu104_base_202410_1|C:/Xilinx/Vitis/2024.1/base_platforms/xilinx_zcu104_base_202410_1/xilinx_zcu104_base_202410_1.xpfm
20:24:39 INFO  : Disconnected from the channel tcfchan#7.
20:24:40 INFO  : The hardware specification used by project 'camera' is out of sync with the platform. Resource files extracted from the hardware specification will be updated.
20:24:40 INFO  : The file 'C:\Users\ratul\ES4F3\ES4F3\vitis\camera\_ide\bitstream\system_wrapper.bit' stored in project is removed.
20:24:41 INFO  : The updated bitstream files are copied from platform to folder 'C:\Users\ratul\ES4F3\ES4F3\vitis\camera\_ide\bitstream' in project 'camera'.
20:24:41 INFO  : The file 'C:\Users\ratul\ES4F3\ES4F3\vitis\camera\_ide\psinit\ps7_init.tcl' stored in project is removed.
20:24:52 INFO  : The updated ps init files are copied from platform to folder 'C:\Users\ratul\ES4F3\ES4F3\vitis\camera\_ide\psinit' in project 'camera'.
20:24:53 INFO  : Connected to target on host '127.0.0.1' and port '3121'.
20:24:53 INFO  : Jtag cable 'Digilent Zybo Z7 210351BD7269A' is selected.
20:24:53 INFO  : 'jtag frequency' command is executed.
20:24:53 INFO  : Context for 'APU' is selected.
20:24:53 INFO  : System reset is completed.
20:24:56 INFO  : 'after 3000' command is executed.
20:24:56 INFO  : 'targets -set -filter {jtag_cable_name =~ "Digilent Zybo Z7 210351BD7269A" && level==0 && jtag_device_ctx=="jsn-Zybo Z7-210351BD7269A-23727093-0"}' command is executed.
20:24:59 INFO  : Device configured successfully with "C:/Users/ratul/ES4F3/ES4F3/vitis/camera/_ide/bitstream/system_wrapper.bit"
20:24:59 INFO  : Context for 'APU' is selected.
20:24:59 INFO  : Hardware design and registers information is loaded from 'C:/Users/ratul/ES4F3/ES4F3/vitis/system_wrapper/export/system_wrapper/hw/system_wrapper.xsa'.
20:24:59 INFO  : 'configparams force-mem-access 1' command is executed.
20:24:59 INFO  : Context for 'APU' is selected.
20:24:59 INFO  : Sourcing of 'C:/Users/ratul/ES4F3/ES4F3/vitis/camera/_ide/psinit/ps7_init.tcl' is done.
20:25:00 INFO  : 'ps7_init' command is executed.
20:25:00 INFO  : 'ps7_post_config' command is executed.
20:25:00 INFO  : Context for processor 'ps7_cortexa9_0' is selected.
20:25:01 INFO  : The application 'C:/Users/ratul/ES4F3/ES4F3/vitis/camera/Debug/camera.elf' is downloaded to processor 'ps7_cortexa9_0'.
20:25:01 INFO  : 'configparams force-mem-access 0' command is executed.
20:25:01 INFO  : ----------------XSDB Script----------------
connect -url tcp:127.0.0.1:3121
targets -set -nocase -filter {name =~"APU*"}
rst -system
after 3000
targets -set -filter {jtag_cable_name =~ "Digilent Zybo Z7 210351BD7269A" && level==0 && jtag_device_ctx=="jsn-Zybo Z7-210351BD7269A-23727093-0"}
fpga -file C:/Users/ratul/ES4F3/ES4F3/vitis/camera/_ide/bitstream/system_wrapper.bit
targets -set -nocase -filter {name =~"APU*"}
loadhw -hw C:/Users/ratul/ES4F3/ES4F3/vitis/system_wrapper/export/system_wrapper/hw/system_wrapper.xsa -mem-ranges [list {0x40000000 0xbfffffff}] -regs
configparams force-mem-access 1
targets -set -nocase -filter {name =~"APU*"}
source C:/Users/ratul/ES4F3/ES4F3/vitis/camera/_ide/psinit/ps7_init.tcl
ps7_init
ps7_post_config
targets -set -nocase -filter {name =~ "*A9*#0"}
dow C:/Users/ratul/ES4F3/ES4F3/vitis/camera/Debug/camera.elf
configparams force-mem-access 0
----------------End of Script----------------

20:25:01 INFO  : Context for processor 'ps7_cortexa9_0' is selected.
20:25:01 INFO  : 'con' command is executed.
20:25:01 INFO  : ----------------XSDB Script (After Launch)----------------
targets -set -nocase -filter {name =~ "*A9*#0"}
con
----------------End of Script----------------

20:25:01 INFO  : Launch script is exported to file 'C:\Users\ratul\ES4F3\ES4F3\vitis\camera_system\_ide\scripts\systemdebugger_camera_system_3_standalone.tcl'
20:26:30 INFO  : Disconnected from the channel tcfchan#9.
21:22:58 DEBUG : Logs will be stored at 'C:/Users/ratul/ES4F3/ES4F3/vitis/IDE.log'.
21:22:59 INFO  : Launching XSCT server: xsct.bat -n  -interactive C:\Users\ratul\ES4F3\ES4F3\vitis\temp_xsdb_launch_script.tcl
21:22:59 ERROR : (XSDB Server)'\gnu\microblaze\lin\bin\' is not recognized as an internal or external command,
operable program or batch file.

21:22:59 ERROR : (XSDB Server)'\gnu\microblaze\nt\bin\' is not recognized as an internal or external command,
operable program or batch file.

21:22:59 ERROR : (XSDB Server)'\gnuwin\bin\' is not recognized as an internal or external command,
operable program or batch file.

21:23:03 INFO  : XSCT server has started successfully.
21:23:03 INFO  : plnx-install-location is set to ''
21:23:03 INFO  : Successfully done setting XSCT server connection channel  
21:23:03 INFO  : Successfully done setting workspace for the tool. 
21:23:06 INFO  : Registering command handlers for Vitis TCF services
21:23:06 INFO  : Platform repository initialization has completed.
21:23:06 INFO  : Successfully done query RDI_DATADIR 
21:24:18 INFO  : Hardware specification for platform project 'system_wrapper' is updated.
21:24:55 INFO  : Result from executing command 'getProjects': system_wrapper
21:24:55 INFO  : Result from executing command 'getPlatforms': system_wrapper|C:/Users/ratul/ES4F3/ES4F3/vitis/system_wrapper/export/system_wrapper/system_wrapper.xpfm;xilinx_zcu102_base_202410_1|C:/Xilinx/Vitis/2024.1/base_platforms/xilinx_zcu102_base_202410_1/xilinx_zcu102_base_202410_1.xpfm;xilinx_zcu102_base_dfx_202410_1|C:/Xilinx/Vitis/2024.1/base_platforms/xilinx_zcu102_base_dfx_202410_1/xilinx_zcu102_base_dfx_202410_1.xpfm;xilinx_zcu104_base_202410_1|C:/Xilinx/Vitis/2024.1/base_platforms/xilinx_zcu104_base_202410_1/xilinx_zcu104_base_202410_1.xpfm
21:24:56 INFO  : Checking for BSP changes to sync application flags for project 'camera'...
21:25:02 INFO  : Updating application flags with new BSP settings...
21:25:02 INFO  : Successfully updated application flags for project camera.
21:25:08 INFO  : The hardware specification used by project 'camera' is out of sync with the platform. Resource files extracted from the hardware specification will be updated.
21:25:08 INFO  : The file 'C:\Users\ratul\ES4F3\ES4F3\vitis\camera\_ide\bitstream\system_wrapper.bit' stored in project is removed.
21:25:08 INFO  : The updated bitstream files are copied from platform to folder 'C:\Users\ratul\ES4F3\ES4F3\vitis\camera\_ide\bitstream' in project 'camera'.
21:25:08 INFO  : The file 'C:\Users\ratul\ES4F3\ES4F3\vitis\camera\_ide\psinit\ps7_init.tcl' stored in project is removed.
21:25:20 INFO  : The updated ps init files are copied from platform to folder 'C:\Users\ratul\ES4F3\ES4F3\vitis\camera\_ide\psinit' in project 'camera'.
21:25:35 INFO  : Connected to target on host '127.0.0.1' and port '3121'.
21:25:36 INFO  : Jtag cable 'Digilent Zybo Z7 210351BD7269A' is selected.
21:25:36 INFO  : 'jtag frequency' command is executed.
21:25:36 INFO  : Context for 'APU' is selected.
21:25:36 INFO  : System reset is completed.
21:25:39 INFO  : 'after 3000' command is executed.
21:25:39 INFO  : 'targets -set -filter {jtag_cable_name =~ "Digilent Zybo Z7 210351BD7269A" && level==0 && jtag_device_ctx=="jsn-Zybo Z7-210351BD7269A-23727093-0"}' command is executed.
21:25:42 INFO  : Device configured successfully with "C:/Users/ratul/ES4F3/ES4F3/vitis/camera/_ide/bitstream/system_wrapper.bit"
21:25:42 INFO  : Context for 'APU' is selected.
21:25:42 INFO  : Hardware design and registers information is loaded from 'C:/Users/ratul/ES4F3/ES4F3/vitis/system_wrapper/export/system_wrapper/hw/system_wrapper.xsa'.
21:25:42 INFO  : 'configparams force-mem-access 1' command is executed.
21:25:42 INFO  : Context for 'APU' is selected.
21:25:42 INFO  : Sourcing of 'C:/Users/ratul/ES4F3/ES4F3/vitis/camera/_ide/psinit/ps7_init.tcl' is done.
21:25:43 INFO  : 'ps7_init' command is executed.
21:25:43 INFO  : 'ps7_post_config' command is executed.
21:25:43 INFO  : Context for processor 'ps7_cortexa9_0' is selected.
21:25:44 INFO  : The application 'C:/Users/ratul/ES4F3/ES4F3/vitis/camera/Debug/camera.elf' is downloaded to processor 'ps7_cortexa9_0'.
21:25:44 INFO  : 'configparams force-mem-access 0' command is executed.
21:25:44 INFO  : ----------------XSDB Script----------------
connect -url tcp:127.0.0.1:3121
targets -set -nocase -filter {name =~"APU*"}
rst -system
after 3000
targets -set -filter {jtag_cable_name =~ "Digilent Zybo Z7 210351BD7269A" && level==0 && jtag_device_ctx=="jsn-Zybo Z7-210351BD7269A-23727093-0"}
fpga -file C:/Users/ratul/ES4F3/ES4F3/vitis/camera/_ide/bitstream/system_wrapper.bit
targets -set -nocase -filter {name =~"APU*"}
loadhw -hw C:/Users/ratul/ES4F3/ES4F3/vitis/system_wrapper/export/system_wrapper/hw/system_wrapper.xsa -mem-ranges [list {0x40000000 0xbfffffff}] -regs
configparams force-mem-access 1
targets -set -nocase -filter {name =~"APU*"}
source C:/Users/ratul/ES4F3/ES4F3/vitis/camera/_ide/psinit/ps7_init.tcl
ps7_init
ps7_post_config
targets -set -nocase -filter {name =~ "*A9*#0"}
dow C:/Users/ratul/ES4F3/ES4F3/vitis/camera/Debug/camera.elf
configparams force-mem-access 0
----------------End of Script----------------

21:25:44 INFO  : Context for processor 'ps7_cortexa9_0' is selected.
21:25:44 INFO  : 'con' command is executed.
21:25:44 INFO  : ----------------XSDB Script (After Launch)----------------
targets -set -nocase -filter {name =~ "*A9*#0"}
con
----------------End of Script----------------

21:25:44 INFO  : Launch script is exported to file 'C:\Users\ratul\ES4F3\ES4F3\vitis\camera_system\_ide\scripts\systemdebugger_camera_system_4_standalone.tcl'
21:39:01 INFO  : Checking for BSP changes to sync application flags for project 'camera'...
21:39:39 INFO  : Disconnected from the channel tcfchan#3.
21:39:40 INFO  : Connected to target on host '127.0.0.1' and port '3121'.
21:39:49 INFO  : ----------------XSDB Script----------------
connect -url tcp:127.0.0.1:3121
----------------End of Script----------------

21:39:49 ERROR : Could not find FPGA device on the board for connection 'Local'.


Troubleshooting hints:
1. Check whether board is connected to system properly.
2. In case of zynq board, check whether Digilent/Xilinx cable switch settings are correct.
3. If you are using Xilinx Platform Cable USB, ensure that status LED is green.
21:39:57 INFO  : Connected to target on host '127.0.0.1' and port '3121'.
21:39:57 INFO  : Jtag cable 'Digilent Zybo Z7 210351BD7269A' is selected.
21:39:57 INFO  : 'jtag frequency' command is executed.
21:39:57 INFO  : Context for 'APU' is selected.
21:39:58 INFO  : System reset is completed.
21:40:01 INFO  : 'after 3000' command is executed.
21:40:01 INFO  : 'targets -set -filter {jtag_cable_name =~ "Digilent Zybo Z7 210351BD7269A" && level==0 && jtag_device_ctx=="jsn-Zybo Z7-210351BD7269A-23727093-0"}' command is executed.
21:40:03 INFO  : Device configured successfully with "C:/Users/ratul/ES4F3/ES4F3/vitis/camera/_ide/bitstream/system_wrapper.bit"
21:40:03 INFO  : Context for 'APU' is selected.
21:40:03 INFO  : Hardware design and registers information is loaded from 'C:/Users/ratul/ES4F3/ES4F3/vitis/system_wrapper/export/system_wrapper/hw/system_wrapper.xsa'.
21:40:03 INFO  : 'configparams force-mem-access 1' command is executed.
21:40:03 INFO  : Context for 'APU' is selected.
21:40:03 INFO  : Sourcing of 'C:/Users/ratul/ES4F3/ES4F3/vitis/camera/_ide/psinit/ps7_init.tcl' is done.
21:40:03 INFO  : 'ps7_init' command is executed.
21:40:04 INFO  : 'ps7_post_config' command is executed.
21:40:04 INFO  : Context for processor 'ps7_cortexa9_0' is selected.
21:40:05 INFO  : The application 'C:/Users/ratul/ES4F3/ES4F3/vitis/camera/Debug/camera.elf' is downloaded to processor 'ps7_cortexa9_0'.
21:40:05 INFO  : 'configparams force-mem-access 0' command is executed.
21:40:05 INFO  : ----------------XSDB Script----------------
connect -url tcp:127.0.0.1:3121
targets -set -nocase -filter {name =~"APU*"}
rst -system
after 3000
targets -set -filter {jtag_cable_name =~ "Digilent Zybo Z7 210351BD7269A" && level==0 && jtag_device_ctx=="jsn-Zybo Z7-210351BD7269A-23727093-0"}
fpga -file C:/Users/ratul/ES4F3/ES4F3/vitis/camera/_ide/bitstream/system_wrapper.bit
targets -set -nocase -filter {name =~"APU*"}
loadhw -hw C:/Users/ratul/ES4F3/ES4F3/vitis/system_wrapper/export/system_wrapper/hw/system_wrapper.xsa -mem-ranges [list {0x40000000 0xbfffffff}] -regs
configparams force-mem-access 1
targets -set -nocase -filter {name =~"APU*"}
source C:/Users/ratul/ES4F3/ES4F3/vitis/camera/_ide/psinit/ps7_init.tcl
ps7_init
ps7_post_config
targets -set -nocase -filter {name =~ "*A9*#0"}
dow C:/Users/ratul/ES4F3/ES4F3/vitis/camera/Debug/camera.elf
configparams force-mem-access 0
----------------End of Script----------------

21:40:05 INFO  : Context for processor 'ps7_cortexa9_0' is selected.
21:40:05 INFO  : 'con' command is executed.
21:40:05 INFO  : ----------------XSDB Script (After Launch)----------------
targets -set -nocase -filter {name =~ "*A9*#0"}
con
----------------End of Script----------------

21:40:05 INFO  : Launch script is exported to file 'C:\Users\ratul\ES4F3\ES4F3\vitis\camera_system\_ide\scripts\systemdebugger_camera_system_6_standalone.tcl'
21:47:00 INFO  : Checking for BSP changes to sync application flags for project 'camera'...
21:47:42 INFO  : Disconnected from the channel tcfchan#5.
21:47:43 INFO  : Connected to target on host '127.0.0.1' and port '3121'.
21:47:46 INFO  : Jtag cable 'Digilent Zybo Z7 210351BD7269A' is selected.
21:47:46 INFO  : 'jtag frequency' command is executed.
21:47:46 INFO  : Context for 'APU' is selected.
21:47:46 INFO  : System reset is completed.
21:47:49 INFO  : 'after 3000' command is executed.
21:47:50 INFO  : 'targets -set -filter {jtag_cable_name =~ "Digilent Zybo Z7 210351BD7269A" && level==0 && jtag_device_ctx=="jsn-Zybo Z7-210351BD7269A-23727093-0"}' command is executed.
21:47:52 INFO  : Device configured successfully with "C:/Users/ratul/ES4F3/ES4F3/vitis/camera/_ide/bitstream/system_wrapper.bit"
21:47:52 INFO  : Context for 'APU' is selected.
21:47:52 INFO  : Hardware design and registers information is loaded from 'C:/Users/ratul/ES4F3/ES4F3/vitis/system_wrapper/export/system_wrapper/hw/system_wrapper.xsa'.
21:47:52 INFO  : 'configparams force-mem-access 1' command is executed.
21:47:52 INFO  : Context for 'APU' is selected.
21:47:52 INFO  : Sourcing of 'C:/Users/ratul/ES4F3/ES4F3/vitis/camera/_ide/psinit/ps7_init.tcl' is done.
21:47:52 INFO  : 'ps7_init' command is executed.
21:47:52 INFO  : 'ps7_post_config' command is executed.
21:47:52 INFO  : Context for processor 'ps7_cortexa9_0' is selected.
21:47:54 INFO  : The application 'C:/Users/ratul/ES4F3/ES4F3/vitis/camera/Debug/camera.elf' is downloaded to processor 'ps7_cortexa9_0'.
21:47:54 INFO  : 'configparams force-mem-access 0' command is executed.
21:47:54 INFO  : ----------------XSDB Script----------------
connect -url tcp:127.0.0.1:3121
targets -set -nocase -filter {name =~"APU*"}
rst -system
after 3000
targets -set -filter {jtag_cable_name =~ "Digilent Zybo Z7 210351BD7269A" && level==0 && jtag_device_ctx=="jsn-Zybo Z7-210351BD7269A-23727093-0"}
fpga -file C:/Users/ratul/ES4F3/ES4F3/vitis/camera/_ide/bitstream/system_wrapper.bit
targets -set -nocase -filter {name =~"APU*"}
loadhw -hw C:/Users/ratul/ES4F3/ES4F3/vitis/system_wrapper/export/system_wrapper/hw/system_wrapper.xsa -mem-ranges [list {0x40000000 0xbfffffff}] -regs
configparams force-mem-access 1
targets -set -nocase -filter {name =~"APU*"}
source C:/Users/ratul/ES4F3/ES4F3/vitis/camera/_ide/psinit/ps7_init.tcl
ps7_init
ps7_post_config
targets -set -nocase -filter {name =~ "*A9*#0"}
dow C:/Users/ratul/ES4F3/ES4F3/vitis/camera/Debug/camera.elf
configparams force-mem-access 0
----------------End of Script----------------

21:47:54 INFO  : Context for processor 'ps7_cortexa9_0' is selected.
21:47:54 INFO  : 'con' command is executed.
21:47:54 INFO  : ----------------XSDB Script (After Launch)----------------
targets -set -nocase -filter {name =~ "*A9*#0"}
con
----------------End of Script----------------

21:47:54 INFO  : Launch script is exported to file 'C:\Users\ratul\ES4F3\ES4F3\vitis\camera_system\_ide\scripts\systemdebugger_camera_system_7_standalone.tcl'
21:51:13 INFO  : Checking for BSP changes to sync application flags for project 'camera'...
21:51:42 INFO  : Disconnected from the channel tcfchan#7.
21:51:43 INFO  : Connected to target on host '127.0.0.1' and port '3121'.
21:51:44 INFO  : ----------------XSDB Script----------------
connect -url tcp:127.0.0.1:3121
----------------End of Script----------------

21:51:44 ERROR : Could not find FPGA device on the board for connection 'Local'.


Troubleshooting hints:
1. Check whether board is connected to system properly.
2. In case of zynq board, check whether Digilent/Xilinx cable switch settings are correct.
3. If you are using Xilinx Platform Cable USB, ensure that status LED is green.
21:51:50 INFO  : Connected to target on host '127.0.0.1' and port '3121'.
21:51:50 INFO  : Jtag cable 'Digilent Zybo Z7 210351BD7269A' is selected.
21:51:50 INFO  : 'jtag frequency' command is executed.
21:51:50 INFO  : Context for 'APU' is selected.
21:51:51 INFO  : System reset is completed.
21:51:54 INFO  : 'after 3000' command is executed.
21:51:54 INFO  : 'targets -set -filter {jtag_cable_name =~ "Digilent Zybo Z7 210351BD7269A" && level==0 && jtag_device_ctx=="jsn-Zybo Z7-210351BD7269A-23727093-0"}' command is executed.
21:51:56 INFO  : Device configured successfully with "C:/Users/ratul/ES4F3/ES4F3/vitis/camera/_ide/bitstream/system_wrapper.bit"
21:51:56 INFO  : Context for 'APU' is selected.
21:51:56 INFO  : Hardware design and registers information is loaded from 'C:/Users/ratul/ES4F3/ES4F3/vitis/system_wrapper/export/system_wrapper/hw/system_wrapper.xsa'.
21:51:56 INFO  : 'configparams force-mem-access 1' command is executed.
21:51:56 INFO  : Context for 'APU' is selected.
21:51:56 INFO  : Sourcing of 'C:/Users/ratul/ES4F3/ES4F3/vitis/camera/_ide/psinit/ps7_init.tcl' is done.
21:51:57 INFO  : 'ps7_init' command is executed.
21:51:57 INFO  : 'ps7_post_config' command is executed.
21:51:57 INFO  : Context for processor 'ps7_cortexa9_0' is selected.
21:51:58 INFO  : The application 'C:/Users/ratul/ES4F3/ES4F3/vitis/camera/Debug/camera.elf' is downloaded to processor 'ps7_cortexa9_0'.
21:51:58 INFO  : 'configparams force-mem-access 0' command is executed.
21:51:58 INFO  : ----------------XSDB Script----------------
connect -url tcp:127.0.0.1:3121
targets -set -nocase -filter {name =~"APU*"}
rst -system
after 3000
targets -set -filter {jtag_cable_name =~ "Digilent Zybo Z7 210351BD7269A" && level==0 && jtag_device_ctx=="jsn-Zybo Z7-210351BD7269A-23727093-0"}
fpga -file C:/Users/ratul/ES4F3/ES4F3/vitis/camera/_ide/bitstream/system_wrapper.bit
targets -set -nocase -filter {name =~"APU*"}
loadhw -hw C:/Users/ratul/ES4F3/ES4F3/vitis/system_wrapper/export/system_wrapper/hw/system_wrapper.xsa -mem-ranges [list {0x40000000 0xbfffffff}] -regs
configparams force-mem-access 1
targets -set -nocase -filter {name =~"APU*"}
source C:/Users/ratul/ES4F3/ES4F3/vitis/camera/_ide/psinit/ps7_init.tcl
ps7_init
ps7_post_config
targets -set -nocase -filter {name =~ "*A9*#0"}
dow C:/Users/ratul/ES4F3/ES4F3/vitis/camera/Debug/camera.elf
configparams force-mem-access 0
----------------End of Script----------------

21:51:58 INFO  : Context for processor 'ps7_cortexa9_0' is selected.
21:51:58 INFO  : 'con' command is executed.
21:51:58 INFO  : ----------------XSDB Script (After Launch)----------------
targets -set -nocase -filter {name =~ "*A9*#0"}
con
----------------End of Script----------------

21:51:58 INFO  : Launch script is exported to file 'C:\Users\ratul\ES4F3\ES4F3\vitis\camera_system\_ide\scripts\systemdebugger_camera_system_9_standalone.tcl'
21:58:19 INFO  : Checking for BSP changes to sync application flags for project 'camera'...
21:59:13 INFO  : Disconnected from the channel tcfchan#9.
21:59:14 INFO  : Connected to target on host '127.0.0.1' and port '3121'.
21:59:23 INFO  : ----------------XSDB Script----------------
connect -url tcp:127.0.0.1:3121
----------------End of Script----------------

21:59:23 ERROR : Could not find ARM device on the board for connection 'Local'.
Check if the target is in:
1. Split JTAG - No operations are possible with ARM DAP.
2. Non JTAG bootmode - Bootrom may need time to enable DAP.
Please try again.


Troubleshooting hints:
1. Check whether board is connected to system properly.
2. In case of zynq board, check whether Digilent/Xilinx cable switch settings are correct.
3. If you are using Xilinx Platform Cable USB, ensure that status LED is green.
21:59:33 INFO  : Connected to target on host '127.0.0.1' and port '3121'.
21:59:33 INFO  : Jtag cable 'Digilent Zybo Z7 210351BD7269A' is selected.
21:59:33 INFO  : 'jtag frequency' command is executed.
21:59:33 INFO  : Context for 'APU' is selected.
21:59:33 INFO  : System reset is completed.
21:59:36 INFO  : 'after 3000' command is executed.
21:59:37 INFO  : 'targets -set -filter {jtag_cable_name =~ "Digilent Zybo Z7 210351BD7269A" && level==0 && jtag_device_ctx=="jsn-Zybo Z7-210351BD7269A-23727093-0"}' command is executed.
21:59:39 INFO  : Device configured successfully with "C:/Users/ratul/ES4F3/ES4F3/vitis/camera/_ide/bitstream/system_wrapper.bit"
21:59:39 INFO  : Context for 'APU' is selected.
21:59:39 INFO  : Hardware design and registers information is loaded from 'C:/Users/ratul/ES4F3/ES4F3/vitis/system_wrapper/export/system_wrapper/hw/system_wrapper.xsa'.
21:59:39 INFO  : 'configparams force-mem-access 1' command is executed.
21:59:39 INFO  : Context for 'APU' is selected.
21:59:39 INFO  : Sourcing of 'C:/Users/ratul/ES4F3/ES4F3/vitis/camera/_ide/psinit/ps7_init.tcl' is done.
21:59:39 INFO  : 'ps7_init' command is executed.
21:59:39 INFO  : 'ps7_post_config' command is executed.
21:59:39 INFO  : Context for processor 'ps7_cortexa9_0' is selected.
21:59:41 INFO  : The application 'C:/Users/ratul/ES4F3/ES4F3/vitis/camera/Debug/camera.elf' is downloaded to processor 'ps7_cortexa9_0'.
21:59:41 INFO  : 'configparams force-mem-access 0' command is executed.
21:59:41 INFO  : ----------------XSDB Script----------------
connect -url tcp:127.0.0.1:3121
targets -set -nocase -filter {name =~"APU*"}
rst -system
after 3000
targets -set -filter {jtag_cable_name =~ "Digilent Zybo Z7 210351BD7269A" && level==0 && jtag_device_ctx=="jsn-Zybo Z7-210351BD7269A-23727093-0"}
fpga -file C:/Users/ratul/ES4F3/ES4F3/vitis/camera/_ide/bitstream/system_wrapper.bit
targets -set -nocase -filter {name =~"APU*"}
loadhw -hw C:/Users/ratul/ES4F3/ES4F3/vitis/system_wrapper/export/system_wrapper/hw/system_wrapper.xsa -mem-ranges [list {0x40000000 0xbfffffff}] -regs
configparams force-mem-access 1
targets -set -nocase -filter {name =~"APU*"}
source C:/Users/ratul/ES4F3/ES4F3/vitis/camera/_ide/psinit/ps7_init.tcl
ps7_init
ps7_post_config
targets -set -nocase -filter {name =~ "*A9*#0"}
dow C:/Users/ratul/ES4F3/ES4F3/vitis/camera/Debug/camera.elf
configparams force-mem-access 0
----------------End of Script----------------

21:59:41 INFO  : Context for processor 'ps7_cortexa9_0' is selected.
21:59:41 INFO  : 'con' command is executed.
21:59:41 INFO  : ----------------XSDB Script (After Launch)----------------
targets -set -nocase -filter {name =~ "*A9*#0"}
con
----------------End of Script----------------

21:59:41 INFO  : Launch script is exported to file 'C:\Users\ratul\ES4F3\ES4F3\vitis\camera_system\_ide\scripts\systemdebugger_camera_system_11_standalone.tcl'
01:20:25 INFO  : Result from executing command 'getProjects': system_wrapper
01:20:25 INFO  : Result from executing command 'getPlatforms': system_wrapper|C:/Users/ratul/ES4F3/ES4F3/vitis/system_wrapper/export/system_wrapper/system_wrapper.xpfm;xilinx_zcu102_base_202410_1|C:/Xilinx/Vitis/2024.1/base_platforms/xilinx_zcu102_base_202410_1/xilinx_zcu102_base_202410_1.xpfm;xilinx_zcu102_base_dfx_202410_1|C:/Xilinx/Vitis/2024.1/base_platforms/xilinx_zcu102_base_dfx_202410_1/xilinx_zcu102_base_dfx_202410_1.xpfm;xilinx_zcu104_base_202410_1|C:/Xilinx/Vitis/2024.1/base_platforms/xilinx_zcu104_base_202410_1/xilinx_zcu104_base_202410_1.xpfm
01:20:27 INFO  : Checking for BSP changes to sync application flags for project 'camera'...
01:20:40 INFO  : The hardware specification used by project 'camera' is out of sync with the platform. Resource files extracted from the hardware specification will be updated.
01:20:40 INFO  : The file 'C:\Users\ratul\ES4F3\ES4F3\vitis\camera\_ide\bitstream\system_wrapper.bit' stored in project is removed.
01:20:40 INFO  : The updated bitstream files are copied from platform to folder 'C:\Users\ratul\ES4F3\ES4F3\vitis\camera\_ide\bitstream' in project 'camera'.
01:20:40 INFO  : The file 'C:\Users\ratul\ES4F3\ES4F3\vitis\camera\_ide\psinit\ps7_init.tcl' stored in project is removed.
01:20:51 INFO  : The updated ps init files are copied from platform to folder 'C:\Users\ratul\ES4F3\ES4F3\vitis\camera\_ide\psinit' in project 'camera'.
01:21:04 INFO  : Hardware specification for platform project 'system_wrapper' is updated.
01:21:11 INFO  : Disconnected from the channel tcfchan#11.
01:21:12 INFO  : Connected to target on host '127.0.0.1' and port '3121'.
01:21:14 INFO  : Jtag cable 'Digilent Zybo Z7 210351BD7269A' is selected.
01:21:14 INFO  : 'jtag frequency' command is executed.
01:21:14 INFO  : Context for 'APU' is selected.
01:21:14 INFO  : System reset is completed.
01:21:14 INFO  : Checking for BSP changes to sync application flags for project 'camera'...
01:21:17 INFO  : 'after 3000' command is executed.
01:21:17 INFO  : 'targets -set -filter {jtag_cable_name =~ "Digilent Zybo Z7 210351BD7269A" && level==0 && jtag_device_ctx=="jsn-Zybo Z7-210351BD7269A-23727093-0"}' command is executed.
01:21:19 INFO  : Device configured successfully with "C:/Users/ratul/ES4F3/ES4F3/vitis/camera/_ide/bitstream/system_wrapper.bit"
01:21:19 INFO  : Context for 'APU' is selected.
01:21:20 INFO  : Hardware design and registers information is loaded from 'C:/Users/ratul/ES4F3/ES4F3/vitis/system_wrapper/export/system_wrapper/hw/system_wrapper.xsa'.
01:21:20 INFO  : 'configparams force-mem-access 1' command is executed.
01:21:20 INFO  : Context for 'APU' is selected.
01:21:20 INFO  : Sourcing of 'C:/Users/ratul/ES4F3/ES4F3/vitis/camera/_ide/psinit/ps7_init.tcl' is done.
01:21:20 INFO  : 'ps7_init' command is executed.
01:21:20 INFO  : 'ps7_post_config' command is executed.
01:21:20 INFO  : Context for processor 'ps7_cortexa9_0' is selected.
01:21:22 INFO  : The application 'C:/Users/ratul/ES4F3/ES4F3/vitis/camera/Debug/camera.elf' is downloaded to processor 'ps7_cortexa9_0'.
01:21:22 INFO  : 'configparams force-mem-access 0' command is executed.
01:21:22 INFO  : ----------------XSDB Script----------------
connect -url tcp:127.0.0.1:3121
targets -set -nocase -filter {name =~"APU*"}
rst -system
after 3000
targets -set -filter {jtag_cable_name =~ "Digilent Zybo Z7 210351BD7269A" && level==0 && jtag_device_ctx=="jsn-Zybo Z7-210351BD7269A-23727093-0"}
fpga -file C:/Users/ratul/ES4F3/ES4F3/vitis/camera/_ide/bitstream/system_wrapper.bit
targets -set -nocase -filter {name =~"APU*"}
loadhw -hw C:/Users/ratul/ES4F3/ES4F3/vitis/system_wrapper/export/system_wrapper/hw/system_wrapper.xsa -mem-ranges [list {0x40000000 0xbfffffff}] -regs
configparams force-mem-access 1
targets -set -nocase -filter {name =~"APU*"}
source C:/Users/ratul/ES4F3/ES4F3/vitis/camera/_ide/psinit/ps7_init.tcl
ps7_init
ps7_post_config
targets -set -nocase -filter {name =~ "*A9*#0"}
dow C:/Users/ratul/ES4F3/ES4F3/vitis/camera/Debug/camera.elf
configparams force-mem-access 0
----------------End of Script----------------

01:21:22 INFO  : Context for processor 'ps7_cortexa9_0' is selected.
01:21:22 INFO  : 'con' command is executed.
01:21:22 INFO  : ----------------XSDB Script (After Launch)----------------
targets -set -nocase -filter {name =~ "*A9*#0"}
con
----------------End of Script----------------

01:21:22 INFO  : Launch script is exported to file 'C:\Users\ratul\ES4F3\ES4F3\vitis\camera_system\_ide\scripts\systemdebugger_camera_system_12_standalone.tcl'
