

================================================================
== Synthesis Summary Report of 'overlay_core'
================================================================
+ General Information: 
    * Date:           Tue Apr 28 01:32:07 2026
    * Version:        2024.1 (Build 5069499 on May 21 2024)
    * Project:        hls_overlay_prj
    * Solution:       solution1 (Vivado IP Flow Target)
    * Product family: zynq
    * Target device:  xc7z020-clg400-1
    

+ Performance & Resource Estimates: 
    
    PS: '+' for module; 'o' for loop; '*' for dataflow
    +---------------------+--------+-------+---------+--------+----------+---------+------+----------+------+----+------------+-----------+-----+
    |       Modules       |  Issue |       | Latency | Latency| Iteration|         | Trip |          |      |    |            |           |     |
    |       & Loops       |  Type  | Slack | (cycles)|  (ns)  |  Latency | Interval| Count| Pipelined| BRAM | DSP|     FF     |    LUT    | URAM|
    +---------------------+--------+-------+---------+--------+----------+---------+------+----------+------+----+------------+-----------+-----+
    |+ overlay_core       |  Timing|  -0.41|        -|       -|         -|        -|     -|        no|     -|   -|  1018 (~0%)|  1107 (2%)|    -|
    | o VITIS_LOOP_100_1  |       -|   4.87|        -|       -|         6|        1|     -|       yes|     -|   -|           -|          -|    -|
    +---------------------+--------+-------+---------+--------+----------+---------+------+----------+------+----+------------+-----------+-----+


================================================================
== HW Interfaces
================================================================
* S_AXILITE Interfaces
+------------+------------+---------------+--------+----------+
| Interface  | Data Width | Address Width | Offset | Register |
+------------+------------+---------------+--------+----------+
| s_axi_CTRL | 32         | 6             | 16     | 0        |
+------------+------------+---------------+--------+----------+

* S_AXILITE Registers
+------------+----------+--------+-------+--------+-----------------------+
| Interface  | Register | Offset | Width | Access | Description           |
+------------+----------+--------+-------+--------+-----------------------+
| s_axi_CTRL | enable   | 0x10   | 32    | W      | Data signal of enable |
| s_axi_CTRL | x_pos    | 0x18   | 32    | W      | Data signal of x_pos  |
| s_axi_CTRL | y_pos    | 0x20   | 32    | W      | Data signal of y_pos  |
| s_axi_CTRL | height   | 0x28   | 32    | W      | Data signal of height |
| s_axi_CTRL | width    | 0x30   | 32    | W      | Data signal of width  |
+------------+----------+--------+-------+--------+-----------------------+

* AXIS
+------------+-----------+---------------+-------+-------+-----+-------+-------+--------+-------+-------+--------+
| Interface  | Direction | Register Mode | TDATA | TDEST | TID | TKEEP | TLAST | TREADY | TSTRB | TUSER | TVALID |
+------------+-----------+---------------+-------+-------+-----+-------+-------+--------+-------+-------+--------+
| stream_in  | in        | both          | 24    | 1     | 1   | 3     | 1     | 1      | 3     | 1     | 1      |
| stream_out | out       | both          | 24    | 1     | 1   | 3     | 1     | 1      | 3     | 1     | 1      |
+------------+-----------+---------------+-------+-------+-----+-------+-------+--------+-------+-------+--------+

* TOP LEVEL CONTROL
+-----------+--------------+----------+
| Interface | Type         | Ports    |
+-----------+--------------+----------+
| ap_clk    | clock        | ap_clk   |
| ap_rst_n  | reset        | ap_rst_n |
| ap_ctrl   | ap_ctrl_none |          |
+-----------+--------------+----------+


================================================================
== SW I/O Information
================================================================
* Top Function Arguments
+------------+-----------+---------------------------------------------------------+
| Argument   | Direction | Datatype                                                |
+------------+-----------+---------------------------------------------------------+
| stream_in  | in        | stream<hls::axis<ap_uint<24>, 1, 1, 1, '8', false>, 0>& |
| stream_out | out       | stream<hls::axis<ap_uint<24>, 1, 1, 1, '8', false>, 0>& |
| enable     | in        | ap_uint<1>                                              |
| x_pos      | in        | ap_uint<16>                                             |
| y_pos      | in        | ap_uint<16>                                             |
| height     | in        | ap_uint<16>                                             |
| width      | in        | ap_uint<16>                                             |
+------------+-----------+---------------------------------------------------------+

* SW-to-HW Mapping
+------------+--------------+-----------+----------------------------------+
| Argument   | HW Interface | HW Type   | HW Info                          |
+------------+--------------+-----------+----------------------------------+
| stream_in  | stream_in    | interface |                                  |
| stream_out | stream_out   | interface |                                  |
| enable     | s_axi_CTRL   | register  | name=enable offset=0x10 range=32 |
| x_pos      | s_axi_CTRL   | register  | name=x_pos offset=0x18 range=32  |
| y_pos      | s_axi_CTRL   | register  | name=y_pos offset=0x20 range=32  |
| height     | s_axi_CTRL   | register  | name=height offset=0x28 range=32 |
| width      | s_axi_CTRL   | register  | name=width offset=0x30 range=32  |
+------------+--------------+-----------+----------------------------------+


================================================================
== Bind Op Report
================================================================
+------------------------------+-----+--------+------------------+--------+----------+---------+
| Name                         | DSP | Pragma | Variable         | Op     | Impl     | Latency |
+------------------------------+-----+--------+------------------+--------+----------+---------+
| + overlay_core               | 0   |        |                  |        |          |         |
|   select_ln105_fu_266_p3     |     |        | select_ln105     | select | auto_sel | 0       |
|   select_ln105_1_fu_279_p3   |     |        | select_ln105_1   | select | auto_sel | 0       |
|   add_ln116_fu_286_p2        |     |        | add_ln116        | add    | fabric   | 0       |
|   icmp_ln116_fu_360_p2       |     |        | icmp_ln116       | setlt  | auto     | 0       |
|   select_ln105_2_fu_292_p3   |     |        | select_ln105_2   | select | auto_sel | 0       |
|   add_ln116_1_fu_299_p2      |     |        | add_ln116_1      | add    | fabric   | 0       |
|   icmp_ln116_1_fu_365_p2     |     |        | icmp_ln116_1     | setlt  | auto     | 0       |
|   and_ln116_fu_370_p2        |     |        | and_ln116        | and    | auto     | 0       |
|   icmp_ln126_fu_389_p2       |     |        | icmp_ln126       | setlt  | auto     | 0       |
|   and_ln126_fu_394_p2        |     |        | and_ln126        | and    | auto     | 0       |
|   add_ln127_fu_400_p2        |     |        | add_ln127        | add    | fabric   | 0       |
|   icmp_ln127_fu_405_p2       |     |        | icmp_ln127       | setlt  | auto     | 0       |
|   icmp_ln128_fu_411_p2       |     |        | icmp_ln128       | setlt  | auto     | 0       |
|   and_ln127_fu_416_p2        |     |        | and_ln127        | and    | auto     | 0       |
|   and_ln127_1_fu_422_p2      |     |        | and_ln127_1      | and    | auto     | 0       |
|   or_ln127_fu_428_p2         |     |        | or_ln127         | or     | auto     | 0       |
|   add_ln129_fu_434_p2        |     |        | add_ln129        | add    | fabric   | 0       |
|   icmp_ln129_fu_439_p2       |     |        | icmp_ln129       | setlt  | auto     | 0       |
|   and_ln129_fu_478_p2        |     |        | and_ln129        | and    | auto     | 0       |
|   add_ln134_fu_445_p2        |     |        | add_ln134        | add    | fabric   | 0       |
|   icmp_ln134_fu_450_p2       |     |        | icmp_ln134       | setlt  | auto     | 0       |
|   add_ln134_1_fu_456_p2      |     |        | add_ln134_1      | add    | fabric   | 0       |
|   icmp_ln134_1_fu_461_p2     |     |        | icmp_ln134_1     | setlt  | auto     | 0       |
|   add_ln139_fu_467_p2        |     |        | add_ln139        | add    | fabric   | 0       |
|   icmp_ln139_fu_472_p2       |     |        | icmp_ln139       | setlt  | auto     | 0       |
|   or_ln139_fu_482_p2         |     |        | or_ln139         | or     | auto     | 0       |
|   and_ln139_fu_486_p2        |     |        | and_ln139        | and    | auto     | 0       |
|   pixel_out_data_3_fu_491_p3 |     |        | pixel_out_data_3 | select | auto_sel | 0       |
|   add_ln146_fu_305_p2        |     |        | add_ln146        | add    | fabric   | 0       |
|   select_ln105_3_fu_311_p3   |     |        | select_ln105_3   | select | auto_sel | 0       |
|   add_ln149_fu_318_p2        |     |        | add_ln149        | add    | fabric   | 0       |
|   select_ln147_2_fu_324_p3   |     |        | select_ln147_2   | select | auto_sel | 0       |
|   or_ln147_fu_331_p2         |     |        | or_ln147         | or     | auto     | 0       |
|   select_ln147_fu_335_p3     |     |        | select_ln147     | select | auto_sel | 0       |
|   select_ln147_1_fu_343_p3   |     |        | select_ln147_1   | select | auto_sel | 0       |
+------------------------------+-----+--------+------------------+--------+----------+---------+


================================================================
== Storage Report
================================================================
+----------------+-----------+-----------+------+------+--------+----------+------+---------+------------------+
| Name           | Usage     | Type      | BRAM | URAM | Pragma | Variable | Impl | Latency | Bitwidth, Depth, |
|                |           |           |      |      |        |          |      |         | Banks            |
+----------------+-----------+-----------+------+------+--------+----------+------+---------+------------------+
| + overlay_core |           |           | 0    | 0    |        |          |      |         |                  |
|   CTRL_s_axi_U | interface | s_axilite |      |      |        |          |      |         |                  |
+----------------+-----------+-----------+------+------+--------+----------+------+---------+------------------+


================================================================
== Pragma Report
================================================================
* Valid Pragma Syntax
+-----------+-----------------------------------+-------------------------------------------------+
| Type      | Options                           | Location                                        |
+-----------+-----------------------------------+-------------------------------------------------+
| inline    |                                   | overlay_core.cpp:37 in draw_char                |
| inline    |                                   | overlay_core.cpp:62 in draw_text                |
| unroll    | factor=2                          | overlay_core.cpp:65 in draw_text                |
| interface | axis port=stream_in               | overlay_core.cpp:83 in overlay_core, stream_in  |
| interface | axis port=stream_out              | overlay_core.cpp:84 in overlay_core, stream_out |
| interface | s_axilite port=enable bundle=CTRL | overlay_core.cpp:85 in overlay_core, enable     |
| interface | s_axilite port=x_pos bundle=CTRL  | overlay_core.cpp:86 in overlay_core, x_pos      |
| interface | s_axilite port=y_pos bundle=CTRL  | overlay_core.cpp:87 in overlay_core, y_pos      |
| interface | s_axilite port=height bundle=CTRL | overlay_core.cpp:88 in overlay_core, height     |
| interface | s_axilite port=width bundle=CTRL  | overlay_core.cpp:89 in overlay_core, width      |
| interface | s_axilite port=return bundle=CTRL | overlay_core.cpp:90 in overlay_core, return     |
| interface | ap_ctrl_none port=return          | overlay_core.cpp:91 in overlay_core, return     |
| pipeline  | II=1                              | overlay_core.cpp:101 in overlay_core            |
+-----------+-----------------------------------+-------------------------------------------------+


